#
# There is insufficient memory for the Java Runtime Environment to continue.
# Native memory allocation (malloc) failed to allocate 32744 bytes for Chunk::new
# Possible reasons:
#   The system is out of physical RAM or swap space
#   The process is running with CompressedOops enabled, and the Java Heap may be blocking the growth of the native heap
# Possible solutions:
#   Reduce memory load on the system
#   Increase physical memory or swap space
#   Check if swap backing store is full
#   Decrease Java heap size (-Xmx/-Xms)
#   Decrease number of Java threads
#   Decrease Java thread stack sizes (-Xss)
#   Set larger code cache with -XX:ReservedCodeCacheSize=
#   JVM is running with Unscaled Compressed Oops mode in which the Java heap is
#     placed in the first 4GB address space. The Java Heap base address is the
#     maximum limit for the native heap growth. Please use -XX:HeapBaseMinAddress
#     to set the Java Heap base and to place the Java Heap above 4GB virtual address.
# This output file may be truncated or incomplete.
#
#  Out of Memory Error (arena.cpp:168), pid=2316, tid=13832
#
# JRE version: OpenJDK Runtime Environment Zulu21.32+17-CA (21.0.2+13) (build 21.0.2+13-LTS)
# Java VM: OpenJDK 64-Bit Server VM Zulu21.32+17-CA (21.0.2+13-LTS, mixed mode, sharing, tiered, compressed oops, compressed class ptrs, g1 gc, windows-amd64)
# No core dump will be written. Minidumps are not enabled by default on client versions of Windows
#

---------------  S U M M A R Y ------------

Command Line: principal.AgendadorDeTarefas

Host: Intel(R) Core(TM) i3-6100U CPU @ 2.30GHz, 4 cores, 3G,  Windows 10 , 64 bit Build 19041 (10.0.19041.3031)
Time: Thu Jul 18 00:33:32 2024 Hora oficial do Brasil elapsed time: 3108.444879 seconds (0d 0h 51m 48s)

---------------  T H R E A D  ---------------

Current thread (0x000001a9fc383440):  JavaThread "C2 CompilerThread0" daemon [_thread_in_native, id=13832, stack(0x0000002f81a00000,0x0000002f81b00000) (1024K)]


Current CompileTask:
C2:3108444 5505       4       jdk.internal.net.http.Http1Exchange$Http1Publisher$WriteTask::run (529 bytes)

Stack: [0x0000002f81a00000,0x0000002f81b00000]
Native frames: (J=compiled Java code, j=interpreted, Vv=VM code, C=native code)
V  [jvm.dll+0x6d47c9]
V  [jvm.dll+0x8afd41]
V  [jvm.dll+0x8b20ae]
V  [jvm.dll+0x8b2793]
V  [jvm.dll+0x287836]
V  [jvm.dll+0xc5add]
V  [jvm.dll+0xc6013]
V  [jvm.dll+0x6b1126]
V  [jvm.dll+0x8ce24]
V  [jvm.dll+0x6ae75e]
V  [jvm.dll+0x6eb680]
V  [jvm.dll+0x6eead0]
V  [jvm.dll+0x6e6f76]
V  [jvm.dll+0x6e640e]
V  [jvm.dll+0x6e462c]
V  [jvm.dll+0x1ceafc]
V  [jvm.dll+0x1cf67a]
V  [jvm.dll+0x2fa39f]
V  [jvm.dll+0x6eecc4]
V  [jvm.dll+0x6e6f76]
V  [jvm.dll+0x6e640e]
V  [jvm.dll+0x6e462c]
V  [jvm.dll+0x1ceafc]
V  [jvm.dll+0x1cf67a]
V  [jvm.dll+0x2fa39f]
V  [jvm.dll+0x6eecc4]
V  [jvm.dll+0x6e6f76]
V  [jvm.dll+0x6e640e]
V  [jvm.dll+0x6e462c]
V  [jvm.dll+0x1ceafc]
V  [jvm.dll+0x24b6bd]
V  [jvm.dll+0x1cb824]
V  [jvm.dll+0x25b329]
V  [jvm.dll+0x2598da]
V  [jvm.dll+0x3f7036]
V  [jvm.dll+0x858528]
V  [jvm.dll+0x6d2f1d]
C  [ucrtbase.dll+0x21bb2]
C  [KERNEL32.DLL+0x17614]
C  [ntdll.dll+0x526f1]


---------------  P R O C E S S  ---------------

Threads class SMR info:
_java_thread_list=0x000001a9fd781e60, length=29, elements={
0x000001a9ee2c89d0, 0x000001a9fc36d200, 0x000001a9fc36df20, 0x000001a9fc371e60,
0x000001a9fc3728c0, 0x000001a9fc373320, 0x000001a9fc374d90, 0x000001a9fc383440,
0x000001a9fc385b00, 0x000001a9fc627d00, 0x000001a9fc625c30, 0x000001a9fc6290b0,
0x000001a9fd56d2e0, 0x000001a9fd56f3b0, 0x000001a9fd56ed20, 0x000001a9fd5700d0,
0x000001a9fc626fe0, 0x000001a9fd5697d0, 0x000001a9fd56fa40, 0x000001a9fd56d970,
0x000001a9fd56ab80, 0x000001a9fd56b8a0, 0x000001a9fd56e000, 0x000001a9fd56b210,
0x000001a9fd570df0, 0x000001a9fd56bf30, 0x000001a9fd569e60, 0x000001a9fd56c5c0,
0x000001a9fd56a4f0
}

Java Threads: ( => current thread )
  0x000001a9ee2c89d0 JavaThread "Forwarding get on session a0facdfee7178e381b4c37c241fffd1e to remote"        [_thread_blocked, id=11168, stack(0x0000002f80c00000,0x0000002f80d00000) (1024K)]
  0x000001a9fc36d200 JavaThread "Reference Handler"          daemon [_thread_blocked, id=7844, stack(0x0000002f81400000,0x0000002f81500000) (1024K)]
  0x000001a9fc36df20 JavaThread "Finalizer"                  daemon [_thread_blocked, id=8016, stack(0x0000002f81500000,0x0000002f81600000) (1024K)]
  0x000001a9fc371e60 JavaThread "Signal Dispatcher"          daemon [_thread_blocked, id=8128, stack(0x0000002f81600000,0x0000002f81700000) (1024K)]
  0x000001a9fc3728c0 JavaThread "Attach Listener"            daemon [_thread_blocked, id=14048, stack(0x0000002f81700000,0x0000002f81800000) (1024K)]
  0x000001a9fc373320 JavaThread "Service Thread"             daemon [_thread_blocked, id=6640, stack(0x0000002f81800000,0x0000002f81900000) (1024K)]
  0x000001a9fc374d90 JavaThread "Monitor Deflation Thread"   daemon [_thread_blocked, id=12456, stack(0x0000002f81900000,0x0000002f81a00000) (1024K)]
=>0x000001a9fc383440 JavaThread "C2 CompilerThread0"         daemon [_thread_in_native, id=13832, stack(0x0000002f81a00000,0x0000002f81b00000) (1024K)]
  0x000001a9fc385b00 JavaThread "C1 CompilerThread0"         daemon [_thread_blocked, id=3740, stack(0x0000002f81b00000,0x0000002f81c00000) (1024K)]
  0x000001a9fc627d00 JavaThread "Notification Thread"        daemon [_thread_blocked, id=10304, stack(0x0000002f81c00000,0x0000002f81d00000) (1024K)]
  0x000001a9fc625c30 JavaThread "Common-Cleaner"             daemon [_thread_blocked, id=8704, stack(0x0000002f81d00000,0x0000002f81e00000) (1024K)]
  0x000001a9fc6290b0 JavaThread "HttpClient-1-SelectorManager" daemon [_thread_in_native, id=3972, stack(0x0000002f81f00000,0x0000002f82000000) (1024K)]
  0x000001a9fd56d2e0 JavaThread "mysql-cj-abandoned-connection-cleanup" daemon [_thread_blocked, id=13152, stack(0x0000002f83100000,0x0000002f83200000) (1024K)]
  0x000001a9fd56f3b0 JavaThread "HttpClient-3-SelectorManager" daemon [_thread_in_native, id=12820, stack(0x0000002f82300000,0x0000002f82400000) (1024K)]
  0x000001a9fd56ed20 JavaThread "HttpClient-5-SelectorManager" daemon [_thread_in_native, id=10212, stack(0x0000002f81e00000,0x0000002f81f00000) (1024K)]
  0x000001a9fd5700d0 JavaThread "HttpClient-6-SelectorManager" daemon [_thread_in_native, id=8932, stack(0x0000002f82c00000,0x0000002f82d00000) (1024K)]
  0x000001a9fc626fe0 JavaThread "ForkJoinPool.commonPool-worker-9" daemon [_thread_blocked, id=3968, stack(0x0000002f82800000,0x0000002f82900000) (1024K)]
  0x000001a9fd5697d0 JavaThread "UrlChecker-5"               daemon [_thread_blocked, id=13692, stack(0x0000002f80b00000,0x0000002f80c00000) (1024K)]
  0x000001a9fd56fa40 JavaThread "HttpClient-7-SelectorManager" daemon [_thread_in_native, id=10824, stack(0x0000002f82400000,0x0000002f82500000) (1024K)]
  0x000001a9fd56d970 JavaThread "External Process Output Forwarder - C:\Users\Mauricio\.cache\selenium\chromedriver\win64\126.0.6478.182\chromedriver.exe" daemon [_thread_in_native, id=8832, stack(0x0000002f82500000,0x0000002f82600000) (1024K)]
  0x000001a9fd56ab80 JavaThread "Driver Service Executor"    daemon [_thread_blocked, id=11036, stack(0x0000002f82600000,0x0000002f82700000) (1024K)]
  0x000001a9fd56b8a0 JavaThread "Driver Service Executor"    daemon [_thread_blocked, id=7668, stack(0x0000002f82700000,0x0000002f82800000) (1024K)]
  0x000001a9fd56e000 JavaThread "JdkHttpClient-6-0"          daemon [_thread_blocked, id=13204, stack(0x0000002f82900000,0x0000002f82a00000) (1024K)]
  0x000001a9fd56b210 JavaThread "JdkHttpClient-6-1"          daemon [_thread_blocked, id=1772, stack(0x0000002f82a00000,0x0000002f82b00000) (1024K)]
  0x000001a9fd570df0 JavaThread "HttpClient-8-SelectorManager" daemon [_thread_in_native, id=12476, stack(0x0000002f82b00000,0x0000002f82c00000) (1024K)]
  0x000001a9fd56bf30 JavaThread "JdkHttpClient-7-0"          daemon [_thread_blocked, id=5296, stack(0x0000002f82d00000,0x0000002f82e00000) (1024K)]
  0x000001a9fd569e60 JavaThread "JdkHttpClient-7-1"          daemon [_thread_blocked, id=13792, stack(0x0000002f82e00000,0x0000002f82f00000) (1024K)]
  0x000001a9fd56c5c0 JavaThread "JdkHttpClient-7-2"          daemon [_thread_blocked, id=13256, stack(0x0000002f82f00000,0x0000002f83000000) (1024K)]
  0x000001a9fd56a4f0 JavaThread "JdkHttpClient-6-2"          daemon [_thread_blocked, id=7424, stack(0x0000002f83000000,0x0000002f83100000) (1024K)]
Total: 29

Other Threads:
  0x000001a9f04b0a70 VMThread "VM Thread"                           [id=4996, stack(0x0000002f81300000,0x0000002f81400000) (1024K)]
  0x000001a9fc35c0d0 WatcherThread "VM Periodic Task Thread"        [id=7516, stack(0x0000002f81200000,0x0000002f81300000) (1024K)]
  0x000001a9f0427230 WorkerThread "GC Thread#0"                     [id=9180, stack(0x0000002f80d00000,0x0000002f80e00000) (1024K)]
  0x000001a9fc6f6b40 WorkerThread "GC Thread#1"                     [id=11976, stack(0x0000002f82000000,0x0000002f82100000) (1024K)]
  0x000001a9fc6f63c0 WorkerThread "GC Thread#2"                     [id=4988, stack(0x0000002f82100000,0x0000002f82200000) (1024K)]
  0x000001a9fcbb8b90 WorkerThread "GC Thread#3"                     [id=9116, stack(0x0000002f82200000,0x0000002f82300000) (1024K)]
  0x000001a9f042fe60 ConcurrentGCThread "G1 Main Marker"            [id=11576, stack(0x0000002f80e00000,0x0000002f80f00000) (1024K)]
  0x000001a9f0430f20 WorkerThread "G1 Conc#0"                       [id=8036, stack(0x0000002f80f00000,0x0000002f81000000) (1024K)]
  0x000001a9f0489670 ConcurrentGCThread "G1 Refine#0"               [id=3472, stack(0x0000002f81000000,0x0000002f81100000) (1024K)]
  0x000001a9f048b410 ConcurrentGCThread "G1 Service"                [id=11004, stack(0x0000002f81100000,0x0000002f81200000) (1024K)]
Total: 10

Threads with active compile tasks:
C2 CompilerThread0  3108604 5505       4       jdk.internal.net.http.Http1Exchange$Http1Publisher$WriteTask::run (529 bytes)
Total: 1

VM state: not at safepoint (normal execution)

VM Mutex/Monitor currently owned by a thread: None

Heap address: 0x00000000c1c00000, size: 996 MB, Compressed Oops mode: 32-bit

CDS archive(s) mapped at: [0x000001a98f000000-0x000001a98fcf0000-0x000001a98fcf0000), size 13565952, SharedBaseAddress: 0x000001a98f000000, ArchiveRelocationMode: 1.
Compressed class space mapped at: 0x000001a990000000-0x000001a9d0000000, reserved size: 1073741824
Narrow klass base: 0x000001a98f000000, Narrow klass shift: 0, Narrow klass range: 0x100000000

GC Precious Log:
 CardTable entry size: 512
 Card Set container configuration: InlinePtr #cards 5 size 8 Array Of Cards #cards 12 size 40 Howl #buckets 4 coarsen threshold 1843 Howl Bitmap #cards 512 size 80 coarsen threshold 460 Card regions per heap region 1 cards per card region 2048
 CPUs: 4 total, 4 available
 Memory: 3977M
 Large Page Support: Disabled
 NUMA Support: Disabled
 Compressed Oops: Enabled (32-bit)
 Heap Region Size: 1M
 Heap Min Capacity: 8M
 Heap Initial Capacity: 64M
 Heap Max Capacity: 996M
 Pre-touch: Disabled
 Parallel Workers: 4
 Concurrent Workers: 1
 Concurrent Refinement Workers: 4
 Periodic GC: Disabled

Heap:
 garbage-first heap   total 65536K, used 27107K [0x00000000c1c00000, 0x0000000100000000)
  region size 1024K, 22 young (22528K), 3 survivors (3072K)
 Metaspace       used 19911K, committed 20224K, reserved 1114112K
  class space    used 2078K, committed 2240K, reserved 1048576K

Heap Regions: E=young(eden), S=young(survivor), O=old, HS=humongous(starts), HC=humongous(continues), CS=collection set, F=free, TAMS=top-at-mark-start, PB=parsable bottom
|   0|0x00000000c1c00000, 0x00000000c1d00000, 0x00000000c1d00000|100%| O|  |TAMS 0x00000000c1c00000| PB 0x00000000c1c00000| Untracked 
|   1|0x00000000c1d00000, 0x00000000c1e00000, 0x00000000c1e00000|100%| O|  |TAMS 0x00000000c1d00000| PB 0x00000000c1d00000| Untracked 
|   2|0x00000000c1e00000, 0x00000000c1f00000, 0x00000000c1f00000|100%| O|  |TAMS 0x00000000c1e00000| PB 0x00000000c1e00000| Untracked 
|   3|0x00000000c1f00000, 0x00000000c2000000, 0x00000000c2000000|100%| O|  |TAMS 0x00000000c1f00000| PB 0x00000000c1f00000| Untracked 
|   4|0x00000000c2000000, 0x00000000c2100000, 0x00000000c2100000|100%| O|  |TAMS 0x00000000c2000000| PB 0x00000000c2000000| Untracked 
|   5|0x00000000c2100000, 0x00000000c2200000, 0x00000000c2200000|100%| O|  |TAMS 0x00000000c2100000| PB 0x00000000c2100000| Untracked 
|   6|0x00000000c2200000, 0x00000000c2300000, 0x00000000c2300000|100%| O|  |TAMS 0x00000000c2200000| PB 0x00000000c2200000| Untracked 
|   7|0x00000000c2300000, 0x00000000c2300000, 0x00000000c2400000|  0%| F|  |TAMS 0x00000000c2300000| PB 0x00000000c2300000| Untracked 
|   8|0x00000000c2400000, 0x00000000c2400000, 0x00000000c2500000|  0%| F|  |TAMS 0x00000000c2400000| PB 0x00000000c2400000| Untracked 
|   9|0x00000000c2500000, 0x00000000c2500000, 0x00000000c2600000|  0%| F|  |TAMS 0x00000000c2500000| PB 0x00000000c2500000| Untracked 
|  10|0x00000000c2600000, 0x00000000c2600000, 0x00000000c2700000|  0%| F|  |TAMS 0x00000000c2600000| PB 0x00000000c2600000| Untracked 
|  11|0x00000000c2700000, 0x00000000c2700000, 0x00000000c2800000|  0%| F|  |TAMS 0x00000000c2700000| PB 0x00000000c2700000| Untracked 
|  12|0x00000000c2800000, 0x00000000c2800000, 0x00000000c2900000|  0%| F|  |TAMS 0x00000000c2800000| PB 0x00000000c2800000| Untracked 
|  13|0x00000000c2900000, 0x00000000c2900000, 0x00000000c2a00000|  0%| F|  |TAMS 0x00000000c2900000| PB 0x00000000c2900000| Untracked 
|  14|0x00000000c2a00000, 0x00000000c2a00000, 0x00000000c2b00000|  0%| F|  |TAMS 0x00000000c2a00000| PB 0x00000000c2a00000| Untracked 
|  15|0x00000000c2b00000, 0x00000000c2b00000, 0x00000000c2c00000|  0%| F|  |TAMS 0x00000000c2b00000| PB 0x00000000c2b00000| Untracked 
|  16|0x00000000c2c00000, 0x00000000c2c00000, 0x00000000c2d00000|  0%| F|  |TAMS 0x00000000c2c00000| PB 0x00000000c2c00000| Untracked 
|  17|0x00000000c2d00000, 0x00000000c2d00000, 0x00000000c2e00000|  0%| F|  |TAMS 0x00000000c2d00000| PB 0x00000000c2d00000| Untracked 
|  18|0x00000000c2e00000, 0x00000000c2e00000, 0x00000000c2f00000|  0%| F|  |TAMS 0x00000000c2e00000| PB 0x00000000c2e00000| Untracked 
|  19|0x00000000c2f00000, 0x00000000c2f00000, 0x00000000c3000000|  0%| F|  |TAMS 0x00000000c2f00000| PB 0x00000000c2f00000| Untracked 
|  20|0x00000000c3000000, 0x00000000c3000000, 0x00000000c3100000|  0%| F|  |TAMS 0x00000000c3000000| PB 0x00000000c3000000| Untracked 
|  21|0x00000000c3100000, 0x00000000c3100000, 0x00000000c3200000|  0%| F|  |TAMS 0x00000000c3100000| PB 0x00000000c3100000| Untracked 
|  22|0x00000000c3200000, 0x00000000c3200000, 0x00000000c3300000|  0%| F|  |TAMS 0x00000000c3200000| PB 0x00000000c3200000| Untracked 
|  23|0x00000000c3300000, 0x00000000c3300000, 0x00000000c3400000|  0%| F|  |TAMS 0x00000000c3300000| PB 0x00000000c3300000| Untracked 
|  24|0x00000000c3400000, 0x00000000c3400000, 0x00000000c3500000|  0%| F|  |TAMS 0x00000000c3400000| PB 0x00000000c3400000| Untracked 
|  25|0x00000000c3500000, 0x00000000c3500000, 0x00000000c3600000|  0%| F|  |TAMS 0x00000000c3500000| PB 0x00000000c3500000| Untracked 
|  26|0x00000000c3600000, 0x00000000c3678d20, 0x00000000c3700000| 47%| S|CS|TAMS 0x00000000c3600000| PB 0x00000000c3600000| Complete 
|  27|0x00000000c3700000, 0x00000000c3800000, 0x00000000c3800000|100%| S|CS|TAMS 0x00000000c3700000| PB 0x00000000c3700000| Complete 
|  28|0x00000000c3800000, 0x00000000c3900000, 0x00000000c3900000|100%| S|CS|TAMS 0x00000000c3800000| PB 0x00000000c3800000| Complete 
|  29|0x00000000c3900000, 0x00000000c3900000, 0x00000000c3a00000|  0%| F|  |TAMS 0x00000000c3900000| PB 0x00000000c3900000| Untracked 
|  30|0x00000000c3a00000, 0x00000000c3a00000, 0x00000000c3b00000|  0%| F|  |TAMS 0x00000000c3a00000| PB 0x00000000c3a00000| Untracked 
|  31|0x00000000c3b00000, 0x00000000c3b00000, 0x00000000c3c00000|  0%| F|  |TAMS 0x00000000c3b00000| PB 0x00000000c3b00000| Untracked 
|  32|0x00000000c3c00000, 0x00000000c3c00000, 0x00000000c3d00000|  0%| F|  |TAMS 0x00000000c3c00000| PB 0x00000000c3c00000| Untracked 
|  33|0x00000000c3d00000, 0x00000000c3d00000, 0x00000000c3e00000|  0%| F|  |TAMS 0x00000000c3d00000| PB 0x00000000c3d00000| Untracked 
|  34|0x00000000c3e00000, 0x00000000c3e00000, 0x00000000c3f00000|  0%| F|  |TAMS 0x00000000c3e00000| PB 0x00000000c3e00000| Untracked 
|  35|0x00000000c3f00000, 0x00000000c3f00000, 0x00000000c4000000|  0%| F|  |TAMS 0x00000000c3f00000| PB 0x00000000c3f00000| Untracked 
|  36|0x00000000c4000000, 0x00000000c4000000, 0x00000000c4100000|  0%| F|  |TAMS 0x00000000c4000000| PB 0x00000000c4000000| Untracked 
|  37|0x00000000c4100000, 0x00000000c4100000, 0x00000000c4200000|  0%| F|  |TAMS 0x00000000c4100000| PB 0x00000000c4100000| Untracked 
|  38|0x00000000c4200000, 0x00000000c4200000, 0x00000000c4300000|  0%| F|  |TAMS 0x00000000c4200000| PB 0x00000000c4200000| Untracked 
|  39|0x00000000c4300000, 0x00000000c4300000, 0x00000000c4400000|  0%| F|  |TAMS 0x00000000c4300000| PB 0x00000000c4300000| Untracked 
|  40|0x00000000c4400000, 0x00000000c4400000, 0x00000000c4500000|  0%| F|  |TAMS 0x00000000c4400000| PB 0x00000000c4400000| Untracked 
|  41|0x00000000c4500000, 0x00000000c4500000, 0x00000000c4600000|  0%| F|  |TAMS 0x00000000c4500000| PB 0x00000000c4500000| Untracked 
|  42|0x00000000c4600000, 0x00000000c4600000, 0x00000000c4700000|  0%| F|  |TAMS 0x00000000c4600000| PB 0x00000000c4600000| Untracked 
|  43|0x00000000c4700000, 0x00000000c4700000, 0x00000000c4800000|  0%| F|  |TAMS 0x00000000c4700000| PB 0x00000000c4700000| Untracked 
|  44|0x00000000c4800000, 0x00000000c4800000, 0x00000000c4900000|  0%| F|  |TAMS 0x00000000c4800000| PB 0x00000000c4800000| Untracked 
|  45|0x00000000c4900000, 0x00000000c4988e88, 0x00000000c4a00000| 53%| E|  |TAMS 0x00000000c4900000| PB 0x00000000c4900000| Complete 
|  46|0x00000000c4a00000, 0x00000000c4b00000, 0x00000000c4b00000|100%| E|CS|TAMS 0x00000000c4a00000| PB 0x00000000c4a00000| Complete 
|  47|0x00000000c4b00000, 0x00000000c4c00000, 0x00000000c4c00000|100%| E|CS|TAMS 0x00000000c4b00000| PB 0x00000000c4b00000| Complete 
|  48|0x00000000c4c00000, 0x00000000c4d00000, 0x00000000c4d00000|100%| E|  |TAMS 0x00000000c4c00000| PB 0x00000000c4c00000| Complete 
|  49|0x00000000c4d00000, 0x00000000c4e00000, 0x00000000c4e00000|100%| E|CS|TAMS 0x00000000c4d00000| PB 0x00000000c4d00000| Complete 
|  50|0x00000000c4e00000, 0x00000000c4f00000, 0x00000000c4f00000|100%| E|CS|TAMS 0x00000000c4e00000| PB 0x00000000c4e00000| Complete 
|  51|0x00000000c4f00000, 0x00000000c5000000, 0x00000000c5000000|100%| E|CS|TAMS 0x00000000c4f00000| PB 0x00000000c4f00000| Complete 
|  52|0x00000000c5000000, 0x00000000c5100000, 0x00000000c5100000|100%| E|CS|TAMS 0x00000000c5000000| PB 0x00000000c5000000| Complete 
|  53|0x00000000c5100000, 0x00000000c5200000, 0x00000000c5200000|100%| E|CS|TAMS 0x00000000c5100000| PB 0x00000000c5100000| Complete 
|  54|0x00000000c5200000, 0x00000000c5300000, 0x00000000c5300000|100%| E|CS|TAMS 0x00000000c5200000| PB 0x00000000c5200000| Complete 
|  55|0x00000000c5300000, 0x00000000c5400000, 0x00000000c5400000|100%| E|CS|TAMS 0x00000000c5300000| PB 0x00000000c5300000| Complete 
|  56|0x00000000c5400000, 0x00000000c5500000, 0x00000000c5500000|100%| E|CS|TAMS 0x00000000c5400000| PB 0x00000000c5400000| Complete 
|  57|0x00000000c5500000, 0x00000000c5600000, 0x00000000c5600000|100%| E|CS|TAMS 0x00000000c5500000| PB 0x00000000c5500000| Complete 
|  58|0x00000000c5600000, 0x00000000c5700000, 0x00000000c5700000|100%| E|CS|TAMS 0x00000000c5600000| PB 0x00000000c5600000| Complete 
|  59|0x00000000c5700000, 0x00000000c5800000, 0x00000000c5800000|100%| E|CS|TAMS 0x00000000c5700000| PB 0x00000000c5700000| Complete 
|  60|0x00000000c5800000, 0x00000000c5900000, 0x00000000c5900000|100%| E|CS|TAMS 0x00000000c5800000| PB 0x00000000c5800000| Complete 
|  61|0x00000000c5900000, 0x00000000c5a00000, 0x00000000c5a00000|100%| E|CS|TAMS 0x00000000c5900000| PB 0x00000000c5900000| Complete 
|  62|0x00000000c5a00000, 0x00000000c5b00000, 0x00000000c5b00000|100%| E|CS|TAMS 0x00000000c5a00000| PB 0x00000000c5a00000| Complete 
|  63|0x00000000c5b00000, 0x00000000c5c00000, 0x00000000c5c00000|100%| E|CS|TAMS 0x00000000c5b00000| PB 0x00000000c5b00000| Complete 

Card table byte_map: [0x000001a9f8d80000,0x000001a9f8f80000] _byte_map_base: 0x000001a9f8772000

Marking Bits: (CMBitMap*) 0x000001a9f0427750
 Bits: [0x000001a9f8f80000, 0x000001a9f9f10000)

Polling page: 0x000001a9efbc0000

Metaspace:

Usage:
  Non-class:     17.41 MB used.
      Class:      2.03 MB used.
       Both:     19.44 MB used.

Virtual space:
  Non-class space:       64.00 MB reserved,      17.56 MB ( 27%) committed,  1 nodes.
      Class space:        1.00 GB reserved,       2.19 MB ( <1%) committed,  1 nodes.
             Both:        1.06 GB reserved,      19.75 MB (  2%) committed. 

Chunk freelists:
   Non-Class:  14.26 MB
       Class:  13.66 MB
        Both:  27.91 MB

MaxMetaspaceSize: unlimited
CompressedClassSpaceSize: 1.00 GB
Initial GC threshold: 21.00 MB
Current GC threshold: 21.00 MB
CDS: on
 - commit_granule_bytes: 65536.
 - commit_granule_words: 8192.
 - virtual_space_node_default_size: 8388608.
 - enlarge_chunks_in_place: 1.
 - use_allocation_guard: 0.


Internal statistics:

num_allocs_failed_limit: 0.
num_arena_births: 404.
num_arena_deaths: 0.
num_vsnodes_births: 2.
num_vsnodes_deaths: 0.
num_space_committed: 316.
num_space_uncommitted: 0.
num_chunks_returned_to_freelist: 0.
num_chunks_taken_from_freelist: 948.
num_chunk_merges: 0.
num_chunk_splits: 553.
num_chunks_enlarged: 276.
num_inconsistent_stats: 0.

CodeHeap 'non-profiled nmethods': size=120000Kb used=2727Kb max_used=2727Kb free=117272Kb
 bounds [0x000001a987ad0000, 0x000001a987d80000, 0x000001a98f000000]
CodeHeap 'profiled nmethods': size=120000Kb used=11887Kb max_used=11887Kb free=108112Kb
 bounds [0x000001a980000000, 0x000001a980ba0000, 0x000001a987530000]
CodeHeap 'non-nmethods': size=5760Kb used=1527Kb max_used=1606Kb free=4232Kb
 bounds [0x000001a987530000, 0x000001a9877a0000, 0x000001a987ad0000]
 total_blobs=6097 nmethods=5504 adapters=497
 compilation: enabled
              stopped_count=0, restarted_count=0
 full_count=0

Compilation events (20 events):
Event: 3101.346 Thread 0x000001a9fc385b00 nmethod 5495 0x000001a980b96910 code [0x000001a980b96ba0, 0x000001a980b97598]
Event: 3101.346 Thread 0x000001a9fc385b00 5496       3       java.math.BigDecimal::setScale (8 bytes)
Event: 3101.347 Thread 0x000001a9fc385b00 nmethod 5496 0x000001a980b97990 code [0x000001a980b97b40, 0x000001a980b97ca0]
Event: 3101.347 Thread 0x000001a9fc385b00 5497       3       java.math.BigDecimal::setScale (305 bytes)
Event: 3101.348 Thread 0x000001a9fc385b00 nmethod 5497 0x000001a980b97d90 code [0x000001a980b98140, 0x000001a980b99430]
Event: 3104.778 Thread 0x000001a9fc385b00 5498       3       org.openqa.selenium.WebDriverException$$Lambda/0x000001a99024b4c0::test (8 bytes)
Event: 3104.779 Thread 0x000001a9fc385b00 nmethod 5498 0x000001a980b99a90 code [0x000001a980b99c60, 0x000001a980b9a010]
Event: 3104.779 Thread 0x000001a9fc385b00 5499       3       org.openqa.selenium.WebDriverException::lambda$createMessage$1 (17 bytes)
Event: 3104.779 Thread 0x000001a9fc385b00 nmethod 5499 0x000001a980b9a190 code [0x000001a980b9a340, 0x000001a980b9a580]
Event: 3104.877 Thread 0x000001a9fc383440 5500   !   4       java.util.WeakHashMap::expungeStaleEntries (139 bytes)
Event: 3104.878 Thread 0x000001a9fc383440 nmethod 5500 0x000001a987d78690 code [0x000001a987d78820, 0x000001a987d78920]
Event: 3104.905 Thread 0x000001a9fc385b00 5501       3       java.util.TimSort::sort (229 bytes)
Event: 3104.906 Thread 0x000001a9fc385b00 nmethod 5501 0x000001a980b9a690 code [0x000001a980b9a8e0, 0x000001a980b9aff0]
Event: 3105.013 Thread 0x000001a9fc383440 5502   !   4       sun.security.jca.ProviderConfig::getProvider (322 bytes)
Event: 3105.023 Thread 0x000001a9fc383440 nmethod 5502 0x000001a987d78a10 code [0x000001a987d78cc0, 0x000001a987d79a10]
Event: 3105.048 Thread 0x000001a9fc385b00 5503       3       sun.security.ssl.HandshakeHash::isHashable (26 bytes)
Event: 3105.049 Thread 0x000001a9fc385b00 nmethod 5503 0x000001a980b9b390 code [0x000001a980b9b540, 0x000001a980b9b700]
Event: 3105.049 Thread 0x000001a9fc385b00 5504       3       sun.security.util.math.intpoly.IntegerPolynomial::evaluate (46 bytes)
Event: 3105.050 Thread 0x000001a9fc385b00 nmethod 5504 0x000001a980b9b810 code [0x000001a980b9ba00, 0x000001a980b9bd48]
Event: 3108.347 Thread 0x000001a9fc383440 5505       4       jdk.internal.net.http.Http1Exchange$Http1Publisher$WriteTask::run (529 bytes)

GC Heap History (14 events):
Event: 6.495 GC heap before
{Heap before GC invocations=0 (full 0):
 garbage-first heap   total 65536K, used 13312K [0x00000000c1c00000, 0x0000000100000000)
  region size 1024K, 13 young (13312K), 0 survivors (0K)
 Metaspace       used 5388K, committed 5696K, reserved 1114112K
  class space    used 622K, committed 768K, reserved 1048576K
}
Event: 6.504 GC heap after
{Heap after GC invocations=1 (full 0):
 garbage-first heap   total 65536K, used 4928K [0x00000000c1c00000, 0x0000000100000000)
  region size 1024K, 2 young (2048K), 2 survivors (2048K)
 Metaspace       used 5388K, committed 5696K, reserved 1114112K
  class space    used 622K, committed 768K, reserved 1048576K
}
Event: 9.992 GC heap before
{Heap before GC invocations=1 (full 0):
 garbage-first heap   total 65536K, used 18240K [0x00000000c1c00000, 0x0000000100000000)
  region size 1024K, 16 young (16384K), 2 survivors (2048K)
 Metaspace       used 11163K, committed 11584K, reserved 1114112K
  class space    used 1268K, committed 1472K, reserved 1048576K
}
Event: 10.003 GC heap after
{Heap after GC invocations=2 (full 0):
 garbage-first heap   total 65536K, used 7168K [0x00000000c1c00000, 0x0000000100000000)
  region size 1024K, 2 young (2048K), 2 survivors (2048K)
 Metaspace       used 11163K, committed 11584K, reserved 1114112K
  class space    used 1268K, committed 1472K, reserved 1048576K
}
Event: 88.543 GC heap before
{Heap before GC invocations=2 (full 0):
 garbage-first heap   total 65536K, used 29696K [0x00000000c1c00000, 0x0000000100000000)
  region size 1024K, 25 young (25600K), 2 survivors (2048K)
 Metaspace       used 17869K, committed 18240K, reserved 1114112K
  class space    used 2003K, committed 2176K, reserved 1048576K
}
Event: 88.552 GC heap after
{Heap after GC invocations=3 (full 0):
 garbage-first heap   total 65536K, used 9216K [0x00000000c1c00000, 0x0000000100000000)
  region size 1024K, 4 young (4096K), 4 survivors (4096K)
 Metaspace       used 17869K, committed 18240K, reserved 1114112K
  class space    used 2003K, committed 2176K, reserved 1048576K
}
Event: 154.941 GC heap before
{Heap before GC invocations=3 (full 0):
 garbage-first heap   total 65536K, used 43007K [0x00000000c1c00000, 0x0000000100000000)
  region size 1024K, 38 young (38912K), 4 survivors (4096K)
 Metaspace       used 18709K, committed 19072K, reserved 1114112K
  class space    used 2008K, committed 2176K, reserved 1048576K
}
Event: 154.951 GC heap after
{Heap after GC invocations=4 (full 0):
 garbage-first heap   total 65536K, used 9552K [0x00000000c1c00000, 0x0000000100000000)
  region size 1024K, 3 young (3072K), 3 survivors (3072K)
 Metaspace       used 18709K, committed 19072K, reserved 1114112K
  class space    used 2008K, committed 2176K, reserved 1048576K
}
Event: 222.073 GC heap before
{Heap before GC invocations=4 (full 0):
 garbage-first heap   total 65536K, used 44368K [0x00000000c1c00000, 0x0000000100000000)
  region size 1024K, 38 young (38912K), 3 survivors (3072K)
 Metaspace       used 19168K, committed 19520K, reserved 1114112K
  class space    used 2008K, committed 2176K, reserved 1048576K
}
Event: 222.082 GC heap after
{Heap after GC invocations=5 (full 0):
 garbage-first heap   total 65536K, used 9457K [0x00000000c1c00000, 0x0000000100000000)
  region size 1024K, 3 young (3072K), 3 survivors (3072K)
 Metaspace       used 19168K, committed 19520K, reserved 1114112K
  class space    used 2008K, committed 2176K, reserved 1048576K
}
Event: 2299.810 GC heap before
{Heap before GC invocations=5 (full 0):
 garbage-first heap   total 65536K, used 45297K [0x00000000c1c00000, 0x0000000100000000)
  region size 1024K, 38 young (38912K), 3 survivors (3072K)
 Metaspace       used 19542K, committed 19968K, reserved 1114112K
  class space    used 2050K, committed 2240K, reserved 1048576K
}
Event: 2299.818 GC heap after
{Heap after GC invocations=6 (full 0):
 garbage-first heap   total 65536K, used 9877K [0x00000000c1c00000, 0x0000000100000000)
  region size 1024K, 3 young (3072K), 3 survivors (3072K)
 Metaspace       used 19542K, committed 19968K, reserved 1114112K
  class space    used 2050K, committed 2240K, reserved 1048576K
}
Event: 2748.928 GC heap before
{Heap before GC invocations=6 (full 0):
 garbage-first heap   total 65536K, used 44693K [0x00000000c1c00000, 0x0000000100000000)
  region size 1024K, 38 young (38912K), 3 survivors (3072K)
 Metaspace       used 19660K, committed 20032K, reserved 1114112K
  class space    used 2054K, committed 2240K, reserved 1048576K
}
Event: 2748.936 GC heap after
{Heap after GC invocations=7 (full 0):
 garbage-first heap   total 65536K, used 9699K [0x00000000c1c00000, 0x0000000100000000)
  region size 1024K, 3 young (3072K), 3 survivors (3072K)
 Metaspace       used 19660K, committed 20032K, reserved 1114112K
  class space    used 2054K, committed 2240K, reserved 1048576K
}

Dll operation events (8 events):
Event: 0.008 Loaded shared library C:\Users\Mauricio\Documents\NetBeansJDKs\zulu21.32.17-ca-jdk21.0.2-win_x64\zulu21.32.17-ca-jdk21.0.2-win_x64\bin\java.dll
Event: 0.042 Loaded shared library C:\Users\Mauricio\Documents\NetBeansJDKs\zulu21.32.17-ca-jdk21.0.2-win_x64\zulu21.32.17-ca-jdk21.0.2-win_x64\bin\jsvml.dll
Event: 0.125 Loaded shared library C:\Users\Mauricio\Documents\NetBeansJDKs\zulu21.32.17-ca-jdk21.0.2-win_x64\zulu21.32.17-ca-jdk21.0.2-win_x64\bin\zip.dll
Event: 0.139 Loaded shared library C:\Users\Mauricio\Documents\NetBeansJDKs\zulu21.32.17-ca-jdk21.0.2-win_x64\zulu21.32.17-ca-jdk21.0.2-win_x64\bin\jimage.dll
Event: 0.147 Loaded shared library C:\Users\Mauricio\Documents\NetBeansJDKs\zulu21.32.17-ca-jdk21.0.2-win_x64\zulu21.32.17-ca-jdk21.0.2-win_x64\bin\net.dll
Event: 0.149 Loaded shared library C:\Users\Mauricio\Documents\NetBeansJDKs\zulu21.32.17-ca-jdk21.0.2-win_x64\zulu21.32.17-ca-jdk21.0.2-win_x64\bin\nio.dll
Event: 0.485 Loaded shared library C:\Users\Mauricio\Documents\NetBeansJDKs\zulu21.32.17-ca-jdk21.0.2-win_x64\zulu21.32.17-ca-jdk21.0.2-win_x64\bin\extnet.dll
Event: 5.820 Loaded shared library C:\Users\Mauricio\Documents\NetBeansJDKs\zulu21.32.17-ca-jdk21.0.2-win_x64\zulu21.32.17-ca-jdk21.0.2-win_x64\bin\sunmscapi.dll

Deoptimization events (20 events):
Event: 3063.582 Thread 0x000001a9fc628390 DEOPT PACKING pc=0x000001a987c18484 sp=0x0000002f809fea80
Event: 3063.582 Thread 0x000001a9fc628390 DEOPT UNPACKING pc=0x000001a9875846a2 sp=0x0000002f809fe9c0 mode 2
Event: 3063.582 Thread 0x000001a9fc628390 Uncommon trap: trap_request=0xffffff45 fr.pc=0x000001a987d2f2e4 relative=0x0000000000000664
Event: 3063.582 Thread 0x000001a9fc628390 Uncommon trap: reason=unstable_if action=reinterpret pc=0x000001a987d2f2e4 method=java.util.Formatter$FormatSpecifier.print(Ljava/util/Formatter;Ljava/lang/Object;Ljava/util/Locale;)V @ 4 c2
Event: 3063.582 Thread 0x000001a9fc628390 DEOPT PACKING pc=0x000001a987d2f2e4 sp=0x0000002f809fead0
Event: 3063.582 Thread 0x000001a9fc628390 DEOPT UNPACKING pc=0x000001a9875846a2 sp=0x0000002f809feab0 mode 2
Event: 3063.587 Thread 0x000001a9fc6262c0 Uncommon trap: trap_request=0xffffff45 fr.pc=0x000001a987cfc37c relative=0x0000000000000efc
Event: 3063.587 Thread 0x000001a9fc6262c0 Uncommon trap: reason=unstable_if action=reinterpret pc=0x000001a987cfc37c method=java.util.concurrent.LinkedTransferQueue$DualNode.await(Ljava/lang/Object;JLjava/lang/Object;Z)Ljava/lang/Object; @ 140 c2
Event: 3063.587 Thread 0x000001a9fc6262c0 DEOPT PACKING pc=0x000001a987cfc37c sp=0x0000002f827fee10
Event: 3063.587 Thread 0x000001a9fd56e690 Uncommon trap: trap_request=0xffffff45 fr.pc=0x000001a987cfc37c relative=0x0000000000000efc
Event: 3063.587 Thread 0x000001a9fd56e690 Uncommon trap: reason=unstable_if action=reinterpret pc=0x000001a987cfc37c method=java.util.concurrent.LinkedTransferQueue$DualNode.await(Ljava/lang/Object;JLjava/lang/Object;Z)Ljava/lang/Object; @ 140 c2
Event: 3063.587 Thread 0x000001a9fd56e690 DEOPT PACKING pc=0x000001a987cfc37c sp=0x0000002f82bfee70
Event: 3063.587 Thread 0x000001a9fc6262c0 DEOPT UNPACKING pc=0x000001a9875846a2 sp=0x0000002f827febf8 mode 2
Event: 3063.587 Thread 0x000001a9fd56e690 DEOPT UNPACKING pc=0x000001a9875846a2 sp=0x0000002f82bfec58 mode 2
Event: 3063.587 Thread 0x000001a9fc628a20 Uncommon trap: trap_request=0xffffff45 fr.pc=0x000001a987cfc37c relative=0x0000000000000efc
Event: 3063.587 Thread 0x000001a9fc628a20 Uncommon trap: reason=unstable_if action=reinterpret pc=0x000001a987cfc37c method=java.util.concurrent.LinkedTransferQueue$DualNode.await(Ljava/lang/Object;JLjava/lang/Object;Z)Ljava/lang/Object; @ 140 c2
Event: 3063.587 Thread 0x000001a9fc628a20 DEOPT PACKING pc=0x000001a987cfc37c sp=0x0000002f80bfef00
Event: 3063.587 Thread 0x000001a9fc628a20 DEOPT UNPACKING pc=0x000001a9875846a2 sp=0x0000002f80bfece8 mode 2
Event: 3081.672 Thread 0x000001a9ee2c89d0 DEOPT PACKING pc=0x000001a9807670df sp=0x0000002f80cfd930
Event: 3081.672 Thread 0x000001a9ee2c89d0 DEOPT UNPACKING pc=0x000001a987584e42 sp=0x0000002f80cfcdb0 mode 0

Classes loaded (20 events):
Event: 3063.505 Loading class java/lang/Throwable$PrintStreamOrWriter done
Event: 3063.505 Loading class java/lang/Throwable$WrappedPrintWriter done
Event: 3063.505 Loading class java/lang/StackTraceElement$HashedModules
Event: 3063.506 Loading class java/lang/StackTraceElement$HashedModules done
Event: 3063.506 Loading class java/util/logging/Level$RbAccess
Event: 3063.506 Loading class java/util/logging/Level$RbAccess done
Event: 3063.506 Loading class java/util/ResourceBundle$3
Event: 3063.517 Loading class java/util/ResourceBundle$3 done
Event: 3063.518 Loading class sun/util/logging/resources/logging
Event: 3063.519 Loading class sun/util/logging/resources/logging done
Event: 3063.520 Loading class sun/util/logging/resources/logging_pt
Event: 3063.520 Loading class sun/util/logging/resources/logging_pt done
Event: 3063.520 Loading class sun/util/logging/resources/logging_pt
Event: 3063.520 Loading class sun/util/logging/resources/logging_pt done
Event: 3063.521 Loading class sun/util/logging/resources/logging_pt_BR
Event: 3063.566 Loading class sun/util/logging/resources/logging_pt_BR done
Event: 3063.566 Loading class java/util/Formatter$DateTime
Event: 3063.582 Loading class java/util/Formatter$DateTime done
Event: 3063.582 Loading class java/time/ZonedDateTime$1
Event: 3063.586 Loading class java/time/ZonedDateTime$1 done

Classes unloaded (0 events):
No events

Classes redefined (0 events):
No events

Internal exceptions (20 events):
Event: 438.853 Thread 0x000001a9fc6290b0 Implicit null exception at 0x000001a987c2a144 to 0x000001a987c2a744
Event: 2062.289 Thread 0x000001a9ee2c89d0 Implicit null exception at 0x000001a987cbc700 to 0x000001a987cbc738
Event: 2062.289 Thread 0x000001a9ee2c89d0 Implicit null exception at 0x000001a987c23bc0 to 0x000001a987c23ff0
Event: 2242.322 Thread 0x000001a9ee2c89d0 Exception <a 'java/lang/NoSuchMethodError'{0x00000000c4163a48}: 'java.lang.Object java.lang.invoke.DirectMethodHandle$Holder.invokeStatic(java.lang.Object, java.lang.Object, int, java.lang.Object)'> (0x00000000c4163a48) 
thrown [s\src\hotspot\share\interpreter\linkResolver.cpp, line 773]
Event: 2242.323 Thread 0x000001a9ee2c89d0 Exception <a 'java/lang/NoSuchMethodError'{0x00000000c416a170}: 'java.lang.Object java.lang.invoke.DirectMethodHandle$Holder.newInvokeSpecial(java.lang.Object, java.lang.Object, int, java.lang.Object)'> (0x00000000c416a170) 
thrown [s\src\hotspot\share\interpreter\linkResolver.cpp, line 773]
Event: 2242.323 Thread 0x000001a9ee2c89d0 Exception <a 'java/lang/NoSuchMethodError'{0x00000000c416dd30}: 'java.lang.Object java.lang.invoke.DirectMethodHandle$Holder.invokeSpecial(java.lang.Object, java.lang.Object, java.lang.Object, int, java.lang.Object)'> (0x00000000c416dd30) 
thrown [s\src\hotspot\share\interpreter\linkResolver.cpp, line 773]
Event: 2242.323 Thread 0x000001a9ee2c89d0 Exception <a 'java/lang/NoSuchMethodError'{0x00000000c4171678}: 'java.lang.Object java.lang.invoke.Invokers$Holder.linkToTargetMethod(java.lang.Object, int, java.lang.Object, java.lang.Object)'> (0x00000000c4171678) 
thrown [s\src\hotspot\share\interpreter\linkResolver.cpp, line 773]
Event: 2242.340 Thread 0x000001a9fd56e690 Implicit null exception at 0x000001a987c35380 to 0x000001a987c353ac
Event: 2275.915 Thread 0x000001a9ee2c89d0 Implicit null exception at 0x000001a987c188e9 to 0x000001a987c18da5
Event: 2275.919 Thread 0x000001a9fd56b210 Exception <a 'java/net/ConnectException'{0x00000000c40d0040}: Connection refused: getsockopt> (0x00000000c40d0040) 
thrown [s\src\hotspot\share\prims\jni.cpp, line 539]
Event: 2275.969 Thread 0x000001a9fd56b210 Exception <a 'java/net/ConnectException'{0x00000000c40d10c8}: Connection refused: getsockopt> (0x00000000c40d10c8) 
thrown [s\src\hotspot\share\prims\jni.cpp, line 539]
Event: 2299.528 Thread 0x000001a9fd569e60 Implicit null exception at 0x000001a987ce1145 to 0x000001a987ce16ed
Event: 2749.938 Thread 0x000001a9fd56e000 Implicit null exception at 0x000001a987c67ea0 to 0x000001a987c67f8c
Event: 2760.627 Thread 0x000001a9fd56e000 Exception <a 'java/net/ConnectException'{0x00000000c5b08598}: Connection refused: getsockopt> (0x00000000c5b08598) 
thrown [s\src\hotspot\share\prims\jni.cpp, line 539]
Event: 2760.647 Thread 0x000001a9fd56e000 Exception <a 'java/net/ConnectException'{0x00000000c5b09560}: Connection refused: getsockopt> (0x00000000c5b09560) 
thrown [s\src\hotspot\share\prims\jni.cpp, line 539]
Event: 3063.427 Thread 0x000001a9fd5700d0 Exception <a 'sun/net/ConnectionResetException'{0x00000000c5a9c5d8}: Connection reset> (0x00000000c5a9c5d8) 
thrown [s\src\hotspot\share\prims\jni.cpp, line 539]
Event: 3063.517 Thread 0x000001a9fc628390 Exception <a 'java/lang/ClassNotFoundException'{0x00000000c582aac8}: sun/util/logging/resources/spi/loggingProvider> (0x00000000c582aac8) 
thrown [s\src\hotspot\share\classfile\systemDictionary.cpp, line 315]
Event: 3063.602 Thread 0x000001a9fd5697d0 Exception <a 'java/net/ConnectException'{0x00000000c5857a50}: Connection refused: getsockopt> (0x00000000c5857a50) 
thrown [s\src\hotspot\share\prims\jni.cpp, line 539]
Event: 3067.195 Thread 0x000001a9fd5697d0 Exception <a 'java/net/ConnectException'{0x00000000c5858a38}: Connection refused: getsockopt> (0x00000000c5858a38) 
thrown [s\src\hotspot\share\prims\jni.cpp, line 539]
Event: 3067.219 Thread 0x000001a9fd5697d0 Exception <a 'java/net/ConnectException'{0x00000000c5859a00}: Connection refused: getsockopt> (0x00000000c5859a00) 
thrown [s\src\hotspot\share\prims\jni.cpp, line 539]

ZGC Phase Switch (0 events):
No events

VM Operations (20 events):
Event: 3065.734 Executing VM operation: RendezvousGCThreads
Event: 3065.734 Executing VM operation: RendezvousGCThreads done
Event: 3067.755 Executing VM operation: Cleanup
Event: 3067.755 Executing VM operation: Cleanup done
Event: 3068.756 Executing VM operation: Cleanup
Event: 3068.756 Executing VM operation: Cleanup done
Event: 3069.759 Executing VM operation: Cleanup
Event: 3069.759 Executing VM operation: Cleanup done
Event: 3081.879 Executing VM operation: Cleanup
Event: 3081.879 Executing VM operation: Cleanup done
Event: 3094.983 Executing VM operation: Cleanup
Event: 3094.983 Executing VM operation: Cleanup done
Event: 3095.996 Executing VM operation: Cleanup
Event: 3095.996 Executing VM operation: Cleanup done
Event: 3101.027 Executing VM operation: Cleanup
Event: 3101.027 Executing VM operation: Cleanup done
Event: 3102.036 Executing VM operation: Cleanup
Event: 3102.036 Executing VM operation: Cleanup done
Event: 3105.077 Executing VM operation: Cleanup
Event: 3105.077 Executing VM operation: Cleanup done

Events (20 events):
Event: 3063.590 Thread 0x000001a9fd56e690 Thread added: 0x000001a9fd56e690
Event: 3063.731 Thread 0x000001a9fd56fa40 Thread exited: 0x000001a9fd56fa40
Event: 3063.733 Thread 0x000001a9fd56ab80 Thread exited: 0x000001a9fd56ab80
Event: 3063.733 Thread 0x000001a9fd56bf30 Thread exited: 0x000001a9fd56bf30
Event: 3063.733 Thread 0x000001a9fd56e000 Thread exited: 0x000001a9fd56e000
Event: 3063.733 Thread 0x000001a9fc627670 Thread exited: 0x000001a9fc627670
Event: 3066.751 Thread 0x000001a9fd56fa40 Thread added: 0x000001a9fd56fa40
Event: 3067.187 Thread 0x000001a9fd56fa40 Thread exited: 0x000001a9fd56fa40
Event: 3067.191 Thread 0x000001a9fd56fa40 Thread added: 0x000001a9fd56fa40
Event: 3067.194 Thread 0x000001a9fd56d970 Thread added: 0x000001a9fd56d970
Event: 3067.194 Thread 0x000001a9fd56ab80 Thread added: 0x000001a9fd56ab80
Event: 3067.194 Thread 0x000001a9fd56b8a0 Thread added: 0x000001a9fd56b8a0
Event: 3067.253 Thread 0x000001a9fd56e000 Thread added: 0x000001a9fd56e000
Event: 3067.254 Thread 0x000001a9fd56b210 Thread added: 0x000001a9fd56b210
Event: 3068.791 Thread 0x000001a9fd570df0 Thread added: 0x000001a9fd570df0
Event: 3068.791 Thread 0x000001a9fd56bf30 Thread added: 0x000001a9fd56bf30
Event: 3068.793 Thread 0x000001a9fd569e60 Thread added: 0x000001a9fd569e60
Event: 3068.796 Thread 0x000001a9fd56c5c0 Thread added: 0x000001a9fd56c5c0
Event: 3068.803 Thread 0x000001a9fd56a4f0 Thread added: 0x000001a9fd56a4f0
Event: 3073.599 Thread 0x000001a9fd56e690 Thread exited: 0x000001a9fd56e690


Dynamic libraries:
0x00007ff7b9360000 - 0x00007ff7b936e000 	C:\Users\Mauricio\Documents\NetBeansJDKs\zulu21.32.17-ca-jdk21.0.2-win_x64\zulu21.32.17-ca-jdk21.0.2-win_x64\bin\java.exe
0x00007ffc0adf0000 - 0x00007ffc0afe8000 	C:\Windows\SYSTEM32\ntdll.dll
0x00007ffc09ad0000 - 0x00007ffc09b8f000 	C:\Windows\System32\KERNEL32.DLL
0x00007ffc08780000 - 0x00007ffc08a76000 	C:\Windows\System32\KERNELBASE.dll
0x00007ffc08500000 - 0x00007ffc08600000 	C:\Windows\System32\ucrtbase.dll
0x00007ffc056f0000 - 0x00007ffc05708000 	C:\Users\Mauricio\Documents\NetBeansJDKs\zulu21.32.17-ca-jdk21.0.2-win_x64\zulu21.32.17-ca-jdk21.0.2-win_x64\bin\jli.dll
0x00007ffc04fe0000 - 0x00007ffc04ffb000 	C:\Users\Mauricio\Documents\NetBeansJDKs\zulu21.32.17-ca-jdk21.0.2-win_x64\zulu21.32.17-ca-jdk21.0.2-win_x64\bin\VCRUNTIME140.dll
0x00007ffc0a070000 - 0x00007ffc0a20d000 	C:\Windows\System32\USER32.dll
0x00007ffbed100000 - 0x00007ffbed39a000 	C:\Windows\WinSxS\amd64_microsoft.windows.common-controls_6595b64144ccf1df_6.0.19041.1110_none_60b5254171f9507e\COMCTL32.dll
0x00007ffc084d0000 - 0x00007ffc084f2000 	C:\Windows\System32\win32u.dll
0x00007ffc09f20000 - 0x00007ffc09fbe000 	C:\Windows\System32\msvcrt.dll
0x00007ffc09b90000 - 0x00007ffc09bbc000 	C:\Windows\System32\GDI32.dll
0x00007ffc08d30000 - 0x00007ffc08e45000 	C:\Windows\System32\gdi32full.dll
0x00007ffc08600000 - 0x00007ffc0869d000 	C:\Windows\System32\msvcp_win.dll
0x00007ffc09aa0000 - 0x00007ffc09ad0000 	C:\Windows\System32\IMM32.DLL
0x00007ffc056e0000 - 0x00007ffc056ec000 	C:\Users\Mauricio\Documents\NetBeansJDKs\zulu21.32.17-ca-jdk21.0.2-win_x64\zulu21.32.17-ca-jdk21.0.2-win_x64\bin\vcruntime140_1.dll
0x00007ffbe99b0000 - 0x00007ffbe9a3e000 	C:\Users\Mauricio\Documents\NetBeansJDKs\zulu21.32.17-ca-jdk21.0.2-win_x64\zulu21.32.17-ca-jdk21.0.2-win_x64\bin\msvcp140.dll
0x00007ffbcc6b0000 - 0x00007ffbcd445000 	C:\Users\Mauricio\Documents\NetBeansJDKs\zulu21.32.17-ca-jdk21.0.2-win_x64\zulu21.32.17-ca-jdk21.0.2-win_x64\bin\server\jvm.dll
0x00007ffc099f0000 - 0x00007ffc09a9f000 	C:\Windows\System32\ADVAPI32.dll
0x00007ffc09fc0000 - 0x00007ffc0a05c000 	C:\Windows\System32\sechost.dll
0x00007ffc0a290000 - 0x00007ffc0a3b6000 	C:\Windows\System32\RPCRT4.dll
0x00007ffc09920000 - 0x00007ffc0998b000 	C:\Windows\System32\WS2_32.dll
0x00007ffc08340000 - 0x00007ffc0838b000 	C:\Windows\SYSTEM32\POWRPROF.dll
0x00007ffbf6360000 - 0x00007ffbf636a000 	C:\Windows\SYSTEM32\VERSION.dll
0x00007ffbec960000 - 0x00007ffbec987000 	C:\Windows\SYSTEM32\WINMM.dll
0x00007ffc08320000 - 0x00007ffc08332000 	C:\Windows\SYSTEM32\UMPDC.dll
0x00007ffc06380000 - 0x00007ffc06392000 	C:\Windows\SYSTEM32\kernel.appcore.dll
0x00007ffc051b0000 - 0x00007ffc051ba000 	C:\Users\Mauricio\Documents\NetBeansJDKs\zulu21.32.17-ca-jdk21.0.2-win_x64\zulu21.32.17-ca-jdk21.0.2-win_x64\bin\jimage.dll
0x00007ffbf3f00000 - 0x00007ffbf40e4000 	C:\Windows\SYSTEM32\DBGHELP.DLL
0x00007ffbf1960000 - 0x00007ffbf1994000 	C:\Windows\SYSTEM32\dbgcore.DLL
0x00007ffc08ca0000 - 0x00007ffc08d22000 	C:\Windows\System32\bcryptPrimitives.dll
0x00007ffc04fa0000 - 0x00007ffc04fbf000 	C:\Users\Mauricio\Documents\NetBeansJDKs\zulu21.32.17-ca-jdk21.0.2-win_x64\zulu21.32.17-ca-jdk21.0.2-win_x64\bin\java.dll
0x00007ffc08e50000 - 0x00007ffc09594000 	C:\Windows\System32\SHELL32.dll
0x00007ffc06580000 - 0x00007ffc06d13000 	C:\Windows\SYSTEM32\windows.storage.dll
0x00007ffc09bc0000 - 0x00007ffc09f14000 	C:\Windows\System32\combase.dll
0x00007ffc07e40000 - 0x00007ffc07e6e000 	C:\Windows\SYSTEM32\Wldp.dll
0x00007ffc0a620000 - 0x00007ffc0a6cd000 	C:\Windows\System32\SHCORE.dll
0x00007ffc0ad50000 - 0x00007ffc0ada5000 	C:\Windows\System32\shlwapi.dll
0x00007ffc08410000 - 0x00007ffc0842f000 	C:\Windows\SYSTEM32\profapi.dll
0x00007ffbe9a40000 - 0x00007ffbe9b17000 	C:\Users\Mauricio\Documents\NetBeansJDKs\zulu21.32.17-ca-jdk21.0.2-win_x64\zulu21.32.17-ca-jdk21.0.2-win_x64\bin\jsvml.dll
0x00007ffc03b10000 - 0x00007ffc03b28000 	C:\Users\Mauricio\Documents\NetBeansJDKs\zulu21.32.17-ca-jdk21.0.2-win_x64\zulu21.32.17-ca-jdk21.0.2-win_x64\bin\zip.dll
0x00007ffc04f50000 - 0x00007ffc04f60000 	C:\Users\Mauricio\Documents\NetBeansJDKs\zulu21.32.17-ca-jdk21.0.2-win_x64\zulu21.32.17-ca-jdk21.0.2-win_x64\bin\net.dll
0x00007ffbffee0000 - 0x00007ffbfffea000 	C:\Windows\SYSTEM32\WINHTTP.dll
0x00007ffc07ba0000 - 0x00007ffc07c0a000 	C:\Windows\system32\mswsock.dll
0x00007ffc048f0000 - 0x00007ffc04906000 	C:\Users\Mauricio\Documents\NetBeansJDKs\zulu21.32.17-ca-jdk21.0.2-win_x64\zulu21.32.17-ca-jdk21.0.2-win_x64\bin\nio.dll
0x00007ffc04f60000 - 0x00007ffc04f69000 	C:\Users\Mauricio\Documents\NetBeansJDKs\zulu21.32.17-ca-jdk21.0.2-win_x64\zulu21.32.17-ca-jdk21.0.2-win_x64\bin\extnet.dll
0x00007ffc078d0000 - 0x00007ffc0799a000 	C:\Windows\SYSTEM32\DNSAPI.dll
0x00007ffc07890000 - 0x00007ffc078cc000 	C:\Windows\SYSTEM32\IPHLPAPI.DLL
0x00007ffc0a060000 - 0x00007ffc0a068000 	C:\Windows\System32\NSI.dll
0x00007ffc00550000 - 0x00007ffc0055a000 	C:\Windows\System32\rasadhlp.dll
0x00007ffbffa60000 - 0x00007ffbffae2000 	C:\Windows\System32\fwpuclnt.dll
0x00007ffc08750000 - 0x00007ffc08777000 	C:\Windows\System32\bcrypt.dll
0x00007ffc03960000 - 0x00007ffc0396e000 	C:\Users\Mauricio\Documents\NetBeansJDKs\zulu21.32.17-ca-jdk21.0.2-win_x64\zulu21.32.17-ca-jdk21.0.2-win_x64\bin\sunmscapi.dll
0x00007ffc08a80000 - 0x00007ffc08bde000 	C:\Windows\System32\CRYPT32.dll
0x00007ffc07eb0000 - 0x00007ffc07ed8000 	C:\Windows\SYSTEM32\ncrypt.dll
0x00007ffc07e70000 - 0x00007ffc07eab000 	C:\Windows\SYSTEM32\NTASN1.dll
0x00007ffc07da0000 - 0x00007ffc07db8000 	C:\Windows\SYSTEM32\CRYPTSP.dll
0x00007ffc074c0000 - 0x00007ffc074f4000 	C:\Windows\system32\rsaenh.dll
0x00007ffc083d0000 - 0x00007ffc083fe000 	C:\Windows\SYSTEM32\USERENV.dll
0x00007ffc07d90000 - 0x00007ffc07d9c000 	C:\Windows\SYSTEM32\CRYPTBASE.dll
0x00007ffbf8110000 - 0x00007ffbf8117000 	C:\Windows\system32\wshunix.dll

dbghelp: loaded successfully - version: 4.0.5 - missing functions: none
symbol engine: initialized successfully - sym options: 0x614 - pdb path: .;C:\Users\Mauricio\Documents\NetBeansJDKs\zulu21.32.17-ca-jdk21.0.2-win_x64\zulu21.32.17-ca-jdk21.0.2-win_x64\bin;C:\Windows\SYSTEM32;C:\Windows\WinSxS\amd64_microsoft.windows.common-controls_6595b64144ccf1df_6.0.19041.1110_none_60b5254171f9507e;C:\Users\Mauricio\Documents\NetBeansJDKs\zulu21.32.17-ca-jdk21.0.2-win_x64\zulu21.32.17-ca-jdk21.0.2-win_x64\bin\server

VM Arguments:
java_command: principal.AgendadorDeTarefas
java_class_path (initial): C:\PROGRAMAS\AcoesFundos\target\classes;C:\Users\Mauricio\.m2\repository\org\seleniumhq\selenium\selenium-chrome-driver\4.22.0\selenium-chrome-driver-4.22.0.jar;C:\Users\Mauricio\.m2\repository\com\google\auto\service\auto-service-annotations\1.1.1\auto-service-annotations-1.1.1.jar;C:\Users\Mauricio\.m2\repository\org\seleniumhq\selenium\selenium-api\4.22.0\selenium-api-4.22.0.jar;C:\Users\Mauricio\.m2\repository\org\seleniumhq\selenium\selenium-chromium-driver\4.22.0\selenium-chromium-driver-4.22.0.jar;C:\Users\Mauricio\.m2\repository\org\seleniumhq\selenium\selenium-json\4.22.0\selenium-json-4.22.0.jar;C:\Users\Mauricio\.m2\repository\org\seleniumhq\selenium\selenium-manager\4.22.0\selenium-manager-4.22.0.jar;C:\Users\Mauricio\.m2\repository\org\seleniumhq\selenium\selenium-os\4.22.0\selenium-os-4.22.0.jar;C:\Users\Mauricio\.m2\repository\org\apache\commons\commons-exec\1.4.0\commons-exec-1.4.0.jar;C:\Users\Mauricio\.m2\repository\org\seleniumhq\selenium\selenium-remote-driver\4.22.0\selenium-remote-driver-4.22.0.jar;C:\Users\Mauricio\.m2\repository\com\google\guava\guava\33.2.1-jre\guava-33.2.1-jre.jar;C:\Users\Mauricio\.m2\repository\com\google\guava\failureaccess\1.0.2\failureaccess-1.0.2.jar;C:\Users\Mauricio\.m2\repository\com\google\guava\listenablefuture\9999.0-empty-to-avoid-conflict-with-guava\listenablefuture-9999.0-empty-to-avoid-conflict-with-guava.jar;C:\Users\Mauricio\.m2\repository\com\google\code\findbugs\jsr305\3.0.2\jsr305-3.0.2.jar;C:\Users\Mauricio\.m2\repository\org\checkerframework\checker-qual\3.42.0\checker-qual-3.42.0.jar;C:\Users\Mauricio\.m2\repository\com\google\errorprone\error_prone_annotations\2.26.1\error_prone_annotations-2.26.1.jar;C:\Users\Mauricio\.m2\repository\com\google\j2objc\j2objc-annotations\3.0.0\j2objc-annotations-3.0.0.jar;C:\Users\Mauricio\.m2\repository\io\opentelemetry\semconv\opentelemetry-semconv\1.25.0-alpha\opentelemetry-semconv-1.25.0-alpha.jar;C:\Users\Mauricio\.m2\repository\io\opentelemetry\opentelemetry-api\1.39.0\opentelemetry-api-1.39.0.jar;C:\Users\Mauricio\.m2\repository\io\opentelemetry\opentelemetry-context\1.39.0\opentelemetry-context-1.39.0.jar;C:\Users\Mauricio\.m2\repository\io\opentelemetry\opentelemetry-exporter-logging\1.39.0\opentelemetry-exporter-logging-1.39.0.jar;C:\Users\Mauricio\.m2\repository\io\opentelemetry\opentelemetry-sdk-common\1.39.0\opentelemetry-sdk-common-1.39.0.jar;C:\Users\Mauricio\.m2\repository\io\opentelemetry\opentelemetry-sdk-extension-autoconfigure-spi\1.39.0\opentelemetry-sdk-extension-autoconfigure-spi-1.39.0.jar;C:\Users\Mauricio\.m2\repository\io\opentelemetry\opentelemetry-sdk-extension-autoconfigure\1.39.0\opentelemetry-sdk-extension-autoconfigure-1.39.0.jar;C:\Users\Mauricio\.m2\repository\io\opentelemetry\opentelemetry-api-incubator\1.39.0-alpha\opentelemetry-api-incubator-1.39.0-alpha.jar;C:\Users\Mauricio\.m2\repository\io\opentelemetry\opentelemetry-sdk-trace\1.39.0\opentelemetry-sdk-trace-1.39.0.jar;C:\Users\Mauricio\.m2\repository\io\opentelemetry\opentelemetry-sdk\1.39.0\opentelemetry-sdk-1.39.0.jar;C:\Users\Mauricio\.m2\repository\io\opentelemetry\opentelemetry-sdk-metrics\1.39.0\opentelemetry-sdk-metrics-1.39.0.jar;C:\Users\Mauricio\.m2\repository\io\opentelemetry\opentelemetry-sdk-logs\1.39.0\opentelemetry-sdk-logs-1.39.0.jar;C:\Users\Mauricio\.m2\repository\net\bytebuddy\byte-buddy\1.14.17\byte-buddy-1.14.17.jar;C:\Users\Mauricio\.m2\repository\org\seleniumhq\selenium\selenium-http\4.22.0\selenium-http-4.22.0.jar;C:\Users\Mauricio\.m2\repository\dev\failsafe\failsafe\3.3.2\failsafe-3.3.2.jar;C:\Users\Mauricio\.m2\repository\org\seleniumhq\selenium\selenium-java\4.22.0\selenium-java-4.22.0.jar;C:\Users\Mauricio\.m2\repository\org\seleniumhq\selenium\selenium-devtools-v124\4.22.0\selenium-devtools-v124-4.22.0.jar;C:\Users\Mauricio\.m2\repository\org\seleniumhq\selenium\selenium-devtools-v125\4.22.0\selenium-devtools-v125-4.22.0.jar;C:\Users\Mauricio\.m2\repository\org\seleniumhq\selenium\selenium-devtools-v126\4.22.0\selenium-devtools-v126-4.22.0.jar;C:\Users\Mauricio\.m2\repository\org\seleniumhq\selenium\selenium-devtools-v85\4.22.0\selenium-devtools-v85-4.22.0.jar;C:\Users\Mauricio\.m2\repository\org\seleniumhq\selenium\selenium-edge-driver\4.22.0\selenium-edge-driver-4.22.0.jar;C:\Users\Mauricio\.m2\repository\org\seleniumhq\selenium\selenium-firefox-driver\4.22.0\selenium-firefox-driver-4.22.0.jar;C:\Users\Mauricio\.m2\repository\org\seleniumhq\selenium\selenium-ie-driver\4.22.0\selenium-ie-driver-4.22.0.jar;C:\Users\Mauricio\.m2\repository\org\seleniumhq\selenium\selenium-safari-driver\4.22.0\selenium-safari-driver-4.22.0.jar;C:\Users\Mauricio\.m2\repository\org\seleniumhq\selenium\selenium-support\4.22.0\selenium-support-4.22.0.jar;C:\Users\Mauricio\.m2\repository\com\mysql\mysql-connector-j\8.0.33\mysql-connector-j-8.0.33.jar;C:\Users\Mauricio\.m2\repository\com\google\protobuf\protobuf-java\3.21.9\protobuf-java-3.21.9.jar
Launcher Type: SUN_STANDARD

[Global flags]
     intx CICompilerCount                          = 3                                         {product} {ergonomic}
     uint ConcGCThreads                            = 1                                         {product} {ergonomic}
     uint G1ConcRefinementThreads                  = 4                                         {product} {ergonomic}
   size_t G1HeapRegionSize                         = 1048576                                   {product} {ergonomic}
    uintx GCDrainStackTargetSize                   = 64                                        {product} {ergonomic}
   size_t InitialHeapSize                          = 67108864                                  {product} {ergonomic}
   size_t MarkStackSize                            = 4194304                                   {product} {ergonomic}
   size_t MaxHeapSize                              = 1044381696                                {product} {ergonomic}
   size_t MaxNewSize                               = 625999872                                 {product} {ergonomic}
   size_t MinHeapDeltaBytes                        = 1048576                                   {product} {ergonomic}
   size_t MinHeapSize                              = 8388608                                   {product} {ergonomic}
    uintx NonNMethodCodeHeapSize                   = 5832780                                {pd product} {ergonomic}
    uintx NonProfiledCodeHeapSize                  = 122912730                              {pd product} {ergonomic}
    uintx ProfiledCodeHeapSize                     = 122912730                              {pd product} {ergonomic}
    uintx ReservedCodeCacheSize                    = 251658240                              {pd product} {ergonomic}
     bool SegmentedCodeCache                       = true                                      {product} {ergonomic}
   size_t SoftMaxHeapSize                          = 1044381696                             {manageable} {ergonomic}
     bool UseCompressedOops                        = true                           {product lp64_product} {ergonomic}
     bool UseG1GC                                  = true                                      {product} {ergonomic}
     bool UseLargePagesIndividualAllocation        = false                                  {pd product} {ergonomic}

Logging:
Log output configuration:
 #0: stdout all=warning uptime,level,tags foldmultilines=false
 #1: stderr all=off uptime,level,tags foldmultilines=false

Environment Variables:
JAVA_HOME=C:\Users\Mauricio\Documents\NetBeansJDKs\zulu21.32.17-ca-jdk21.0.2-win_x64\zulu21.32.17-ca-jdk21.0.2-win_x64
PATH=C:\Program Files (x86)\Common Files\Oracle\Java\javapath;C:\Program Files\Common Files\Oracle\Java\javapath;C:\Program Files\Java\jre1.8.0_202\bin;C:\Windows\system32;C:\Windows;C:\Windows\System32\Wbem;C:\Windows\System32\WindowsPowerShell\v1.0\;C:\Windows\System32\OpenSSH\;C:\Program Files\Microsoft SQL Server\Client SDK\ODBC\170\Tools\Binn\;C:\Program Files\Azure Data Studio\bin;C:\Program Files\Git\cmd;C:\Program Files (x86)\Microsoft SQL Server\160\Tools\Binn\;C:\Program Files\Microsoft SQL Server\160\Tools\Binn\;C:\Program Files\Microsoft SQL Server\160\DTS\Binn\;C:\Program Files\MySQL\MySQL Shell 8.0\bin\;C:\Users\Mauricio\AppData\Local\Microsoft\WindowsApps;;C:\Program Files\Azure Data Studio\bin;C:\Users\Mauricio\AppData\Local\Programs\Microsoft VS Code\bin
USERNAME=Mauricio
OS=Windows_NT
PROCESSOR_IDENTIFIER=Intel64 Family 6 Model 78 Stepping 3, GenuineIntel
TMP=C:\Users\Mauricio\AppData\Local\Temp
TEMP=C:\Users\Mauricio\AppData\Local\Temp




Periodic native trim disabled

---------------  S Y S T E M  ---------------

OS:
 Windows 10 , 64 bit Build 19041 (10.0.19041.3031)
OS uptime: 2 days 14:42 hours

CPU: total 4 (initial active 4) (2 cores per cpu, 2 threads per core) family 6 model 78 stepping 3 microcode 0xcc, cx8, cmov, fxsr, ht, mmx, 3dnowpref, sse, sse2, sse3, ssse3, sse4.1, sse4.2, popcnt, lzcnt, tsc, tscinvbit, avx, avx2, aes, erms, clmul, bmi1, bmi2, rtm, adx, fma, vzeroupper, clflush, clflushopt, rdtscp, f16c
Processor Information for all 4 processors :
  Max Mhz: 2301, Current Mhz: 2300, Mhz Limit: 2277

Memory: 4k page, system-wide physical 3977M (778M free)
TotalPageFile size 6025M (AvailPageFile size 3M)
current process WorkingSet (physical memory assigned to process): 122M, peak: 154M
current process commit charge ("private bytes"): 183M, peak: 202M

vm_info: OpenJDK 64-Bit Server VM (21.0.2+13-LTS) for windows-amd64 JRE (21.0.2+13-LTS) (Zulu21.32+17-CA), built on 2024-01-09T19:19:09Z by "zulu_re" with MS VC++ 17.1 (VS2022)

END.
