#
# There is insufficient memory for the Java Runtime Environment to continue.
# Native memory allocation (malloc) failed to allocate 32744 bytes for ChunkPool::allocate
# Possible reasons:
#   The system is out of physical RAM or swap space
#   The process is running with CompressedOops enabled, and the Java Heap may be blocking the growth of the native heap
# Possible solutions:
#   Reduce memory load on the system
#   Increase physical memory or swap space
#   Check if swap backing store is full
#   Decrease Java heap size (-Xmx/-Xms)
#   Decrease number of Java threads
#   Decrease Java thread stack sizes (-Xss)
#   Set larger code cache with -XX:ReservedCodeCacheSize=
#   JVM is running with Unscaled Compressed Oops mode in which the Java heap is
#     placed in the first 4GB address space. The Java Heap base address is the
#     maximum limit for the native heap growth. Please use -XX:HeapBaseMinAddress
#     to set the Java Heap base and to place the Java Heap above 4GB virtual address.
# This output file may be truncated or incomplete.
#
#  Out of Memory Error (arena.cpp:78), pid=7324, tid=8880
#
# JRE version: OpenJDK Runtime Environment Temurin-17.0.5+8 (17.0.5+8) (build 17.0.5+8)
# Java VM: OpenJDK 64-Bit Server VM Temurin-17.0.5+8 (17.0.5+8, mixed mode, tiered, compressed oops, compressed class ptrs, g1 gc, windows-amd64)
# No core dump will be written. Minidumps are not enabled by default on client versions of Windows
#

---------------  S U M M A R Y ------------

Command Line: -Dfile.encoding=UTF-8 -XX:+ShowCodeDetailsInExceptionMessages FundosAcoes.FundosAcoesTest.App

Host: Intel(R) Core(TM) i3-6100U CPU @ 2.30GHz, 4 cores, 3G,  Windows 10 , 64 bit Build 19041 (10.0.19041.3031)
Time: Tue Jan 30 14:46:10 2024 Hora oficial do Brasil elapsed time: 11.706792 seconds (0d 0h 0m 11s)

---------------  T H R E A D  ---------------

Current thread (0x000001c747407bf0):  JavaThread "C2 CompilerThread0" daemon [_thread_in_native, id=8880, stack(0x0000003949400000,0x0000003949500000)]


Current CompileTask:
C2:  11706 1869       4       org.openqa.selenium.json.Input::read (29 bytes)

Stack: [0x0000003949400000,0x0000003949500000]
Native frames: (J=compiled Java code, j=interpreted, Vv=VM code, C=native code)
V  [jvm.dll+0x676b3a]
V  [jvm.dll+0x831444]
V  [jvm.dll+0x832bee]
V  [jvm.dll+0x833253]
V  [jvm.dll+0x244ce5]
V  [jvm.dll+0xabdcc]
V  [jvm.dll+0xac17c]
V  [jvm.dll+0x602350]
V  [jvm.dll+0x6024e6]
V  [jvm.dll+0x6024e6]
V  [jvm.dll+0x6081c7]
V  [jvm.dll+0x609042]
V  [jvm.dll+0x6075a4]
V  [jvm.dll+0x2179c8]
V  [jvm.dll+0x216f71]
V  [jvm.dll+0x1a343d]
V  [jvm.dll+0x22698a]
V  [jvm.dll+0x224ac5]
V  [jvm.dll+0x7e727b]
V  [jvm.dll+0x7e17ea]
V  [jvm.dll+0x6759e5]
C  [ucrtbase.dll+0x21bb2]
C  [KERNEL32.DLL+0x17614]
C  [ntdll.dll+0x526f1]


---------------  P R O C E S S  ---------------

Threads class SMR info:
_java_thread_list=0x000001c749a067a0, length=25, elements={
0x000001c73033f2d0, 0x000001c7473d9620, 0x000001c7473dc7a0, 0x000001c7473c4ee0,
0x000001c7473c5890, 0x000001c7473c6240, 0x000001c747402350, 0x000001c747407bf0,
0x000001c74740f8f0, 0x000001c747422590, 0x000001c748135190, 0x000001c74814fb70,
0x000001c748592080, 0x000001c749833040, 0x000001c748ad3eb0, 0x000001c748ad4380,
0x000001c748ad4850, 0x000001c748ae4130, 0x000001c748a75390, 0x000001c748a76ba0,
0x000001c748a74520, 0x000001c748a77070, 0x000001c748a75860, 0x000001c748a749f0,
0x000001c748a766d0
}

Java Threads: ( => current thread )
  0x000001c73033f2d0 JavaThread "Forwarding findElement on session e27889ec521274fcdcdd28c32f815b80 to remote" [_thread_blocked, id=3284, stack(0x0000003948700000,0x0000003948800000)]
  0x000001c7473d9620 JavaThread "Reference Handler" daemon [_thread_blocked, id=4044, stack(0x0000003948e00000,0x0000003948f00000)]
  0x000001c7473dc7a0 JavaThread "Finalizer" daemon [_thread_blocked, id=9580, stack(0x0000003948f00000,0x0000003949000000)]
  0x000001c7473c4ee0 JavaThread "Signal Dispatcher" daemon [_thread_blocked, id=10312, stack(0x0000003949000000,0x0000003949100000)]
  0x000001c7473c5890 JavaThread "Attach Listener" daemon [_thread_blocked, id=7940, stack(0x0000003949100000,0x0000003949200000)]
  0x000001c7473c6240 JavaThread "Service Thread" daemon [_thread_blocked, id=8692, stack(0x0000003949200000,0x0000003949300000)]
  0x000001c747402350 JavaThread "Monitor Deflation Thread" daemon [_thread_blocked, id=4532, stack(0x0000003949300000,0x0000003949400000)]
=>0x000001c747407bf0 JavaThread "C2 CompilerThread0" daemon [_thread_in_native, id=8880, stack(0x0000003949400000,0x0000003949500000)]
  0x000001c74740f8f0 JavaThread "C1 CompilerThread0" daemon [_thread_blocked, id=10696, stack(0x0000003949500000,0x0000003949600000)]
  0x000001c747422590 JavaThread "Sweeper thread" daemon [_thread_blocked, id=8512, stack(0x0000003949600000,0x0000003949700000)]
  0x000001c748135190 JavaThread "Notification Thread" daemon [_thread_blocked, id=9888, stack(0x0000003949700000,0x0000003949800000)]
  0x000001c74814fb70 JavaThread "Common-Cleaner" daemon [_thread_blocked, id=11524, stack(0x0000003949900000,0x0000003949a00000)]
  0x000001c748592080 JavaThread "ForkJoinPool.commonPool-worker-1" daemon [_thread_blocked, id=5600, stack(0x0000003949a00000,0x0000003949b00000)]
  0x000001c749833040 JavaThread "HttpClient-1-SelectorManager" daemon [_thread_in_native, id=2088, stack(0x000000394a100000,0x000000394a200000)]
  0x000001c748ad3eb0 JavaThread "Thread-2" [_thread_in_native, id=10188, stack(0x000000394a200000,0x000000394a300000)]
  0x000001c748ad4380 JavaThread "Driver Service Executor" daemon [_thread_blocked, id=5508, stack(0x000000394a300000,0x000000394a400000)]
  0x000001c748ad4850 JavaThread "Driver Service Executor" daemon [_thread_in_native, id=4512, stack(0x000000394a400000,0x000000394a500000)]
  0x000001c748ae4130 JavaThread "UrlChecker-2" daemon [_thread_blocked, id=2888, stack(0x000000394a500000,0x000000394a600000)]
  0x000001c748a75390 JavaThread "pool-1-thread-1" [_thread_blocked, id=12252, stack(0x000000394a800000,0x000000394a900000)]
  0x000001c748a76ba0 JavaThread "pool-1-thread-2" [_thread_blocked, id=9544, stack(0x000000394a900000,0x000000394aa00000)]
  0x000001c748a74520 JavaThread "pool-1-thread-3" [_thread_in_vm, id=9272, stack(0x000000394aa00000,0x000000394ab00000)]
  0x000001c748a77070 JavaThread "HttpClient-2-SelectorManager" daemon [_thread_in_native, id=9080, stack(0x000000394a000000,0x000000394a100000)]
  0x000001c748a75860 JavaThread "pool-2-thread-1" [_thread_blocked, id=11720, stack(0x000000394ab00000,0x000000394ac00000)]
  0x000001c748a749f0 JavaThread "pool-2-thread-2" [_thread_blocked, id=10452, stack(0x000000394ac00000,0x000000394ad00000)]
  0x000001c748a766d0 JavaThread "pool-2-thread-3" [_thread_blocked, id=10680, stack(0x000000394ad00000,0x000000394ae00000)]

Other Threads:
  0x000001c7473b7640 VMThread "VM Thread" [stack: 0x0000003948d00000,0x0000003948e00000] [id=6276]
  0x000001c74736cd90 WatcherThread [stack: 0x0000003949800000,0x0000003949900000] [id=4572]
  0x000001c73037d7d0 GCTaskThread "GC Thread#0" [stack: 0x0000003948800000,0x0000003948900000] [id=8448]
  0x000001c748ab6360 GCTaskThread "GC Thread#1" [stack: 0x0000003949b00000,0x0000003949c00000] [id=11300]
  0x000001c748ab6790 GCTaskThread "GC Thread#2" [stack: 0x0000003949c00000,0x0000003949d00000] [id=3604]
  0x000001c748a32850 GCTaskThread "GC Thread#3" [stack: 0x0000003949d00000,0x0000003949e00000] [id=1280]
  0x000001c730386a30 ConcurrentGCThread "G1 Main Marker" [stack: 0x0000003948900000,0x0000003948a00000] [id=5412]
  0x000001c730387340 ConcurrentGCThread "G1 Conc#0" [stack: 0x0000003948a00000,0x0000003948b00000] [id=10252]
  0x000001c7303d5520 ConcurrentGCThread "G1 Refine#0" [stack: 0x0000003948b00000,0x0000003948c00000] [id=2184]
  0x000001c748a7cc00 ConcurrentGCThread "G1 Refine#1" [stack: 0x0000003949e00000,0x0000003949f00000] [id=4552]
  0x000001c748a7cee0 ConcurrentGCThread "G1 Refine#2" [stack: 0x0000003949f00000,0x000000394a000000] [id=820]
  0x000001c7303d5e40 ConcurrentGCThread "G1 Service" [stack: 0x0000003948c00000,0x0000003948d00000] [id=11000]

Threads with active compile tasks:
C2 CompilerThread0    11831 1869       4       org.openqa.selenium.json.Input::read (29 bytes)

VM state: not at safepoint (normal execution)

VM Mutex/Monitor currently owned by a thread: None

Heap address: 0x00000000c1c00000, size: 996 MB, Compressed Oops mode: 32-bit

CDS archive(s) not mapped
Compressed class space mapped at: 0x0000000100000000-0x0000000140000000, reserved size: 1073741824
Narrow klass base: 0x0000000000000000, Narrow klass shift: 3, Narrow klass range: 0x140000000

GC Precious Log:
 CPUs: 4 total, 4 available
 Memory: 3977M
 Large Page Support: Disabled
 NUMA Support: Disabled
 Compressed Oops: Enabled (32-bit)
 Heap Region Size: 1M
 Heap Min Capacity: 8M
 Heap Initial Capacity: 64M
 Heap Max Capacity: 996M
 Pre-touch: Disabled
 Parallel Workers: 4
 Concurrent Workers: 1
 Concurrent Refinement Workers: 4
 Periodic GC: Disabled

Heap:
 garbage-first heap   total 27648K, used 9889K [0x00000000c1c00000, 0x0000000100000000)
  region size 1024K, 7 young (7168K), 3 survivors (3072K)
 Metaspace       used 21927K, committed 22272K, reserved 1073152K
  class space    used 2378K, committed 2560K, reserved 1048576K

Heap Regions: E=young(eden), S=young(survivor), O=old, HS=humongous(starts), HC=humongous(continues), CS=collection set, F=free, OA=open archive, CA=closed archive, TAMS=top-at-mark-start (previous, next)
|   0|0x00000000c1c00000, 0x00000000c1d00000, 0x00000000c1d00000|100%| O|  |TAMS 0x00000000c1d00000, 0x00000000c1c00000| Untracked 
|   1|0x00000000c1d00000, 0x00000000c1e00000, 0x00000000c1e00000|100%| O|  |TAMS 0x00000000c1e00000, 0x00000000c1d00000| Untracked 
|   2|0x00000000c1e00000, 0x00000000c1f00000, 0x00000000c1f00000|100%| O|  |TAMS 0x00000000c1f00000, 0x00000000c1e00000| Untracked 
|   3|0x00000000c1f00000, 0x00000000c1ffb400, 0x00000000c2000000| 98%| O|  |TAMS 0x00000000c1ffb400, 0x00000000c1f00000| Complete 
|   4|0x00000000c2000000, 0x00000000c2000000, 0x00000000c2100000|  0%| F|  |TAMS 0x00000000c2000000, 0x00000000c2000000| Untracked 
|   5|0x00000000c2100000, 0x00000000c2100000, 0x00000000c2200000|  0%| F|  |TAMS 0x00000000c2100000, 0x00000000c2100000| Untracked 
|   6|0x00000000c2200000, 0x00000000c2200000, 0x00000000c2300000|  0%| F|  |TAMS 0x00000000c2200000, 0x00000000c2200000| Untracked 
|   7|0x00000000c2300000, 0x00000000c2300000, 0x00000000c2400000|  0%| F|  |TAMS 0x00000000c2300000, 0x00000000c2300000| Untracked 
|   8|0x00000000c2400000, 0x00000000c2400000, 0x00000000c2500000|  0%| F|  |TAMS 0x00000000c2400000, 0x00000000c2400000| Untracked 
|   9|0x00000000c2500000, 0x00000000c2500000, 0x00000000c2600000|  0%| F|  |TAMS 0x00000000c2500000, 0x00000000c2500000| Untracked 
|  10|0x00000000c2600000, 0x00000000c2600000, 0x00000000c2700000|  0%| F|  |TAMS 0x00000000c2600000, 0x00000000c2600000| Untracked 
|  11|0x00000000c2700000, 0x00000000c2700000, 0x00000000c2800000|  0%| F|  |TAMS 0x00000000c2700000, 0x00000000c2700000| Untracked 
|  12|0x00000000c2800000, 0x00000000c2800000, 0x00000000c2900000|  0%| F|  |TAMS 0x00000000c2800000, 0x00000000c2800000| Untracked 
|  13|0x00000000c2900000, 0x00000000c2900000, 0x00000000c2a00000|  0%| F|  |TAMS 0x00000000c2900000, 0x00000000c2900000| Untracked 
|  14|0x00000000c2a00000, 0x00000000c2a00000, 0x00000000c2b00000|  0%| F|  |TAMS 0x00000000c2a00000, 0x00000000c2a00000| Untracked 
|  15|0x00000000c2b00000, 0x00000000c2b00000, 0x00000000c2c00000|  0%| F|  |TAMS 0x00000000c2b00000, 0x00000000c2b00000| Untracked 
|  16|0x00000000c2c00000, 0x00000000c2c00000, 0x00000000c2d00000|  0%| F|  |TAMS 0x00000000c2c00000, 0x00000000c2c00000| Untracked 
|  17|0x00000000c2d00000, 0x00000000c2d00000, 0x00000000c2e00000|  0%| F|  |TAMS 0x00000000c2d00000, 0x00000000c2d00000| Untracked 
|  18|0x00000000c2e00000, 0x00000000c2e00000, 0x00000000c2f00000|  0%| F|  |TAMS 0x00000000c2e00000, 0x00000000c2e00000| Untracked 
|  19|0x00000000c2f00000, 0x00000000c2f00000, 0x00000000c3000000|  0%| F|  |TAMS 0x00000000c2f00000, 0x00000000c2f00000| Untracked 
|  20|0x00000000c3000000, 0x00000000c30bff80, 0x00000000c3100000| 74%| E|  |TAMS 0x00000000c3000000, 0x00000000c3000000| Complete 
|  21|0x00000000c3100000, 0x00000000c3200000, 0x00000000c3200000|100%| E|CS|TAMS 0x00000000c3100000, 0x00000000c3100000| Complete 
|  22|0x00000000c3200000, 0x00000000c3300000, 0x00000000c3300000|100%| E|CS|TAMS 0x00000000c3200000, 0x00000000c3200000| Complete 
|  44|0x00000000c4800000, 0x00000000c48ad190, 0x00000000c4900000| 67%| S|CS|TAMS 0x00000000c4800000, 0x00000000c4800000| Complete 
|  45|0x00000000c4900000, 0x00000000c4a00000, 0x00000000c4a00000|100%| S|CS|TAMS 0x00000000c4900000, 0x00000000c4900000| Complete 
|  46|0x00000000c4a00000, 0x00000000c4b00000, 0x00000000c4b00000|100%| S|CS|TAMS 0x00000000c4a00000, 0x00000000c4a00000| Complete 
|  63|0x00000000c5b00000, 0x00000000c5c00000, 0x00000000c5c00000|100%| E|CS|TAMS 0x00000000c5b00000, 0x00000000c5b00000| Complete 

Card table byte_map: [0x000001c742c00000,0x000001c742e00000] _byte_map_base: 0x000001c7425f2000

Marking Bits (Prev, Next): (CMBitMap*) 0x000001c73037dd20, (CMBitMap*) 0x000001c73037dce0
 Prev Bits: [0x000001c743f90000, 0x000001c744f20000)
 Next Bits: [0x000001c743000000, 0x000001c743f90000)

Polling page: 0x000001c72e2c0000

Metaspace:

Usage:
  Non-class:     19.09 MB used.
      Class:      2.32 MB used.
       Both:     21.41 MB used.

Virtual space:
  Non-class space:       24.00 MB reserved,      19.25 MB ( 80%) committed,  3 nodes.
      Class space:        1.00 GB reserved,       2.50 MB ( <1%) committed,  1 nodes.
             Both:        1.02 GB reserved,      21.75 MB (  2%) committed. 

Chunk freelists:
   Non-Class:  410.00 KB
       Class:  1.50 MB
        Both:  1.90 MB

MaxMetaspaceSize: unlimited
CompressedClassSpaceSize: 1.00 GB
Initial GC threshold: 21.00 MB
Current GC threshold: 35.44 MB
CDS: off
MetaspaceReclaimPolicy: balanced
 - commit_granule_bytes: 65536.
 - commit_granule_words: 8192.
 - virtual_space_node_default_size: 1048576.
 - enlarge_chunks_in_place: 1.
 - new_chunks_are_fully_committed: 0.
 - uncommit_free_chunks: 1.
 - use_allocation_guard: 0.
 - handle_deallocations: 1.


Internal statistics:

num_allocs_failed_limit: 3.
num_arena_births: 216.
num_arena_deaths: 0.
num_vsnodes_births: 4.
num_vsnodes_deaths: 0.
num_space_committed: 348.
num_space_uncommitted: 0.
num_chunks_returned_to_freelist: 3.
num_chunks_taken_from_freelist: 546.
num_chunk_merges: 0.
num_chunk_splits: 322.
num_chunks_enlarged: 212.
num_purges: 0.
num_inconsistent_stats: 0.

CodeHeap 'non-profiled nmethods': size=120000Kb used=598Kb max_used=598Kb free=119401Kb
 bounds [0x000001c73b4d0000, 0x000001c73b740000, 0x000001c742a00000]
CodeHeap 'profiled nmethods': size=120000Kb used=3704Kb max_used=3704Kb free=116295Kb
 bounds [0x000001c733fa0000, 0x000001c734340000, 0x000001c73b4d0000]
CodeHeap 'non-nmethods': size=5760Kb used=1227Kb max_used=1249Kb free=4532Kb
 bounds [0x000001c733a00000, 0x000001c733c70000, 0x000001c733fa0000]
 total_blobs=2522 nmethods=1990 adapters=444
 compilation: enabled
              stopped_count=0, restarted_count=0
 full_count=0

Compilation events (20 events):
Event: 11.677 Thread 0x000001c74740f8f0 1894       3       java.util.Formatter$FixedString::print (26 bytes)
Event: 11.677 Thread 0x000001c74740f8f0 nmethod 1894 0x000001c73430d990 code [0x000001c73430db40, 0x000001c73430dd28]
Event: 11.677 Thread 0x000001c74740f8f0 1895       3       java.lang.StringBuilder::append (8 bytes)
Event: 11.677 Thread 0x000001c74740f8f0 nmethod 1895 0x000001c73430de10 code [0x000001c73430dfc0, 0x000001c73430e168]
Event: 11.677 Thread 0x000001c74740f8f0 1892       3       java.util.Formatter$FormatSpecifier::printString (107 bytes)
Event: 11.679 Thread 0x000001c74740f8f0 nmethod 1892 0x000001c73430e290 code [0x000001c73430e560, 0x000001c73430f498]
Event: 11.679 Thread 0x000001c74740f8f0 1896       3       java.util.Formatter$Conversion::isValid (358 bytes)
Event: 11.679 Thread 0x000001c74740f8f0 nmethod 1896 0x000001c73430fa10 code [0x000001c73430fba0, 0x000001c7343103d8]
Event: 11.679 Thread 0x000001c74740f8f0 1897       3       java.util.Formatter$FormatSpecifier::print (62 bytes)
Event: 11.680 Thread 0x000001c74740f8f0 nmethod 1897 0x000001c734310490 code [0x000001c734310700, 0x000001c734311118]
Event: 11.680 Thread 0x000001c74740f8f0 1898       3       java.lang.StringBuilder::append (6 bytes)
Event: 11.680 Thread 0x000001c74740f8f0 nmethod 1898 0x000001c734311510 code [0x000001c7343116c0, 0x000001c734311868]
Event: 11.680 Thread 0x000001c74740f8f0 1899       3       java.lang.StringBuilder::append (8 bytes)
Event: 11.681 Thread 0x000001c74740f8f0 nmethod 1899 0x000001c734311910 code [0x000001c734311aa0, 0x000001c734311be8]
Event: 11.681 Thread 0x000001c74740f8f0 1900       3       java.lang.AbstractStringBuilder::append (54 bytes)
Event: 11.681 Thread 0x000001c74740f8f0 nmethod 1900 0x000001c734311c90 code [0x000001c734311ec0, 0x000001c7343127c8]
Event: 11.682 Thread 0x000001c74740f8f0 1901       3       java.lang.StringBuilder::append (6 bytes)
Event: 11.682 Thread 0x000001c74740f8f0 nmethod 1901 0x000001c734312910 code [0x000001c734312ac0, 0x000001c734312c68]
Event: 11.682 Thread 0x000001c74740f8f0 1902       3       java.util.Formatter$FormatSpecifier::print (230 bytes)
Event: 11.683 Thread 0x000001c74740f8f0 nmethod 1902 0x000001c734312d10 code [0x000001c734312fc0, 0x000001c7343139e8]

GC Heap History (6 events):
Event: 1.127 GC heap before
{Heap before GC invocations=0 (full 0):
 garbage-first heap   total 65536K, used 13312K [0x00000000c1c00000, 0x0000000100000000)
  region size 1024K, 13 young (13312K), 0 survivors (0K)
 Metaspace       used 13316K, committed 13504K, reserved 1064960K
  class space    used 1349K, committed 1472K, reserved 1048576K
}
Event: 1.134 GC heap after
{Heap after GC invocations=1 (full 0):
 garbage-first heap   total 65536K, used 3828K [0x00000000c1c00000, 0x0000000100000000)
  region size 1024K, 2 young (2048K), 2 survivors (2048K)
 Metaspace       used 13316K, committed 13504K, reserved 1064960K
  class space    used 1349K, committed 1472K, reserved 1048576K
}
Event: 1.499 GC heap before
{Heap before GC invocations=1 (full 0):
 garbage-first heap   total 65536K, used 15092K [0x00000000c1c00000, 0x0000000100000000)
  region size 1024K, 13 young (13312K), 2 survivors (2048K)
 Metaspace       used 17356K, committed 17600K, reserved 1064960K
  class space    used 1791K, committed 1920K, reserved 1048576K
}
Event: 1.504 GC heap after
{Heap after GC invocations=2 (full 0):
 garbage-first heap   total 65536K, used 5882K [0x00000000c1c00000, 0x0000000100000000)
  region size 1024K, 2 young (2048K), 2 survivors (2048K)
 Metaspace       used 17356K, committed 17600K, reserved 1064960K
  class space    used 1791K, committed 1920K, reserved 1048576K
}
Event: 2.753 GC heap before
{Heap before GC invocations=2 (full 0):
 garbage-first heap   total 65536K, used 20218K [0x00000000c1c00000, 0x0000000100000000)
  region size 1024K, 17 young (17408K), 2 survivors (2048K)
 Metaspace       used 21260K, committed 21504K, reserved 1073152K
  class space    used 2315K, committed 2432K, reserved 1048576K
}
Event: 2.757 GC heap after
{Heap after GC invocations=3 (full 0):
 garbage-first heap   total 65536K, used 6817K [0x00000000c1c00000, 0x0000000100000000)
  region size 1024K, 3 young (3072K), 3 survivors (3072K)
 Metaspace       used 21260K, committed 21504K, reserved 1073152K
  class space    used 2315K, committed 2432K, reserved 1048576K
}

Dll operation events (6 events):
Event: 0.005 Loaded shared library C:\eclipse\plugins\org.eclipse.justj.openjdk.hotspot.jre.full.win32.x86_64_17.0.5.v20221102-0933\jre\bin\java.dll
Event: 0.207 Loaded shared library C:\eclipse\plugins\org.eclipse.justj.openjdk.hotspot.jre.full.win32.x86_64_17.0.5.v20221102-0933\jre\bin\net.dll
Event: 0.208 Loaded shared library C:\eclipse\plugins\org.eclipse.justj.openjdk.hotspot.jre.full.win32.x86_64_17.0.5.v20221102-0933\jre\bin\nio.dll
Event: 0.220 Loaded shared library C:\eclipse\plugins\org.eclipse.justj.openjdk.hotspot.jre.full.win32.x86_64_17.0.5.v20221102-0933\jre\bin\zip.dll
Event: 0.366 Loaded shared library C:\eclipse\plugins\org.eclipse.justj.openjdk.hotspot.jre.full.win32.x86_64_17.0.5.v20221102-0933\jre\bin\jimage.dll
Event: 1.010 Loaded shared library C:\eclipse\plugins\org.eclipse.justj.openjdk.hotspot.jre.full.win32.x86_64_17.0.5.v20221102-0933\jre\bin\sunmscapi.dll

Deoptimization events (20 events):
Event: 1.643 Thread 0x000001c73033f2d0 Uncommon trap: trap_request=0xffffffde fr.pc=0x000001c73b547cc4 relative=0x0000000000000124
Event: 1.643 Thread 0x000001c73033f2d0 Uncommon trap: reason=class_check action=maybe_recompile pc=0x000001c73b547cc4 method=jdk.internal.misc.Unsafe.allocateUninitializedArray(Ljava/lang/Class;I)Ljava/lang/Object; @ 51 c2
Event: 1.643 Thread 0x000001c73033f2d0 DEOPT PACKING pc=0x000001c73b547cc4 sp=0x00000039487fd050
Event: 1.643 Thread 0x000001c73033f2d0 DEOPT UNPACKING pc=0x000001c733a523a3 sp=0x00000039487fcfd8 mode 2
Event: 1.643 Thread 0x000001c73033f2d0 Uncommon trap: trap_request=0xffffffde fr.pc=0x000001c73b547cc4 relative=0x0000000000000124
Event: 1.643 Thread 0x000001c73033f2d0 Uncommon trap: reason=class_check action=maybe_recompile pc=0x000001c73b547cc4 method=jdk.internal.misc.Unsafe.allocateUninitializedArray(Ljava/lang/Class;I)Ljava/lang/Object; @ 51 c2
Event: 1.643 Thread 0x000001c73033f2d0 DEOPT PACKING pc=0x000001c73b547cc4 sp=0x00000039487fd010
Event: 1.643 Thread 0x000001c73033f2d0 DEOPT UNPACKING pc=0x000001c733a523a3 sp=0x00000039487fcf98 mode 2
Event: 1.716 Thread 0x000001c749833040 Uncommon trap: trap_request=0xffffff45 fr.pc=0x000001c73b5303b8 relative=0x0000000000000178
Event: 1.716 Thread 0x000001c749833040 Uncommon trap: reason=unstable_if action=reinterpret pc=0x000001c73b5303b8 method=java.lang.invoke.VarHandle.checkExactAccessMode(Ljava/lang/invoke/VarHandle$AccessDescriptor;)V @ 4 c2
Event: 1.716 Thread 0x000001c749833040 DEOPT PACKING pc=0x000001c73b5303b8 sp=0x000000394a1ff070
Event: 1.716 Thread 0x000001c749833040 DEOPT UNPACKING pc=0x000001c733a523a3 sp=0x000000394a1fefb0 mode 2
Event: 2.609 Thread 0x000001c73033f2d0 DEOPT PACKING pc=0x000001c734093ef7 sp=0x00000039487f9000
Event: 2.609 Thread 0x000001c73033f2d0 DEOPT UNPACKING pc=0x000001c733a52b43 sp=0x00000039487f8460 mode 0
Event: 11.661 Thread 0x000001c73033f2d0 DEOPT PACKING pc=0x000001c73404ad54 sp=0x00000039487feee0
Event: 11.661 Thread 0x000001c73033f2d0 DEOPT UNPACKING pc=0x000001c733a52b43 sp=0x00000039487fe390 mode 0
Event: 11.663 Thread 0x000001c73033f2d0 Uncommon trap: trap_request=0x00000031 fr.pc=0x000001c73b555864 relative=0x0000000000000124
Event: 11.663 Thread 0x000001c73033f2d0 Uncommon trap: reason=unloaded action=reinterpret pc=0x000001c73b555864 method=org.openqa.selenium.json.Input.fill()Z @ 60 c2
Event: 11.663 Thread 0x000001c73033f2d0 DEOPT PACKING pc=0x000001c73b555864 sp=0x00000039487fcfe0
Event: 11.663 Thread 0x000001c73033f2d0 DEOPT UNPACKING pc=0x000001c733a523a3 sp=0x00000039487fcf58 mode 2

Classes unloaded (0 events):
No events

Classes redefined (0 events):
No events

Internal exceptions (20 events):
Event: 1.092 Thread 0x000001c73033f2d0 Exception <a 'java/lang/NoSuchMethodError'{0x00000000c4f714b0}: 'int java.lang.invoke.DirectMethodHandle$Holder.invokeStaticInit(java.lang.Object, java.lang.Object, java.lang.Object, java.lang.Object)'> (0x00000000c4f714b0) 
thrown [s\src\hotspot\share\interpreter\linkResolver.cpp, line 759]
Event: 1.093 Thread 0x000001c73033f2d0 Exception <a 'java/lang/IncompatibleClassChangeError'{0x00000000c4f7a658}: Found class java.lang.Object, but interface was expected> (0x00000000c4f7a658) 
thrown [s\src\hotspot\share\interpreter\linkResolver.cpp, line 826]
Event: 1.243 Thread 0x000001c73033f2d0 Exception <a 'java/lang/NoSuchMethodError'{0x00000000c56a2dc0}: 'java.lang.Object java.lang.invoke.DirectMethodHandle$Holder.invokeStaticInit(java.lang.Object, int, int, int, int)'> (0x00000000c56a2dc0) 
thrown [s\src\hotspot\share\interpreter\linkResolver.cpp, line 759]
Event: 1.294 Thread 0x000001c73033f2d0 Exception <a 'java/lang/NoSuchMethodError'{0x00000000c5575d28}: 'java.lang.Object java.lang.invoke.DirectMethodHandle$Holder.invokeStaticInit(java.lang.Object, java.lang.Object, int, int, int, int)'> (0x00000000c5575d28) 
thrown [s\src\hotspot\share\interpreter\linkResolver.cpp, line 759]
Event: 1.402 Thread 0x000001c73033f2d0 Exception <a 'java/lang/NoSuchMethodError'{0x00000000c5255d40}: 'java.lang.Object java.lang.invoke.DirectMethodHandle$Holder.invokeInterface(java.lang.Object, java.lang.Object, java.lang.Object)'> (0x00000000c5255d40) 
thrown [s\src\hotspot\share\interpreter\linkResolver.cpp, line 759]
Event: 1.403 Thread 0x000001c73033f2d0 Exception <a 'java/lang/IncompatibleClassChangeError'{0x00000000c5259408}: Found class java.lang.Object, but interface was expected> (0x00000000c5259408) 
thrown [s\src\hotspot\share\interpreter\linkResolver.cpp, line 826]
Event: 1.405 Thread 0x000001c73033f2d0 Exception <a 'java/lang/NoSuchMethodError'{0x00000000c5261790}: 'int java.lang.invoke.DirectMethodHandle$Holder.invokeSpecialIFC(java.lang.Object, java.lang.Object, java.lang.Object, java.lang.Object)'> (0x00000000c5261790) 
thrown [s\src\hotspot\share\interpreter\linkResolver.cpp, line 759]
Event: 1.416 Thread 0x000001c73033f2d0 Exception <a 'java/lang/NoSuchMethodError'{0x00000000c52cb908}: 'java.lang.Object java.lang.invoke.DirectMethodHandle$Holder.invokeVirtual(java.lang.Object, java.lang.Object, java.lang.Object, java.lang.Object)'> (0x00000000c52cb908) 
thrown [s\src\hotspot\share\interpreter\linkResolver.cpp, line 759]
Event: 1.447 Thread 0x000001c748ae4130 Exception <a 'java/net/ConnectException'{0x00000000c5152880}: Connection refused: no further information> (0x00000000c5152880) 
thrown [s\src\hotspot\share\prims\jni.cpp, line 535]
Event: 1.447 Thread 0x000001c748ae4130 Exception <a 'java/net/SocketException'{0x00000000c5152bb8}: Socket is not connected: shutdown> (0x00000000c5152bb8) 
thrown [s\src\hotspot\share\prims\jni.cpp, line 535]
Event: 1.523 Thread 0x000001c73033f2d0 Exception <a 'java/lang/NoSuchMethodError'{0x00000000c5bb3ee0}: 'java.lang.Object java.lang.invoke.DirectMethodHandle$Holder.newInvokeSpecial(java.lang.Object, java.lang.Object, int, int)'> (0x00000000c5bb3ee0) 
thrown [s\src\hotspot\share\interpreter\linkResolver.cpp, line 759]
Event: 1.524 Thread 0x000001c73033f2d0 Exception <a 'java/lang/NoSuchMethodError'{0x00000000c5bbe980}: 'void java.lang.invoke.DirectMethodHandle$Holder.invokeStatic(java.lang.Object, java.lang.Object, int)'> (0x00000000c5bbe980) 
thrown [s\src\hotspot\share\interpreter\linkResolver.cpp, line 759]
Event: 1.561 Thread 0x000001c73033f2d0 Exception <a 'java/lang/NoSuchMethodError'{0x00000000c5ac2a98}: 'java.lang.Object java.lang.invoke.DirectMethodHandle$Holder.newInvokeSpecial(java.lang.Object, java.lang.Object, java.lang.Object, java.lang.Object, java.lang.Object)'> (0x00000000c5ac2a98) 
thrown [s\src\hotspot\share\interpreter\linkResolver.cpp, line 759]
Event: 1.640 Thread 0x000001c73033f2d0 Exception <a 'java/lang/NoSuchMethodError'{0x00000000c5724b28}: 'void java.lang.invoke.DirectMethodHandle$Holder.invokeSpecial(java.lang.Object, java.lang.Object, java.lang.Object)'> (0x00000000c5724b28) 
thrown [s\src\hotspot\share\interpreter\linkResolver.cpp, line 759]
Event: 1.681 Thread 0x000001c748a75390 Exception <a 'java/lang/NoSuchMethodError'{0x00000000c553e9e8}: 'java.lang.Object java.lang.invoke.DirectMethodHandle$Holder.invokeSpecial(java.lang.Object, java.lang.Object, java.lang.Object, java.lang.Object, int)'> (0x00000000c553e9e8) 
thrown [s\src\hotspot\share\interpreter\linkResolver.cpp, line 759]
Event: 1.682 Thread 0x000001c748a75390 Exception <a 'java/lang/NoSuchMethodError'{0x00000000c55425b0}: 'java.lang.Object java.lang.invoke.Invokers$Holder.linkToTargetMethod(java.lang.Object, java.lang.Object, int, java.lang.Object)'> (0x00000000c55425b0) 
thrown [s\src\hotspot\share\interpreter\linkResolver.cpp, line 759]
Event: 1.706 Thread 0x000001c748a75390 Exception <a 'java/lang/NoSuchMethodError'{0x00000000c548f108}: 'void java.lang.invoke.DirectMethodHandle$Holder.invokeSpecial(java.lang.Object, java.lang.Object, java.lang.Object, java.lang.Object, java.lang.Object)'> (0x00000000c548f108) 
thrown [s\src\hotspot\share\interpreter\linkResolver.cpp, line 759]
Event: 2.581 Thread 0x000001c748a75390 Exception <a 'java/lang/NoSuchMethodError'{0x00000000c523e008}: 'void java.lang.invoke.DirectMethodHandle$Holder.invokeSpecial(java.lang.Object, java.lang.Object, java.lang.Object, java.lang.Object, java.lang.Object, java.lang.Object, java.lang.Object)'> (0x00000000c523e008) 
thrown [s\src\hotspot\share\interpreter\linkResolver.cpp, line 759]
Event: 2.643 Thread 0x000001c73033f2d0 Exception <a 'java/lang/NoSuchMethodError'{0x00000000c4e17950}: 'java.lang.Object java.lang.invoke.DirectMethodHandle$Holder.invokeSpecialIFC(java.lang.Object, java.lang.Object, java.lang.Object)'> (0x00000000c4e17950) 
thrown [s\src\hotspot\share\interpreter\linkResolver.cpp, line 759]
Event: 2.789 Thread 0x000001c73033f2d0 Exception <a 'java/lang/ClassNotFoundException'{0x00000000c5b3a308}: sun/util/logging/resources/spi/loggingProvider> (0x00000000c5b3a308) 
thrown [s\src\hotspot\share\classfile\systemDictionary.cpp, line 256]

VM Operations (20 events):
Event: 1.474 Executing VM operation: HandshakeAllThreads
Event: 1.474 Executing VM operation: HandshakeAllThreads done
Event: 1.476 Executing VM operation: HandshakeAllThreads
Event: 1.476 Executing VM operation: HandshakeAllThreads done
Event: 1.499 Executing VM operation: G1CollectForAllocation
Event: 1.504 Executing VM operation: G1CollectForAllocation done
Event: 2.515 Executing VM operation: Cleanup
Event: 2.515 Executing VM operation: Cleanup done
Event: 2.561 Executing VM operation: HandshakeAllThreads
Event: 2.561 Executing VM operation: HandshakeAllThreads done
Event: 2.745 Executing VM operation: HandshakeAllThreads
Event: 2.745 Executing VM operation: HandshakeAllThreads done
Event: 2.753 Executing VM operation: CollectForMetadataAllocation
Event: 2.757 Executing VM operation: CollectForMetadataAllocation done
Event: 2.772 Executing VM operation: G1Concurrent
Event: 2.774 Executing VM operation: G1Concurrent done
Event: 2.779 Executing VM operation: G1Concurrent
Event: 2.779 Executing VM operation: G1Concurrent done
Event: 3.792 Executing VM operation: Cleanup
Event: 3.792 Executing VM operation: Cleanup done

Events (20 events):
Event: 2.791 loading class java/time/ZonedDateTime$1 done
Event: 2.791 loading class java/time/LocalDate$1
Event: 2.791 loading class java/time/LocalDate$1 done
Event: 2.791 loading class java/text/DateFormatSymbols
Event: 2.791 loading class java/text/DateFormatSymbols done
Event: 2.792 loading class sun/util/locale/provider/DateFormatSymbolsProviderImpl
Event: 2.792 loading class sun/util/locale/provider/DateFormatSymbolsProviderImpl done
Event: 2.792 loading class java/time/LocalTime$1
Event: 2.792 loading class java/time/LocalTime$1 done
Event: 6.486 Thread 0x000001c748a74ec0 Thread exited: 0x000001c748a74ec0
Event: 11.490 loading class java/util/ServiceConfigurationError
Event: 11.490 loading class java/util/ServiceConfigurationError done
Event: 11.560 loading class java/io/UnsupportedEncodingException
Event: 11.560 loading class java/io/UnsupportedEncodingException done
Event: 11.560 loading class java/net/URLEncoder
Event: 11.561 loading class java/net/URLEncoder done
Event: 11.561 loading class java/util/BitSet
Event: 11.561 loading class java/util/BitSet done
Event: 11.561 loading class java/io/CharArrayWriter
Event: 11.561 loading class java/io/CharArrayWriter done


Dynamic libraries:
0x00007ff7546c0000 - 0x00007ff7546ce000 	C:\eclipse\plugins\org.eclipse.justj.openjdk.hotspot.jre.full.win32.x86_64_17.0.5.v20221102-0933\jre\bin\javaw.exe
0x00007ff9f8a70000 - 0x00007ff9f8c68000 	C:\Windows\SYSTEM32\ntdll.dll
0x00007ff9f6e20000 - 0x00007ff9f6edf000 	C:\Windows\System32\KERNEL32.DLL
0x00007ff9f6240000 - 0x00007ff9f6536000 	C:\Windows\System32\KERNELBASE.dll
0x00007ff9f6570000 - 0x00007ff9f6670000 	C:\Windows\System32\ucrtbase.dll
0x00007ff9c9720000 - 0x00007ff9c9737000 	C:\eclipse\plugins\org.eclipse.justj.openjdk.hotspot.jre.full.win32.x86_64_17.0.5.v20221102-0933\jre\bin\jli.dll
0x00007ff9e4050000 - 0x00007ff9e4069000 	C:\eclipse\plugins\org.eclipse.justj.openjdk.hotspot.jre.full.win32.x86_64_17.0.5.v20221102-0933\jre\bin\VCRUNTIME140.dll
0x00007ff9f78a0000 - 0x00007ff9f7a3d000 	C:\Windows\System32\USER32.dll
0x00007ff9f6540000 - 0x00007ff9f6562000 	C:\Windows\System32\win32u.dll
0x00007ff9dd220000 - 0x00007ff9dd4ba000 	C:\Windows\WinSxS\amd64_microsoft.windows.common-controls_6595b64144ccf1df_6.0.19041.1110_none_60b5254171f9507e\COMCTL32.dll
0x00007ff9f8240000 - 0x00007ff9f82de000 	C:\Windows\System32\msvcrt.dll
0x00007ff9f7560000 - 0x00007ff9f758c000 	C:\Windows\System32\GDI32.dll
0x00007ff9f6900000 - 0x00007ff9f6a15000 	C:\Windows\System32\gdi32full.dll
0x00007ff9f6860000 - 0x00007ff9f68fd000 	C:\Windows\System32\msvcp_win.dll
0x00007ff9f8080000 - 0x00007ff9f80b0000 	C:\Windows\System32\IMM32.DLL
0x00007ff9f0280000 - 0x00007ff9f028c000 	C:\eclipse\plugins\org.eclipse.justj.openjdk.hotspot.jre.full.win32.x86_64_17.0.5.v20221102-0933\jre\bin\vcruntime140_1.dll
0x00007ff9c5880000 - 0x00007ff9c5911000 	C:\eclipse\plugins\org.eclipse.justj.openjdk.hotspot.jre.full.win32.x86_64_17.0.5.v20221102-0933\jre\bin\msvcp140.dll
0x00007ff9ab710000 - 0x00007ff9ac354000 	C:\eclipse\plugins\org.eclipse.justj.openjdk.hotspot.jre.full.win32.x86_64_17.0.5.v20221102-0933\jre\bin\server\jvm.dll
0x00007ff9f7fd0000 - 0x00007ff9f807f000 	C:\Windows\System32\ADVAPI32.dll
0x00007ff9f6bb0000 - 0x00007ff9f6c4c000 	C:\Windows\System32\sechost.dll
0x00007ff9f8110000 - 0x00007ff9f8236000 	C:\Windows\System32\RPCRT4.dll
0x00007ff9f11c0000 - 0x00007ff9f11c9000 	C:\Windows\SYSTEM32\WSOCK32.dll
0x00007ff9f7070000 - 0x00007ff9f70db000 	C:\Windows\System32\WS2_32.dll
0x00007ff9dcfc0000 - 0x00007ff9dcfe7000 	C:\Windows\SYSTEM32\WINMM.dll
0x00007ff9e3da0000 - 0x00007ff9e3daa000 	C:\Windows\SYSTEM32\VERSION.dll
0x00007ff9f4000000 - 0x00007ff9f4012000 	C:\Windows\SYSTEM32\kernel.appcore.dll
0x00007ff9f0f30000 - 0x00007ff9f0f3a000 	C:\eclipse\plugins\org.eclipse.justj.openjdk.hotspot.jre.full.win32.x86_64_17.0.5.v20221102-0933\jre\bin\jimage.dll
0x00007ff9c86e0000 - 0x00007ff9c88c4000 	C:\Windows\SYSTEM32\DBGHELP.DLL
0x00007ff9c3f90000 - 0x00007ff9c3fc4000 	C:\Windows\SYSTEM32\dbgcore.DLL
0x00007ff9f6670000 - 0x00007ff9f66f2000 	C:\Windows\System32\bcryptPrimitives.dll
0x00007ff9f0300000 - 0x00007ff9f0325000 	C:\eclipse\plugins\org.eclipse.justj.openjdk.hotspot.jre.full.win32.x86_64_17.0.5.v20221102-0933\jre\bin\java.dll
0x00007ff9f0bc0000 - 0x00007ff9f0bd8000 	C:\eclipse\plugins\org.eclipse.justj.openjdk.hotspot.jre.full.win32.x86_64_17.0.5.v20221102-0933\jre\bin\zip.dll
0x00007ff9f82e0000 - 0x00007ff9f8a24000 	C:\Windows\System32\SHELL32.dll
0x00007ff9f4200000 - 0x00007ff9f4993000 	C:\Windows\SYSTEM32\windows.storage.dll
0x00007ff9f7a40000 - 0x00007ff9f7d94000 	C:\Windows\System32\combase.dll
0x00007ff9f5ac0000 - 0x00007ff9f5aee000 	C:\Windows\SYSTEM32\Wldp.dll
0x00007ff9f6c50000 - 0x00007ff9f6cfd000 	C:\Windows\System32\SHCORE.dll
0x00007ff9f6ad0000 - 0x00007ff9f6b25000 	C:\Windows\System32\shlwapi.dll
0x00007ff9f6090000 - 0x00007ff9f60af000 	C:\Windows\SYSTEM32\profapi.dll
0x00007ff9f0b80000 - 0x00007ff9f0b99000 	C:\eclipse\plugins\org.eclipse.justj.openjdk.hotspot.jre.full.win32.x86_64_17.0.5.v20221102-0933\jre\bin\net.dll
0x00007ff9ef780000 - 0x00007ff9ef88a000 	C:\Windows\SYSTEM32\WINHTTP.dll
0x00007ff9f5820000 - 0x00007ff9f588a000 	C:\Windows\system32\mswsock.dll
0x00007ff9f02e0000 - 0x00007ff9f02f5000 	C:\eclipse\plugins\org.eclipse.justj.openjdk.hotspot.jre.full.win32.x86_64_17.0.5.v20221102-0933\jre\bin\nio.dll
0x00007ff9f5550000 - 0x00007ff9f561a000 	C:\Windows\SYSTEM32\DNSAPI.dll
0x00007ff9f5510000 - 0x00007ff9f554c000 	C:\Windows\SYSTEM32\IPHLPAPI.DLL
0x00007ff9f7550000 - 0x00007ff9f7558000 	C:\Windows\System32\NSI.dll
0x00007ff9e7ed0000 - 0x00007ff9e7eda000 	C:\Windows\System32\rasadhlp.dll
0x00007ff9e8180000 - 0x00007ff9e8202000 	C:\Windows\System32\fwpuclnt.dll
0x00007ff9f6210000 - 0x00007ff9f6237000 	C:\Windows\System32\bcrypt.dll
0x00007ff9f02b0000 - 0x00007ff9f02be000 	C:\eclipse\plugins\org.eclipse.justj.openjdk.hotspot.jre.full.win32.x86_64_17.0.5.v20221102-0933\jre\bin\sunmscapi.dll
0x00007ff9f6700000 - 0x00007ff9f685e000 	C:\Windows\System32\CRYPT32.dll
0x00007ff9f5b30000 - 0x00007ff9f5b58000 	C:\Windows\SYSTEM32\ncrypt.dll
0x00007ff9f5af0000 - 0x00007ff9f5b2b000 	C:\Windows\SYSTEM32\NTASN1.dll
0x00007ff9f5a10000 - 0x00007ff9f5a28000 	C:\Windows\SYSTEM32\CRYPTSP.dll
0x00007ff9f5140000 - 0x00007ff9f5174000 	C:\Windows\system32\rsaenh.dll
0x00007ff9f6010000 - 0x00007ff9f603e000 	C:\Windows\SYSTEM32\USERENV.dll
0x00007ff9f5a30000 - 0x00007ff9f5a3c000 	C:\Windows\SYSTEM32\CRYPTBASE.dll
0x00007ff9e8680000 - 0x00007ff9e8697000 	C:\Windows\SYSTEM32\dhcpcsvc6.DLL
0x00007ff9e8c40000 - 0x00007ff9e8c5d000 	C:\Windows\SYSTEM32\dhcpcsvc.DLL
0x00007ff9e8770000 - 0x00007ff9e8777000 	C:\Windows\system32\wshunix.dll

dbghelp: loaded successfully - version: 4.0.5 - missing functions: none
symbol engine: initialized successfully - sym options: 0x614 - pdb path: .;C:\eclipse\plugins\org.eclipse.justj.openjdk.hotspot.jre.full.win32.x86_64_17.0.5.v20221102-0933\jre\bin;C:\Windows\SYSTEM32;C:\Windows\WinSxS\amd64_microsoft.windows.common-controls_6595b64144ccf1df_6.0.19041.1110_none_60b5254171f9507e;C:\eclipse\plugins\org.eclipse.justj.openjdk.hotspot.jre.full.win32.x86_64_17.0.5.v20221102-0933\jre\bin\server

VM Arguments:
jvm_args: -Dfile.encoding=UTF-8 -XX:+ShowCodeDetailsInExceptionMessages 
java_command: FundosAcoes.FundosAcoesTest.App
java_class_path (initial): C:\PROGRAMAS\fundosAcoes\fundosAcoes\target\classes;C:\Users\Mauricio\.m2\repository\org\seleniumhq\selenium\selenium-chrome-driver\4.15.0\selenium-chrome-driver-4.15.0.jar;C:\Users\Mauricio\.m2\repository\com\google\auto\service\auto-service-annotations\1.1.1\auto-service-annotations-1.1.1.jar;C:\Users\Mauricio\.m2\repository\org\seleniumhq\selenium\selenium-api\4.15.0\selenium-api-4.15.0.jar;C:\Users\Mauricio\.m2\repository\org\seleniumhq\selenium\selenium-chromium-driver\4.15.0\selenium-chromium-driver-4.15.0.jar;C:\Users\Mauricio\.m2\repository\org\seleniumhq\selenium\selenium-json\4.15.0\selenium-json-4.15.0.jar;C:\Users\Mauricio\.m2\repository\org\seleniumhq\selenium\selenium-manager\4.15.0\selenium-manager-4.15.0.jar;C:\Users\Mauricio\.m2\repository\org\seleniumhq\selenium\selenium-os\4.15.0\selenium-os-4.15.0.jar;C:\Users\Mauricio\.m2\repository\org\apache\commons\commons-exec\1.3\commons-exec-1.3.jar;C:\Users\Mauricio\.m2\repository\org\seleniumhq\selenium\selenium-remote-driver\4.15.0\selenium-remote-driver-4.15.0.jar;C:\Users\Mauricio\.m2\repository\com\google\guava\guava\32.1.2-jre\guava-32.1.2-jre.jar;C:\Users\Mauricio\.m2\repository\com\google\guava\failureaccess\1.0.1\failureaccess-1.0.1.jar;C:\Users\Mauricio\.m2\repository\com\google\guava\listenablefuture\9999.0-empty-to-avoid-conflict-with-guava\listenablefuture-9999.0-empty-to-avoid-conflict-with-guava.jar;C:\Users\Mauricio\.m2\repository\com\google\code\findbugs\jsr305\3.0.2\jsr305-3.0.2.jar;C:\Users\Mauricio\.m2\repository\org\checkerframework\checker-qual\3.33.0\checker-qual-3.33.0.jar;C:\Users\Mauricio\.m2\repository\com\google\errorprone\error_prone_annotations\2.18.0\error_prone_annotations-2.18.0.jar;C:\Users\Mauricio\.m2\repository\com\google\j2objc\j2objc-annotations\2.8\j2objc-annotations-2.8.jar;C:\Users\Mauricio\.m2\repository\io\opentelemetry\opentelemetry-api\1.28.0\opentelemetry-api-1.28.0.jar;C:\Users\Mauricio\.m2\repository\io\opentelemetry\opentelemet
Launcher Type: SUN_STANDARD

[Global flags]
     intx CICompilerCount                          = 3                                         {product} {ergonomic}
     uint ConcGCThreads                            = 1                                         {product} {ergonomic}
     uint G1ConcRefinementThreads                  = 4                                         {product} {ergonomic}
   size_t G1HeapRegionSize                         = 1048576                                   {product} {ergonomic}
    uintx GCDrainStackTargetSize                   = 64                                        {product} {ergonomic}
   size_t InitialHeapSize                          = 67108864                                  {product} {ergonomic}
   size_t MarkStackSize                            = 4194304                                   {product} {ergonomic}
   size_t MaxHeapSize                              = 1044381696                                {product} {ergonomic}
   size_t MaxNewSize                               = 625999872                                 {product} {ergonomic}
   size_t MinHeapDeltaBytes                        = 1048576                                   {product} {ergonomic}
   size_t MinHeapSize                              = 8388608                                   {product} {ergonomic}
    uintx NonNMethodCodeHeapSize                   = 5832780                                {pd product} {ergonomic}
    uintx NonProfiledCodeHeapSize                  = 122912730                              {pd product} {ergonomic}
    uintx ProfiledCodeHeapSize                     = 122912730                              {pd product} {ergonomic}
    uintx ReservedCodeCacheSize                    = 251658240                              {pd product} {ergonomic}
     bool SegmentedCodeCache                       = true                                      {product} {ergonomic}
     bool ShowCodeDetailsInExceptionMessages       = true                                   {manageable} {command line}
   size_t SoftMaxHeapSize                          = 1044381696                             {manageable} {ergonomic}
     bool UseCompressedClassPointers               = true                           {product lp64_product} {ergonomic}
     bool UseCompressedOops                        = true                           {product lp64_product} {ergonomic}
     bool UseG1GC                                  = true                                      {product} {ergonomic}
     bool UseLargePagesIndividualAllocation        = false                                  {pd product} {ergonomic}

Logging:
Log output configuration:
 #0: stdout all=warning uptime,level,tags
 #1: stderr all=off uptime,level,tags

Environment Variables:
PATH=C:/eclipse//plugins/org.eclipse.justj.openjdk.hotspot.jre.full.win32.x86_64_17.0.5.v20221102-0933/jre/bin/server;C:/eclipse//plugins/org.eclipse.justj.openjdk.hotspot.jre.full.win32.x86_64_17.0.5.v20221102-0933/jre/bin;C:\Program Files (x86)\Common Files\Oracle\Java\javapath;C:\Windows\system32;C:\Windows;C:\Windows\System32\Wbem;C:\Windows\System32\WindowsPowerShell\v1.0\;C:\Windows\System32\OpenSSH\;C:\Program Files\Microsoft SQL Server\Client SDK\ODBC\170\Tools\Binn\;C:\Program Files (x86)\Microsoft SQL Server\150\Tools\Binn\;C:\Program Files\Microsoft SQL Server\150\Tools\Binn\;C:\Program Files\Microsoft SQL Server\150\DTS\Binn\;C:\Program Files\Azure Data Studio\bin;C:\Program Files\Git\cmd;C:\Program Files (x86)\Microsoft SQL Server\160\Tools\Binn\;C:\Program Files\Microsoft SQL Server\160\Tools\Binn\;C:\Program Files\Microsoft SQL Server\160\DTS\Binn\;C:\Program Files (x86)\Microsoft SQL Server\160\DTS\Binn\;C:\Users\Mauricio\AppData\Local\Microsoft\WindowsApps;;C:\Program Files\Azure Data Studio\bin;C:\Users\Mauricio\AppData\Local\Programs\Microsoft VS Code\bin;C:\eclipse;
USERNAME=Mauricio
OS=Windows_NT
PROCESSOR_IDENTIFIER=Intel64 Family 6 Model 78 Stepping 3, GenuineIntel
TMP=C:\Users\Mauricio\AppData\Local\Temp
TEMP=C:\Users\Mauricio\AppData\Local\Temp



---------------  S Y S T E M  ---------------

OS:
 Windows 10 , 64 bit Build 19041 (10.0.19041.3031)
OS uptime: 0 days 4:39 hours

CPU: total 4 (initial active 4) (2 cores per cpu, 2 threads per core) family 6 model 78 stepping 3 microcode 0xcc, cx8, cmov, fxsr, ht, mmx, 3dnowpref, sse, sse2, sse3, ssse3, sse4.1, sse4.2, popcnt, lzcnt, tsc, tscinvbit, avx, avx2, aes, erms, clmul, bmi1, bmi2, rtm, adx, fma, vzeroupper, clflush, clflushopt

Memory: 4k page, system-wide physical 3977M (510M free)
TotalPageFile size 6025M (AvailPageFile size 20M)
current process WorkingSet (physical memory assigned to process): 76M, peak: 92M
current process commit charge ("private bytes"): 118M, peak: 160M

vm_info: OpenJDK 64-Bit Server VM (17.0.5+8) for windows-amd64 JRE (17.0.5+8), built on Oct 19 2022 04:48:13 by "temurin" with MS VC++ 16.7 (VS2019)

END.
