#
# There is insufficient memory for the Java Runtime Environment to continue.
# Native memory allocation (malloc) failed to allocate 32744 bytes for Chunk::new
# Possible reasons:
#   The system is out of physical RAM or swap space
#   The process is running with CompressedOops enabled, and the Java Heap may be blocking the growth of the native heap
# Possible solutions:
#   Reduce memory load on the system
#   Increase physical memory or swap space
#   Check if swap backing store is full
#   Decrease Java heap size (-Xmx/-Xms)
#   Decrease number of Java threads
#   Decrease Java thread stack sizes (-Xss)
#   Set larger code cache with -XX:ReservedCodeCacheSize=
#   JVM is running with Unscaled Compressed Oops mode in which the Java heap is
#     placed in the first 4GB address space. The Java Heap base address is the
#     maximum limit for the native heap growth. Please use -XX:HeapBaseMinAddress
#     to set the Java Heap base and to place the Java Heap above 4GB virtual address.
# This output file may be truncated or incomplete.
#
#  Out of Memory Error (arena.cpp:168), pid=3696, tid=1728
#
# JRE version: OpenJDK Runtime Environment Zulu21.32+17-CA (21.0.2+13) (build 21.0.2+13-LTS)
# Java VM: OpenJDK 64-Bit Server VM Zulu21.32+17-CA (21.0.2+13-LTS, mixed mode, sharing, tiered, compressed oops, compressed class ptrs, g1 gc, windows-amd64)
# No core dump will be written. Minidumps are not enabled by default on client versions of Windows
#

---------------  S U M M A R Y ------------

Command Line: principal.AgendadorDeTarefas

Host: Intel(R) Core(TM) i3-6100U CPU @ 2.30GHz, 4 cores, 3G,  Windows 10 , 64 bit Build 19041 (10.0.19041.3031)
Time: Mon Jul 15 11:34:39 2024 Hora oficial do Brasil elapsed time: 464.169204 seconds (0d 0h 7m 44s)

---------------  T H R E A D  ---------------

Current thread (0x00000236382bdf80):  JavaThread "C2 CompilerThread0" daemon [_thread_in_native, id=1728, stack(0x000000c44a700000,0x000000c44a800000) (1024K)]


Current CompileTask:
C2: 464169 2715       4       jdk.internal.org.objectweb.asm.Frame::execute (2305 bytes)

Stack: [0x000000c44a700000,0x000000c44a800000]
Native frames: (J=compiled Java code, j=interpreted, Vv=VM code, C=native code)
V  [jvm.dll+0x6d47c9]
V  [jvm.dll+0x8afd41]
V  [jvm.dll+0x8b20ae]
V  [jvm.dll+0x8b2793]
V  [jvm.dll+0x287836]
V  [jvm.dll+0xc5add]
V  [jvm.dll+0xc6013]
V  [jvm.dll+0x70039b]
V  [jvm.dll+0x1e4596]
V  [jvm.dll+0x24c6a2]
V  [jvm.dll+0x24bb31]
V  [jvm.dll+0x1cb824]
V  [jvm.dll+0x25b329]
V  [jvm.dll+0x2598da]
V  [jvm.dll+0x3f7036]
V  [jvm.dll+0x858528]
V  [jvm.dll+0x6d2f1d]
C  [ucrtbase.dll+0x21bb2]
C  [KERNEL32.DLL+0x17614]
C  [ntdll.dll+0x526f1]


---------------  P R O C E S S  ---------------

Threads class SMR info:
_java_thread_list=0x000002367f32f9d0, length=172, elements={
0x000002361b235ef0, 0x00000236382aa8a0, 0x00000236382ac4c0, 0x00000236382af2a0,
0x00000236382afeb0, 0x00000236382b2660, 0x00000236382b12b0, 0x00000236382bdf80,
0x00000236382bf780, 0x00000236382b1fd0, 0x00000236382b2cf0, 0x00000236382b3a10,
0x00000236382b4730, 0x00000236382b1940, 0x000002367e712130, 0x000002367e710060,
0x000002367e70d270, 0x000002367e711aa0, 0x000002367e70c550, 0x000002367e711410,
0x000002367e713b70, 0x000002367e70f9d0, 0x000002367e70d900, 0x00000236384bff70,
0x00000236384bdea0, 0x00000236384c0c90, 0x00000236384be530, 0x00000236384c1320,
0x00000236384c19b0, 0x00000236384c2040, 0x00000236384bc460, 0x00000236384bcaf0,
0x00000236384bd180, 0x000002367e3c62d0, 0x000002367e3c5c40, 0x000002367e3c1410,
0x000002367e3c2130, 0x000002367e3c34e0, 0x000002367e3c06f0, 0x000002367e3c55b0,
0x000002367e3c6960, 0x000002367e3c0d80, 0x000002367e3c27c0, 0x000002367f1baf60,
0x000002367f1b7450, 0x000002367f1bbc80, 0x000002367f1b8170, 0x000002367f1b60a0,
0x000002367f1ba240, 0x000002367f1b8800, 0x000002367f1bd6c0, 0x000002367f1bd030,
0x000002367f1b8e90, 0x000002367f1b6730, 0x000002367f1b7ae0, 0x000002367f1b9520,
0x000002367f1b9bb0, 0x000002367f1ba8d0, 0x000002367f1bb5f0, 0x000002367f1b6dc0,
0x000002367e70df90, 0x000002367e70ecb0, 0x000002367e70f340, 0x000002367e712e50,
0x000002367e7127c0, 0x000002367e7134e0, 0x00000236384baa20, 0x00000236384bbdd0,
0x00000236384bd810, 0x00000236384bf8e0, 0x00000236384c0600, 0x000002367e3c6ff0,
0x000002367e3c3b70, 0x000002367e3c0060, 0x000002367e3c7680, 0x000002367e3c4200,
0x000002367e3c4890, 0x000002367e3c4f20, 0x000002367e3c1aa0, 0x00000236382b3380,
0x000002367e3829e0, 0x000002367e384ab0, 0x000002367e383070, 0x000002367e383d90,
0x000002367e384420, 0x000002367e385140, 0x000002367e380910, 0x000002367e382350,
0x000002367e37f560, 0x000002367e37e1b0, 0x000002367e37eed0, 0x000002367e380fa0,
0x000002367e37fbf0, 0x000002367e3857d0, 0x000002367e37e840, 0x000002367e380280,
0x000002367e381630, 0x000002367e381cc0, 0x00000236384bebc0, 0x00000236384bf250,
0x00000236384bb0b0, 0x00000236384bb740, 0x000002367e70e620, 0x000002367e7106f0,
0x000002367e710d80, 0x000002367e506e60, 0x000002367e505420, 0x000002367e505ab0,
0x000002367e5074f0, 0x000002367e504070, 0x000002367e504d90, 0x000002367e120fc0,
0x000002367e11f580, 0x000002367e11db40, 0x000002367e11ce20, 0x000002367e120930,
0x000002367e11eef0, 0x000002367e121650, 0x000002367e122370, 0x000002367e11fc10,
0x000002367e11d4b0, 0x000002367e122a00, 0x000002367e11e860, 0x000002367e123720,
0x000002367e11c790, 0x000002367e1202a0, 0x000002367e123db0, 0x000002367e5f0740,
0x000002367e5edfe0, 0x000002367e5eb880, 0x000002367e5ecc30, 0x000002367e5ed2c0,
0x000002367e5f0dd0, 0x000002367e5f1460, 0x000002367e5ebf10, 0x000002367e5eb1f0,
0x000002367e5ea4d0, 0x000002367e5eed00, 0x000002367e5ec5a0, 0x000002367e5ed950,
0x000002367e5ee670, 0x000002367e5ef390, 0x000002367e5efa20, 0x000002367e5f00b0,
0x000002367e5f1af0, 0x000002367e5eab60, 0x000002367e506140, 0x000002367e5067d0,
0x000002367f1bc310, 0x000002367f1bc9a0, 0x000002367e70cbe0, 0x000002367e123090,
0x000002367e2ffc50, 0x000002367e2fbab0, 0x000002367e301690, 0x000002367e2fef30,
0x000002367e301000, 0x000002367e2fc140, 0x000002367e3002e0, 0x000002367e301d20,
0x000002367e300970, 0x000002367e2fad90, 0x000002367e2ff5c0, 0x000002367e3023b0,
0x000002367e2fd4f0, 0x000002367e2fc7d0, 0x000002367e2fb420, 0x000002367e2fce60,
0x000002367e2fdb80, 0x000002367e2fe210, 0x000002367e2fe8a0, 0x000002367e3c2e50
}

Java Threads: ( => current thread )
  0x000002361b235ef0 JavaThread "main"                              [_thread_blocked, id=7532, stack(0x000000c449900000,0x000000c449a00000) (1024K)]
  0x00000236382aa8a0 JavaThread "Reference Handler"          daemon [_thread_blocked, id=6840, stack(0x000000c44a100000,0x000000c44a200000) (1024K)]
  0x00000236382ac4c0 JavaThread "Finalizer"                  daemon [_thread_blocked, id=5028, stack(0x000000c44a200000,0x000000c44a300000) (1024K)]
  0x00000236382af2a0 JavaThread "Signal Dispatcher"          daemon [_thread_blocked, id=8116, stack(0x000000c44a300000,0x000000c44a400000) (1024K)]
  0x00000236382afeb0 JavaThread "Attach Listener"            daemon [_thread_blocked, id=6856, stack(0x000000c44a400000,0x000000c44a500000) (1024K)]
  0x00000236382b2660 JavaThread "Service Thread"             daemon [_thread_blocked, id=3748, stack(0x000000c44a500000,0x000000c44a600000) (1024K)]
  0x00000236382b12b0 JavaThread "Monitor Deflation Thread"   daemon [_thread_blocked, id=4920, stack(0x000000c44a600000,0x000000c44a700000) (1024K)]
=>0x00000236382bdf80 JavaThread "C2 CompilerThread0"         daemon [_thread_in_native, id=1728, stack(0x000000c44a700000,0x000000c44a800000) (1024K)]
  0x00000236382bf780 JavaThread "C1 CompilerThread0"         daemon [_thread_blocked, id=1100, stack(0x000000c44a800000,0x000000c44a900000) (1024K)]
  0x00000236382b1fd0 JavaThread "Notification Thread"        daemon [_thread_blocked, id=2108, stack(0x000000c44a900000,0x000000c44aa00000) (1024K)]
  0x00000236382b2cf0 JavaThread "Common-Cleaner"             daemon [_thread_blocked, id=5180, stack(0x000000c44aa00000,0x000000c44ab00000) (1024K)]
  0x00000236382b3a10 JavaThread "pool-1-thread-1"                   [_thread_in_native, id=8336, stack(0x000000c449600000,0x000000c449700000) (1024K)]
  0x00000236382b4730 JavaThread "HttpClient-1-SelectorManager" daemon [_thread_in_native, id=7212, stack(0x000000c44b000000,0x000000c44b100000) (1024K)]
  0x00000236382b1940 JavaThread "External Process Output Forwarder - C:\Users\Mauricio\.cache\selenium\chromedriver\win64\126.0.6478.126\chromedriver.exe" daemon [_thread_in_native, id=7424, stack(0x000000c44b100000,0x000000c44b200000) (1024K)]
  0x000002367e712130 JavaThread "Driver Service Executor"    daemon [_thread_blocked, id=8360, stack(0x000000c44b200000,0x000000c44b300000) (1024K)]
  0x000002367e710060 JavaThread "Driver Service Executor"    daemon [_thread_blocked, id=5820, stack(0x000000c44b300000,0x000000c44b400000) (1024K)]
  0x000002367e70d270 JavaThread "UrlChecker-2"               daemon [_thread_blocked, id=6648, stack(0x000000c44b400000,0x000000c44b500000) (1024K)]
  0x000002367e711aa0 JavaThread "HttpClient-2-SelectorManager" daemon [_thread_in_native, id=7760, stack(0x000000c44ba00000,0x000000c44bb00000) (1024K)]
  0x000002367e70c550 JavaThread "pool-4-thread-1"                   [_thread_in_native, id=3200, stack(0x000000c44be00000,0x000000c44bf00000) (1024K)]
  0x000002367e711410 JavaThread "HttpClient-3-SelectorManager" daemon [_thread_in_native, id=5860, stack(0x000000c44bf00000,0x000000c44c000000) (1024K)]
  0x000002367e713b70 JavaThread "External Process Output Forwarder - C:\Users\Mauricio\.cache\selenium\chromedriver\win64\126.0.6478.126\chromedriver.exe" daemon [_thread_in_native, id=9136, stack(0x000000c44c000000,0x000000c44c100000) (1024K)]
  0x000002367e70f9d0 JavaThread "Driver Service Executor"    daemon [_thread_blocked, id=8748, stack(0x000000c44c100000,0x000000c44c200000) (1024K)]
  0x000002367e70d900 JavaThread "Driver Service Executor"    daemon [_thread_blocked, id=2116, stack(0x000000c44c200000,0x000000c44c300000) (1024K)]
  0x00000236384bff70 JavaThread "HttpClient-4-SelectorManager" daemon [_thread_in_native, id=6860, stack(0x000000c44c600000,0x000000c44c700000) (1024K)]
  0x00000236384bdea0 JavaThread "pool-7-thread-1"                   [_thread_blocked, id=8456, stack(0x000000c44ca00000,0x000000c44cb00000) (1024K)]
  0x00000236384c0c90 JavaThread "HttpClient-5-SelectorManager" daemon [_thread_in_native, id=4464, stack(0x000000c44cb00000,0x000000c44cc00000) (1024K)]
  0x00000236384be530 JavaThread "External Process Output Forwarder - C:\Users\Mauricio\.cache\selenium\chromedriver\win64\126.0.6478.126\chromedriver.exe" daemon [_thread_in_native, id=7348, stack(0x000000c44cc00000,0x000000c44cd00000) (1024K)]
  0x00000236384c1320 JavaThread "Driver Service Executor"    daemon [_thread_blocked, id=8812, stack(0x000000c44cd00000,0x000000c44ce00000) (1024K)]
  0x00000236384c19b0 JavaThread "Driver Service Executor"    daemon [_thread_blocked, id=8356, stack(0x000000c44ce00000,0x000000c44cf00000) (1024K)]
  0x00000236384c2040 JavaThread "HttpClient-6-SelectorManager" daemon [_thread_in_native, id=5312, stack(0x000000c44d200000,0x000000c44d300000) (1024K)]
  0x00000236384bc460 JavaThread "pool-10-thread-1"                  [_thread_in_native, id=6880, stack(0x000000c44d600000,0x000000c44d700000) (1024K)]
  0x00000236384bcaf0 JavaThread "HttpClient-7-SelectorManager" daemon [_thread_in_native, id=2840, stack(0x000000c44d700000,0x000000c44d800000) (1024K)]
  0x00000236384bd180 JavaThread "External Process Output Forwarder - C:\Users\Mauricio\.cache\selenium\chromedriver\win64\126.0.6478.126\chromedriver.exe" daemon [_thread_in_native, id=5276, stack(0x000000c44d800000,0x000000c44d900000) (1024K)]
  0x000002367e3c62d0 JavaThread "Driver Service Executor"    daemon [_thread_blocked, id=8740, stack(0x000000c44d900000,0x000000c44da00000) (1024K)]
  0x000002367e3c5c40 JavaThread "Driver Service Executor"    daemon [_thread_blocked, id=8068, stack(0x000000c44da00000,0x000000c44db00000) (1024K)]
  0x000002367e3c1410 JavaThread "Forwarding findElement on session 90375198472ed92791ecbb96678f3c80 to remote"        [_thread_blocked, id=7984, stack(0x000000c44de00000,0x000000c44df00000) (1024K)]
  0x000002367e3c2130 JavaThread "HttpClient-8-SelectorManager" daemon [_thread_in_native, id=3956, stack(0x000000c44df00000,0x000000c44e000000) (1024K)]
  0x000002367e3c34e0 JavaThread "External Process Output Forwarder - C:\Users\Mauricio\.cache\selenium\chromedriver\win64\126.0.6478.126\chromedriver.exe" daemon [_thread_in_native, id=8912, stack(0x000000c44e000000,0x000000c44e100000) (1024K)]
  0x000002367e3c06f0 JavaThread "Driver Service Executor"    daemon [_thread_blocked, id=4248, stack(0x000000c44e100000,0x000000c44e200000) (1024K)]
  0x000002367e3c55b0 JavaThread "Driver Service Executor"    daemon [_thread_blocked, id=9088, stack(0x000000c44e200000,0x000000c44e300000) (1024K)]
  0x000002367e3c6960 JavaThread "HttpClient-9-SelectorManager" daemon [_thread_in_native, id=1200, stack(0x000000c44e500000,0x000000c44e600000) (1024K)]
  0x000002367e3c0d80 JavaThread "pool-15-thread-1"                  [_thread_in_native, id=6716, stack(0x000000c44e900000,0x000000c44ea00000) (1024K)]
  0x000002367e3c27c0 JavaThread "Forwarding newSession on session null to remote"        [_thread_in_native, id=1984, stack(0x000000c44b600000,0x000000c44b700000) (1024K)]
  0x000002367f1baf60 JavaThread "Driver Service Executor"    daemon [_thread_blocked, id=3912, stack(0x000000c44ef00000,0x000000c44f000000) (1024K)]
  0x000002367f1b7450 JavaThread "Driver Service Executor"    daemon [_thread_blocked, id=4592, stack(0x000000c44f000000,0x000000c44f100000) (1024K)]
  0x000002367f1bbc80 JavaThread "pool-18-thread-1"                  [_thread_in_native, id=4544, stack(0x000000c44f100000,0x000000c44f200000) (1024K)]
  0x000002367f1b8170 JavaThread "External Process Output Forwarder - C:\Users\Mauricio\.cache\selenium\manager\0.4.18\selenium-manager.exe" daemon [_thread_in_native, id=7712, stack(0x000000c44f200000,0x000000c44f300000) (1024K)]
  0x000002367f1b60a0 JavaThread "pool-19-thread-1"                  [_thread_in_native, id=6452, stack(0x000000c44f300000,0x000000c44f400000) (1024K)]
  0x000002367f1ba240 JavaThread "External Process Output Forwarder - C:\Users\Mauricio\.cache\selenium\manager\0.4.18\selenium-manager.exe" daemon [_thread_in_native, id=4204, stack(0x000000c44f400000,0x000000c44f500000) (1024K)]
  0x000002367f1b8800 JavaThread "pool-20-thread-1"                  [_thread_in_native, id=2560, stack(0x000000c44f500000,0x000000c44f600000) (1024K)]
  0x000002367f1bd6c0 JavaThread "External Process Output Forwarder - C:\Users\Mauricio\.cache\selenium\manager\0.4.18\selenium-manager.exe" daemon [_thread_in_native, id=6964, stack(0x000000c44f600000,0x000000c44f700000) (1024K)]
  0x000002367f1bd030 JavaThread "Forwarding newSession on session null to remote"        [_thread_blocked, id=2068, stack(0x000000c44f700000,0x000000c44f800000) (1024K)]
  0x000002367f1b8e90 JavaThread "pool-22-thread-1"                  [_thread_in_native, id=6752, stack(0x000000c44ee00000,0x000000c44ef00000) (1024K)]
  0x000002367f1b6730 JavaThread "External Process Output Forwarder - C:\Users\Mauricio\.cache\selenium\manager\0.4.18\selenium-manager.exe" daemon [_thread_in_native, id=808, stack(0x000000c44f900000,0x000000c44fa00000) (1024K)]
  0x000002367f1b7ae0 JavaThread "pool-23-thread-1"                  [_thread_in_native, id=2316, stack(0x000000c449700000,0x000000c449800000) (1024K)]
  0x000002367f1b9520 JavaThread "External Process Output Forwarder - C:\Users\Mauricio\.cache\selenium\manager\0.4.18\selenium-manager.exe" daemon [_thread_in_native, id=7360, stack(0x000000c44ae00000,0x000000c44af00000) (1024K)]
  0x000002367f1b9bb0 JavaThread "Forwarding newSession on session null to remote"        [_thread_in_native, id=7920, stack(0x000000c44af00000,0x000000c44b000000) (1024K)]
  0x000002367f1ba8d0 JavaThread "pool-25-thread-1"                  [_thread_in_native, id=6692, stack(0x000000c44b700000,0x000000c44b800000) (1024K)]
  0x000002367f1bb5f0 JavaThread "pool-26-thread-1"                  [_thread_in_native, id=8848, stack(0x000000c44b800000,0x000000c44b900000) (1024K)]
  0x000002367f1b6dc0 JavaThread "External Process Output Forwarder - C:\Users\Mauricio\.cache\selenium\manager\0.4.18\selenium-manager.exe" daemon [_thread_in_native, id=9040, stack(0x000000c44bb00000,0x000000c44bc00000) (1024K)]
  0x000002367e70df90 JavaThread "External Process Output Forwarder - C:\Users\Mauricio\.cache\selenium\manager\0.4.18\selenium-manager.exe" daemon [_thread_in_native, id=9184, stack(0x000000c44bc00000,0x000000c44bd00000) (1024K)]
  0x000002367e70ecb0 JavaThread "External Process Output Forwarder - C:\Users\Mauricio\.cache\selenium\manager\0.4.18\selenium-manager.exe" daemon [_thread_in_native, id=8064, stack(0x000000c44bd00000,0x000000c44be00000) (1024K)]
  0x000002367e70f340 JavaThread "pool-27-thread-1"                  [_thread_in_native, id=7684, stack(0x000000c44c300000,0x000000c44c400000) (1024K)]
  0x000002367e712e50 JavaThread "External Process Output Forwarder - C:\Users\Mauricio\.cache\selenium\manager\0.4.18\selenium-manager.exe" daemon [_thread_in_native, id=6596, stack(0x000000c44c400000,0x000000c44c500000) (1024K)]
  0x000002367e7127c0 JavaThread "pool-28-thread-1"                  [_thread_in_native, id=3788, stack(0x000000c449800000,0x000000c449900000) (1024K)]
  0x000002367e7134e0 JavaThread "External Process Output Forwarder - C:\Users\Mauricio\.cache\selenium\manager\0.4.18\selenium-manager.exe" daemon [_thread_in_native, id=8112, stack(0x000000c44c500000,0x000000c44c600000) (1024K)]
  0x00000236384baa20 JavaThread "HttpClient-11-SelectorManager" daemon [_thread_in_native, id=4532, stack(0x000000c44cf00000,0x000000c44d000000) (1024K)]
  0x00000236384bbdd0 JavaThread "pool-30-thread-1"                  [_thread_in_native, id=7828, stack(0x000000c44d500000,0x000000c44d600000) (1024K)]
  0x00000236384bd810 JavaThread "External Process Output Forwarder - C:\Users\Mauricio\.cache\selenium\manager\0.4.18\selenium-manager.exe" daemon [_thread_in_native, id=6456, stack(0x000000c44db00000,0x000000c44dc00000) (1024K)]
  0x00000236384bf8e0 JavaThread "pool-31-thread-1"                  [_thread_in_native, id=3976, stack(0x000000c44dc00000,0x000000c44dd00000) (1024K)]
  0x00000236384c0600 JavaThread "External Process Output Forwarder - C:\Users\Mauricio\.cache\selenium\manager\0.4.18\selenium-manager.exe" daemon [_thread_in_native, id=3000, stack(0x000000c44dd00000,0x000000c44de00000) (1024K)]
  0x000002367e3c6ff0 JavaThread "pool-32-thread-1"                  [_thread_in_native, id=9304, stack(0x000000c44e300000,0x000000c44e400000) (1024K)]
  0x000002367e3c3b70 JavaThread "External Process Output Forwarder - C:\Users\Mauricio\.cache\selenium\manager\0.4.18\selenium-manager.exe" daemon [_thread_in_native, id=9316, stack(0x000000c44e400000,0x000000c44e500000) (1024K)]
  0x000002367e3c0060 JavaThread "pool-33-thread-1"                  [_thread_in_native, id=9352, stack(0x000000c44e600000,0x000000c44e700000) (1024K)]
  0x000002367e3c7680 JavaThread "External Process Output Forwarder - C:\Users\Mauricio\.cache\selenium\manager\0.4.18\selenium-manager.exe" daemon [_thread_in_native, id=9364, stack(0x000000c44e700000,0x000000c44e800000) (1024K)]
  0x000002367e3c4200 JavaThread "pool-34-thread-1"                  [_thread_in_native, id=9388, stack(0x000000c44e800000,0x000000c44e900000) (1024K)]
  0x000002367e3c4890 JavaThread "External Process Output Forwarder - C:\Users\Mauricio\.cache\selenium\manager\0.4.18\selenium-manager.exe" daemon [_thread_in_native, id=9400, stack(0x000000c44fa00000,0x000000c44fb00000) (1024K)]
  0x000002367e3c4f20 JavaThread "pool-35-thread-1"                  [_thread_in_native, id=9424, stack(0x000000c44fb00000,0x000000c44fc00000) (1024K)]
  0x000002367e3c1aa0 JavaThread "External Process Output Forwarder - C:\Users\Mauricio\.cache\selenium\manager\0.4.18\selenium-manager.exe" daemon [_thread_in_native, id=9436, stack(0x000000c44fc00000,0x000000c44fd00000) (1024K)]
  0x00000236382b3380 JavaThread "pool-36-thread-1"                  [_thread_in_native, id=9576, stack(0x000000c44fd00000,0x000000c44fe00000) (1024K)]
  0x000002367e3829e0 JavaThread "External Process Output Forwarder - C:\Users\Mauricio\.cache\selenium\manager\0.4.18\selenium-manager.exe" daemon [_thread_in_native, id=9588, stack(0x000000c44fe00000,0x000000c44ff00000) (1024K)]
  0x000002367e384ab0 JavaThread "pool-37-thread-1"                  [_thread_in_native, id=9756, stack(0x000000c44ea00000,0x000000c44eb00000) (1024K)]
  0x000002367e383070 JavaThread "External Process Output Forwarder - C:\Users\Mauricio\.cache\selenium\manager\0.4.18\selenium-manager.exe" daemon [_thread_in_native, id=9768, stack(0x000000c44ff00000,0x000000c450000000) (1024K)]
  0x000002367e383d90 JavaThread "pool-38-thread-1"                  [_thread_in_native, id=9992, stack(0x000000c450000000,0x000000c450100000) (1024K)]
  0x000002367e384420 JavaThread "External Process Output Forwarder - C:\Users\Mauricio\.cache\selenium\manager\0.4.18\selenium-manager.exe" daemon [_thread_in_native, id=10004, stack(0x000000c450100000,0x000000c450200000) (1024K)]
  0x000002367e385140 JavaThread "pool-39-thread-1"                  [_thread_in_native, id=10060, stack(0x000000c450200000,0x000000c450300000) (1024K)]
  0x000002367e380910 JavaThread "External Process Output Forwarder - C:\Users\Mauricio\.cache\selenium\manager\0.4.18\selenium-manager.exe" daemon [_thread_in_native, id=10072, stack(0x000000c450300000,0x000000c450400000) (1024K)]
  0x000002367e382350 JavaThread "pool-40-thread-1"                  [_thread_in_native, id=10136, stack(0x000000c450400000,0x000000c450500000) (1024K)]
  0x000002367e37f560 JavaThread "External Process Output Forwarder - C:\Users\Mauricio\.cache\selenium\manager\0.4.18\selenium-manager.exe" daemon [_thread_in_native, id=10148, stack(0x000000c450500000,0x000000c450600000) (1024K)]
  0x000002367e37e1b0 JavaThread "pool-41-thread-1"                  [_thread_in_native, id=10220, stack(0x000000c450600000,0x000000c450700000) (1024K)]
  0x000002367e37eed0 JavaThread "External Process Output Forwarder - C:\Users\Mauricio\.cache\selenium\manager\0.4.18\selenium-manager.exe" daemon [_thread_in_native, id=10232, stack(0x000000c450700000,0x000000c450800000) (1024K)]
  0x000002367e380fa0 JavaThread "pool-42-thread-1"                  [_thread_in_native, id=7488, stack(0x000000c44c700000,0x000000c44c800000) (1024K)]
  0x000002367e37fbf0 JavaThread "External Process Output Forwarder - C:\Users\Mauricio\.cache\selenium\manager\0.4.18\selenium-manager.exe" daemon [_thread_in_native, id=6440, stack(0x000000c44c800000,0x000000c44c900000) (1024K)]
  0x000002367e3857d0 JavaThread "pool-43-thread-1"                  [_thread_in_native, id=9776, stack(0x000000c44c900000,0x000000c44ca00000) (1024K)]
  0x000002367e37e840 JavaThread "External Process Output Forwarder - C:\Users\Mauricio\.cache\selenium\manager\0.4.18\selenium-manager.exe" daemon [_thread_in_native, id=8172, stack(0x000000c44d000000,0x000000c44d100000) (1024K)]
  0x000002367e380280 JavaThread "pool-44-thread-1"                  [_thread_in_native, id=5036, stack(0x000000c44d100000,0x000000c44d200000) (1024K)]
  0x000002367e381630 JavaThread "pool-45-thread-1"                  [_thread_in_native, id=10164, stack(0x000000c44d300000,0x000000c44d400000) (1024K)]
  0x000002367e381cc0 JavaThread "External Process Output Forwarder - C:\Users\Mauricio\.cache\selenium\manager\0.4.18\selenium-manager.exe" daemon [_thread_in_native, id=1848, stack(0x000000c44d400000,0x000000c44d500000) (1024K)]
  0x00000236384bebc0 JavaThread "External Process Output Forwarder - C:\Users\Mauricio\.cache\selenium\manager\0.4.18\selenium-manager.exe" daemon [_thread_in_native, id=7844, stack(0x000000c450800000,0x000000c450900000) (1024K)]
  0x00000236384bf250 JavaThread "pool-46-thread-1"                  [_thread_in_native, id=9444, stack(0x000000c450900000,0x000000c450a00000) (1024K)]
  0x00000236384bb0b0 JavaThread "External Process Output Forwarder - C:\Users\Mauricio\.cache\selenium\manager\0.4.18\selenium-manager.exe" daemon [_thread_in_native, id=1588, stack(0x000000c450a00000,0x000000c450b00000) (1024K)]
  0x00000236384bb740 JavaThread "pool-47-thread-1"                  [_thread_in_native, id=7044, stack(0x000000c450b00000,0x000000c450c00000) (1024K)]
  0x000002367e70e620 JavaThread "External Process Output Forwarder - C:\Users\Mauricio\.cache\selenium\manager\0.4.18\selenium-manager.exe" daemon [_thread_in_native, id=6220, stack(0x000000c450c00000,0x000000c450d00000) (1024K)]
  0x000002367e7106f0 JavaThread "pool-48-thread-1"                  [_thread_in_native, id=10316, stack(0x000000c450d00000,0x000000c450e00000) (1024K)]
  0x000002367e710d80 JavaThread "External Process Output Forwarder - C:\Users\Mauricio\.cache\selenium\manager\0.4.18\selenium-manager.exe" daemon [_thread_in_native, id=10328, stack(0x000000c450e00000,0x000000c450f00000) (1024K)]
  0x000002367e506e60 JavaThread "ForkJoinPool.commonPool-worker-3" daemon [_thread_blocked, id=10432, stack(0x000000c451000000,0x000000c451100000) (1024K)]
  0x000002367e505420 JavaThread "pool-49-thread-1"                  [_thread_in_native, id=10456, stack(0x000000c451100000,0x000000c451200000) (1024K)]
  0x000002367e505ab0 JavaThread "External Process Output Forwarder - C:\Users\Mauricio\.cache\selenium\manager\0.4.18\selenium-manager.exe" daemon [_thread_in_native, id=10468, stack(0x000000c451200000,0x000000c451300000) (1024K)]
  0x000002367e5074f0 JavaThread "pool-50-thread-1"                  [_thread_in_native, id=11024, stack(0x000000c451400000,0x000000c451500000) (1024K)]
  0x000002367e504070 JavaThread "External Process Output Forwarder - C:\Users\Mauricio\.cache\selenium\manager\0.4.18\selenium-manager.exe" daemon [_thread_in_native, id=11036, stack(0x000000c451500000,0x000000c451600000) (1024K)]
  0x000002367e504d90 JavaThread "pool-51-thread-1"                  [_thread_in_native, id=11108, stack(0x000000c451600000,0x000000c451700000) (1024K)]
  0x000002367e120fc0 JavaThread "External Process Output Forwarder - C:\Users\Mauricio\.cache\selenium\manager\0.4.18\selenium-manager.exe" daemon [_thread_in_native, id=11120, stack(0x000000c451700000,0x000000c451800000) (1024K)]
  0x000002367e11f580 JavaThread "External Process Output Forwarder - C:\Users\Mauricio\.cache\selenium\manager\0.4.18\selenium-manager.exe" daemon [_thread_in_native, id=11216, stack(0x000000c451800000,0x000000c451900000) (1024K)]
  0x000002367e11db40 JavaThread "pool-52-thread-1"                  [_thread_in_native, id=9572, stack(0x000000c451900000,0x000000c451a00000) (1024K)]
  0x000002367e11ce20 JavaThread "pool-11-thread-4"                  [_thread_blocked, id=3844, stack(0x000000c451c00000,0x000000c451d00000) (1024K)]
  0x000002367e120930 JavaThread "pool-11-thread-5"                  [_thread_blocked, id=9748, stack(0x000000c451d00000,0x000000c451e00000) (1024K)]
  0x000002367e11eef0 JavaThread "Forwarding newSession on session null to remote"        [_thread_in_native, id=9244, stack(0x000000c451e00000,0x000000c451f00000) (1024K)]
  0x000002367e121650 JavaThread "pool-54-thread-1"                  [_thread_blocked, id=9276, stack(0x000000c452100000,0x000000c452200000) (1024K)]
  0x000002367e122370 JavaThread "pool-55-thread-1"                  [_thread_in_native, id=11044, stack(0x000000c451a00000,0x000000c451b00000) (1024K)]
  0x000002367e11fc10 JavaThread "External Process Output Forwarder - C:\Users\Mauricio\.cache\selenium\manager\0.4.18\selenium-manager.exe" daemon [_thread_in_native, id=8536, stack(0x000000c452300000,0x000000c452400000) (1024K)]
  0x000002367e11d4b0 JavaThread "pool-56-thread-1"                  [_thread_in_native, id=8832, stack(0x000000c451b00000,0x000000c451c00000) (1024K)]
  0x000002367e122a00 JavaThread "External Process Output Forwarder - C:\Users\Mauricio\.cache\selenium\manager\0.4.18\selenium-manager.exe" daemon [_thread_in_native, id=7936, stack(0x000000c452400000,0x000000c452500000) (1024K)]
  0x000002367e11e860 JavaThread "pool-57-thread-1"                  [_thread_in_native, id=11324, stack(0x000000c452500000,0x000000c452600000) (1024K)]
  0x000002367e123720 JavaThread "pool-58-thread-1"                  [_thread_in_native, id=11440, stack(0x000000c452600000,0x000000c452700000) (1024K)]
  0x000002367e11c790 JavaThread "External Process Output Forwarder - C:\Users\Mauricio\.cache\selenium\manager\0.4.18\selenium-manager.exe" daemon [_thread_in_native, id=11616, stack(0x000000c452700000,0x000000c452800000) (1024K)]
  0x000002367e1202a0 JavaThread "External Process Output Forwarder - C:\Users\Mauricio\.cache\selenium\manager\0.4.18\selenium-manager.exe" daemon [_thread_in_native, id=11748, stack(0x000000c452800000,0x000000c452900000) (1024K)]
  0x000002367e123db0 JavaThread "pool-13-thread-6"                  [_thread_blocked, id=11792, stack(0x000000c452900000,0x000000c452a00000) (1024K)]
  0x000002367e5f0740 JavaThread "pool-13-thread-7"                  [_thread_blocked, id=11796, stack(0x000000c452a00000,0x000000c452b00000) (1024K)]
  0x000002367e5edfe0 JavaThread "pool-13-thread-8"                  [_thread_blocked, id=11800, stack(0x000000c452b00000,0x000000c452c00000) (1024K)]
  0x000002367e5eb880 JavaThread "External Process Output Forwarder - C:\Users\Mauricio\.cache\selenium\manager\0.4.18\selenium-manager.exe" daemon [_thread_in_native, id=11812, stack(0x000000c452c00000,0x000000c452d00000) (1024K)]
  0x000002367e5ecc30 JavaThread "External Process Output Forwarder - C:\Users\Mauricio\.cache\selenium\manager\0.4.18\selenium-manager.exe" daemon [_thread_in_native, id=12040, stack(0x000000c452d00000,0x000000c452e00000) (1024K)]
  0x000002367e5ed2c0 JavaThread "External Process Output Forwarder - C:\Users\Mauricio\.cache\selenium\manager\0.4.18\selenium-manager.exe" daemon [_thread_in_native, id=12124, stack(0x000000c452e00000,0x000000c452f00000) (1024K)]
  0x000002367e5f0dd0 JavaThread "pool-59-thread-1"                  [_thread_in_native, id=9248, stack(0x000000c452f00000,0x000000c453000000) (1024K)]
  0x000002367e5f1460 JavaThread "External Process Output Forwarder - C:\Users\Mauricio\.cache\selenium\manager\0.4.18\selenium-manager.exe" daemon [_thread_in_native, id=9732, stack(0x000000c453000000,0x000000c453100000) (1024K)]
  0x000002367e5ebf10 JavaThread "pool-60-thread-1"                  [_thread_in_native, id=10756, stack(0x000000c453100000,0x000000c453200000) (1024K)]
  0x000002367e5eb1f0 JavaThread "External Process Output Forwarder - C:\Users\Mauricio\.cache\selenium\manager\0.4.18\selenium-manager.exe" daemon [_thread_in_native, id=9412, stack(0x000000c453200000,0x000000c453300000) (1024K)]
  0x000002367e5ea4d0 JavaThread "pool-61-thread-1"                  [_thread_in_native, id=6284, stack(0x000000c450f00000,0x000000c451000000) (1024K)]
  0x000002367e5eed00 JavaThread "External Process Output Forwarder - C:\Users\Mauricio\.cache\selenium\manager\0.4.18\selenium-manager.exe" daemon [_thread_in_native, id=10356, stack(0x000000c453300000,0x000000c453400000) (1024K)]
  0x000002367e5ec5a0 JavaThread "pool-62-thread-1"                  [_thread_in_native, id=9268, stack(0x000000c451300000,0x000000c451400000) (1024K)]
  0x000002367e5ed950 JavaThread "External Process Output Forwarder - C:\Users\Mauricio\.cache\selenium\manager\0.4.18\selenium-manager.exe" daemon [_thread_in_native, id=11084, stack(0x000000c453400000,0x000000c453500000) (1024K)]
  0x000002367e5ee670 JavaThread "HttpClient-14-SelectorManager" daemon [_thread_in_native, id=11204, stack(0x000000c44b900000,0x000000c44ba00000) (1024K)]
  0x000002367e5ef390 JavaThread "HttpClient-12-SelectorManager" daemon [_thread_in_native, id=8128, stack(0x000000c44ed00000,0x000000c44ee00000) (1024K)]
  0x000002367e5efa20 JavaThread "HttpClient-13-SelectorManager" daemon [_thread_in_native, id=9804, stack(0x000000c44f800000,0x000000c44f900000) (1024K)]
  0x000002367e5f00b0 JavaThread "External Process Output Forwarder - C:\Users\Mauricio\.cache\selenium\chromedriver\win64\126.0.6478.126\chromedriver.exe" daemon [_thread_in_native, id=9256, stack(0x000000c451f00000,0x000000c452000000) (1024K)]
  0x000002367e5f1af0 JavaThread "Driver Service Executor"    daemon [_thread_blocked, id=11140, stack(0x000000c453500000,0x000000c453600000) (1024K)]
  0x000002367e5eab60 JavaThread "Driver Service Executor"    daemon [_thread_in_native, id=10300, stack(0x000000c453600000,0x000000c453700000) (1024K)]
  0x000002367e506140 JavaThread "HttpClient-15-SelectorManager" daemon [_thread_in_native, id=6980, stack(0x000000c453700000,0x000000c453800000) (1024K)]
  0x000002367e5067d0 JavaThread "UrlChecker-3"               daemon [_thread_blocked, id=10988, stack(0x000000c453800000,0x000000c453900000) (1024K)]
  0x000002367f1bc310 JavaThread "External Process Output Forwarder - C:\Users\Mauricio\.cache\selenium\chromedriver\win64\126.0.6478.126\chromedriver.exe" daemon [_thread_in_native, id=12620, stack(0x000000c453900000,0x000000c453a00000) (1024K)]
  0x000002367f1bc9a0 JavaThread "Driver Service Executor"    daemon [_thread_blocked, id=12436, stack(0x000000c453a00000,0x000000c453b00000) (1024K)]
  0x000002367e70cbe0 JavaThread "Driver Service Executor"    daemon [_thread_in_native, id=5824, stack(0x000000c453b00000,0x000000c453c00000) (1024K)]
  0x000002367e123090 JavaThread "UrlChecker-4"               daemon [_thread_blocked, id=12592, stack(0x000000c453c00000,0x000000c453d00000) (1024K)]
  0x000002367e2ffc50 JavaThread "External Process Output Forwarder - C:\Users\Mauricio\.cache\selenium\chromedriver\win64\126.0.6478.126\chromedriver.exe" daemon [_thread_in_native, id=12600, stack(0x000000c453d00000,0x000000c453e00000) (1024K)]
  0x000002367e2fbab0 JavaThread "Driver Service Executor"    daemon [_thread_blocked, id=12484, stack(0x000000c453e00000,0x000000c453f00000) (1024K)]
  0x000002367e301690 JavaThread "Driver Service Executor"    daemon [_thread_in_native, id=12808, stack(0x000000c453f00000,0x000000c454000000) (1024K)]
  0x000002367e2fef30 JavaThread "External Process Output Forwarder - C:\Users\Mauricio\.cache\selenium\chromedriver\win64\126.0.6478.126\chromedriver.exe" daemon [_thread_in_native, id=4804, stack(0x000000c454000000,0x000000c454100000) (1024K)]
  0x000002367e301000 JavaThread "Driver Service Executor"    daemon [_thread_blocked, id=11016, stack(0x000000c454100000,0x000000c454200000) (1024K)]
  0x000002367e2fc140 JavaThread "Driver Service Executor"    daemon [_thread_in_native, id=7268, stack(0x000000c454200000,0x000000c454300000) (1024K)]
  0x000002367e3002e0 JavaThread "UrlChecker-5"               daemon [_thread_blocked, id=12936, stack(0x000000c454300000,0x000000c454400000) (1024K)]
  0x000002367e301d20 JavaThread "UrlChecker-6"               daemon [_thread_blocked, id=12948, stack(0x000000c454400000,0x000000c454500000) (1024K)]
  0x000002367e300970 JavaThread "Keep-Alive-Timer"           daemon [_thread_blocked, id=13240, stack(0x000000c454500000,0x000000c454600000) (1024K)]
  0x000002367e2fad90 JavaThread "pool-64-thread-1"                  [_thread_blocked, id=9680, stack(0x000000c454600000,0x000000c454700000) (1024K)]
  0x000002367e2ff5c0 JavaThread "pool-64-thread-2"                  [_thread_blocked, id=10512, stack(0x000000c454700000,0x000000c454800000) (1024K)]
  0x000002367e3023b0 JavaThread "pool-64-thread-3"                  [_thread_blocked, id=9904, stack(0x000000c454800000,0x000000c454900000) (1024K)]
  0x000002367e2fd4f0 JavaThread "pool-66-thread-1"                  [_thread_blocked, id=12956, stack(0x000000c44ec00000,0x000000c44ed00000) (1024K)]
  0x000002367e2fc7d0 JavaThread "pool-65-thread-1"                  [_thread_blocked, id=10932, stack(0x000000c454900000,0x000000c454a00000) (1024K)]
  0x000002367e2fb420 JavaThread "pool-63-thread-1"                  [_thread_blocked, id=13308, stack(0x000000c454a00000,0x000000c454b00000) (1024K)]
  0x000002367e2fce60 JavaThread "pool-66-thread-2"                  [_thread_blocked, id=12312, stack(0x000000c454b00000,0x000000c454c00000) (1024K)]
  0x000002367e2fdb80 JavaThread "pool-65-thread-2"                  [_thread_blocked, id=12684, stack(0x000000c454c00000,0x000000c454d00000) (1024K)]
  0x000002367e2fe210 JavaThread "pool-65-thread-3"                  [_thread_blocked, id=12632, stack(0x000000c454d00000,0x000000c454e00000) (1024K)]
  0x000002367e2fe8a0 JavaThread "pool-63-thread-2"                  [_thread_blocked, id=12952, stack(0x000000c454e00000,0x000000c454f00000) (1024K)]
  0x000002367e3c2e50 JavaThread "pool-63-thread-3"                  [_thread_blocked, id=13292, stack(0x000000c454f00000,0x000000c455000000) (1024K)]
Total: 172

Other Threads:
  0x000002361d3ef7c0 VMThread "VM Thread"                           [id=4216, stack(0x000000c44a000000,0x000000c44a100000) (1024K)]
  0x000002361d3d5fb0 WatcherThread "VM Periodic Task Thread"        [id=1344, stack(0x000000c449f00000,0x000000c44a000000) (1024K)]
  0x000002361d367af0 WorkerThread "GC Thread#0"                     [id=7808, stack(0x000000c449a00000,0x000000c449b00000) (1024K)]
  0x000002367e251850 WorkerThread "GC Thread#1"                     [id=8300, stack(0x000000c44ab00000,0x000000c44ac00000) (1024K)]
  0x000002367e251c00 WorkerThread "GC Thread#2"                     [id=1908, stack(0x000000c44ac00000,0x000000c44ad00000) (1024K)]
  0x000002367e251fb0 WorkerThread "GC Thread#3"                     [id=1172, stack(0x000000c44ad00000,0x000000c44ae00000) (1024K)]
  0x000002361d370820 ConcurrentGCThread "G1 Main Marker"            [id=9180, stack(0x000000c449b00000,0x000000c449c00000) (1024K)]
  0x000002361d3719e0 WorkerThread "G1 Conc#0"                       [id=8596, stack(0x000000c449c00000,0x000000c449d00000) (1024K)]
  0x000002361d3c56c0 ConcurrentGCThread "G1 Refine#0"               [id=3644, stack(0x000000c449d00000,0x000000c449e00000) (1024K)]
  0x000002361d3c6150 ConcurrentGCThread "G1 Service"                [id=5548, stack(0x000000c449e00000,0x000000c449f00000) (1024K)]
Total: 10

Threads with active compile tasks:
C2 CompilerThread0   465210 2715       4       jdk.internal.org.objectweb.asm.Frame::execute (2305 bytes)
Total: 1

VM state: not at safepoint (normal execution)

VM Mutex/Monitor currently owned by a thread: None

Heap address: 0x00000000c1c00000, size: 996 MB, Compressed Oops mode: 32-bit

CDS archive(s) mapped at: [0x0000023639000000-0x0000023639cf0000-0x0000023639cf0000), size 13565952, SharedBaseAddress: 0x0000023639000000, ArchiveRelocationMode: 1.
Compressed class space mapped at: 0x000002363a000000-0x000002367a000000, reserved size: 1073741824
Narrow klass base: 0x0000023639000000, Narrow klass shift: 0, Narrow klass range: 0x100000000

GC Precious Log:
 CardTable entry size: 512
 Card Set container configuration: InlinePtr #cards 5 size 8 Array Of Cards #cards 12 size 40 Howl #buckets 4 coarsen threshold 1843 Howl Bitmap #cards 512 size 80 coarsen threshold 460 Card regions per heap region 1 cards per card region 2048
 CPUs: 4 total, 4 available
 Memory: 3977M
 Large Page Support: Disabled
 NUMA Support: Disabled
 Compressed Oops: Enabled (32-bit)
 Heap Region Size: 1M
 Heap Min Capacity: 8M
 Heap Initial Capacity: 64M
 Heap Max Capacity: 996M
 Pre-touch: Disabled
 Parallel Workers: 4
 Concurrent Workers: 1
 Concurrent Refinement Workers: 4
 Periodic GC: Disabled

Heap:
 garbage-first heap   total 65536K, used 13615K [0x00000000c1c00000, 0x0000000100000000)
  region size 1024K, 3 young (3072K), 1 survivors (1024K)
 Metaspace       used 13590K, committed 13952K, reserved 1114112K
  class space    used 1543K, committed 1728K, reserved 1048576K

Heap Regions: E=young(eden), S=young(survivor), O=old, HS=humongous(starts), HC=humongous(continues), CS=collection set, F=free, TAMS=top-at-mark-start, PB=parsable bottom
|   0|0x00000000c1c00000, 0x00000000c1d00000, 0x00000000c1d00000|100%| O|  |TAMS 0x00000000c1c00000| PB 0x00000000c1c00000| Untracked 
|   1|0x00000000c1d00000, 0x00000000c1e00000, 0x00000000c1e00000|100%| O|  |TAMS 0x00000000c1d00000| PB 0x00000000c1d00000| Untracked 
|   2|0x00000000c1e00000, 0x00000000c1f00000, 0x00000000c1f00000|100%| O|  |TAMS 0x00000000c1e00000| PB 0x00000000c1e00000| Untracked 
|   3|0x00000000c1f00000, 0x00000000c2000000, 0x00000000c2000000|100%| O|  |TAMS 0x00000000c1f00000| PB 0x00000000c1f00000| Untracked 
|   4|0x00000000c2000000, 0x00000000c2100000, 0x00000000c2100000|100%| O|  |TAMS 0x00000000c2000000| PB 0x00000000c2000000| Untracked 
|   5|0x00000000c2100000, 0x00000000c2200000, 0x00000000c2200000|100%| O|  |TAMS 0x00000000c2100000| PB 0x00000000c2100000| Untracked 
|   6|0x00000000c2200000, 0x00000000c2300000, 0x00000000c2300000|100%| O|  |TAMS 0x00000000c2200000| PB 0x00000000c2200000| Untracked 
|   7|0x00000000c2300000, 0x00000000c2400000, 0x00000000c2400000|100%| O|  |TAMS 0x00000000c2300000| PB 0x00000000c2300000| Untracked 
|   8|0x00000000c2400000, 0x00000000c2500000, 0x00000000c2500000|100%| O|  |TAMS 0x00000000c2400000| PB 0x00000000c2400000| Untracked 
|   9|0x00000000c2500000, 0x00000000c2600000, 0x00000000c2600000|100%| O|  |TAMS 0x00000000c2500000| PB 0x00000000c2500000| Untracked 
|  10|0x00000000c2600000, 0x00000000c2700000, 0x00000000c2700000|100%| O|  |TAMS 0x00000000c2600000| PB 0x00000000c2600000| Untracked 
|  11|0x00000000c2700000, 0x00000000c27998c0, 0x00000000c2800000| 59%| O|  |TAMS 0x00000000c2700000| PB 0x00000000c2700000| Untracked 
|  12|0x00000000c2800000, 0x00000000c2800000, 0x00000000c2900000|  0%| F|  |TAMS 0x00000000c2800000| PB 0x00000000c2800000| Untracked 
|  13|0x00000000c2900000, 0x00000000c2900000, 0x00000000c2a00000|  0%| F|  |TAMS 0x00000000c2900000| PB 0x00000000c2900000| Untracked 
|  14|0x00000000c2a00000, 0x00000000c2a00000, 0x00000000c2b00000|  0%| F|  |TAMS 0x00000000c2a00000| PB 0x00000000c2a00000| Untracked 
|  15|0x00000000c2b00000, 0x00000000c2b00000, 0x00000000c2c00000|  0%| F|  |TAMS 0x00000000c2b00000| PB 0x00000000c2b00000| Untracked 
|  16|0x00000000c2c00000, 0x00000000c2c00000, 0x00000000c2d00000|  0%| F|  |TAMS 0x00000000c2c00000| PB 0x00000000c2c00000| Untracked 
|  17|0x00000000c2d00000, 0x00000000c2d00000, 0x00000000c2e00000|  0%| F|  |TAMS 0x00000000c2d00000| PB 0x00000000c2d00000| Untracked 
|  18|0x00000000c2e00000, 0x00000000c2e00000, 0x00000000c2f00000|  0%| F|  |TAMS 0x00000000c2e00000| PB 0x00000000c2e00000| Untracked 
|  19|0x00000000c2f00000, 0x00000000c2f00000, 0x00000000c3000000|  0%| F|  |TAMS 0x00000000c2f00000| PB 0x00000000c2f00000| Untracked 
|  20|0x00000000c3000000, 0x00000000c3000000, 0x00000000c3100000|  0%| F|  |TAMS 0x00000000c3000000| PB 0x00000000c3000000| Untracked 
|  21|0x00000000c3100000, 0x00000000c3100000, 0x00000000c3200000|  0%| F|  |TAMS 0x00000000c3100000| PB 0x00000000c3100000| Untracked 
|  22|0x00000000c3200000, 0x00000000c3200000, 0x00000000c3300000|  0%| F|  |TAMS 0x00000000c3200000| PB 0x00000000c3200000| Untracked 
|  23|0x00000000c3300000, 0x00000000c3300000, 0x00000000c3400000|  0%| F|  |TAMS 0x00000000c3300000| PB 0x00000000c3300000| Untracked 
|  24|0x00000000c3400000, 0x00000000c3400000, 0x00000000c3500000|  0%| F|  |TAMS 0x00000000c3400000| PB 0x00000000c3400000| Untracked 
|  25|0x00000000c3500000, 0x00000000c3500000, 0x00000000c3600000|  0%| F|  |TAMS 0x00000000c3500000| PB 0x00000000c3500000| Untracked 
|  26|0x00000000c3600000, 0x00000000c3600000, 0x00000000c3700000|  0%| F|  |TAMS 0x00000000c3600000| PB 0x00000000c3600000| Untracked 
|  27|0x00000000c3700000, 0x00000000c3700000, 0x00000000c3800000|  0%| F|  |TAMS 0x00000000c3700000| PB 0x00000000c3700000| Untracked 
|  28|0x00000000c3800000, 0x00000000c3800000, 0x00000000c3900000|  0%| F|  |TAMS 0x00000000c3800000| PB 0x00000000c3800000| Untracked 
|  29|0x00000000c3900000, 0x00000000c3900000, 0x00000000c3a00000|  0%| F|  |TAMS 0x00000000c3900000| PB 0x00000000c3900000| Untracked 
|  30|0x00000000c3a00000, 0x00000000c3a00000, 0x00000000c3b00000|  0%| F|  |TAMS 0x00000000c3a00000| PB 0x00000000c3a00000| Untracked 
|  31|0x00000000c3b00000, 0x00000000c3b00000, 0x00000000c3c00000|  0%| F|  |TAMS 0x00000000c3b00000| PB 0x00000000c3b00000| Untracked 
|  32|0x00000000c3c00000, 0x00000000c3c00000, 0x00000000c3d00000|  0%| F|  |TAMS 0x00000000c3c00000| PB 0x00000000c3c00000| Untracked 
|  33|0x00000000c3d00000, 0x00000000c3d00000, 0x00000000c3e00000|  0%| F|  |TAMS 0x00000000c3d00000| PB 0x00000000c3d00000| Untracked 
|  34|0x00000000c3e00000, 0x00000000c3e00000, 0x00000000c3f00000|  0%| F|  |TAMS 0x00000000c3e00000| PB 0x00000000c3e00000| Untracked 
|  35|0x00000000c3f00000, 0x00000000c3f00000, 0x00000000c4000000|  0%| F|  |TAMS 0x00000000c3f00000| PB 0x00000000c3f00000| Untracked 
|  36|0x00000000c4000000, 0x00000000c4000000, 0x00000000c4100000|  0%| F|  |TAMS 0x00000000c4000000| PB 0x00000000c4000000| Untracked 
|  37|0x00000000c4100000, 0x00000000c4100000, 0x00000000c4200000|  0%| F|  |TAMS 0x00000000c4100000| PB 0x00000000c4100000| Untracked 
|  38|0x00000000c4200000, 0x00000000c4200000, 0x00000000c4300000|  0%| F|  |TAMS 0x00000000c4200000| PB 0x00000000c4200000| Untracked 
|  39|0x00000000c4300000, 0x00000000c4300000, 0x00000000c4400000|  0%| F|  |TAMS 0x00000000c4300000| PB 0x00000000c4300000| Untracked 
|  40|0x00000000c4400000, 0x00000000c4400000, 0x00000000c4500000|  0%| F|  |TAMS 0x00000000c4400000| PB 0x00000000c4400000| Untracked 
|  41|0x00000000c4500000, 0x00000000c4500000, 0x00000000c4600000|  0%| F|  |TAMS 0x00000000c4500000| PB 0x00000000c4500000| Untracked 
|  42|0x00000000c4600000, 0x00000000c4600000, 0x00000000c4700000|  0%| F|  |TAMS 0x00000000c4600000| PB 0x00000000c4600000| Untracked 
|  43|0x00000000c4700000, 0x00000000c4700000, 0x00000000c4800000|  0%| F|  |TAMS 0x00000000c4700000| PB 0x00000000c4700000| Untracked 
|  44|0x00000000c4800000, 0x00000000c4800000, 0x00000000c4900000|  0%| F|  |TAMS 0x00000000c4800000| PB 0x00000000c4800000| Untracked 
|  45|0x00000000c4900000, 0x00000000c4900000, 0x00000000c4a00000|  0%| F|  |TAMS 0x00000000c4900000| PB 0x00000000c4900000| Untracked 
|  46|0x00000000c4a00000, 0x00000000c4a00000, 0x00000000c4b00000|  0%| F|  |TAMS 0x00000000c4a00000| PB 0x00000000c4a00000| Untracked 
|  47|0x00000000c4b00000, 0x00000000c4b00000, 0x00000000c4c00000|  0%| F|  |TAMS 0x00000000c4b00000| PB 0x00000000c4b00000| Untracked 
|  48|0x00000000c4c00000, 0x00000000c4c00000, 0x00000000c4d00000|  0%| F|  |TAMS 0x00000000c4c00000| PB 0x00000000c4c00000| Untracked 
|  49|0x00000000c4d00000, 0x00000000c4d00000, 0x00000000c4e00000|  0%| F|  |TAMS 0x00000000c4d00000| PB 0x00000000c4d00000| Untracked 
|  50|0x00000000c4e00000, 0x00000000c4e00000, 0x00000000c4f00000|  0%| F|  |TAMS 0x00000000c4e00000| PB 0x00000000c4e00000| Untracked 
|  51|0x00000000c4f00000, 0x00000000c4f00000, 0x00000000c5000000|  0%| F|  |TAMS 0x00000000c4f00000| PB 0x00000000c4f00000| Untracked 
|  52|0x00000000c5000000, 0x00000000c5000000, 0x00000000c5100000|  0%| F|  |TAMS 0x00000000c5000000| PB 0x00000000c5000000| Untracked 
|  53|0x00000000c5100000, 0x00000000c5100000, 0x00000000c5200000|  0%| F|  |TAMS 0x00000000c5100000| PB 0x00000000c5100000| Untracked 
|  54|0x00000000c5200000, 0x00000000c5200000, 0x00000000c5300000|  0%| F|  |TAMS 0x00000000c5200000| PB 0x00000000c5200000| Untracked 
|  55|0x00000000c5300000, 0x00000000c5300000, 0x00000000c5400000|  0%| F|  |TAMS 0x00000000c5300000| PB 0x00000000c5300000| Untracked 
|  56|0x00000000c5400000, 0x00000000c5400000, 0x00000000c5500000|  0%| F|  |TAMS 0x00000000c5400000| PB 0x00000000c5400000| Untracked 
|  57|0x00000000c5500000, 0x00000000c5500000, 0x00000000c5600000|  0%| F|  |TAMS 0x00000000c5500000| PB 0x00000000c5500000| Untracked 
|  58|0x00000000c5600000, 0x00000000c5600000, 0x00000000c5700000|  0%| F|  |TAMS 0x00000000c5600000| PB 0x00000000c5600000| Untracked 
|  59|0x00000000c5700000, 0x00000000c5700000, 0x00000000c5800000|  0%| F|  |TAMS 0x00000000c5700000| PB 0x00000000c5700000| Untracked 
|  60|0x00000000c5800000, 0x00000000c5800000, 0x00000000c5900000|  0%| F|  |TAMS 0x00000000c5800000| PB 0x00000000c5800000| Untracked 
|  61|0x00000000c5900000, 0x00000000c59d5cd0, 0x00000000c5a00000| 83%| E|  |TAMS 0x00000000c5900000| PB 0x00000000c5900000| Complete 
|  62|0x00000000c5a00000, 0x00000000c5ab2700, 0x00000000c5b00000| 69%| S|CS|TAMS 0x00000000c5a00000| PB 0x00000000c5a00000| Complete 
|  63|0x00000000c5b00000, 0x00000000c5c00000, 0x00000000c5c00000|100%| E|CS|TAMS 0x00000000c5b00000| PB 0x00000000c5b00000| Complete 

Card table byte_map: [0x0000023634cc0000,0x0000023634ec0000] _byte_map_base: 0x00000236346b2000

Marking Bits: (CMBitMap*) 0x000002361d368110
 Bits: [0x0000023634ec0000, 0x0000023635e50000)

Polling page: 0x000002361cb00000

Metaspace:

Usage:
  Non-class:     11.76 MB used.
      Class:      1.51 MB used.
       Both:     13.27 MB used.

Virtual space:
  Non-class space:       64.00 MB reserved,      11.94 MB ( 19%) committed,  1 nodes.
      Class space:        1.00 GB reserved,       1.69 MB ( <1%) committed,  1 nodes.
             Both:        1.06 GB reserved,      13.62 MB (  1%) committed. 

Chunk freelists:
   Non-Class:  3.82 MB
       Class:  14.26 MB
        Both:  18.08 MB

MaxMetaspaceSize: unlimited
CompressedClassSpaceSize: 1.00 GB
Initial GC threshold: 21.00 MB
Current GC threshold: 21.00 MB
CDS: on
 - commit_granule_bytes: 65536.
 - commit_granule_words: 8192.
 - virtual_space_node_default_size: 8388608.
 - enlarge_chunks_in_place: 1.
 - use_allocation_guard: 0.


Internal statistics:

num_allocs_failed_limit: 0.
num_arena_births: 440.
num_arena_deaths: 0.
num_vsnodes_births: 2.
num_vsnodes_deaths: 0.
num_space_committed: 218.
num_space_uncommitted: 0.
num_chunks_returned_to_freelist: 0.
num_chunks_taken_from_freelist: 804.
num_chunk_merges: 0.
num_chunk_splits: 456.
num_chunks_enlarged: 213.
num_inconsistent_stats: 0.

CodeHeap 'non-profiled nmethods': size=120000Kb used=855Kb max_used=855Kb free=119144Kb
 bounds [0x000002362d590000, 0x000002362d800000, 0x0000023634ac0000]
CodeHeap 'profiled nmethods': size=120000Kb used=5397Kb max_used=5397Kb free=114602Kb
 bounds [0x0000023625ac0000, 0x0000023626010000, 0x000002362cff0000]
CodeHeap 'non-nmethods': size=5760Kb used=1484Kb max_used=1553Kb free=4275Kb
 bounds [0x000002362cff0000, 0x000002362d260000, 0x000002362d590000]
 total_blobs=3302 nmethods=2741 adapters=465
 compilation: enabled
              stopped_count=0, restarted_count=0
 full_count=0

Compilation events (20 events):
Event: 463.776 Thread 0x00000236382bf780 2735       3       java.util.LinkedHashMap::sequencedKeySet (31 bytes)
Event: 463.777 Thread 0x00000236382bf780 nmethod 2735 0x0000023626000b10 code [0x0000023626000ce0, 0x00000236260011e8]
Event: 463.805 Thread 0x00000236382bf780 2736       1       jdk.internal.net.http.SocketTube$SocketFlowEvent::interestOps (5 bytes)
Event: 463.805 Thread 0x00000236382bf780 nmethod 2736 0x000002362d665790 code [0x000002362d665920, 0x000002362d6659e8]
Event: 463.805 Thread 0x00000236382bf780 2738       3       jdk.internal.net.http.common.SequentialScheduler::runOrSchedule (10 bytes)
Event: 463.805 Thread 0x00000236382bf780 nmethod 2738 0x0000023626001390 code [0x0000023626001540, 0x0000023626001690]
Event: 463.805 Thread 0x00000236382bf780 2737       1       sun.nio.ch.SelectionKeyImpl::selector (5 bytes)
Event: 463.805 Thread 0x00000236382bf780 nmethod 2737 0x000002362d665a90 code [0x000002362d665c20, 0x000002362d665ce8]
Event: 463.805 Thread 0x00000236382bf780 2739       3       java.util.concurrent.ForkJoinTask::compareAndSetForkJoinTaskTag (34 bytes)
Event: 463.805 Thread 0x00000236382bf780 nmethod 2739 0x0000023626001710 code [0x00000236260018c0, 0x0000023626001b50]
Event: 463.806 Thread 0x00000236382bf780 2740       3       jdk.internal.misc.Unsafe::getAndSetReference (24 bytes)
Event: 463.806 Thread 0x00000236382bf780 nmethod 2740 0x0000023626001c10 code [0x0000023626001dc0, 0x0000023626002060]
Event: 463.806 Thread 0x00000236382bf780 2741       3       java.util.concurrent.ConcurrentHashMap::<init> (5 bytes)
Event: 463.807 Thread 0x00000236382bf780 nmethod 2741 0x0000023626002190 code [0x0000023626002340, 0x0000023626002508]
Event: 463.807 Thread 0x00000236382bf780 2742   !   3       java.io.PrintStream::write (94 bytes)
Event: 463.809 Thread 0x00000236382bf780 nmethod 2742 0x0000023626002610 code [0x0000023626002960, 0x0000023626003e60]
Event: 463.809 Thread 0x00000236382bf780 2743       3       java.io.PrintStream::implWrite (29 bytes)
Event: 463.809 Thread 0x00000236382bf780 nmethod 2743 0x0000023626004990 code [0x0000023626004b80, 0x0000023626004fd0]
Event: 463.809 Thread 0x00000236382bf780 2744       3       java.io.OutputStreamWriter::write (11 bytes)
Event: 463.809 Thread 0x00000236382bf780 nmethod 2744 0x0000023626005190 code [0x0000023626005340, 0x0000023626005480]

GC Heap History (8 events):
Event: 211.674 GC heap before
{Heap before GC invocations=0 (full 0):
 garbage-first heap   total 65536K, used 12288K [0x00000000c1c00000, 0x0000000100000000)
  region size 1024K, 13 young (13312K), 0 survivors (0K)
 Metaspace       used 6186K, committed 6400K, reserved 1114112K
  class space    used 700K, committed 768K, reserved 1048576K
}
Event: 211.681 GC heap after
{Heap after GC invocations=1 (full 0):
 garbage-first heap   total 65536K, used 4836K [0x00000000c1c00000, 0x0000000100000000)
  region size 1024K, 2 young (2048K), 2 survivors (2048K)
 Metaspace       used 6186K, committed 6400K, reserved 1114112K
  class space    used 700K, committed 768K, reserved 1048576K
}
Event: 212.308 GC heap before
{Heap before GC invocations=1 (full 0):
 garbage-first heap   total 65536K, used 18148K [0x00000000c1c00000, 0x0000000100000000)
  region size 1024K, 16 young (16384K), 2 survivors (2048K)
 Metaspace       used 11121K, committed 11392K, reserved 1114112K
  class space    used 1263K, committed 1408K, reserved 1048576K
}
Event: 212.315 GC heap after
{Heap after GC invocations=2 (full 0):
 garbage-first heap   total 65536K, used 7168K [0x00000000c1c00000, 0x0000000100000000)
  region size 1024K, 2 young (2048K), 2 survivors (2048K)
 Metaspace       used 11121K, committed 11392K, reserved 1114112K
  class space    used 1263K, committed 1408K, reserved 1048576K
}
Event: 462.035 GC heap before
{Heap before GC invocations=2 (full 0):
 garbage-first heap   total 65536K, used 44032K [0x00000000c1c00000, 0x0000000100000000)
  region size 1024K, 38 young (38912K), 2 survivors (2048K)
 Metaspace       used 13494K, committed 13888K, reserved 1114112K
  class space    used 1529K, committed 1728K, reserved 1048576K
}
Event: 462.528 GC heap after
{Heap after GC invocations=3 (full 0):
 garbage-first heap   total 65536K, used 11935K [0x00000000c1c00000, 0x0000000100000000)
  region size 1024K, 5 young (5120K), 5 survivors (5120K)
 Metaspace       used 13494K, committed 13888K, reserved 1114112K
  class space    used 1529K, committed 1728K, reserved 1048576K
}
Event: 462.643 GC heap before
{Heap before GC invocations=3 (full 0):
 garbage-first heap   total 65536K, used 12959K [0x00000000c1c00000, 0x0000000100000000)
  region size 1024K, 6 young (6144K), 5 survivors (5120K)
 Metaspace       used 13503K, committed 13888K, reserved 1114112K
  class space    used 1529K, committed 1728K, reserved 1048576K
}
Event: 462.649 GC heap after
{Heap after GC invocations=4 (full 0):
 garbage-first heap   total 65536K, used 12591K [0x00000000c1c00000, 0x0000000100000000)
  region size 1024K, 1 young (1024K), 1 survivors (1024K)
 Metaspace       used 13503K, committed 13888K, reserved 1114112K
  class space    used 1529K, committed 1728K, reserved 1048576K
}

Dll operation events (8 events):
Event: 0.006 Loaded shared library C:\Users\Mauricio\Documents\NetBeansJDKs\zulu21.32.17-ca-jdk21.0.2-win_x64\zulu21.32.17-ca-jdk21.0.2-win_x64\bin\java.dll
Event: 0.039 Loaded shared library C:\Users\Mauricio\Documents\NetBeansJDKs\zulu21.32.17-ca-jdk21.0.2-win_x64\zulu21.32.17-ca-jdk21.0.2-win_x64\bin\jsvml.dll
Event: 0.100 Loaded shared library C:\Users\Mauricio\Documents\NetBeansJDKs\zulu21.32.17-ca-jdk21.0.2-win_x64\zulu21.32.17-ca-jdk21.0.2-win_x64\bin\zip.dll
Event: 0.109 Loaded shared library C:\Users\Mauricio\Documents\NetBeansJDKs\zulu21.32.17-ca-jdk21.0.2-win_x64\zulu21.32.17-ca-jdk21.0.2-win_x64\bin\jimage.dll
Event: 0.116 Loaded shared library C:\Users\Mauricio\Documents\NetBeansJDKs\zulu21.32.17-ca-jdk21.0.2-win_x64\zulu21.32.17-ca-jdk21.0.2-win_x64\bin\net.dll
Event: 0.118 Loaded shared library C:\Users\Mauricio\Documents\NetBeansJDKs\zulu21.32.17-ca-jdk21.0.2-win_x64\zulu21.32.17-ca-jdk21.0.2-win_x64\bin\nio.dll
Event: 210.422 Loaded shared library C:\Users\Mauricio\Documents\NetBeansJDKs\zulu21.32.17-ca-jdk21.0.2-win_x64\zulu21.32.17-ca-jdk21.0.2-win_x64\bin\extnet.dll
Event: 211.954 Loaded shared library C:\Users\Mauricio\Documents\NetBeansJDKs\zulu21.32.17-ca-jdk21.0.2-win_x64\zulu21.32.17-ca-jdk21.0.2-win_x64\bin\sunmscapi.dll

Deoptimization events (20 events):
Event: 214.029 Thread 0x00000236382b3a10 DEOPT PACKING pc=0x000002362d607aac sp=0x000000c4496fe880
Event: 214.029 Thread 0x00000236382b3a10 DEOPT UNPACKING pc=0x000002362d0446a2 sp=0x000000c4496fe848 mode 2
Event: 217.207 Thread 0x000002367e70c550 Uncommon trap: trap_request=0xffffffc6 fr.pc=0x000002362d613038 relative=0x0000000000000358
Event: 217.207 Thread 0x000002367e70c550 Uncommon trap: reason=bimorphic_or_optimized_type_check action=maybe_recompile pc=0x000002362d613038 method=java.util.HashMap.getNode(Ljava/lang/Object;)Ljava/util/HashMap$Node; @ 128 c2
Event: 217.207 Thread 0x000002367e70c550 DEOPT PACKING pc=0x000002362d613038 sp=0x000000c44befdc90
Event: 217.207 Thread 0x000002367e70c550 DEOPT UNPACKING pc=0x000002362d0446a2 sp=0x000000c44befdbf8 mode 2
Event: 234.005 Thread 0x00000236384bc460 Uncommon trap: trap_request=0xffffffcc fr.pc=0x000002362d639ec4 relative=0x0000000000000384
Event: 234.005 Thread 0x00000236384bc460 Uncommon trap: reason=intrinsic_or_type_checked_inlining action=make_not_entrant pc=0x000002362d639ec4 method=java.util.Arrays.copyOf([Ljava/lang/Object;ILjava/lang/Class;)[Ljava/lang/Object; @ 35 c2
Event: 234.005 Thread 0x00000236384bc460 DEOPT PACKING pc=0x000002362d639ec4 sp=0x000000c44d6fe4a0
Event: 234.005 Thread 0x00000236384bc460 DEOPT UNPACKING pc=0x000002362d0446a2 sp=0x000000c44d6fe448 mode 2
Event: 264.142 Thread 0x000002367e3c0d80 Uncommon trap: trap_request=0xffffff45 fr.pc=0x000002362d5e0a78 relative=0x0000000000000d78
Event: 264.142 Thread 0x000002367e3c0d80 Uncommon trap: reason=unstable_if action=reinterpret pc=0x000002362d5e0a78 method=java.util.concurrent.ConcurrentHashMap.putVal(Ljava/lang/Object;Ljava/lang/Object;Z)Ljava/lang/Object; @ 97 c2
Event: 264.142 Thread 0x000002367e3c0d80 DEOPT PACKING pc=0x000002362d5e0a78 sp=0x000000c44e9fd1b0
Event: 264.142 Thread 0x000002367e3c0d80 DEOPT UNPACKING pc=0x000002362d0446a2 sp=0x000000c44e9fd138 mode 2
Event: 264.142 Thread 0x000002367e3c0d80 Uncommon trap: trap_request=0xffffff54 fr.pc=0x000002362d623804 relative=0x0000000000004244
Event: 264.142 Thread 0x000002367e3c0d80 Uncommon trap: reason=speculate_null_assert action=make_not_entrant pc=0x000002362d623804 method=java.lang.invoke.MethodType$ConcurrentWeakInternSet.add(Ljava/lang/Object;)Ljava/lang/Object; @ 47 c2
Event: 264.142 Thread 0x000002367e3c0d80 DEOPT PACKING pc=0x000002362d623804 sp=0x000000c44e9fd260
Event: 264.142 Thread 0x000002367e3c0d80 DEOPT UNPACKING pc=0x000002362d0446a2 sp=0x000000c44e9fd208 mode 2
Event: 390.750 Thread 0x000002367e7106f0 DEOPT PACKING pc=0x0000023625e18d5a sp=0x000000c450dfe780
Event: 390.750 Thread 0x000002367e7106f0 DEOPT UNPACKING pc=0x000002362d044e42 sp=0x000000c450dfdc90 mode 0

Classes loaded (20 events):
Event: 215.704 Loading class sun/net/util/SocketExceptions
Event: 215.754 Loading class sun/net/util/SocketExceptions done
Event: 264.017 Loading class java/util/concurrent/CompletionException
Event: 264.127 Loading class java/lang/StackTraceElement$HashedModules
Event: 264.142 Loading class java/lang/StackTraceElement$HashedModules done
Event: 264.142 Loading class java/util/concurrent/CompletionException done
Event: 264.143 Loading class java/util/stream/ReduceOps$2
Event: 264.521 Loading class java/util/stream/ReduceOps$2 done
Event: 264.521 Loading class java/util/stream/ReduceOps$2ReducingSink
Event: 264.799 Loading class java/util/stream/ReduceOps$2ReducingSink done
Event: 264.799 Loading class java/util/concurrent/ConcurrentHashMap$EntrySpliterator
Event: 265.107 Loading class java/util/concurrent/ConcurrentHashMap$EntrySpliterator done
Event: 268.186 Loading class java/net/InetAddress$CachedLocalHost
Event: 268.440 Loading class java/net/InetAddress$CachedLocalHost done
Event: 268.455 Loading class java/util/TreeMap$EntrySpliterator
Event: 268.588 Loading class java/util/TreeMap$EntrySpliterator done
Event: 268.590 Loading class java/util/stream/SortedOps$SizedRefSortingSink
Event: 269.126 Loading class java/util/stream/SortedOps$SizedRefSortingSink done
Event: 462.539 Loading class java/util/LinkedList$LLSpliterator
Event: 462.640 Loading class java/util/LinkedList$LLSpliterator done

Classes unloaded (0 events):
No events

Classes redefined (0 events):
No events

Internal exceptions (20 events):
Event: 461.687 Thread 0x000002367e301d20 Exception <a 'java/net/ConnectException'{0x00000000c363fc48}: Connection refused: getsockopt> (0x00000000c363fc48) 
thrown [s\src\hotspot\share\prims\jni.cpp, line 539]
Event: 461.687 Thread 0x000002367e5067d0 Exception <a 'java/net/ConnectException'{0x00000000c3704e60}: Connection refused: getsockopt> (0x00000000c3704e60) 
thrown [s\src\hotspot\share\prims\jni.cpp, line 539]
Event: 461.707 Thread 0x000002367e3002e0 Exception <a 'java/net/ConnectException'{0x00000000c3622078}: Connection refused: getsockopt> (0x00000000c3622078) 
thrown [s\src\hotspot\share\prims\jni.cpp, line 539]
Event: 461.721 Thread 0x000002367e301d20 Exception <a 'java/net/ConnectException'{0x00000000c3640c10}: Connection refused: getsockopt> (0x00000000c3640c10) 
thrown [s\src\hotspot\share\prims\jni.cpp, line 539]
Event: 461.736 Thread 0x000002367e123090 Exception <a 'java/net/ConnectException'{0x00000000c37872d0}: Connection refused: getsockopt> (0x00000000c37872d0) 
thrown [s\src\hotspot\share\prims\jni.cpp, line 539]
Event: 461.752 Thread 0x000002367e3002e0 Exception <a 'java/net/ConnectException'{0x00000000c3623040}: Connection refused: getsockopt> (0x00000000c3623040) 
thrown [s\src\hotspot\share\prims\jni.cpp, line 539]
Event: 461.768 Thread 0x000002367e301d20 Exception <a 'java/net/ConnectException'{0x00000000c3641bd8}: Connection refused: getsockopt> (0x00000000c3641bd8) 
thrown [s\src\hotspot\share\prims\jni.cpp, line 539]
Event: 461.832 Thread 0x000002367e123090 Exception <a 'java/net/ConnectException'{0x00000000c3788298}: Connection refused: getsockopt> (0x00000000c3788298) 
thrown [s\src\hotspot\share\prims\jni.cpp, line 539]
Event: 461.832 Thread 0x000002367e70d270 Exception <a 'java/net/ConnectException'{0x00000000c380d3b0}: Connection refused: getsockopt> (0x00000000c380d3b0) 
thrown [s\src\hotspot\share\prims\jni.cpp, line 539]
Event: 461.861 Thread 0x000002367e3002e0 Exception <a 'java/net/ConnectException'{0x00000000c3624008}: Connection refused: getsockopt> (0x00000000c3624008) 
thrown [s\src\hotspot\share\prims\jni.cpp, line 539]
Event: 461.861 Thread 0x000002367e301d20 Exception <a 'java/net/ConnectException'{0x00000000c3642ba0}: Connection refused: getsockopt> (0x00000000c3642ba0) 
thrown [s\src\hotspot\share\prims\jni.cpp, line 539]
Event: 461.861 Thread 0x000002367e5067d0 Exception <a 'java/net/ConnectException'{0x00000000c3705e28}: Connection refused: getsockopt> (0x00000000c3705e28) 
thrown [s\src\hotspot\share\prims\jni.cpp, line 539]
Event: 462.533 Thread 0x000002367e70d270 Exception <a 'java/net/ConnectException'{0x00000000c5b41f88}: Connection refused: getsockopt> (0x00000000c5b41f88) 
thrown [s\src\hotspot\share\prims\jni.cpp, line 539]
Event: 462.876 Thread 0x000002367e70d270 Exception <a 'java/net/ConnectException'{0x00000000c5bf8238}: Connection refused: getsockopt> (0x00000000c5bf8238) 
thrown [s\src\hotspot\share\prims\jni.cpp, line 539]
Event: 463.203 Thread 0x000002367e70d270 Exception <a 'java/net/ConnectException'{0x00000000c5bf9200}: Connection refused: getsockopt> (0x00000000c5bf9200) 
thrown [s\src\hotspot\share\prims\jni.cpp, line 539]
Event: 463.514 Thread 0x000002367e121650 Exception <a 'java/lang/NoSuchMethodError'{0x00000000c594f500}: 'java.lang.Object java.lang.invoke.DirectMethodHandle$Holder.invokeSpecial(java.lang.Object, java.lang.Object, java.lang.Object, int, java.lang.Object)'> (0x00000000c594f500) 
thrown [s\src\hotspot\share\interpreter\linkResolver.cpp, line 773]
Event: 463.519 Thread 0x000002367e121650 Exception <a 'java/lang/NoSuchMethodError'{0x00000000c5953308}: 'java.lang.Object java.lang.invoke.Invokers$Holder.linkToTargetMethod(java.lang.Object, int, java.lang.Object, java.lang.Object)'> (0x00000000c5953308) 
thrown [s\src\hotspot\share\interpreter\linkResolver.cpp, line 773]
Event: 463.537 Thread 0x000002367e70d270 Exception <a 'java/net/ConnectException'{0x00000000c5bfa418}: Connection refused: getsockopt> (0x00000000c5bfa418) 
thrown [s\src\hotspot\share\prims\jni.cpp, line 539]
Event: 463.756 Thread 0x000002367e5067d0 Exception <a 'java/net/ConnectException'{0x00000000c5989ee0}: Connection refused: getsockopt> (0x00000000c5989ee0) 
thrown [s\src\hotspot\share\prims\jni.cpp, line 539]
Event: 463.803 Thread 0x000002367e5067d0 Exception <a 'java/net/ConnectException'{0x00000000c59ab2e0}: Connection refused: getsockopt> (0x00000000c59ab2e0) 
thrown [s\src\hotspot\share\prims\jni.cpp, line 539]

ZGC Phase Switch (0 events):
No events

VM Operations (20 events):
Event: 421.786 Executing VM operation: Cleanup
Event: 421.786 Executing VM operation: Cleanup done
Event: 431.869 Executing VM operation: Cleanup
Event: 431.869 Executing VM operation: Cleanup done
Event: 442.987 Executing VM operation: Cleanup
Event: 442.987 Executing VM operation: Cleanup done
Event: 443.996 Executing VM operation: Cleanup
Event: 443.996 Executing VM operation: Cleanup done
Event: 446.024 Executing VM operation: Cleanup
Event: 446.024 Executing VM operation: Cleanup done
Event: 451.072 Executing VM operation: Cleanup
Event: 451.072 Executing VM operation: Cleanup done
Event: 461.142 Executing VM operation: Cleanup
Event: 461.142 Executing VM operation: Cleanup done
Event: 462.035 Executing VM operation: G1CollectForAllocation (G1 Evacuation Pause)
Event: 462.533 Executing VM operation: G1CollectForAllocation (G1 Evacuation Pause) done
Event: 462.542 Executing VM operation: G1CollectForAllocation (G1 Evacuation Pause)
Event: 462.649 Executing VM operation: G1CollectForAllocation (G1 Evacuation Pause) done
Event: 463.662 Executing VM operation: Cleanup
Event: 463.662 Executing VM operation: Cleanup done

Events (20 events):
Event: 461.645 Thread 0x000002367e2fef30 Thread added: 0x000002367e2fef30
Event: 461.646 Thread 0x000002367e301000 Thread added: 0x000002367e301000
Event: 461.646 Thread 0x000002367e2fc140 Thread added: 0x000002367e2fc140
Event: 461.657 Thread 0x000002367e3002e0 Thread added: 0x000002367e3002e0
Event: 461.658 Thread 0x000002367e301d20 Thread added: 0x000002367e301d20
Event: 462.003 Thread 0x000002367e300970 Thread added: 0x000002367e300970
Event: 462.009 Thread 0x000002367e2fad90 Thread added: 0x000002367e2fad90
Event: 462.011 Thread 0x000002367e2ff5c0 Thread added: 0x000002367e2ff5c0
Event: 462.011 Thread 0x000002367e3023b0 Thread added: 0x000002367e3023b0
Event: 462.670 Thread 0x000002367e3c2e50 Thread exited: 0x000002367e3c2e50
Event: 462.672 Thread 0x000002367e2fd4f0 Thread added: 0x000002367e2fd4f0
Event: 462.686 Thread 0x000002367e2fc7d0 Thread added: 0x000002367e2fc7d0
Event: 462.689 Thread 0x000002367e2fb420 Thread added: 0x000002367e2fb420
Event: 462.693 Thread 0x000002367e2fce60 Thread added: 0x000002367e2fce60
Event: 462.696 Thread 0x000002367e2fdb80 Thread added: 0x000002367e2fdb80
Event: 462.697 Thread 0x000002367e2fe210 Thread added: 0x000002367e2fe210
Event: 462.708 Thread 0x000002367e2fe8a0 Thread added: 0x000002367e2fe8a0
Event: 462.709 Thread 0x000002367e3c2e50 Thread added: 0x000002367e3c2e50
Event: 463.501 Thread 0x000002367e11e1d0 Thread exited: 0x000002367e11e1d0
Event: 463.642 Thread 0x000002367e121ce0 Thread exited: 0x000002367e121ce0


Dynamic libraries:
0x00007ff7b8d60000 - 0x00007ff7b8d6e000 	C:\Users\Mauricio\Documents\NetBeansJDKs\zulu21.32.17-ca-jdk21.0.2-win_x64\zulu21.32.17-ca-jdk21.0.2-win_x64\bin\java.exe
0x00007ffc0adf0000 - 0x00007ffc0afe8000 	C:\Windows\SYSTEM32\ntdll.dll
0x00007ffc09ad0000 - 0x00007ffc09b8f000 	C:\Windows\System32\KERNEL32.DLL
0x00007ffc08780000 - 0x00007ffc08a76000 	C:\Windows\System32\KERNELBASE.dll
0x00007ffc08500000 - 0x00007ffc08600000 	C:\Windows\System32\ucrtbase.dll
0x00007ffc05130000 - 0x00007ffc05148000 	C:\Users\Mauricio\Documents\NetBeansJDKs\zulu21.32.17-ca-jdk21.0.2-win_x64\zulu21.32.17-ca-jdk21.0.2-win_x64\bin\jli.dll
0x00007ffc04fa0000 - 0x00007ffc04fbb000 	C:\Users\Mauricio\Documents\NetBeansJDKs\zulu21.32.17-ca-jdk21.0.2-win_x64\zulu21.32.17-ca-jdk21.0.2-win_x64\bin\VCRUNTIME140.dll
0x00007ffc0a070000 - 0x00007ffc0a20d000 	C:\Windows\System32\USER32.dll
0x00007ffc084d0000 - 0x00007ffc084f2000 	C:\Windows\System32\win32u.dll
0x00007ffc09b90000 - 0x00007ffc09bbc000 	C:\Windows\System32\GDI32.dll
0x00007ffbed100000 - 0x00007ffbed39a000 	C:\Windows\WinSxS\amd64_microsoft.windows.common-controls_6595b64144ccf1df_6.0.19041.1110_none_60b5254171f9507e\COMCTL32.dll
0x00007ffc08d30000 - 0x00007ffc08e45000 	C:\Windows\System32\gdi32full.dll
0x00007ffc08600000 - 0x00007ffc0869d000 	C:\Windows\System32\msvcp_win.dll
0x00007ffc09f20000 - 0x00007ffc09fbe000 	C:\Windows\System32\msvcrt.dll
0x00007ffc09aa0000 - 0x00007ffc09ad0000 	C:\Windows\System32\IMM32.DLL
0x00007ffc04f60000 - 0x00007ffc04f6c000 	C:\Users\Mauricio\Documents\NetBeansJDKs\zulu21.32.17-ca-jdk21.0.2-win_x64\zulu21.32.17-ca-jdk21.0.2-win_x64\bin\vcruntime140_1.dll
0x00007ffbe8d50000 - 0x00007ffbe8dde000 	C:\Users\Mauricio\Documents\NetBeansJDKs\zulu21.32.17-ca-jdk21.0.2-win_x64\zulu21.32.17-ca-jdk21.0.2-win_x64\bin\msvcp140.dll
0x00007ffbcecd0000 - 0x00007ffbcfa65000 	C:\Users\Mauricio\Documents\NetBeansJDKs\zulu21.32.17-ca-jdk21.0.2-win_x64\zulu21.32.17-ca-jdk21.0.2-win_x64\bin\server\jvm.dll
0x00007ffc099f0000 - 0x00007ffc09a9f000 	C:\Windows\System32\ADVAPI32.dll
0x00007ffc09fc0000 - 0x00007ffc0a05c000 	C:\Windows\System32\sechost.dll
0x00007ffc0a290000 - 0x00007ffc0a3b6000 	C:\Windows\System32\RPCRT4.dll
0x00007ffc09920000 - 0x00007ffc0998b000 	C:\Windows\System32\WS2_32.dll
0x00007ffc08340000 - 0x00007ffc0838b000 	C:\Windows\SYSTEM32\POWRPROF.dll
0x00007ffbec960000 - 0x00007ffbec987000 	C:\Windows\SYSTEM32\WINMM.dll
0x00007ffbf6360000 - 0x00007ffbf636a000 	C:\Windows\SYSTEM32\VERSION.dll
0x00007ffc08320000 - 0x00007ffc08332000 	C:\Windows\SYSTEM32\UMPDC.dll
0x00007ffc06380000 - 0x00007ffc06392000 	C:\Windows\SYSTEM32\kernel.appcore.dll
0x00007ffc04f50000 - 0x00007ffc04f5a000 	C:\Users\Mauricio\Documents\NetBeansJDKs\zulu21.32.17-ca-jdk21.0.2-win_x64\zulu21.32.17-ca-jdk21.0.2-win_x64\bin\jimage.dll
0x00007ffbf3f00000 - 0x00007ffbf40e4000 	C:\Windows\SYSTEM32\DBGHELP.DLL
0x00007ffbf1960000 - 0x00007ffbf1994000 	C:\Windows\SYSTEM32\dbgcore.DLL
0x00007ffc08ca0000 - 0x00007ffc08d22000 	C:\Windows\System32\bcryptPrimitives.dll
0x00007ffc039d0000 - 0x00007ffc039ef000 	C:\Users\Mauricio\Documents\NetBeansJDKs\zulu21.32.17-ca-jdk21.0.2-win_x64\zulu21.32.17-ca-jdk21.0.2-win_x64\bin\java.dll
0x00007ffc08e50000 - 0x00007ffc09594000 	C:\Windows\System32\SHELL32.dll
0x00007ffc06580000 - 0x00007ffc06d13000 	C:\Windows\SYSTEM32\windows.storage.dll
0x00007ffc09bc0000 - 0x00007ffc09f14000 	C:\Windows\System32\combase.dll
0x00007ffc07e40000 - 0x00007ffc07e6e000 	C:\Windows\SYSTEM32\Wldp.dll
0x00007ffc0a620000 - 0x00007ffc0a6cd000 	C:\Windows\System32\SHCORE.dll
0x00007ffc0ad50000 - 0x00007ffc0ada5000 	C:\Windows\System32\shlwapi.dll
0x00007ffc08410000 - 0x00007ffc0842f000 	C:\Windows\SYSTEM32\profapi.dll
0x00007ffbeb290000 - 0x00007ffbeb367000 	C:\Users\Mauricio\Documents\NetBeansJDKs\zulu21.32.17-ca-jdk21.0.2-win_x64\zulu21.32.17-ca-jdk21.0.2-win_x64\bin\jsvml.dll
0x00007ffc03990000 - 0x00007ffc039a8000 	C:\Users\Mauricio\Documents\NetBeansJDKs\zulu21.32.17-ca-jdk21.0.2-win_x64\zulu21.32.17-ca-jdk21.0.2-win_x64\bin\zip.dll
0x00007ffc03a90000 - 0x00007ffc03aa0000 	C:\Users\Mauricio\Documents\NetBeansJDKs\zulu21.32.17-ca-jdk21.0.2-win_x64\zulu21.32.17-ca-jdk21.0.2-win_x64\bin\net.dll
0x00007ffbffee0000 - 0x00007ffbfffea000 	C:\Windows\SYSTEM32\WINHTTP.dll
0x00007ffc07ba0000 - 0x00007ffc07c0a000 	C:\Windows\system32\mswsock.dll
0x00007ffc039b0000 - 0x00007ffc039c6000 	C:\Users\Mauricio\Documents\NetBeansJDKs\zulu21.32.17-ca-jdk21.0.2-win_x64\zulu21.32.17-ca-jdk21.0.2-win_x64\bin\nio.dll
0x00007ffc03970000 - 0x00007ffc03979000 	C:\Users\Mauricio\Documents\NetBeansJDKs\zulu21.32.17-ca-jdk21.0.2-win_x64\zulu21.32.17-ca-jdk21.0.2-win_x64\bin\extnet.dll
0x00007ffc078d0000 - 0x00007ffc0799a000 	C:\Windows\SYSTEM32\DNSAPI.dll
0x00007ffc07890000 - 0x00007ffc078cc000 	C:\Windows\SYSTEM32\IPHLPAPI.DLL
0x00007ffc0a060000 - 0x00007ffc0a068000 	C:\Windows\System32\NSI.dll
0x00007ffc00550000 - 0x00007ffc0055a000 	C:\Windows\System32\rasadhlp.dll
0x00007ffbffa60000 - 0x00007ffbffae2000 	C:\Windows\System32\fwpuclnt.dll
0x00007ffc08750000 - 0x00007ffc08777000 	C:\Windows\System32\bcrypt.dll
0x00007ffc07da0000 - 0x00007ffc07db8000 	C:\Windows\SYSTEM32\CRYPTSP.dll
0x00007ffc074c0000 - 0x00007ffc074f4000 	C:\Windows\system32\rsaenh.dll
0x00007ffc083d0000 - 0x00007ffc083fe000 	C:\Windows\SYSTEM32\USERENV.dll
0x00007ffc07d90000 - 0x00007ffc07d9c000 	C:\Windows\SYSTEM32\CRYPTBASE.dll
0x00007ffbf7e00000 - 0x00007ffbf7e0e000 	C:\Users\Mauricio\Documents\NetBeansJDKs\zulu21.32.17-ca-jdk21.0.2-win_x64\zulu21.32.17-ca-jdk21.0.2-win_x64\bin\sunmscapi.dll
0x00007ffc08a80000 - 0x00007ffc08bde000 	C:\Windows\System32\CRYPT32.dll
0x00007ffc07eb0000 - 0x00007ffc07ed8000 	C:\Windows\SYSTEM32\ncrypt.dll
0x00007ffc07e70000 - 0x00007ffc07eab000 	C:\Windows\SYSTEM32\NTASN1.dll
0x00007ffbf7f40000 - 0x00007ffbf7f47000 	C:\Windows\system32\wshunix.dll
0x00007ffbff960000 - 0x00007ffbff977000 	C:\Windows\system32\napinsp.dll
0x00007ffbff940000 - 0x00007ffbff95b000 	C:\Windows\system32\pnrpnsp.dll
0x00007ffbff920000 - 0x00007ffbff935000 	C:\Windows\system32\wshbth.dll
0x00007ffc049c0000 - 0x00007ffc049dd000 	C:\Windows\system32\NLAapi.dll
0x00007ffbff900000 - 0x00007ffbff912000 	C:\Windows\System32\winrnr.dll

dbghelp: loaded successfully - version: 4.0.5 - missing functions: none
symbol engine: initialized successfully - sym options: 0x614 - pdb path: .;C:\Users\Mauricio\Documents\NetBeansJDKs\zulu21.32.17-ca-jdk21.0.2-win_x64\zulu21.32.17-ca-jdk21.0.2-win_x64\bin;C:\Windows\SYSTEM32;C:\Windows\WinSxS\amd64_microsoft.windows.common-controls_6595b64144ccf1df_6.0.19041.1110_none_60b5254171f9507e;C:\Users\Mauricio\Documents\NetBeansJDKs\zulu21.32.17-ca-jdk21.0.2-win_x64\zulu21.32.17-ca-jdk21.0.2-win_x64\bin\server

VM Arguments:
java_command: principal.AgendadorDeTarefas
java_class_path (initial): C:\PROGRAMAS\AcoesFundos\target\classes;C:\Users\Mauricio\.m2\repository\org\seleniumhq\selenium\selenium-chrome-driver\4.18.0\selenium-chrome-driver-4.18.0.jar;C:\Users\Mauricio\.m2\repository\com\google\auto\service\auto-service-annotations\1.1.1\auto-service-annotations-1.1.1.jar;C:\Users\Mauricio\.m2\repository\org\seleniumhq\selenium\selenium-api\4.18.0\selenium-api-4.18.0.jar;C:\Users\Mauricio\.m2\repository\org\seleniumhq\selenium\selenium-chromium-driver\4.18.0\selenium-chromium-driver-4.18.0.jar;C:\Users\Mauricio\.m2\repository\org\seleniumhq\selenium\selenium-json\4.18.0\selenium-json-4.18.0.jar;C:\Users\Mauricio\.m2\repository\org\seleniumhq\selenium\selenium-manager\4.18.0\selenium-manager-4.18.0.jar;C:\Users\Mauricio\.m2\repository\org\seleniumhq\selenium\selenium-os\4.18.0\selenium-os-4.18.0.jar;C:\Users\Mauricio\.m2\repository\org\apache\commons\commons-exec\1.3\commons-exec-1.3.jar;C:\Users\Mauricio\.m2\repository\org\seleniumhq\selenium\selenium-remote-driver\4.18.0\selenium-remote-driver-4.18.0.jar;C:\Users\Mauricio\.m2\repository\com\google\guava\guava\33.0.0-jre\guava-33.0.0-jre.jar;C:\Users\Mauricio\.m2\repository\com\google\guava\failureaccess\1.0.2\failureaccess-1.0.2.jar;C:\Users\Mauricio\.m2\repository\com\google\guava\listenablefuture\9999.0-empty-to-avoid-conflict-with-guava\listenablefuture-9999.0-empty-to-avoid-conflict-with-guava.jar;C:\Users\Mauricio\.m2\repository\com\google\code\findbugs\jsr305\3.0.2\jsr305-3.0.2.jar;C:\Users\Mauricio\.m2\repository\org\checkerframework\checker-qual\3.41.0\checker-qual-3.41.0.jar;C:\Users\Mauricio\.m2\repository\com\google\errorprone\error_prone_annotations\2.23.0\error_prone_annotations-2.23.0.jar;C:\Users\Mauricio\.m2\repository\com\google\j2objc\j2objc-annotations\2.8\j2objc-annotations-2.8.jar;C:\Users\Mauricio\.m2\repository\io\opentelemetry\semconv\opentelemetry-semconv\1.23.1-alpha\opentelemetry-semconv-1.23.1-alpha.jar;C:\Users\Mauricio\.m2\repository\io\opentelemetry\opentelemetry-api\1.35.0\opentelemetry-api-1.35.0.jar;C:\Users\Mauricio\.m2\repository\io\opentelemetry\opentelemetry-context\1.35.0\opentelemetry-context-1.35.0.jar;C:\Users\Mauricio\.m2\repository\io\opentelemetry\opentelemetry-exporter-logging\1.35.0\opentelemetry-exporter-logging-1.35.0.jar;C:\Users\Mauricio\.m2\repository\io\opentelemetry\opentelemetry-sdk-common\1.35.0\opentelemetry-sdk-common-1.35.0.jar;C:\Users\Mauricio\.m2\repository\io\opentelemetry\opentelemetry-sdk-extension-autoconfigure-spi\1.35.0\opentelemetry-sdk-extension-autoconfigure-spi-1.35.0.jar;C:\Users\Mauricio\.m2\repository\io\opentelemetry\opentelemetry-sdk-extension-autoconfigure\1.35.0\opentelemetry-sdk-extension-autoconfigure-1.35.0.jar;C:\Users\Mauricio\.m2\repository\io\opentelemetry\opentelemetry-api-events\1.35.0-alpha\opentelemetry-api-events-1.35.0-alpha.jar;C:\Users\Mauricio\.m2\repository\io\opentelemetry\opentelemetry-sdk-trace\1.35.0\opentelemetry-sdk-trace-1.35.0.jar;C:\Users\Mauricio\.m2\repository\io\opentelemetry\opentelemetry-extension-incubator\1.35.0-alpha\opentelemetry-extension-incubator-1.35.0-alpha.jar;C:\Users\Mauricio\.m2\repository\io\opentelemetry\opentelemetry-sdk\1.35.0\opentelemetry-sdk-1.35.0.jar;C:\Users\Mauricio\.m2\repository\io\opentelemetry\opentelemetry-sdk-metrics\1.35.0\opentelemetry-sdk-metrics-1.35.0.jar;C:\Users\Mauricio\.m2\repository\io\opentelemetry\opentelemetry-sdk-logs\1.35.0\opentelemetry-sdk-logs-1.35.0.jar;C:\Users\Mauricio\.m2\repository\net\bytebuddy\byte-buddy\1.14.12\byte-buddy-1.14.12.jar;C:\Users\Mauricio\.m2\repository\org\seleniumhq\selenium\selenium-http\4.18.0\selenium-http-4.18.0.jar;C:\Users\Mauricio\.m2\repository\dev\failsafe\failsafe\3.3.2\failsafe-3.3.2.jar;C:\Users\Mauricio\.m2\repository\org\seleniumhq\selenium\selenium-java\4.18.0\selenium-java-4.18.0.jar;C:\Users\Mauricio\.m2\repository\org\seleniumhq\selenium\selenium-devtools-v119\4.18.0\selenium-devtools-v119-4.18.0.jar;C:\Users\Mauricio\.m2\repository\org\seleniumhq\selenium\selenium-devtools-v120\4.18.0\selenium-devtools-v120-4.18.0.jar;C:\Users\Mauricio\.m2\repository\org\seleniumhq\selenium\selenium-devtools-v121\4.18.0\selenium-devtools-v121-4.18.0.jar;C:\Users\Mauricio\.m2\repository\org\seleniumhq\selenium\selenium-devtools-v85\4.18.0\selenium-devtools-v85-4.18.0.jar;C:\Users\Mauricio\.m2\repository\org\seleniumhq\selenium\selenium-edge-driver\4.18.0\selenium-edge-driver-4.18.0.jar;C:\Users\Mauricio\.m2\repository\org\seleniumhq\selenium\selenium-firefox-driver\4.18.0\selenium-firefox-driver-4.18.0.jar;C:\Users\Mauricio\.m2\repository\org\seleniumhq\selenium\selenium-ie-driver\4.18.0\selenium-ie-driver-4.18.0.jar;C:\Users\Mauricio\.m2\repository\org\seleniumhq\selenium\selenium-safari-driver\4.18.0\selenium-safari-driver-4.18.0.jar;C:\Users\Mauricio\.m2\repository\org\seleniumhq\selenium\selenium-support\4.18.0\selenium-support-4.18.0.jar;C:\Users\Mauricio\.m2\repository\com\mysql\mysql-connector-j\8.0.33\mysql-connector-j-8.0.33.jar;C:\Users\Mauricio\.m2\repository\com\google\protobuf\protobuf-java\3.21.9\protobuf-java-3.21.9.jar
Launcher Type: SUN_STANDARD

[Global flags]
     intx CICompilerCount                          = 3                                         {product} {ergonomic}
     uint ConcGCThreads                            = 1                                         {product} {ergonomic}
     uint G1ConcRefinementThreads                  = 4                                         {product} {ergonomic}
   size_t G1HeapRegionSize                         = 1048576                                   {product} {ergonomic}
    uintx GCDrainStackTargetSize                   = 64                                        {product} {ergonomic}
   size_t InitialHeapSize                          = 67108864                                  {product} {ergonomic}
   size_t MarkStackSize                            = 4194304                                   {product} {ergonomic}
   size_t MaxHeapSize                              = 1044381696                                {product} {ergonomic}
   size_t MaxNewSize                               = 625999872                                 {product} {ergonomic}
   size_t MinHeapDeltaBytes                        = 1048576                                   {product} {ergonomic}
   size_t MinHeapSize                              = 8388608                                   {product} {ergonomic}
    uintx NonNMethodCodeHeapSize                   = 5832780                                {pd product} {ergonomic}
    uintx NonProfiledCodeHeapSize                  = 122912730                              {pd product} {ergonomic}
    uintx ProfiledCodeHeapSize                     = 122912730                              {pd product} {ergonomic}
    uintx ReservedCodeCacheSize                    = 251658240                              {pd product} {ergonomic}
     bool SegmentedCodeCache                       = true                                      {product} {ergonomic}
   size_t SoftMaxHeapSize                          = 1044381696                             {manageable} {ergonomic}
     bool UseCompressedOops                        = true                           {product lp64_product} {ergonomic}
     bool UseG1GC                                  = true                                      {product} {ergonomic}
     bool UseLargePagesIndividualAllocation        = false                                  {pd product} {ergonomic}

Logging:
Log output configuration:
 #0: stdout all=warning uptime,level,tags foldmultilines=false
 #1: stderr all=off uptime,level,tags foldmultilines=false

Environment Variables:
JAVA_HOME=C:\Users\Mauricio\Documents\NetBeansJDKs\zulu21.32.17-ca-jdk21.0.2-win_x64\zulu21.32.17-ca-jdk21.0.2-win_x64
PATH=C:\Program Files (x86)\Common Files\Oracle\Java\javapath;C:\Program Files\Common Files\Oracle\Java\javapath;C:\Program Files\Java\jre1.8.0_202\bin;C:\Windows\system32;C:\Windows;C:\Windows\System32\Wbem;C:\Windows\System32\WindowsPowerShell\v1.0\;C:\Windows\System32\OpenSSH\;C:\Program Files\Microsoft SQL Server\Client SDK\ODBC\170\Tools\Binn\;C:\Program Files\Azure Data Studio\bin;C:\Program Files\Git\cmd;C:\Program Files (x86)\Microsoft SQL Server\160\Tools\Binn\;C:\Program Files\Microsoft SQL Server\160\Tools\Binn\;C:\Program Files\Microsoft SQL Server\160\DTS\Binn\;C:\Program Files\MySQL\MySQL Shell 8.0\bin\;C:\Users\Mauricio\AppData\Local\Microsoft\WindowsApps;;C:\Program Files\Azure Data Studio\bin;C:\Users\Mauricio\AppData\Local\Programs\Microsoft VS Code\bin
USERNAME=Mauricio
OS=Windows_NT
PROCESSOR_IDENTIFIER=Intel64 Family 6 Model 78 Stepping 3, GenuineIntel
TMP=C:\Users\Mauricio\AppData\Local\Temp
TEMP=C:\Users\Mauricio\AppData\Local\Temp




Periodic native trim disabled

---------------  S Y S T E M  ---------------

OS:
 Windows 10 , 64 bit Build 19041 (10.0.19041.3031)
OS uptime: 0 days 1:43 hours

CPU: total 4 (initial active 4) (2 cores per cpu, 2 threads per core) family 6 model 78 stepping 3 microcode 0xcc, cx8, cmov, fxsr, ht, mmx, 3dnowpref, sse, sse2, sse3, ssse3, sse4.1, sse4.2, popcnt, lzcnt, tsc, tscinvbit, avx, avx2, aes, erms, clmul, bmi1, bmi2, rtm, adx, fma, vzeroupper, clflush, clflushopt, rdtscp, f16c
Processor Information for all 4 processors :
  Max Mhz: 2301, Current Mhz: 2300, Mhz Limit: 2277

Memory: 4k page, system-wide physical 3977M (548M free)
TotalPageFile size 6025M (AvailPageFile size 24M)
current process WorkingSet (physical memory assigned to process): 117M, peak: 117M
current process commit charge ("private bytes"): 182M, peak: 182M

vm_info: OpenJDK 64-Bit Server VM (21.0.2+13-LTS) for windows-amd64 JRE (21.0.2+13-LTS) (Zulu21.32+17-CA), built on 2024-01-09T19:19:09Z by "zulu_re" with MS VC++ 17.1 (VS2022)

END.
