#
# There is insufficient memory for the Java Runtime Environment to continue.
# Native memory allocation (malloc) failed to allocate 1407536 bytes for Chunk::new
# Possible reasons:
#   The system is out of physical RAM or swap space
#   The process is running with CompressedOops enabled, and the Java Heap may be blocking the growth of the native heap
# Possible solutions:
#   Reduce memory load on the system
#   Increase physical memory or swap space
#   Check if swap backing store is full
#   Decrease Java heap size (-Xmx/-Xms)
#   Decrease number of Java threads
#   Decrease Java thread stack sizes (-Xss)
#   Set larger code cache with -XX:ReservedCodeCacheSize=
#   JVM is running with Unscaled Compressed Oops mode in which the Java heap is
#     placed in the first 4GB address space. The Java Heap base address is the
#     maximum limit for the native heap growth. Please use -XX:HeapBaseMinAddress
#     to set the Java Heap base and to place the Java Heap above 4GB virtual address.
# This output file may be truncated or incomplete.
#
#  Out of Memory Error (arena.cpp:168), pid=4116, tid=10680
#
# JRE version: Java(TM) SE Runtime Environment (21.0.2+13) (build 21.0.2+13-LTS-58)
# Java VM: Java HotSpot(TM) 64-Bit Server VM (21.0.2+13-LTS-58, mixed mode, sharing, tiered, compressed oops, compressed class ptrs, g1 gc, windows-amd64)
# No core dump will be written. Minidumps are not enabled by default on client versions of Windows
#

---------------  S U M M A R Y ------------

Command Line: principal.FundosAcoes

Host: Intel(R) Core(TM) i3-6100U CPU @ 2.30GHz, 4 cores, 3G,  Windows 10 , 64 bit Build 19041 (10.0.19041.3031)
Time: Tue Feb 27 12:04:00 2024 Hora oficial do Brasil elapsed time: 9.676994 seconds (0d 0h 0m 9s)

---------------  T H R E A D  ---------------

Current thread (0x000001ee1e3b3290):  JavaThread "C2 CompilerThread0" daemon [_thread_in_native, id=10680, stack(0x000000e8bd600000,0x000000e8bd700000) (1024K)]


Current CompileTask:
C2:   9677 1690       4       java.lang.invoke.MethodType::makeImpl (109 bytes)

Stack: [0x000000e8bd600000,0x000000e8bd700000]
Native frames: (J=compiled Java code, j=interpreted, Vv=VM code, C=native code)
V  [jvm.dll+0x6cade9]
V  [jvm.dll+0x8569c1]
V  [jvm.dll+0x858d2e]
V  [jvm.dll+0x859413]
V  [jvm.dll+0x280e56]
V  [jvm.dll+0xc3f3d]
V  [jvm.dll+0xc4473]
V  [jvm.dll+0x3b5bf2]
V  [jvm.dll+0x382855]
V  [jvm.dll+0x381cca]
V  [jvm.dll+0x249bd0]
V  [jvm.dll+0x2491b1]
V  [jvm.dll+0x1c9634]
V  [jvm.dll+0x258859]
V  [jvm.dll+0x256e3a]
V  [jvm.dll+0x3ef6c6]
V  [jvm.dll+0x7ff568]
V  [jvm.dll+0x6c953d]
C  [ucrtbase.dll+0x21bb2]
C  [KERNEL32.DLL+0x17614]
C  [ntdll.dll+0x526f1]


---------------  P R O C E S S  ---------------

Threads class SMR info:
_java_thread_list=0x000001ee64899220, length=25, elements={
0x000001ee1e3a8df0, 0x000001ee1e3a9c10, 0x000001ee1e3ad410, 0x000001ee1e3aff80,
0x000001ee1e3b0c60, 0x000001ee1e3b1ee0, 0x000001ee1e3b3290, 0x000001ee1e3c3a90,
0x000001ee1e664780, 0x000001ee1e66c220, 0x000001ee64077f20, 0x000001ee64412b30,
0x000001ee643920b0, 0x000001ee6442daf0, 0x000001ee64392720, 0x000001ee642b1dc0,
0x000001ee642b2750, 0x000001ee6482e0e0, 0x000001ee6482e770, 0x000001ee6482f490,
0x000001ee6482cd30, 0x000001ee6482c6a0, 0x000001ee6482ee00, 0x000001ee64565840,
0x000001ee6482c010
}

Java Threads: ( => current thread )
  0x000001ee1e3a8df0 JavaThread "Reference Handler"          daemon [_thread_blocked, id=10656, stack(0x000000e8bd000000,0x000000e8bd100000) (1024K)]
  0x000001ee1e3a9c10 JavaThread "Finalizer"                  daemon [_thread_blocked, id=9940, stack(0x000000e8bd100000,0x000000e8bd200000) (1024K)]
  0x000001ee1e3ad410 JavaThread "Signal Dispatcher"          daemon [_thread_blocked, id=7836, stack(0x000000e8bd200000,0x000000e8bd300000) (1024K)]
  0x000001ee1e3aff80 JavaThread "Attach Listener"            daemon [_thread_blocked, id=4596, stack(0x000000e8bd300000,0x000000e8bd400000) (1024K)]
  0x000001ee1e3b0c60 JavaThread "Service Thread"             daemon [_thread_blocked, id=5020, stack(0x000000e8bd400000,0x000000e8bd500000) (1024K)]
  0x000001ee1e3b1ee0 JavaThread "Monitor Deflation Thread"   daemon [_thread_blocked, id=1084, stack(0x000000e8bd500000,0x000000e8bd600000) (1024K)]
=>0x000001ee1e3b3290 JavaThread "C2 CompilerThread0"         daemon [_thread_in_native, id=10680, stack(0x000000e8bd600000,0x000000e8bd700000) (1024K)]
  0x000001ee1e3c3a90 JavaThread "C1 CompilerThread0"         daemon [_thread_blocked, id=11696, stack(0x000000e8bd700000,0x000000e8bd800000) (1024K)]
  0x000001ee1e664780 JavaThread "Notification Thread"        daemon [_thread_blocked, id=11692, stack(0x000000e8bd800000,0x000000e8bd900000) (1024K)]
  0x000001ee1e66c220 JavaThread "Common-Cleaner"             daemon [_thread_blocked, id=11688, stack(0x000000e8bd900000,0x000000e8bda00000) (1024K)]
  0x000001ee64077f20 JavaThread "ForkJoinPool.commonPool-worker-1" daemon [_thread_blocked, id=3344, stack(0x000000e8bda00000,0x000000e8bdb00000) (1024K)]
  0x000001ee64412b30 JavaThread "HttpClient-1-SelectorManager" daemon [_thread_in_native, id=9312, stack(0x000000e8bdb00000,0x000000e8bdc00000) (1024K)]
  0x000001ee643920b0 JavaThread "External Process Output Forwarder - C:\Users\Mauricio\.cache\selenium\chromedriver\win64\122.0.6261.69\chromedriver.exe" daemon [_thread_in_native, id=1312, stack(0x000000e8bdf00000,0x000000e8be000000) (1024K)]
  0x000001ee6442daf0 JavaThread "Driver Service Executor"    daemon [_thread_blocked, id=11980, stack(0x000000e8be000000,0x000000e8be100000) (1024K)]
  0x000001ee64392720 JavaThread "Driver Service Executor"    daemon [_thread_in_native, id=11984, stack(0x000000e8be100000,0x000000e8be200000) (1024K)]
  0x000001ee642b1dc0 JavaThread "UrlChecker-2"               daemon [_thread_blocked, id=10284, stack(0x000000e8be200000,0x000000e8be300000) (1024K)]
  0x000001ee642b2750 JavaThread "Keep-Alive-Timer"           daemon [_thread_blocked, id=8552, stack(0x000000e8be400000,0x000000e8be500000) (1024K)]
  0x000001ee6482e0e0 JavaThread "pool-1-thread-1"                   [_thread_blocked, id=10116, stack(0x000000e8be500000,0x000000e8be600000) (1024K)]
  0x000001ee6482e770 JavaThread "pool-1-thread-2"                   [_thread_blocked, id=6696, stack(0x000000e8be600000,0x000000e8be700000) (1024K)]
  0x000001ee6482f490 JavaThread "HttpClient-2-SelectorManager" daemon [_thread_in_native, id=5488, stack(0x000000e8be700000,0x000000e8be800000) (1024K)]
  0x000001ee6482cd30 JavaThread "pool-2-thread-1"                   [_thread_blocked, id=4892, stack(0x000000e8be800000,0x000000e8be900000) (1024K)]
  0x000001ee6482c6a0 JavaThread "pool-2-thread-2"                   [_thread_blocked, id=5076, stack(0x000000e8be900000,0x000000e8bea00000) (1024K)]
  0x000001ee6482ee00 JavaThread "pool-2-thread-3"                   [_thread_blocked, id=3720, stack(0x000000e8bea00000,0x000000e8beb00000) (1024K)]
  0x000001ee64565840 JavaThread "C2 CompilerThread1"         daemon [_thread_blocked, id=1896, stack(0x000000e8beb00000,0x000000e8bec00000) (1024K)]
  0x000001ee6482c010 JavaThread "DestroyJavaVM"                     [_thread_blocked, id=11076, stack(0x000000e8bc800000,0x000000e8bc900000) (1024K)]
Total: 25

Other Threads:
  0x000001ee015cdb00 VMThread "VM Thread"                           [id=1560, stack(0x000000e8bcf00000,0x000000e8bd000000) (1024K)]
  0x000001ee1e39d3f0 WatcherThread "VM Periodic Task Thread"        [id=11304, stack(0x000000e8bce00000,0x000000e8bcf00000) (1024K)]
  0x000001ee015cd3c0 WorkerThread "GC Thread#0"                     [id=10312, stack(0x000000e8bc900000,0x000000e8bca00000) (1024K)]
  0x000001ee015cdea0 WorkerThread "GC Thread#1"                     [id=11872, stack(0x000000e8bdc00000,0x000000e8bdd00000) (1024K)]
  0x000001ee015ce5e0 WorkerThread "GC Thread#2"                     [id=11952, stack(0x000000e8bdd00000,0x000000e8bde00000) (1024K)]
  0x000001ee643415f0 WorkerThread "GC Thread#3"                     [id=9456, stack(0x000000e8bde00000,0x000000e8bdf00000) (1024K)]
  0x000001ee0377ebe0 ConcurrentGCThread "G1 Main Marker"            [id=4024, stack(0x000000e8bca00000,0x000000e8bcb00000) (1024K)]
  0x000001ee015cd760 WorkerThread "G1 Conc#0"                       [id=11252, stack(0x000000e8bcb00000,0x000000e8bcc00000) (1024K)]
  0x000001ee037d4010 ConcurrentGCThread "G1 Refine#0"               [id=10860, stack(0x000000e8bcc00000,0x000000e8bcd00000) (1024K)]
  0x000001ee037d4b80 ConcurrentGCThread "G1 Service"                [id=11400, stack(0x000000e8bcd00000,0x000000e8bce00000) (1024K)]
Total: 10

Threads with active compile tasks:
C2 CompilerThread0    11280 1690       4       java.lang.invoke.MethodType::makeImpl (109 bytes)
Total: 1

VM state: not at safepoint (normal execution)

VM Mutex/Monitor currently owned by a thread: None

Heap address: 0x00000000c1c00000, size: 996 MB, Compressed Oops mode: 32-bit

CDS archive(s) mapped at: [0x000001ee1f000000-0x000001ee1fc90000-0x000001ee1fc90000), size 13172736, SharedBaseAddress: 0x000001ee1f000000, ArchiveRelocationMode: 1.
Compressed class space mapped at: 0x000001ee20000000-0x000001ee60000000, reserved size: 1073741824
Narrow klass base: 0x000001ee1f000000, Narrow klass shift: 0, Narrow klass range: 0x100000000

GC Precious Log:
 CardTable entry size: 512
 Card Set container configuration: InlinePtr #cards 5 size 8 Array Of Cards #cards 12 size 40 Howl #buckets 4 coarsen threshold 1843 Howl Bitmap #cards 512 size 80 coarsen threshold 460 Card regions per heap region 1 cards per card region 2048
 CPUs: 4 total, 4 available
 Memory: 3977M
 Large Page Support: Disabled
 NUMA Support: Disabled
 Compressed Oops: Enabled (32-bit)
 Heap Region Size: 1M
 Heap Min Capacity: 8M
 Heap Initial Capacity: 64M
 Heap Max Capacity: 996M
 Pre-touch: Disabled
 Parallel Workers: 4
 Concurrent Workers: 1
 Concurrent Refinement Workers: 4
 Periodic GC: Disabled

Heap:
 garbage-first heap   total 65536K, used 10016K [0x00000000c1c00000, 0x0000000100000000)
  region size 1024K, 6 young (6144K), 2 survivors (2048K)
 Metaspace       used 12327K, committed 12736K, reserved 1114112K
  class space    used 1479K, committed 1664K, reserved 1048576K

Heap Regions: E=young(eden), S=young(survivor), O=old, HS=humongous(starts), HC=humongous(continues), CS=collection set, F=free, TAMS=top-at-mark-start, PB=parsable bottom
|   0|0x00000000c1c00000, 0x00000000c1d00000, 0x00000000c1d00000|100%| O|  |TAMS 0x00000000c1c00000| PB 0x00000000c1c00000| Untracked 
|   1|0x00000000c1d00000, 0x00000000c1e00000, 0x00000000c1e00000|100%| O|  |TAMS 0x00000000c1d00000| PB 0x00000000c1d00000| Untracked 
|   2|0x00000000c1e00000, 0x00000000c1f00000, 0x00000000c1f00000|100%| O|  |TAMS 0x00000000c1e00000| PB 0x00000000c1e00000| Untracked 
|   3|0x00000000c1f00000, 0x00000000c2000000, 0x00000000c2000000|100%| O|  |TAMS 0x00000000c1f00000| PB 0x00000000c1f00000| Untracked 
|   4|0x00000000c2000000, 0x00000000c20d5208, 0x00000000c2100000| 83%| O|  |TAMS 0x00000000c2000000| PB 0x00000000c2000000| Untracked 
|   5|0x00000000c2100000, 0x00000000c2100000, 0x00000000c2200000|  0%| F|  |TAMS 0x00000000c2100000| PB 0x00000000c2100000| Untracked 
|   6|0x00000000c2200000, 0x00000000c2200000, 0x00000000c2300000|  0%| F|  |TAMS 0x00000000c2200000| PB 0x00000000c2200000| Untracked 
|   7|0x00000000c2300000, 0x00000000c2300000, 0x00000000c2400000|  0%| F|  |TAMS 0x00000000c2300000| PB 0x00000000c2300000| Untracked 
|   8|0x00000000c2400000, 0x00000000c2400000, 0x00000000c2500000|  0%| F|  |TAMS 0x00000000c2400000| PB 0x00000000c2400000| Untracked 
|   9|0x00000000c2500000, 0x00000000c2500000, 0x00000000c2600000|  0%| F|  |TAMS 0x00000000c2500000| PB 0x00000000c2500000| Untracked 
|  10|0x00000000c2600000, 0x00000000c2600000, 0x00000000c2700000|  0%| F|  |TAMS 0x00000000c2600000| PB 0x00000000c2600000| Untracked 
|  11|0x00000000c2700000, 0x00000000c2700000, 0x00000000c2800000|  0%| F|  |TAMS 0x00000000c2700000| PB 0x00000000c2700000| Untracked 
|  12|0x00000000c2800000, 0x00000000c2800000, 0x00000000c2900000|  0%| F|  |TAMS 0x00000000c2800000| PB 0x00000000c2800000| Untracked 
|  13|0x00000000c2900000, 0x00000000c2900000, 0x00000000c2a00000|  0%| F|  |TAMS 0x00000000c2900000| PB 0x00000000c2900000| Untracked 
|  14|0x00000000c2a00000, 0x00000000c2a00000, 0x00000000c2b00000|  0%| F|  |TAMS 0x00000000c2a00000| PB 0x00000000c2a00000| Untracked 
|  15|0x00000000c2b00000, 0x00000000c2b00000, 0x00000000c2c00000|  0%| F|  |TAMS 0x00000000c2b00000| PB 0x00000000c2b00000| Untracked 
|  16|0x00000000c2c00000, 0x00000000c2c00000, 0x00000000c2d00000|  0%| F|  |TAMS 0x00000000c2c00000| PB 0x00000000c2c00000| Untracked 
|  17|0x00000000c2d00000, 0x00000000c2d00000, 0x00000000c2e00000|  0%| F|  |TAMS 0x00000000c2d00000| PB 0x00000000c2d00000| Untracked 
|  18|0x00000000c2e00000, 0x00000000c2e00000, 0x00000000c2f00000|  0%| F|  |TAMS 0x00000000c2e00000| PB 0x00000000c2e00000| Untracked 
|  19|0x00000000c2f00000, 0x00000000c2f00000, 0x00000000c3000000|  0%| F|  |TAMS 0x00000000c2f00000| PB 0x00000000c2f00000| Untracked 
|  20|0x00000000c3000000, 0x00000000c3000000, 0x00000000c3100000|  0%| F|  |TAMS 0x00000000c3000000| PB 0x00000000c3000000| Untracked 
|  21|0x00000000c3100000, 0x00000000c3100000, 0x00000000c3200000|  0%| F|  |TAMS 0x00000000c3100000| PB 0x00000000c3100000| Untracked 
|  22|0x00000000c3200000, 0x00000000c3200000, 0x00000000c3300000|  0%| F|  |TAMS 0x00000000c3200000| PB 0x00000000c3200000| Untracked 
|  23|0x00000000c3300000, 0x00000000c3300000, 0x00000000c3400000|  0%| F|  |TAMS 0x00000000c3300000| PB 0x00000000c3300000| Untracked 
|  24|0x00000000c3400000, 0x00000000c3400000, 0x00000000c3500000|  0%| F|  |TAMS 0x00000000c3400000| PB 0x00000000c3400000| Untracked 
|  25|0x00000000c3500000, 0x00000000c3500000, 0x00000000c3600000|  0%| F|  |TAMS 0x00000000c3500000| PB 0x00000000c3500000| Untracked 
|  26|0x00000000c3600000, 0x00000000c3600000, 0x00000000c3700000|  0%| F|  |TAMS 0x00000000c3600000| PB 0x00000000c3600000| Untracked 
|  27|0x00000000c3700000, 0x00000000c3700000, 0x00000000c3800000|  0%| F|  |TAMS 0x00000000c3700000| PB 0x00000000c3700000| Untracked 
|  28|0x00000000c3800000, 0x00000000c3800000, 0x00000000c3900000|  0%| F|  |TAMS 0x00000000c3800000| PB 0x00000000c3800000| Untracked 
|  29|0x00000000c3900000, 0x00000000c3900000, 0x00000000c3a00000|  0%| F|  |TAMS 0x00000000c3900000| PB 0x00000000c3900000| Untracked 
|  30|0x00000000c3a00000, 0x00000000c3a00000, 0x00000000c3b00000|  0%| F|  |TAMS 0x00000000c3a00000| PB 0x00000000c3a00000| Untracked 
|  31|0x00000000c3b00000, 0x00000000c3b00000, 0x00000000c3c00000|  0%| F|  |TAMS 0x00000000c3b00000| PB 0x00000000c3b00000| Untracked 
|  32|0x00000000c3c00000, 0x00000000c3c00000, 0x00000000c3d00000|  0%| F|  |TAMS 0x00000000c3c00000| PB 0x00000000c3c00000| Untracked 
|  33|0x00000000c3d00000, 0x00000000c3d00000, 0x00000000c3e00000|  0%| F|  |TAMS 0x00000000c3d00000| PB 0x00000000c3d00000| Untracked 
|  34|0x00000000c3e00000, 0x00000000c3e00000, 0x00000000c3f00000|  0%| F|  |TAMS 0x00000000c3e00000| PB 0x00000000c3e00000| Untracked 
|  35|0x00000000c3f00000, 0x00000000c3f00000, 0x00000000c4000000|  0%| F|  |TAMS 0x00000000c3f00000| PB 0x00000000c3f00000| Untracked 
|  36|0x00000000c4000000, 0x00000000c4000000, 0x00000000c4100000|  0%| F|  |TAMS 0x00000000c4000000| PB 0x00000000c4000000| Untracked 
|  37|0x00000000c4100000, 0x00000000c4100000, 0x00000000c4200000|  0%| F|  |TAMS 0x00000000c4100000| PB 0x00000000c4100000| Untracked 
|  38|0x00000000c4200000, 0x00000000c4200000, 0x00000000c4300000|  0%| F|  |TAMS 0x00000000c4200000| PB 0x00000000c4200000| Untracked 
|  39|0x00000000c4300000, 0x00000000c4300000, 0x00000000c4400000|  0%| F|  |TAMS 0x00000000c4300000| PB 0x00000000c4300000| Untracked 
|  40|0x00000000c4400000, 0x00000000c4400000, 0x00000000c4500000|  0%| F|  |TAMS 0x00000000c4400000| PB 0x00000000c4400000| Untracked 
|  41|0x00000000c4500000, 0x00000000c4500000, 0x00000000c4600000|  0%| F|  |TAMS 0x00000000c4500000| PB 0x00000000c4500000| Untracked 
|  42|0x00000000c4600000, 0x00000000c4600000, 0x00000000c4700000|  0%| F|  |TAMS 0x00000000c4600000| PB 0x00000000c4600000| Untracked 
|  43|0x00000000c4700000, 0x00000000c4700000, 0x00000000c4800000|  0%| F|  |TAMS 0x00000000c4700000| PB 0x00000000c4700000| Untracked 
|  44|0x00000000c4800000, 0x00000000c4800000, 0x00000000c4900000|  0%| F|  |TAMS 0x00000000c4800000| PB 0x00000000c4800000| Untracked 
|  45|0x00000000c4900000, 0x00000000c4900000, 0x00000000c4a00000|  0%| F|  |TAMS 0x00000000c4900000| PB 0x00000000c4900000| Untracked 
|  46|0x00000000c4a00000, 0x00000000c4a00000, 0x00000000c4b00000|  0%| F|  |TAMS 0x00000000c4a00000| PB 0x00000000c4a00000| Untracked 
|  47|0x00000000c4b00000, 0x00000000c4bf2df8, 0x00000000c4c00000| 94%| S|CS|TAMS 0x00000000c4b00000| PB 0x00000000c4b00000| Complete 
|  48|0x00000000c4c00000, 0x00000000c4d00000, 0x00000000c4d00000|100%| S|CS|TAMS 0x00000000c4c00000| PB 0x00000000c4c00000| Complete 
|  49|0x00000000c4d00000, 0x00000000c4d00000, 0x00000000c4e00000|  0%| F|  |TAMS 0x00000000c4d00000| PB 0x00000000c4d00000| Untracked 
|  50|0x00000000c4e00000, 0x00000000c4e00000, 0x00000000c4f00000|  0%| F|  |TAMS 0x00000000c4e00000| PB 0x00000000c4e00000| Untracked 
|  51|0x00000000c4f00000, 0x00000000c4f00000, 0x00000000c5000000|  0%| F|  |TAMS 0x00000000c4f00000| PB 0x00000000c4f00000| Untracked 
|  52|0x00000000c5000000, 0x00000000c5000000, 0x00000000c5100000|  0%| F|  |TAMS 0x00000000c5000000| PB 0x00000000c5000000| Untracked 
|  53|0x00000000c5100000, 0x00000000c5100000, 0x00000000c5200000|  0%| F|  |TAMS 0x00000000c5100000| PB 0x00000000c5100000| Untracked 
|  54|0x00000000c5200000, 0x00000000c5200000, 0x00000000c5300000|  0%| F|  |TAMS 0x00000000c5200000| PB 0x00000000c5200000| Untracked 
|  55|0x00000000c5300000, 0x00000000c5300000, 0x00000000c5400000|  0%| F|  |TAMS 0x00000000c5300000| PB 0x00000000c5300000| Untracked 
|  56|0x00000000c5400000, 0x00000000c5400000, 0x00000000c5500000|  0%| F|  |TAMS 0x00000000c5400000| PB 0x00000000c5400000| Untracked 
|  57|0x00000000c5500000, 0x00000000c5500000, 0x00000000c5600000|  0%| F|  |TAMS 0x00000000c5500000| PB 0x00000000c5500000| Untracked 
|  58|0x00000000c5600000, 0x00000000c5600000, 0x00000000c5700000|  0%| F|  |TAMS 0x00000000c5600000| PB 0x00000000c5600000| Untracked 
|  59|0x00000000c5700000, 0x00000000c5700000, 0x00000000c5800000|  0%| F|  |TAMS 0x00000000c5700000| PB 0x00000000c5700000| Untracked 
|  60|0x00000000c5800000, 0x00000000c5808fd8, 0x00000000c5900000|  3%| E|  |TAMS 0x00000000c5800000| PB 0x00000000c5800000| Complete 
|  61|0x00000000c5900000, 0x00000000c5a00000, 0x00000000c5a00000|100%| E|CS|TAMS 0x00000000c5900000| PB 0x00000000c5900000| Complete 
|  62|0x00000000c5a00000, 0x00000000c5b00000, 0x00000000c5b00000|100%| E|CS|TAMS 0x00000000c5a00000| PB 0x00000000c5a00000| Complete 
|  63|0x00000000c5b00000, 0x00000000c5c00000, 0x00000000c5c00000|100%| E|CS|TAMS 0x00000000c5b00000| PB 0x00000000c5b00000| Complete 

Card table byte_map: [0x000001ee1adb0000,0x000001ee1afb0000] _byte_map_base: 0x000001ee1a7a2000

Marking Bits: (CMBitMap*) 0x000001ee037764d0
 Bits: [0x000001ee1afb0000, 0x000001ee1bf40000)

Polling page: 0x000001ee01580000

Metaspace:

Usage:
  Non-class:     10.59 MB used.
      Class:      1.45 MB used.
       Both:     12.04 MB used.

Virtual space:
  Non-class space:       64.00 MB reserved,      10.81 MB ( 17%) committed,  1 nodes.
      Class space:        1.00 GB reserved,       1.62 MB ( <1%) committed,  1 nodes.
             Both:        1.06 GB reserved,      12.44 MB (  1%) committed. 

Chunk freelists:
   Non-Class:  5.16 MB
       Class:  14.34 MB
        Both:  19.50 MB

MaxMetaspaceSize: unlimited
CompressedClassSpaceSize: 1.00 GB
Initial GC threshold: 21.00 MB
Current GC threshold: 21.00 MB
CDS: on
 - commit_granule_bytes: 65536.
 - commit_granule_words: 8192.
 - virtual_space_node_default_size: 8388608.
 - enlarge_chunks_in_place: 1.
 - use_allocation_guard: 0.


Internal statistics:

num_allocs_failed_limit: 0.
num_arena_births: 368.
num_arena_deaths: 0.
num_vsnodes_births: 2.
num_vsnodes_deaths: 0.
num_space_committed: 199.
num_space_uncommitted: 0.
num_chunks_returned_to_freelist: 0.
num_chunks_taken_from_freelist: 642.
num_chunk_merges: 0.
num_chunk_splits: 390.
num_chunks_enlarged: 231.
num_inconsistent_stats: 0.

CodeHeap 'non-profiled nmethods': size=120000Kb used=555Kb max_used=555Kb free=119444Kb
 bounds [0x000001ee13680000, 0x000001ee138f0000, 0x000001ee1abb0000]
CodeHeap 'profiled nmethods': size=120000Kb used=3540Kb max_used=3540Kb free=116459Kb
 bounds [0x000001ee0bbb0000, 0x000001ee0bf30000, 0x000001ee130e0000]
CodeHeap 'non-nmethods': size=5760Kb used=1466Kb max_used=1482Kb free=4293Kb
 bounds [0x000001ee130e0000, 0x000001ee13350000, 0x000001ee13680000]
 total_blobs=2387 nmethods=1836 adapters=455
 compilation: enabled
              stopped_count=0, restarted_count=0
 full_count=0

Compilation events (20 events):
Event: 8.735 Thread 0x000001ee1e3c3a90 1810       3       java.util.TreeMap::successor (66 bytes)
Event: 8.735 Thread 0x000001ee1e3c3a90 nmethod 1810 0x000001ee0bf1e210 code [0x000001ee0bf1e3e0, 0x000001ee0bf1e730]
Event: 8.735 Thread 0x000001ee1e3c3a90 1811       3       org.openqa.selenium.SharedCapabilitiesMethods$$Lambda/0x000001ee201a1318::compare (12 bytes)
Event: 8.735 Thread 0x000001ee1e3c3a90 nmethod 1811 0x000001ee0bf1e890 code [0x000001ee0bf1ea60, 0x000001ee0bf1ed90]
Event: 8.735 Thread 0x000001ee1e3c3a90 1812       3       jdk.internal.loader.URLClassPath$JarLoader$2::getCodeSourceURL (8 bytes)
Event: 8.735 Thread 0x000001ee1e3c3a90 nmethod 1812 0x000001ee0bf1ee90 code [0x000001ee0bf1f020, 0x000001ee0bf1f138]
Event: 8.735 Thread 0x000001ee1e3c3a90 1813       3       jdk.internal.loader.URLClassPath$JarLoader$2::getManifest (26 bytes)
Event: 8.736 Thread 0x000001ee1e3c3a90 nmethod 1813 0x000001ee0bf1f210 code [0x000001ee0bf1f460, 0x000001ee0bf1fbd8]
Event: 8.736 Thread 0x000001ee1e3c3a90 1816       3       jdk.internal.loader.URLClassPath$JarLoader$2::getInputStream (15 bytes)
Event: 8.736 Thread 0x000001ee1e3c3a90 nmethod 1816 0x000001ee0bf20010 code [0x000001ee0bf201c0, 0x000001ee0bf203a0]
Event: 8.736 Thread 0x000001ee1e3c3a90 1814       3       java.util.jar.JavaUtilJarAccessImpl::ensureInitialization (5 bytes)
Event: 8.737 Thread 0x000001ee1e3c3a90 nmethod 1814 0x000001ee0bf20490 code [0x000001ee0bf20640, 0x000001ee0bf20810]
Event: 8.737 Thread 0x000001ee1e3c3a90 1815  s!   3       java.util.jar.JarFile::ensureInitialization (59 bytes)
Event: 8.737 Thread 0x000001ee1e3c3a90 nmethod 1815 0x000001ee0bf20910 code [0x000001ee0bf20b40, 0x000001ee0bf21140]
Event: 8.737 Thread 0x000001ee1e3c3a90 1817       3       java.util.concurrent.locks.ReentrantLock::<init> (16 bytes)
Event: 8.738 Thread 0x000001ee1e3c3a90 nmethod 1817 0x000001ee0bf21390 code [0x000001ee0bf21560, 0x000001ee0bf21958]
Event: 8.738 Thread 0x000001ee1e3c3a90 1818       3       java.util.concurrent.locks.ReentrantLock$NonfairSync::<init> (5 bytes)
Event: 8.738 Thread 0x000001ee1e3c3a90 nmethod 1818 0x000001ee0bf21b10 code [0x000001ee0bf21cc0, 0x000001ee0bf21f40]
Event: 8.740 Thread 0x000001ee1e3c3a90 1819       3       java.security.AccessController::doPrivileged (9 bytes)
Event: 8.741 Thread 0x000001ee1e3c3a90 nmethod 1819 0x000001ee0bf22090 code [0x000001ee0bf22260, 0x000001ee0bf22598]

GC Heap History (4 events):
Event: 1.250 GC heap before
{Heap before GC invocations=0 (full 0):
 garbage-first heap   total 65536K, used 13312K [0x00000000c1c00000, 0x0000000100000000)
  region size 1024K, 13 young (13312K), 0 survivors (0K)
 Metaspace       used 6068K, committed 6336K, reserved 1114112K
  class space    used 700K, committed 832K, reserved 1048576K
}
Event: 1.269 GC heap after
{Heap after GC invocations=1 (full 0):
 garbage-first heap   total 65536K, used 4877K [0x00000000c1c00000, 0x0000000100000000)
  region size 1024K, 2 young (2048K), 2 survivors (2048K)
 Metaspace       used 6068K, committed 6336K, reserved 1114112K
  class space    used 700K, committed 832K, reserved 1048576K
}
Event: 8.616 GC heap before
{Heap before GC invocations=1 (full 0):
 garbage-first heap   total 65536K, used 18189K [0x00000000c1c00000, 0x0000000100000000)
  region size 1024K, 15 young (15360K), 2 survivors (2048K)
 Metaspace       used 11509K, committed 11840K, reserved 1114112K
  class space    used 1374K, committed 1536K, reserved 1048576K
}
Event: 8.623 GC heap after
{Heap after GC invocations=2 (full 0):
 garbage-first heap   total 65536K, used 6944K [0x00000000c1c00000, 0x0000000100000000)
  region size 1024K, 2 young (2048K), 2 survivors (2048K)
 Metaspace       used 11509K, committed 11840K, reserved 1114112K
  class space    used 1374K, committed 1536K, reserved 1048576K
}

Dll operation events (8 events):
Event: 0.007 Loaded shared library C:\Program Files\Java\jdk-21\bin\java.dll
Event: 0.062 Loaded shared library C:\Program Files\Java\jdk-21\bin\jsvml.dll
Event: 0.123 Loaded shared library C:\Program Files\Java\jdk-21\bin\net.dll
Event: 0.125 Loaded shared library C:\Program Files\Java\jdk-21\bin\nio.dll
Event: 0.130 Loaded shared library C:\Program Files\Java\jdk-21\bin\zip.dll
Event: 0.248 Loaded shared library C:\Program Files\Java\jdk-21\bin\jimage.dll
Event: 0.305 Loaded shared library C:\Program Files\Java\jdk-21\bin\extnet.dll
Event: 1.111 Loaded shared library C:\Program Files\Java\jdk-21\bin\sunmscapi.dll

Deoptimization events (20 events):
Event: 7.674 Thread 0x000001ee015f44a0 Uncommon trap: trap_request=0xffffff45 fr.pc=0x000001ee136ce1ec relative=0x0000000000000e6c
Event: 7.674 Thread 0x000001ee015f44a0 Uncommon trap: reason=unstable_if action=reinterpret pc=0x000001ee136ce1ec method=java.util.concurrent.ConcurrentHashMap.putVal(Ljava/lang/Object;Ljava/lang/Object;Z)Ljava/lang/Object; @ 231 c2
Event: 7.674 Thread 0x000001ee015f44a0 DEOPT PACKING pc=0x000001ee136ce1ec sp=0x000000e8bc8fedf0
Event: 7.674 Thread 0x000001ee015f44a0 DEOPT UNPACKING pc=0x000001ee131346a2 sp=0x000000e8bc8fed50 mode 2
Event: 8.707 Thread 0x000001ee015f44a0 Uncommon trap: trap_request=0xffffff45 fr.pc=0x000001ee136c78f4 relative=0x0000000000000054
Event: 8.707 Thread 0x000001ee015f44a0 Uncommon trap: reason=unstable_if action=reinterpret pc=0x000001ee136c78f4 method=java.lang.CharacterData.of(I)Ljava/lang/CharacterData; @ 4 c2
Event: 8.707 Thread 0x000001ee015f44a0 DEOPT PACKING pc=0x000001ee136c78f4 sp=0x000000e8bc8fe1c0
Event: 8.707 Thread 0x000001ee015f44a0 DEOPT UNPACKING pc=0x000001ee131346a2 sp=0x000000e8bc8fe160 mode 2
Event: 8.708 Thread 0x000001ee015f44a0 Uncommon trap: trap_request=0xffffffde fr.pc=0x000001ee136edcc0 relative=0x0000000000000460
Event: 8.708 Thread 0x000001ee015f44a0 Uncommon trap: reason=class_check action=maybe_recompile pc=0x000001ee136edcc0 method=java.lang.String.<init>(Ljava/lang/AbstractStringBuilder;Ljava/lang/Void;)V @ 10 c2
Event: 8.708 Thread 0x000001ee015f44a0 DEOPT PACKING pc=0x000001ee136edcc0 sp=0x000000e8bc8fea90
Event: 8.708 Thread 0x000001ee015f44a0 DEOPT UNPACKING pc=0x000001ee131346a2 sp=0x000000e8bc8fea58 mode 2
Event: 8.709 Thread 0x000001ee015f44a0 Uncommon trap: trap_request=0xffffffde fr.pc=0x000001ee136edcc0 relative=0x0000000000000460
Event: 8.709 Thread 0x000001ee015f44a0 Uncommon trap: reason=class_check action=maybe_recompile pc=0x000001ee136edcc0 method=java.lang.String.<init>(Ljava/lang/AbstractStringBuilder;Ljava/lang/Void;)V @ 10 c2
Event: 8.709 Thread 0x000001ee015f44a0 DEOPT PACKING pc=0x000001ee136edcc0 sp=0x000000e8bc8fea90
Event: 8.709 Thread 0x000001ee015f44a0 DEOPT UNPACKING pc=0x000001ee131346a2 sp=0x000000e8bc8fea58 mode 2
Event: 8.709 Thread 0x000001ee015f44a0 Uncommon trap: trap_request=0xffffffde fr.pc=0x000001ee136edcc0 relative=0x0000000000000460
Event: 8.709 Thread 0x000001ee015f44a0 Uncommon trap: reason=class_check action=maybe_recompile pc=0x000001ee136edcc0 method=java.lang.String.<init>(Ljava/lang/AbstractStringBuilder;Ljava/lang/Void;)V @ 10 c2
Event: 8.709 Thread 0x000001ee015f44a0 DEOPT PACKING pc=0x000001ee136edcc0 sp=0x000000e8bc8fea90
Event: 8.709 Thread 0x000001ee015f44a0 DEOPT UNPACKING pc=0x000001ee131346a2 sp=0x000000e8bc8fea58 mode 2

Classes loaded (20 events):
Event: 8.711 Loading class java/util/ResourceBundle$CacheKeyReference done
Event: 8.711 Loading class java/util/ResourceBundle$KeyElementReference done
Event: 8.711 Loading class java/util/ResourceBundle$3
Event: 8.711 Loading class java/util/ResourceBundle$3 done
Event: 8.712 Loading class sun/util/logging/resources/logging
Event: 8.712 Loading class sun/util/logging/resources/logging done
Event: 8.712 Loading class java/util/ResourceBundle$BundleReference
Event: 8.712 Loading class java/util/ResourceBundle$BundleReference done
Event: 8.712 Loading class sun/util/logging/resources/logging_pt
Event: 8.712 Loading class sun/util/logging/resources/logging_pt done
Event: 8.713 Loading class sun/util/logging/resources/logging_pt
Event: 8.713 Loading class sun/util/logging/resources/logging_pt done
Event: 8.713 Loading class sun/util/logging/resources/logging_pt_BR
Event: 8.713 Loading class sun/util/logging/resources/logging_pt_BR done
Event: 8.713 Loading class sun/util/logging/resources/logging_pt_BR
Event: 8.713 Loading class sun/util/logging/resources/logging_pt_BR done
Event: 8.714 Loading class java/util/Formatter$DateTime
Event: 8.714 Loading class java/util/Formatter$DateTime done
Event: 8.715 Loading class java/time/ZonedDateTime$1
Event: 8.715 Loading class java/time/ZonedDateTime$1 done

Classes unloaded (0 events):
No events

Classes redefined (0 events):
No events

Internal exceptions (20 events):
Event: 1.057 Thread 0x000001ee015f44a0 Exception <a 'java/lang/NoSuchMethodError'{0x00000000c5132248}: 'java.lang.Object java.lang.invoke.Invokers$Holder.invokeExact_MT(java.lang.Object, java.lang.Object, java.lang.Object, java.lang.Object, java.lang.Object, java.lang.Object)'> (0x00000000c5132248) 
thrown [s\open\src\hotspot\share\interpreter\linkResolver.cpp, line 773]
Event: 1.169 Thread 0x000001ee015f44a0 Exception <a 'sun/nio/fs/WindowsException'{0x00000000c5071708}> (0x00000000c5071708) 
thrown [s\open\src\hotspot\share\prims\jni.cpp, line 520]
Event: 1.279 Thread 0x000001ee015f44a0 Exception <a 'java/lang/NoSuchMethodError'{0x00000000c5b940f0}: 'void java.lang.invoke.DirectMethodHandle$Holder.invokeVirtual(java.lang.Object, java.lang.Object)'> (0x00000000c5b940f0) 
thrown [s\open\src\hotspot\share\interpreter\linkResolver.cpp, line 773]
Event: 1.524 Thread 0x000001ee015f44a0 Exception <a 'java/lang/NoSuchMethodError'{0x00000000c5796f00}: 'java.lang.Object java.lang.invoke.DirectMethodHandle$Holder.invokeStaticInit(java.lang.Object, int, int, int, int)'> (0x00000000c5796f00) 
thrown [s\open\src\hotspot\share\interpreter\linkResolver.cpp, line 773]
Event: 1.595 Thread 0x000001ee015f44a0 Exception <a 'java/lang/NoSuchMethodError'{0x00000000c5661080}: 'java.lang.Object java.lang.invoke.DirectMethodHandle$Holder.invokeStaticInit(java.lang.Object, java.lang.Object, int, int, int, int)'> (0x00000000c5661080) 
thrown [s\open\src\hotspot\share\interpreter\linkResolver.cpp, line 773]
Event: 2.218 Thread 0x000001ee015f44a0 Exception <a 'java/lang/NoSuchMethodError'{0x00000000c5564698}: 'java.lang.Object java.lang.invoke.DirectMethodHandle$Holder.invokeInterface(java.lang.Object, java.lang.Object, java.lang.Object)'> (0x00000000c5564698) 
thrown [s\open\src\hotspot\share\interpreter\linkResolver.cpp, line 773]
Event: 2.219 Thread 0x000001ee015f44a0 Exception <a 'java/lang/IncompatibleClassChangeError'{0x00000000c5567a80}: Found class java.lang.Object, but interface was expected> (0x00000000c5567a80) 
thrown [s\open\src\hotspot\share\interpreter\linkResolver.cpp, line 840]
Event: 2.221 Thread 0x000001ee015f44a0 Exception <a 'java/lang/NoSuchMethodError'{0x00000000c556efd0}: 'int java.lang.invoke.DirectMethodHandle$Holder.invokeSpecialIFC(java.lang.Object, java.lang.Object, java.lang.Object, java.lang.Object)'> (0x00000000c556efd0) 
thrown [s\open\src\hotspot\share\interpreter\linkResolver.cpp, line 773]
Event: 2.227 Thread 0x000001ee015f44a0 Exception <a 'java/lang/NoSuchMethodError'{0x00000000c5590688}: 'java.lang.Object java.lang.invoke.DirectMethodHandle$Holder.invokeVirtual(java.lang.Object, java.lang.Object, java.lang.Object, java.lang.Object)'> (0x00000000c5590688) 
thrown [s\open\src\hotspot\share\interpreter\linkResolver.cpp, line 773]
Event: 2.326 Thread 0x000001ee642b1dc0 Exception <a 'java/net/ConnectException'{0x00000000c541be00}: Connection refused: getsockopt> (0x00000000c541be00) 
thrown [s\open\src\hotspot\share\prims\jni.cpp, line 539]
Event: 2.439 Thread 0x000001ee015f44a0 Exception <a 'java/lang/NoSuchMethodError'{0x00000000c54c6630}: 'java.lang.Object java.lang.invoke.DirectMethodHandle$Holder.newInvokeSpecial(java.lang.Object, java.lang.Object, int, int)'> (0x00000000c54c6630) 
thrown [s\open\src\hotspot\share\interpreter\linkResolver.cpp, line 773]
Event: 2.442 Thread 0x000001ee015f44a0 Exception <a 'java/lang/NoSuchMethodError'{0x00000000c54d08e0}: 'void java.lang.invoke.DirectMethodHandle$Holder.invokeStatic(java.lang.Object, java.lang.Object, int)'> (0x00000000c54d08e0) 
thrown [s\open\src\hotspot\share\interpreter\linkResolver.cpp, line 773]
Event: 2.494 Thread 0x000001ee015f44a0 Exception <a 'java/lang/NoSuchMethodError'{0x00000000c5384708}: 'java.lang.Object java.lang.invoke.DirectMethodHandle$Holder.newInvokeSpecial(java.lang.Object, java.lang.Object, java.lang.Object, java.lang.Object, java.lang.Object)'> (0x00000000c5384708) 
thrown [s\open\src\hotspot\share\interpreter\linkResolver.cpp, line 773]
Event: 2.581 Thread 0x000001ee6482e0e0 Exception <a 'java/lang/NoSuchMethodError'{0x00000000c52aebc8}: 'java.lang.Object java.lang.invoke.DirectMethodHandle$Holder.invokeSpecial(java.lang.Object, java.lang.Object, java.lang.Object, java.lang.Object, int)'> (0x00000000c52aebc8) 
thrown [s\open\src\hotspot\share\interpreter\linkResolver.cpp, line 773]
Event: 2.584 Thread 0x000001ee6482e0e0 Exception <a 'java/lang/NoSuchMethodError'{0x00000000c52b2510}: 'java.lang.Object java.lang.invoke.Invokers$Holder.linkToTargetMethod(java.lang.Object, java.lang.Object, int, java.lang.Object)'> (0x00000000c52b2510) 
thrown [s\open\src\hotspot\share\interpreter\linkResolver.cpp, line 773]
Event: 2.594 Thread 0x000001ee6482e0e0 Exception <a 'java/lang/NoSuchMethodError'{0x00000000c52c9db0}: 'void java.lang.invoke.DirectMethodHandle$Holder.invokeSpecial(java.lang.Object, java.lang.Object, java.lang.Object)'> (0x00000000c52c9db0) 
thrown [s\open\src\hotspot\share\interpreter\linkResolver.cpp, line 773]
Event: 2.607 Thread 0x000001ee6482e0e0 Exception <a 'java/lang/NoSuchMethodError'{0x00000000c52f5e50}: 'void java.lang.invoke.DirectMethodHandle$Holder.invokeSpecial(java.lang.Object, java.lang.Object, java.lang.Object, java.lang.Object, java.lang.Object)'> (0x00000000c52f5e50) 
thrown [s\open\src\hotspot\share\interpreter\linkResolver.cpp, line 773]
Event: 7.596 Thread 0x000001ee6482e770 Exception <a 'java/lang/NoSuchMethodError'{0x00000000c51f4db8}: 'void java.lang.invoke.DirectMethodHandle$Holder.invokeSpecial(java.lang.Object, java.lang.Object, java.lang.Object, java.lang.Object, java.lang.Object, java.lang.Object, java.lang.Object)'> (0x00000000c51f4db8) 
thrown [s\open\src\hotspot\share\interpreter\linkResolver.cpp, line 773]
Event: 7.616 Thread 0x000001ee015f44a0 Exception <a 'java/lang/NoSuchMethodError'{0x00000000c50239a8}: 'java.lang.Object java.lang.invoke.DirectMethodHandle$Holder.invokeSpecialIFC(java.lang.Object, java.lang.Object, java.lang.Object)'> (0x00000000c50239a8) 
thrown [s\open\src\hotspot\share\interpreter\linkResolver.cpp, line 773]
Event: 8.712 Thread 0x000001ee015f44a0 Exception <a 'java/lang/ClassNotFoundException'{0x00000000c5916660}: sun/util/logging/resources/spi/loggingProvider> (0x00000000c5916660) 
thrown [s\open\src\hotspot\share\classfile\systemDictionary.cpp, line 312]

ZGC Phase Switch (0 events):
No events

VM Operations (20 events):
Event: 2.234 Executing VM operation: HandshakeAllThreads (Deoptimize)
Event: 2.258 Executing VM operation: HandshakeAllThreads (Deoptimize) done
Event: 2.357 Executing VM operation: HandshakeAllThreads (Deoptimize)
Event: 2.357 Executing VM operation: HandshakeAllThreads (Deoptimize) done
Event: 2.357 Executing VM operation: Cleanup
Event: 2.357 Executing VM operation: Cleanup done
Event: 2.371 Executing VM operation: HandshakeAllThreads (Deoptimize)
Event: 2.371 Executing VM operation: HandshakeAllThreads (Deoptimize) done
Event: 2.476 Executing VM operation: HandshakeAllThreads (Deoptimize)
Event: 2.476 Executing VM operation: HandshakeAllThreads (Deoptimize) done
Event: 3.478 Executing VM operation: Cleanup
Event: 3.478 Executing VM operation: Cleanup done
Event: 7.574 Executing VM operation: HandshakeAllThreads (Deoptimize)
Event: 7.574 Executing VM operation: HandshakeAllThreads (Deoptimize) done
Event: 7.578 Executing VM operation: HandshakeAllThreads (Deoptimize)
Event: 7.578 Executing VM operation: HandshakeAllThreads (Deoptimize) done
Event: 8.589 Executing VM operation: Cleanup
Event: 8.589 Executing VM operation: Cleanup done
Event: 8.616 Executing VM operation: G1CollectForAllocation (G1 Evacuation Pause)
Event: 8.623 Executing VM operation: G1CollectForAllocation (G1 Evacuation Pause) done

Events (20 events):
Event: 0.111 Thread 0x000001ee1e664780 Thread added: 0x000001ee1e664780
Event: 0.114 Thread 0x000001ee1e66c220 Thread added: 0x000001ee1e66c220
Event: 0.467 Thread 0x000001ee1e669e50 Thread added: 0x000001ee1e669e50
Event: 0.843 Thread 0x000001ee1e669e50 Thread exited: 0x000001ee1e669e50
Event: 0.955 Thread 0x000001ee64077f20 Thread added: 0x000001ee64077f20
Event: 1.134 Thread 0x000001ee642c90c0 Thread added: 0x000001ee642c90c0
Event: 1.961 Thread 0x000001ee642c90c0 Thread exited: 0x000001ee642c90c0
Event: 2.147 Thread 0x000001ee64412b30 Thread added: 0x000001ee64412b30
Event: 2.232 Thread 0x000001ee643920b0 Thread added: 0x000001ee643920b0
Event: 2.259 Thread 0x000001ee6442daf0 Thread added: 0x000001ee6442daf0
Event: 2.266 Thread 0x000001ee64392720 Thread added: 0x000001ee64392720
Event: 2.295 Thread 0x000001ee642b1dc0 Thread added: 0x000001ee642b1dc0
Event: 2.356 Thread 0x000001ee642b2750 Thread added: 0x000001ee642b2750
Event: 2.557 Thread 0x000001ee6482e0e0 Thread added: 0x000001ee6482e0e0
Event: 2.622 Thread 0x000001ee6482e770 Thread added: 0x000001ee6482e770
Event: 8.586 Thread 0x000001ee6482f490 Thread added: 0x000001ee6482f490
Event: 8.587 Thread 0x000001ee6482cd30 Thread added: 0x000001ee6482cd30
Event: 8.589 Thread 0x000001ee6482c6a0 Thread added: 0x000001ee6482c6a0
Event: 8.589 Thread 0x000001ee6482ee00 Thread added: 0x000001ee6482ee00
Event: 8.740 Thread 0x000001ee6482da50 Thread added: 0x000001ee6482da50


Dynamic libraries:
0x00007ff798ca0000 - 0x00007ff798cb0000 	C:\Program Files\Java\jdk-21\bin\java.exe
0x00007ffc6c0d0000 - 0x00007ffc6c2c8000 	C:\Windows\SYSTEM32\ntdll.dll
0x00007ffc6b260000 - 0x00007ffc6b31f000 	C:\Windows\System32\KERNEL32.DLL
0x00007ffc69a20000 - 0x00007ffc69d16000 	C:\Windows\System32\KERNELBASE.dll
0x00007ffc697b0000 - 0x00007ffc698b0000 	C:\Windows\System32\ucrtbase.dll
0x00007ffc65700000 - 0x00007ffc65719000 	C:\Program Files\Java\jdk-21\bin\jli.dll
0x00007ffc3cf10000 - 0x00007ffc3cf2b000 	C:\Program Files\Java\jdk-21\bin\VCRUNTIME140.dll
0x00007ffc6a490000 - 0x00007ffc6a53f000 	C:\Windows\System32\ADVAPI32.dll
0x00007ffc6a130000 - 0x00007ffc6a1ce000 	C:\Windows\System32\msvcrt.dll
0x00007ffc6bff0000 - 0x00007ffc6c08c000 	C:\Windows\System32\sechost.dll
0x00007ffc6bdb0000 - 0x00007ffc6bed6000 	C:\Windows\System32\RPCRT4.dll
0x00007ffc6a740000 - 0x00007ffc6a8dd000 	C:\Windows\System32\USER32.dll
0x00007ffc56f40000 - 0x00007ffc571da000 	C:\Windows\WinSxS\amd64_microsoft.windows.common-controls_6595b64144ccf1df_6.0.19041.1110_none_60b5254171f9507e\COMCTL32.dll
0x00007ffc69ea0000 - 0x00007ffc69ec2000 	C:\Windows\System32\win32u.dll
0x00007ffc6b230000 - 0x00007ffc6b25c000 	C:\Windows\System32\GDI32.dll
0x00007ffc698b0000 - 0x00007ffc699c5000 	C:\Windows\System32\gdi32full.dll
0x00007ffc69d50000 - 0x00007ffc69ded000 	C:\Windows\System32\msvcp_win.dll
0x00007ffc59bb0000 - 0x00007ffc59bba000 	C:\Windows\SYSTEM32\VERSION.dll
0x00007ffc6a9c0000 - 0x00007ffc6a9f0000 	C:\Windows\System32\IMM32.DLL
0x00007ffc4cfd0000 - 0x00007ffc4cfdc000 	C:\Program Files\Java\jdk-21\bin\vcruntime140_1.dll
0x00007ffc3bcd0000 - 0x00007ffc3bd5e000 	C:\Program Files\Java\jdk-21\bin\msvcp140.dll
0x00007ffc38ab0000 - 0x00007ffc397c7000 	C:\Program Files\Java\jdk-21\bin\server\jvm.dll
0x00007ffc6b1c0000 - 0x00007ffc6b22b000 	C:\Windows\System32\WS2_32.dll
0x00007ffc69510000 - 0x00007ffc6955b000 	C:\Windows\SYSTEM32\POWRPROF.dll
0x00007ffc50df0000 - 0x00007ffc50e17000 	C:\Windows\SYSTEM32\WINMM.dll
0x00007ffc694f0000 - 0x00007ffc69502000 	C:\Windows\SYSTEM32\UMPDC.dll
0x00007ffc67660000 - 0x00007ffc67672000 	C:\Windows\SYSTEM32\kernel.appcore.dll
0x00007ffc4acf0000 - 0x00007ffc4acfa000 	C:\Program Files\Java\jdk-21\bin\jimage.dll
0x00007ffc480b0000 - 0x00007ffc48294000 	C:\Windows\SYSTEM32\DBGHELP.DLL
0x00007ffc528e0000 - 0x00007ffc52914000 	C:\Windows\SYSTEM32\dbgcore.DLL
0x00007ffc69ed0000 - 0x00007ffc69f52000 	C:\Windows\System32\bcryptPrimitives.dll
0x00007ffc3cef0000 - 0x00007ffc3cf0f000 	C:\Program Files\Java\jdk-21\bin\java.dll
0x00007ffc6b4a0000 - 0x00007ffc6bbe4000 	C:\Windows\System32\SHELL32.dll
0x00007ffc67860000 - 0x00007ffc67ff3000 	C:\Windows\SYSTEM32\windows.storage.dll
0x00007ffc6a9f0000 - 0x00007ffc6ad44000 	C:\Windows\System32\combase.dll
0x00007ffc69190000 - 0x00007ffc691be000 	C:\Windows\SYSTEM32\Wldp.dll
0x00007ffc6a380000 - 0x00007ffc6a42d000 	C:\Windows\System32\SHCORE.dll
0x00007ffc6a430000 - 0x00007ffc6a485000 	C:\Windows\System32\shlwapi.dll
0x00007ffc696f0000 - 0x00007ffc6970f000 	C:\Windows\SYSTEM32\profapi.dll
0x00007ffc3bdb0000 - 0x00007ffc3be87000 	C:\Program Files\Java\jdk-21\bin\jsvml.dll
0x00007ffc3cb00000 - 0x00007ffc3cb10000 	C:\Program Files\Java\jdk-21\bin\net.dll
0x00007ffc5c050000 - 0x00007ffc5c15a000 	C:\Windows\SYSTEM32\WINHTTP.dll
0x00007ffc68e80000 - 0x00007ffc68eea000 	C:\Windows\system32\mswsock.dll
0x00007ffc3bd90000 - 0x00007ffc3bda6000 	C:\Program Files\Java\jdk-21\bin\nio.dll
0x00007ffc3bd70000 - 0x00007ffc3bd88000 	C:\Program Files\Java\jdk-21\bin\zip.dll
0x00007ffc3bd60000 - 0x00007ffc3bd69000 	C:\Program Files\Java\jdk-21\bin\extnet.dll
0x00007ffc68bb0000 - 0x00007ffc68c7a000 	C:\Windows\SYSTEM32\DNSAPI.dll
0x00007ffc68b70000 - 0x00007ffc68bac000 	C:\Windows\SYSTEM32\IPHLPAPI.DLL
0x00007ffc6a8e0000 - 0x00007ffc6a8e8000 	C:\Windows\System32\NSI.dll
0x00007ffc5ba90000 - 0x00007ffc5ba9a000 	C:\Windows\System32\rasadhlp.dll
0x00007ffc5bc10000 - 0x00007ffc5bc92000 	C:\Windows\System32\fwpuclnt.dll
0x00007ffc69d20000 - 0x00007ffc69d47000 	C:\Windows\System32\bcrypt.dll
0x00007ffc5a5e0000 - 0x00007ffc5a5ee000 	C:\Program Files\Java\jdk-21\bin\sunmscapi.dll
0x00007ffc69f60000 - 0x00007ffc6a0be000 	C:\Windows\System32\CRYPT32.dll
0x00007ffc69200000 - 0x00007ffc69228000 	C:\Windows\SYSTEM32\ncrypt.dll
0x00007ffc691c0000 - 0x00007ffc691fb000 	C:\Windows\SYSTEM32\NTASN1.dll
0x00007ffc69070000 - 0x00007ffc69088000 	C:\Windows\SYSTEM32\CRYPTSP.dll
0x00007ffc687a0000 - 0x00007ffc687d4000 	C:\Windows\system32\rsaenh.dll
0x00007ffc69670000 - 0x00007ffc6969e000 	C:\Windows\SYSTEM32\USERENV.dll
0x00007ffc69090000 - 0x00007ffc6909c000 	C:\Windows\SYSTEM32\CRYPTBASE.dll
0x00007ffc5a5d0000 - 0x00007ffc5a5d7000 	C:\Windows\system32\wshunix.dll

dbghelp: loaded successfully - version: 4.0.5 - missing functions: none
symbol engine: initialized successfully - sym options: 0x614 - pdb path: .;C:\Program Files\Java\jdk-21\bin;C:\Windows\SYSTEM32;C:\Windows\WinSxS\amd64_microsoft.windows.common-controls_6595b64144ccf1df_6.0.19041.1110_none_60b5254171f9507e;C:\Program Files\Java\jdk-21\bin\server

VM Arguments:
java_command: principal.FundosAcoes
java_class_path (initial): C:\PROGRAMAS\FundosAcoes\target\classes;C:\Users\Mauricio\.m2\repository\org\seleniumhq\selenium\selenium-chrome-driver\4.18.0\selenium-chrome-driver-4.18.0.jar;C:\Users\Mauricio\.m2\repository\com\google\auto\service\auto-service-annotations\1.1.1\auto-service-annotations-1.1.1.jar;C:\Users\Mauricio\.m2\repository\org\seleniumhq\selenium\selenium-api\4.18.0\selenium-api-4.18.0.jar;C:\Users\Mauricio\.m2\repository\org\seleniumhq\selenium\selenium-chromium-driver\4.18.0\selenium-chromium-driver-4.18.0.jar;C:\Users\Mauricio\.m2\repository\org\seleniumhq\selenium\selenium-json\4.18.0\selenium-json-4.18.0.jar;C:\Users\Mauricio\.m2\repository\org\seleniumhq\selenium\selenium-manager\4.18.0\selenium-manager-4.18.0.jar;C:\Users\Mauricio\.m2\repository\org\seleniumhq\selenium\selenium-os\4.18.0\selenium-os-4.18.0.jar;C:\Users\Mauricio\.m2\repository\org\apache\commons\commons-exec\1.3\commons-exec-1.3.jar;C:\Users\Mauricio\.m2\repository\org\seleniumhq\selenium\selenium-remote-driver\4.18.0\selenium-remote-driver-4.18.0.jar;C:\Users\Mauricio\.m2\repository\com\google\guava\guava\33.0.0-jre\guava-33.0.0-jre.jar;C:\Users\Mauricio\.m2\repository\com\google\guava\failureaccess\1.0.2\failureaccess-1.0.2.jar;C:\Users\Mauricio\.m2\repository\com\google\guava\listenablefuture\9999.0-empty-to-avoid-conflict-with-guava\listenablefuture-9999.0-empty-to-avoid-conflict-with-guava.jar;C:\Users\Mauricio\.m2\repository\com\google\code\findbugs\jsr305\3.0.2\jsr305-3.0.2.jar;C:\Users\Mauricio\.m2\repository\org\checkerframework\checker-qual\3.41.0\checker-qual-3.41.0.jar;C:\Users\Mauricio\.m2\repository\com\google\errorprone\error_prone_annotations\2.23.0\error_prone_annotations-2.23.0.jar;C:\Users\Mauricio\.m2\repository\com\google\j2objc\j2objc-annotations\2.8\j2objc-annotations-2.8.jar;C:\Users\Mauricio\.m2\repository\io\opentelemetry\semconv\opentelemetry-semconv\1.23.1-alpha\opentelemetry-semconv-1.23.1-alpha.jar;C:\Users\Mauricio\.m2\repository\io\opentelemetry\opentelemetry-api\1.35.0\opentelemetry-api-1.35.0.jar;C:\Users\Mauricio\.m2\repository\io\opentelemetry\opentelemetry-context\1.35.0\opentelemetry-context-1.35.0.jar;C:\Users\Mauricio\.m2\repository\io\opentelemetry\opentelemetry-exporter-logging\1.35.0\opentelemetry-exporter-logging-1.35.0.jar;C:\Users\Mauricio\.m2\repository\io\opentelemetry\opentelemetry-sdk-common\1.35.0\opentelemetry-sdk-common-1.35.0.jar;C:\Users\Mauricio\.m2\repository\io\opentelemetry\opentelemetry-sdk-extension-autoconfigure-spi\1.35.0\opentelemetry-sdk-extension-autoconfigure-spi-1.35.0.jar;C:\Users\Mauricio\.m2\repository\io\opentelemetry\opentelemetry-sdk-extension-autoconfigure\1.35.0\opentelemetry-sdk-extension-autoconfigure-1.35.0.jar;C:\Users\Mauricio\.m2\repository\io\opentelemetry\opentelemetry-api-events\1.35.0-alpha\opentelemetry-api-events-1.35.0-alpha.jar;C:\Users\Mauricio\.m2\repository\io\opentelemetry\opentelemetry-sdk-trace\1.35.0\opentelemetry-sdk-trace-1.35.0.jar;C:\Users\Mauricio\.m2\repository\io\opentelemetry\opentelemetry-extension-incubator\1.35.0-alpha\opentelemetry-extension-incubator-1.35.0-alpha.jar;C:\Users\Mauricio\.m2\repository\io\opentelemetry\opentelemetry-sdk\1.35.0\opentelemetry-sdk-1.35.0.jar;C:\Users\Mauricio\.m2\repository\io\opentelemetry\opentelemetry-sdk-metrics\1.35.0\opentelemetry-sdk-metrics-1.35.0.jar;C:\Users\Mauricio\.m2\repository\io\opentelemetry\opentelemetry-sdk-logs\1.35.0\opentelemetry-sdk-logs-1.35.0.jar;C:\Users\Mauricio\.m2\repository\net\bytebuddy\byte-buddy\1.14.12\byte-buddy-1.14.12.jar;C:\Users\Mauricio\.m2\repository\org\seleniumhq\selenium\selenium-http\4.18.0\selenium-http-4.18.0.jar;C:\Users\Mauricio\.m2\repository\dev\failsafe\failsafe\3.3.2\failsafe-3.3.2.jar;C:\Users\Mauricio\.m2\repository\org\seleniumhq\selenium\selenium-java\4.18.0\selenium-java-4.18.0.jar;C:\Users\Mauricio\.m2\repository\org\seleniumhq\selenium\selenium-devtools-v119\4.18.0\selenium-devtools-v119-4.18.0.jar;C:\Users\Mauricio\.m2\repository\org\seleniumhq\selenium\selenium-devtools-v120\4.18.0\selenium-devtools-v120-4.18.0.jar;C:\Users\Mauricio\.m2\repository\org\seleniumhq\selenium\selenium-devtools-v121\4.18.0\selenium-devtools-v121-4.18.0.jar;C:\Users\Mauricio\.m2\repository\org\seleniumhq\selenium\selenium-devtools-v85\4.18.0\selenium-devtools-v85-4.18.0.jar;C:\Users\Mauricio\.m2\repository\org\seleniumhq\selenium\selenium-edge-driver\4.18.0\selenium-edge-driver-4.18.0.jar;C:\Users\Mauricio\.m2\repository\org\seleniumhq\selenium\selenium-firefox-driver\4.18.0\selenium-firefox-driver-4.18.0.jar;C:\Users\Mauricio\.m2\repository\org\seleniumhq\selenium\selenium-ie-driver\4.18.0\selenium-ie-driver-4.18.0.jar;C:\Users\Mauricio\.m2\repository\org\seleniumhq\selenium\selenium-safari-driver\4.18.0\selenium-safari-driver-4.18.0.jar;C:\Users\Mauricio\.m2\repository\org\seleniumhq\selenium\selenium-support\4.18.0\selenium-support-4.18.0.jar;C:\Users\Mauricio\.m2\repository\org\xerial\sqlite-jdbc\3.44.1.0\sqlite-jdbc-3.44.1.0.jar;C:\Users\Mauricio\.m2\repository\org\slf4j\slf4j-api\1.7.36\slf4j-api-1.7.36.jar
Launcher Type: SUN_STANDARD

[Global flags]
     intx CICompilerCount                          = 3                                         {product} {ergonomic}
     uint ConcGCThreads                            = 1                                         {product} {ergonomic}
     uint G1ConcRefinementThreads                  = 4                                         {product} {ergonomic}
   size_t G1HeapRegionSize                         = 1048576                                   {product} {ergonomic}
    uintx GCDrainStackTargetSize                   = 64                                        {product} {ergonomic}
   size_t InitialHeapSize                          = 67108864                                  {product} {ergonomic}
   size_t MarkStackSize                            = 4194304                                   {product} {ergonomic}
   size_t MaxHeapSize                              = 1044381696                                {product} {ergonomic}
   size_t MaxNewSize                               = 625999872                                 {product} {ergonomic}
   size_t MinHeapDeltaBytes                        = 1048576                                   {product} {ergonomic}
   size_t MinHeapSize                              = 8388608                                   {product} {ergonomic}
    uintx NonNMethodCodeHeapSize                   = 5832780                                {pd product} {ergonomic}
    uintx NonProfiledCodeHeapSize                  = 122912730                              {pd product} {ergonomic}
    uintx ProfiledCodeHeapSize                     = 122912730                              {pd product} {ergonomic}
    uintx ReservedCodeCacheSize                    = 251658240                              {pd product} {ergonomic}
     bool SegmentedCodeCache                       = true                                      {product} {ergonomic}
   size_t SoftMaxHeapSize                          = 1044381696                             {manageable} {ergonomic}
     bool UseCompressedOops                        = true                           {product lp64_product} {ergonomic}
     bool UseG1GC                                  = true                                      {product} {ergonomic}
     bool UseLargePagesIndividualAllocation        = false                                  {pd product} {ergonomic}

Logging:
Log output configuration:
 #0: stdout all=warning uptime,level,tags foldmultilines=false
 #1: stderr all=off uptime,level,tags foldmultilines=false

Environment Variables:
JAVA_HOME=C:\Program Files\Java\jdk-21
PATH=C:\Program Files\Common Files\Oracle\Java\javapath;C:\Program Files\Java\jre1.8.0_202\bin;C:\Windows\system32;C:\Windows;C:\Windows\System32\Wbem;C:\Windows\System32\WindowsPowerShell\v1.0\;C:\Windows\System32\OpenSSH\;C:\Program Files\Microsoft SQL Server\Client SDK\ODBC\170\Tools\Binn\;C:\Program Files\Azure Data Studio\bin;C:\Program Files\Git\cmd;C:\Program Files (x86)\Microsoft SQL Server\160\Tools\Binn\;C:\Program Files\Microsoft SQL Server\160\Tools\Binn\;C:\Program Files\Microsoft SQL Server\160\DTS\Binn\;C:\Program Files (x86)\Microsoft SQL Server\160\DTS\Binn\;C:\Users\Mauricio\AppData\Local\Microsoft\WindowsApps;;C:\Program Files\Azure Data Studio\bin;C:\Users\Mauricio\AppData\Local\Programs\Microsoft VS Code\bin
USERNAME=Mauricio
OS=Windows_NT
PROCESSOR_IDENTIFIER=Intel64 Family 6 Model 78 Stepping 3, GenuineIntel
TMP=C:\Users\Mauricio\AppData\Local\Temp
TEMP=C:\Users\Mauricio\AppData\Local\Temp




Periodic native trim disabled

---------------  S Y S T E M  ---------------

OS:
 Windows 10 , 64 bit Build 19041 (10.0.19041.3031)
OS uptime: 0 days 2:32 hours

CPU: total 4 (initial active 4) (2 cores per cpu, 2 threads per core) family 6 model 78 stepping 3 microcode 0xcc, cx8, cmov, fxsr, ht, mmx, 3dnowpref, sse, sse2, sse3, ssse3, sse4.1, sse4.2, popcnt, lzcnt, tsc, tscinvbit, avx, avx2, aes, erms, clmul, bmi1, bmi2, rtm, adx, fma, vzeroupper, clflush, clflushopt, rdtscp, f16c
Processor Information for all 4 processors :
  Max Mhz: 2301, Current Mhz: 2300, Mhz Limit: 2277

Memory: 4k page, system-wide physical 3977M (404M free)
TotalPageFile size 6025M (AvailPageFile size 31M)
current process WorkingSet (physical memory assigned to process): 92M, peak: 92M
current process commit charge ("private bytes"): 165M, peak: 166M

vm_info: Java HotSpot(TM) 64-Bit Server VM (21.0.2+13-LTS-58) for windows-amd64 JRE (21.0.2+13-LTS-58), built on 2024-01-05T18:32:24Z by "mach5one" with MS VC++ 17.1 (VS2022)

END.
