#
# There is insufficient memory for the Java Runtime Environment to continue.
# Native memory allocation (malloc) failed to allocate 32744 bytes for ChunkPool::allocate
# Possible reasons:
#   The system is out of physical RAM or swap space
#   The process is running with CompressedOops enabled, and the Java Heap may be blocking the growth of the native heap
# Possible solutions:
#   Reduce memory load on the system
#   Increase physical memory or swap space
#   Check if swap backing store is full
#   Decrease Java heap size (-Xmx/-Xms)
#   Decrease number of Java threads
#   Decrease Java thread stack sizes (-Xss)
#   Set larger code cache with -XX:ReservedCodeCacheSize=
#   JVM is running with Unscaled Compressed Oops mode in which the Java heap is
#     placed in the first 4GB address space. The Java Heap base address is the
#     maximum limit for the native heap growth. Please use -XX:HeapBaseMinAddress
#     to set the Java Heap base and to place the Java Heap above 4GB virtual address.
# This output file may be truncated or incomplete.
#
#  Out of Memory Error (arena.cpp:78), pid=7908, tid=8664
#
# JRE version: OpenJDK Runtime Environment Temurin-17.0.5+8 (17.0.5+8) (build 17.0.5+8)
# Java VM: OpenJDK 64-Bit Server VM Temurin-17.0.5+8 (17.0.5+8, mixed mode, tiered, compressed oops, compressed class ptrs, g1 gc, windows-amd64)
# No core dump will be written. Minidumps are not enabled by default on client versions of Windows
#

---------------  S U M M A R Y ------------

Command Line: -Dfile.encoding=UTF-8 -XX:+ShowCodeDetailsInExceptionMessages FundosAcoes.FundosAcoesTest.App

Host: Intel(R) Core(TM) i3-6100U CPU @ 2.30GHz, 4 cores, 3G,  Windows 10 , 64 bit Build 19041 (10.0.19041.3031)
Time: Tue Jan 30 14:50:21 2024 Hora oficial do Brasil elapsed time: 25.813226 seconds (0d 0h 0m 25s)

---------------  T H R E A D  ---------------

Current thread (0x000001edb6d1a0b0):  JavaThread "C2 CompilerThread0" daemon [_thread_in_native, id=8664, stack(0x0000006bde500000,0x0000006bde600000)]


Current CompileTask:
C2:  25813 1650  s!   4       jdk.internal.loader.URLClassPath::getLoader (194 bytes)

Stack: [0x0000006bde500000,0x0000006bde600000]
Native frames: (J=compiled Java code, j=interpreted, Vv=VM code, C=native code)
V  [jvm.dll+0x676b3a]
V  [jvm.dll+0x831444]
V  [jvm.dll+0x832bee]
V  [jvm.dll+0x833253]
V  [jvm.dll+0x244ce5]
V  [jvm.dll+0xabdcc]
V  [jvm.dll+0xac17c]
V  [jvm.dll+0xabcbb]
V  [jvm.dll+0x6ccb9c]
V  [jvm.dll+0x586d5f]
V  [jvm.dll+0x754412]
V  [jvm.dll+0x753487]
V  [jvm.dll+0x5910ab]
V  [jvm.dll+0x57dd03]
V  [jvm.dll+0x21fd72]
V  [jvm.dll+0x219539]
V  [jvm.dll+0x216e6b]
V  [jvm.dll+0x1a343d]
V  [jvm.dll+0x22698a]
V  [jvm.dll+0x224ac5]
V  [jvm.dll+0x7e727b]
V  [jvm.dll+0x7e17ea]
V  [jvm.dll+0x6759e5]
C  [ucrtbase.dll+0x21bb2]
C  [KERNEL32.DLL+0x17614]
C  [ntdll.dll+0x526f1]


---------------  P R O C E S S  ---------------

Threads class SMR info:
_java_thread_list=0x000001edb83dcf40, length=21, elements={
0x000001ed9fc4fac0, 0x000001edb6cc9ec0, 0x000001edb6ccd040, 0x000001edb6d0f530,
0x000001edb6d115a0, 0x000001edb6d11f50, 0x000001edb6d174c0, 0x000001edb6d1a0b0,
0x000001edb6d1f210, 0x000001edb6d342b0, 0x000001edb793bfe0, 0x000001edb7958020,
0x000001edb7f103b0, 0x000001edb9047730, 0x000001edb83d3b40, 0x000001edb83c8e40,
0x000001edb83c9c40, 0x000001edb90c2730, 0x000001edb9069050, 0x000001edb9069ec0,
0x000001edb906a390
}

Java Threads: ( => current thread )
  0x000001ed9fc4fac0 JavaThread "Forwarding newSession on session null to remote" [_thread_in_vm, id=6768, stack(0x0000006bdd800000,0x0000006bdd900000)]
  0x000001edb6cc9ec0 JavaThread "Reference Handler" daemon [_thread_blocked, id=7716, stack(0x0000006bddf00000,0x0000006bde000000)]
  0x000001edb6ccd040 JavaThread "Finalizer" daemon [_thread_blocked, id=8156, stack(0x0000006bde000000,0x0000006bde100000)]
  0x000001edb6d0f530 JavaThread "Signal Dispatcher" daemon [_thread_blocked, id=4688, stack(0x0000006bde100000,0x0000006bde200000)]
  0x000001edb6d115a0 JavaThread "Attach Listener" daemon [_thread_blocked, id=3636, stack(0x0000006bde200000,0x0000006bde300000)]
  0x000001edb6d11f50 JavaThread "Service Thread" daemon [_thread_blocked, id=12000, stack(0x0000006bde300000,0x0000006bde400000)]
  0x000001edb6d174c0 JavaThread "Monitor Deflation Thread" daemon [_thread_blocked, id=11036, stack(0x0000006bde400000,0x0000006bde500000)]
=>0x000001edb6d1a0b0 JavaThread "C2 CompilerThread0" daemon [_thread_in_native, id=8664, stack(0x0000006bde500000,0x0000006bde600000)]
  0x000001edb6d1f210 JavaThread "C1 CompilerThread0" daemon [_thread_blocked, id=2120, stack(0x0000006bde600000,0x0000006bde700000)]
  0x000001edb6d342b0 JavaThread "Sweeper thread" daemon [_thread_blocked, id=10396, stack(0x0000006bde700000,0x0000006bde800000)]
  0x000001edb793bfe0 JavaThread "Notification Thread" daemon [_thread_blocked, id=7560, stack(0x0000006bde800000,0x0000006bde900000)]
  0x000001edb7958020 JavaThread "Common-Cleaner" daemon [_thread_blocked, id=1152, stack(0x0000006bdea00000,0x0000006bdeb00000)]
  0x000001edb7f103b0 JavaThread "ForkJoinPool.commonPool-worker-1" daemon [_thread_blocked, id=3632, stack(0x0000006bdeb00000,0x0000006bdec00000)]
  0x000001edb9047730 JavaThread "HttpClient-1-SelectorManager" daemon [_thread_in_native, id=1012, stack(0x0000006bdf100000,0x0000006bdf200000)]
  0x000001edb83d3b40 JavaThread "Thread-2" [_thread_in_native, id=8548, stack(0x0000006bdf200000,0x0000006bdf300000)]
  0x000001edb83c8e40 JavaThread "Driver Service Executor" daemon [_thread_blocked, id=5560, stack(0x0000006bdf300000,0x0000006bdf400000)]
  0x000001edb83c9c40 JavaThread "Driver Service Executor" daemon [_thread_blocked, id=7612, stack(0x0000006bdf400000,0x0000006bdf500000)]
  0x000001edb90c2730 JavaThread "UrlChecker-2" daemon [_thread_blocked, id=9120, stack(0x0000006bdf500000,0x0000006bdf600000)]
  0x000001edb9069050 JavaThread "pool-1-thread-1" [_thread_blocked, id=12148, stack(0x0000006bdf800000,0x0000006bdf900000)]
  0x000001edb9069ec0 JavaThread "pool-1-thread-2" [_thread_blocked, id=8636, stack(0x0000006bdf900000,0x0000006bdfa00000)]
  0x000001edb906a390 JavaThread "pool-1-thread-3" [_thread_blocked, id=8008, stack(0x0000006bdfa00000,0x0000006bdfb00000)]

Other Threads:
  0x000001ed9fd1e260 VMThread "VM Thread" [stack: 0x0000006bdde00000,0x0000006bddf00000] [id=9664] _threads_hazard_ptr=0x000001edb83dcf40
  0x000001edb793e4c0 WatcherThread [stack: 0x0000006bde900000,0x0000006bdea00000] [id=5300]
  0x000001ed9fc8dfd0 GCTaskThread "GC Thread#0" [stack: 0x0000006bdd900000,0x0000006bdda00000] [id=12264]
  0x000001edb7f9cd00 GCTaskThread "GC Thread#1" [stack: 0x0000006bdec00000,0x0000006bded00000] [id=2188]
  0x000001edb8310cd0 GCTaskThread "GC Thread#2" [stack: 0x0000006bded00000,0x0000006bdee00000] [id=4208]
  0x000001edb828afa0 GCTaskThread "GC Thread#3" [stack: 0x0000006bdee00000,0x0000006bdef00000] [id=10468]
  0x000001ed9fc96a90 ConcurrentGCThread "G1 Main Marker" [stack: 0x0000006bdda00000,0x0000006bddb00000] [id=8776]
  0x000001ed9fc973a0 ConcurrentGCThread "G1 Conc#0" [stack: 0x0000006bddb00000,0x0000006bddc00000] [id=8444]
  0x000001ed9fce5d20 ConcurrentGCThread "G1 Refine#0" [stack: 0x0000006bddc00000,0x0000006bddd00000] [id=5656]
  0x000001edb8305c20 ConcurrentGCThread "G1 Refine#1" [stack: 0x0000006bdef00000,0x0000006bdf000000] [id=3476]
  0x000001ed9fce6640 ConcurrentGCThread "G1 Service" [stack: 0x0000006bddd00000,0x0000006bdde00000] [id=9528]

Threads with active compile tasks:
C2 CompilerThread0    26329 1650  s!   4       jdk.internal.loader.URLClassPath::getLoader (194 bytes)

VM state: synchronizing (normal execution)

VM Mutex/Monitor currently owned by a thread:  ([mutex/lock_event])
[0x000001ed9fc4b050] Threads_lock - owner thread: 0x000001ed9fd1e260

Heap address: 0x00000000c1c00000, size: 996 MB, Compressed Oops mode: 32-bit

CDS archive(s) not mapped
Compressed class space mapped at: 0x0000000100000000-0x0000000140000000, reserved size: 1073741824
Narrow klass base: 0x0000000000000000, Narrow klass shift: 3, Narrow klass range: 0x140000000

GC Precious Log:
 CPUs: 4 total, 4 available
 Memory: 3977M
 Large Page Support: Disabled
 NUMA Support: Disabled
 Compressed Oops: Enabled (32-bit)
 Heap Region Size: 1M
 Heap Min Capacity: 8M
 Heap Initial Capacity: 64M
 Heap Max Capacity: 996M
 Pre-touch: Disabled
 Parallel Workers: 4
 Concurrent Workers: 1
 Concurrent Refinement Workers: 4
 Periodic GC: Disabled

Heap:
 garbage-first heap   total 65536K, used 15913K [0x00000000c1c00000, 0x0000000100000000)
  region size 1024K, 13 young (13312K), 2 survivors (2048K)
 Metaspace       used 20143K, committed 20416K, reserved 1073152K
  class space    used 2180K, committed 2304K, reserved 1048576K

Heap Regions: E=young(eden), S=young(survivor), O=old, HS=humongous(starts), HC=humongous(continues), CS=collection set, F=free, OA=open archive, CA=closed archive, TAMS=top-at-mark-start (previous, next)
|   0|0x00000000c1c00000, 0x00000000c1d00000, 0x00000000c1d00000|100%| O|  |TAMS 0x00000000c1c00000, 0x00000000c1c00000| Untracked 
|   1|0x00000000c1d00000, 0x00000000c1e00000, 0x00000000c1e00000|100%| O|  |TAMS 0x00000000c1d00000, 0x00000000c1d00000| Untracked 
|   2|0x00000000c1e00000, 0x00000000c1f00000, 0x00000000c1f00000|100%| O|  |TAMS 0x00000000c1e00000, 0x00000000c1e00000| Untracked 
|   3|0x00000000c1f00000, 0x00000000c1fefa00, 0x00000000c2000000| 93%| O|  |TAMS 0x00000000c1f00000, 0x00000000c1f00000| Untracked 
|   4|0x00000000c2000000, 0x00000000c2000000, 0x00000000c2100000|  0%| F|  |TAMS 0x00000000c2000000, 0x00000000c2000000| Untracked 
|   5|0x00000000c2100000, 0x00000000c2100000, 0x00000000c2200000|  0%| F|  |TAMS 0x00000000c2100000, 0x00000000c2100000| Untracked 
|   6|0x00000000c2200000, 0x00000000c2200000, 0x00000000c2300000|  0%| F|  |TAMS 0x00000000c2200000, 0x00000000c2200000| Untracked 
|   7|0x00000000c2300000, 0x00000000c2300000, 0x00000000c2400000|  0%| F|  |TAMS 0x00000000c2300000, 0x00000000c2300000| Untracked 
|   8|0x00000000c2400000, 0x00000000c2400000, 0x00000000c2500000|  0%| F|  |TAMS 0x00000000c2400000, 0x00000000c2400000| Untracked 
|   9|0x00000000c2500000, 0x00000000c2500000, 0x00000000c2600000|  0%| F|  |TAMS 0x00000000c2500000, 0x00000000c2500000| Untracked 
|  10|0x00000000c2600000, 0x00000000c2600000, 0x00000000c2700000|  0%| F|  |TAMS 0x00000000c2600000, 0x00000000c2600000| Untracked 
|  11|0x00000000c2700000, 0x00000000c2700000, 0x00000000c2800000|  0%| F|  |TAMS 0x00000000c2700000, 0x00000000c2700000| Untracked 
|  12|0x00000000c2800000, 0x00000000c2800000, 0x00000000c2900000|  0%| F|  |TAMS 0x00000000c2800000, 0x00000000c2800000| Untracked 
|  13|0x00000000c2900000, 0x00000000c2900000, 0x00000000c2a00000|  0%| F|  |TAMS 0x00000000c2900000, 0x00000000c2900000| Untracked 
|  14|0x00000000c2a00000, 0x00000000c2a00000, 0x00000000c2b00000|  0%| F|  |TAMS 0x00000000c2a00000, 0x00000000c2a00000| Untracked 
|  15|0x00000000c2b00000, 0x00000000c2b00000, 0x00000000c2c00000|  0%| F|  |TAMS 0x00000000c2b00000, 0x00000000c2b00000| Untracked 
|  16|0x00000000c2c00000, 0x00000000c2c00000, 0x00000000c2d00000|  0%| F|  |TAMS 0x00000000c2c00000, 0x00000000c2c00000| Untracked 
|  17|0x00000000c2d00000, 0x00000000c2d00000, 0x00000000c2e00000|  0%| F|  |TAMS 0x00000000c2d00000, 0x00000000c2d00000| Untracked 
|  18|0x00000000c2e00000, 0x00000000c2e00000, 0x00000000c2f00000|  0%| F|  |TAMS 0x00000000c2e00000, 0x00000000c2e00000| Untracked 
|  19|0x00000000c2f00000, 0x00000000c2f00000, 0x00000000c3000000|  0%| F|  |TAMS 0x00000000c2f00000, 0x00000000c2f00000| Untracked 
|  20|0x00000000c3000000, 0x00000000c3000000, 0x00000000c3100000|  0%| F|  |TAMS 0x00000000c3000000, 0x00000000c3000000| Untracked 
|  21|0x00000000c3100000, 0x00000000c3100000, 0x00000000c3200000|  0%| F|  |TAMS 0x00000000c3100000, 0x00000000c3100000| Untracked 
|  22|0x00000000c3200000, 0x00000000c3200000, 0x00000000c3300000|  0%| F|  |TAMS 0x00000000c3200000, 0x00000000c3200000| Untracked 
|  23|0x00000000c3300000, 0x00000000c3300000, 0x00000000c3400000|  0%| F|  |TAMS 0x00000000c3300000, 0x00000000c3300000| Untracked 
|  24|0x00000000c3400000, 0x00000000c3400000, 0x00000000c3500000|  0%| F|  |TAMS 0x00000000c3400000, 0x00000000c3400000| Untracked 
|  25|0x00000000c3500000, 0x00000000c3500000, 0x00000000c3600000|  0%| F|  |TAMS 0x00000000c3500000, 0x00000000c3500000| Untracked 
|  26|0x00000000c3600000, 0x00000000c3600000, 0x00000000c3700000|  0%| F|  |TAMS 0x00000000c3600000, 0x00000000c3600000| Untracked 
|  27|0x00000000c3700000, 0x00000000c3700000, 0x00000000c3800000|  0%| F|  |TAMS 0x00000000c3700000, 0x00000000c3700000| Untracked 
|  28|0x00000000c3800000, 0x00000000c3800000, 0x00000000c3900000|  0%| F|  |TAMS 0x00000000c3800000, 0x00000000c3800000| Untracked 
|  29|0x00000000c3900000, 0x00000000c3900000, 0x00000000c3a00000|  0%| F|  |TAMS 0x00000000c3900000, 0x00000000c3900000| Untracked 
|  30|0x00000000c3a00000, 0x00000000c3a00000, 0x00000000c3b00000|  0%| F|  |TAMS 0x00000000c3a00000, 0x00000000c3a00000| Untracked 
|  31|0x00000000c3b00000, 0x00000000c3b00000, 0x00000000c3c00000|  0%| F|  |TAMS 0x00000000c3b00000, 0x00000000c3b00000| Untracked 
|  32|0x00000000c3c00000, 0x00000000c3c00000, 0x00000000c3d00000|  0%| F|  |TAMS 0x00000000c3c00000, 0x00000000c3c00000| Untracked 
|  33|0x00000000c3d00000, 0x00000000c3d00000, 0x00000000c3e00000|  0%| F|  |TAMS 0x00000000c3d00000, 0x00000000c3d00000| Untracked 
|  34|0x00000000c3e00000, 0x00000000c3e00000, 0x00000000c3f00000|  0%| F|  |TAMS 0x00000000c3e00000, 0x00000000c3e00000| Untracked 
|  35|0x00000000c3f00000, 0x00000000c3f00000, 0x00000000c4000000|  0%| F|  |TAMS 0x00000000c3f00000, 0x00000000c3f00000| Untracked 
|  36|0x00000000c4000000, 0x00000000c4000000, 0x00000000c4100000|  0%| F|  |TAMS 0x00000000c4000000, 0x00000000c4000000| Untracked 
|  37|0x00000000c4100000, 0x00000000c4100000, 0x00000000c4200000|  0%| F|  |TAMS 0x00000000c4100000, 0x00000000c4100000| Untracked 
|  38|0x00000000c4200000, 0x00000000c4200000, 0x00000000c4300000|  0%| F|  |TAMS 0x00000000c4200000, 0x00000000c4200000| Untracked 
|  39|0x00000000c4300000, 0x00000000c4300000, 0x00000000c4400000|  0%| F|  |TAMS 0x00000000c4300000, 0x00000000c4300000| Untracked 
|  40|0x00000000c4400000, 0x00000000c4400000, 0x00000000c4500000|  0%| F|  |TAMS 0x00000000c4400000, 0x00000000c4400000| Untracked 
|  41|0x00000000c4500000, 0x00000000c4500000, 0x00000000c4600000|  0%| F|  |TAMS 0x00000000c4500000, 0x00000000c4500000| Untracked 
|  42|0x00000000c4600000, 0x00000000c4600000, 0x00000000c4700000|  0%| F|  |TAMS 0x00000000c4600000, 0x00000000c4600000| Untracked 
|  43|0x00000000c4700000, 0x00000000c4700000, 0x00000000c4800000|  0%| F|  |TAMS 0x00000000c4700000, 0x00000000c4700000| Untracked 
|  44|0x00000000c4800000, 0x00000000c4800000, 0x00000000c4900000|  0%| F|  |TAMS 0x00000000c4800000, 0x00000000c4800000| Untracked 
|  45|0x00000000c4900000, 0x00000000c4900000, 0x00000000c4a00000|  0%| F|  |TAMS 0x00000000c4900000, 0x00000000c4900000| Untracked 
|  46|0x00000000c4a00000, 0x00000000c4a00000, 0x00000000c4b00000|  0%| F|  |TAMS 0x00000000c4a00000, 0x00000000c4a00000| Untracked 
|  47|0x00000000c4b00000, 0x00000000c4b00000, 0x00000000c4c00000|  0%| F|  |TAMS 0x00000000c4b00000, 0x00000000c4b00000| Untracked 
|  48|0x00000000c4c00000, 0x00000000c4c00000, 0x00000000c4d00000|  0%| F|  |TAMS 0x00000000c4c00000, 0x00000000c4c00000| Untracked 
|  49|0x00000000c4d00000, 0x00000000c4d00000, 0x00000000c4e00000|  0%| F|  |TAMS 0x00000000c4d00000, 0x00000000c4d00000| Untracked 
|  50|0x00000000c4e00000, 0x00000000c4e00000, 0x00000000c4f00000|  0%| F|  |TAMS 0x00000000c4e00000, 0x00000000c4e00000| Untracked 
|  51|0x00000000c4f00000, 0x00000000c4f9ab18, 0x00000000c5000000| 60%| S|CS|TAMS 0x00000000c4f00000, 0x00000000c4f00000| Complete 
|  52|0x00000000c5000000, 0x00000000c5100000, 0x00000000c5100000|100%| S|CS|TAMS 0x00000000c5000000, 0x00000000c5000000| Complete 
|  53|0x00000000c5100000, 0x00000000c5170cb8, 0x00000000c5200000| 44%| E|  |TAMS 0x00000000c5100000, 0x00000000c5100000| Complete 
|  54|0x00000000c5200000, 0x00000000c5300000, 0x00000000c5300000|100%| E|CS|TAMS 0x00000000c5200000, 0x00000000c5200000| Complete 
|  55|0x00000000c5300000, 0x00000000c5400000, 0x00000000c5400000|100%| E|CS|TAMS 0x00000000c5300000, 0x00000000c5300000| Complete 
|  56|0x00000000c5400000, 0x00000000c5500000, 0x00000000c5500000|100%| E|CS|TAMS 0x00000000c5400000, 0x00000000c5400000| Complete 
|  57|0x00000000c5500000, 0x00000000c5600000, 0x00000000c5600000|100%| E|CS|TAMS 0x00000000c5500000, 0x00000000c5500000| Complete 
|  58|0x00000000c5600000, 0x00000000c5700000, 0x00000000c5700000|100%| E|CS|TAMS 0x00000000c5600000, 0x00000000c5600000| Complete 
|  59|0x00000000c5700000, 0x00000000c5800000, 0x00000000c5800000|100%| E|CS|TAMS 0x00000000c5700000, 0x00000000c5700000| Complete 
|  60|0x00000000c5800000, 0x00000000c5900000, 0x00000000c5900000|100%| E|CS|TAMS 0x00000000c5800000, 0x00000000c5800000| Complete 
|  61|0x00000000c5900000, 0x00000000c5a00000, 0x00000000c5a00000|100%| E|CS|TAMS 0x00000000c5900000, 0x00000000c5900000| Complete 
|  62|0x00000000c5a00000, 0x00000000c5b00000, 0x00000000c5b00000|100%| E|CS|TAMS 0x00000000c5a00000, 0x00000000c5a00000| Complete 
|  63|0x00000000c5b00000, 0x00000000c5c00000, 0x00000000c5c00000|100%| E|CS|TAMS 0x00000000c5b00000, 0x00000000c5b00000| Complete 

Card table byte_map: [0x000001edb2510000,0x000001edb2710000] _byte_map_base: 0x000001edb1f02000

Marking Bits (Prev, Next): (CMBitMap*) 0x000001ed9fc8e4e0, (CMBitMap*) 0x000001ed9fc8e520
 Prev Bits: [0x000001edb2910000, 0x000001edb38a0000)
 Next Bits: [0x000001edb38a0000, 0x000001edb4830000)

Polling page: 0x000001ed9da50000

Metaspace:

Usage:
  Non-class:     17.54 MB used.
      Class:      2.13 MB used.
       Both:     19.67 MB used.

Virtual space:
  Non-class space:       24.00 MB reserved,      17.69 MB ( 74%) committed,  3 nodes.
      Class space:        1.00 GB reserved,       2.25 MB ( <1%) committed,  1 nodes.
             Both:        1.02 GB reserved,      19.94 MB (  2%) committed. 

Chunk freelists:
   Non-Class:  1.66 MB
       Class:  1.77 MB
        Both:  3.42 MB

MaxMetaspaceSize: unlimited
CompressedClassSpaceSize: 1.00 GB
Initial GC threshold: 21.00 MB
Current GC threshold: 21.00 MB
CDS: off
MetaspaceReclaimPolicy: balanced
 - commit_granule_bytes: 65536.
 - commit_granule_words: 8192.
 - virtual_space_node_default_size: 1048576.
 - enlarge_chunks_in_place: 1.
 - new_chunks_are_fully_committed: 0.
 - uncommit_free_chunks: 1.
 - use_allocation_guard: 0.
 - handle_deallocations: 1.


Internal statistics:

num_allocs_failed_limit: 0.
num_arena_births: 200.
num_arena_deaths: 0.
num_vsnodes_births: 4.
num_vsnodes_deaths: 0.
num_space_committed: 319.
num_space_uncommitted: 0.
num_chunks_returned_to_freelist: 0.
num_chunks_taken_from_freelist: 479.
num_chunk_merges: 0.
num_chunk_splits: 272.
num_chunks_enlarged: 184.
num_purges: 0.
num_inconsistent_stats: 0.

CodeHeap 'non-profiled nmethods': size=120000Kb used=516Kb max_used=516Kb free=119483Kb
 bounds [0x000001edaade0000, 0x000001edab050000, 0x000001edb2310000]
CodeHeap 'profiled nmethods': size=120000Kb used=3047Kb max_used=3047Kb free=116952Kb
 bounds [0x000001eda38b0000, 0x000001eda3bb0000, 0x000001edaade0000]
CodeHeap 'non-nmethods': size=5760Kb used=1213Kb max_used=1238Kb free=4546Kb
 bounds [0x000001eda3310000, 0x000001eda3580000, 0x000001eda38b0000]
 total_blobs=2167 nmethods=1649 adapters=431
 compilation: enabled
              stopped_count=0, restarted_count=0
 full_count=0

Compilation events (20 events):
Event: 25.616 Thread 0x000001edb6d1f210 nmethod 1640 0x000001eda3ba3f10 code [0x000001eda3ba40e0, 0x000001eda3ba44a8]
Event: 25.616 Thread 0x000001edb6d1f210 1641   !   3       java.util.zip.ZipFile$ZipFileInputStream::read (135 bytes)
Event: 25.617 Thread 0x000001edb6d1f210 nmethod 1641 0x000001eda3ba4690 code [0x000001eda3ba48a0, 0x000001eda3ba4f18]
Event: 25.617 Thread 0x000001edb6d1f210 1642       3       java.util.zip.ZipFile::ensureOpenOrZipException (19 bytes)
Event: 25.617 Thread 0x000001edb6d1f210 nmethod 1642 0x000001eda3ba5290 code [0x000001eda3ba5440, 0x000001eda3ba5608]
Event: 25.617 Thread 0x000001edb6d1f210 1643       3       java.util.zip.ZipFile$ZipFileInputStream::initDataOffset (117 bytes)
Event: 25.618 Thread 0x000001edb6d1f210 nmethod 1643 0x000001eda3ba5710 code [0x000001eda3ba5920, 0x000001eda3ba60c8]
Event: 25.618 Thread 0x000001edb6d1f210 1644       3       java.util.zip.ZipUtils::LOCNAM (7 bytes)
Event: 25.618 Thread 0x000001edb6d1f210 nmethod 1644 0x000001eda3ba6410 code [0x000001eda3ba65a0, 0x000001eda3ba6758]
Event: 25.618 Thread 0x000001edb6d1f210 1645       3       java.util.zip.ZipUtils::LOCEXT (7 bytes)
Event: 25.618 Thread 0x000001edb6d1f210 nmethod 1645 0x000001eda3ba6890 code [0x000001eda3ba6a20, 0x000001eda3ba6bd8]
Event: 25.618 Thread 0x000001edb6d1f210 1646   !   3       java.util.zip.ZipFile$Source::readAt (39 bytes)
Event: 25.619 Thread 0x000001edb6d1f210 nmethod 1646 0x000001eda3ba6d10 code [0x000001eda3ba6f00, 0x000001eda3ba7368]
Event: 25.619 Thread 0x000001edb6d1f210 1647       3       java.util.zip.ZipFile$InflaterCleanupAction::run (12 bytes)
Event: 25.619 Thread 0x000001edb6d1f210 nmethod 1647 0x000001eda3ba7690 code [0x000001eda3ba7840, 0x000001eda3ba7988]
Event: 25.619 Thread 0x000001edb6d1f210 1648   !   3       java.util.zip.ZipFile$CleanableResource::releaseInflater (53 bytes)
Event: 25.620 Thread 0x000001edb6d1f210 nmethod 1648 0x000001eda3ba7a90 code [0x000001eda3ba7c60, 0x000001eda3ba8068]
Event: 25.656 Thread 0x000001edb6d1f210 1649       3       jdk.internal.loader.BuiltinClassLoader::defineClass (121 bytes)
Event: 25.657 Thread 0x000001edb6d1f210 nmethod 1649 0x000001eda3ba8290 code [0x000001eda3ba8580, 0x000001eda3ba9808]
Event: 25.665 Thread 0x000001edb6d1a0b0 1650  s!   4       jdk.internal.loader.URLClassPath::getLoader (194 bytes)

GC Heap History (4 events):
Event: 1.484 GC heap before
{Heap before GC invocations=0 (full 0):
 garbage-first heap   total 65536K, used 12288K [0x00000000c1c00000, 0x0000000100000000)
  region size 1024K, 13 young (13312K), 0 survivors (0K)
 Metaspace       used 13225K, committed 13440K, reserved 1064960K
  class space    used 1333K, committed 1408K, reserved 1048576K
}
Event: 1.492 GC heap after
{Heap after GC invocations=1 (full 0):
 garbage-first heap   total 65536K, used 3831K [0x00000000c1c00000, 0x0000000100000000)
  region size 1024K, 2 young (2048K), 2 survivors (2048K)
 Metaspace       used 13225K, committed 13440K, reserved 1064960K
  class space    used 1333K, committed 1408K, reserved 1048576K
}
Event: 1.873 GC heap before
{Heap before GC invocations=1 (full 0):
 garbage-first heap   total 65536K, used 15095K [0x00000000c1c00000, 0x0000000100000000)
  region size 1024K, 13 young (13312K), 2 survivors (2048K)
 Metaspace       used 17382K, committed 17600K, reserved 1064960K
  class space    used 1800K, committed 1920K, reserved 1048576K
}
Event: 1.878 GC heap after
{Heap after GC invocations=2 (full 0):
 garbage-first heap   total 65536K, used 5673K [0x00000000c1c00000, 0x0000000100000000)
  region size 1024K, 2 young (2048K), 2 survivors (2048K)
 Metaspace       used 17382K, committed 17600K, reserved 1064960K
  class space    used 1800K, committed 1920K, reserved 1048576K
}

Dll operation events (6 events):
Event: 0.008 Loaded shared library C:\eclipse\plugins\org.eclipse.justj.openjdk.hotspot.jre.full.win32.x86_64_17.0.5.v20221102-0933\jre\bin\java.dll
Event: 0.187 Loaded shared library C:\eclipse\plugins\org.eclipse.justj.openjdk.hotspot.jre.full.win32.x86_64_17.0.5.v20221102-0933\jre\bin\net.dll
Event: 0.189 Loaded shared library C:\eclipse\plugins\org.eclipse.justj.openjdk.hotspot.jre.full.win32.x86_64_17.0.5.v20221102-0933\jre\bin\nio.dll
Event: 0.199 Loaded shared library C:\eclipse\plugins\org.eclipse.justj.openjdk.hotspot.jre.full.win32.x86_64_17.0.5.v20221102-0933\jre\bin\zip.dll
Event: 0.322 Loaded shared library C:\eclipse\plugins\org.eclipse.justj.openjdk.hotspot.jre.full.win32.x86_64_17.0.5.v20221102-0933\jre\bin\jimage.dll
Event: 1.686 Loaded shared library C:\eclipse\plugins\org.eclipse.justj.openjdk.hotspot.jre.full.win32.x86_64_17.0.5.v20221102-0933\jre\bin\sunmscapi.dll

Deoptimization events (20 events):
Event: 1.991 Thread 0x000001ed9fc4fac0 Uncommon trap: trap_request=0xffffffde fr.pc=0x000001edaae58244 relative=0x0000000000000124
Event: 1.991 Thread 0x000001ed9fc4fac0 Uncommon trap: reason=class_check action=maybe_recompile pc=0x000001edaae58244 method=jdk.internal.misc.Unsafe.allocateUninitializedArray(Ljava/lang/Class;I)Ljava/lang/Object; @ 51 c2
Event: 1.991 Thread 0x000001ed9fc4fac0 DEOPT PACKING pc=0x000001edaae58244 sp=0x0000006bdd8fdb50
Event: 1.991 Thread 0x000001ed9fc4fac0 DEOPT UNPACKING pc=0x000001eda33623a3 sp=0x0000006bdd8fdaf0 mode 2
Event: 1.991 Thread 0x000001ed9fc4fac0 Uncommon trap: trap_request=0xffffffde fr.pc=0x000001edaae58244 relative=0x0000000000000124
Event: 1.991 Thread 0x000001ed9fc4fac0 Uncommon trap: reason=class_check action=maybe_recompile pc=0x000001edaae58244 method=jdk.internal.misc.Unsafe.allocateUninitializedArray(Ljava/lang/Class;I)Ljava/lang/Object; @ 51 c2
Event: 1.991 Thread 0x000001ed9fc4fac0 DEOPT PACKING pc=0x000001edaae58244 sp=0x0000006bdd8fde30
Event: 1.991 Thread 0x000001ed9fc4fac0 DEOPT UNPACKING pc=0x000001eda33623a3 sp=0x0000006bdd8fddb8 mode 2
Event: 1.991 Thread 0x000001ed9fc4fac0 Uncommon trap: trap_request=0xffffffde fr.pc=0x000001edaae58244 relative=0x0000000000000124
Event: 1.991 Thread 0x000001ed9fc4fac0 Uncommon trap: reason=class_check action=maybe_recompile pc=0x000001edaae58244 method=jdk.internal.misc.Unsafe.allocateUninitializedArray(Ljava/lang/Class;I)Ljava/lang/Object; @ 51 c2
Event: 1.991 Thread 0x000001ed9fc4fac0 DEOPT PACKING pc=0x000001edaae58244 sp=0x0000006bdd8fcf90
Event: 1.991 Thread 0x000001ed9fc4fac0 DEOPT UNPACKING pc=0x000001eda33623a3 sp=0x0000006bdd8fcf18 mode 2
Event: 1.991 Thread 0x000001ed9fc4fac0 Uncommon trap: trap_request=0xffffffde fr.pc=0x000001edaae58244 relative=0x0000000000000124
Event: 1.991 Thread 0x000001ed9fc4fac0 Uncommon trap: reason=class_check action=maybe_recompile pc=0x000001edaae58244 method=jdk.internal.misc.Unsafe.allocateUninitializedArray(Ljava/lang/Class;I)Ljava/lang/Object; @ 51 c2
Event: 1.991 Thread 0x000001ed9fc4fac0 DEOPT PACKING pc=0x000001edaae58244 sp=0x0000006bdd8fcf50
Event: 1.991 Thread 0x000001ed9fc4fac0 DEOPT UNPACKING pc=0x000001eda33623a3 sp=0x0000006bdd8fced8 mode 2
Event: 2.090 Thread 0x000001edb9047730 Uncommon trap: trap_request=0xffffff45 fr.pc=0x000001edaae40d38 relative=0x0000000000000178
Event: 2.090 Thread 0x000001edb9047730 Uncommon trap: reason=unstable_if action=reinterpret pc=0x000001edaae40d38 method=java.lang.invoke.VarHandle.checkExactAccessMode(Ljava/lang/invoke/VarHandle$AccessDescriptor;)V @ 4 c2
Event: 2.090 Thread 0x000001edb9047730 DEOPT PACKING pc=0x000001edaae40d38 sp=0x0000006bdf1feff0
Event: 2.090 Thread 0x000001edb9047730 DEOPT UNPACKING pc=0x000001eda33623a3 sp=0x0000006bdf1fef30 mode 2

Classes unloaded (0 events):
No events

Classes redefined (0 events):
No events

Internal exceptions (20 events):
Event: 1.458 Thread 0x000001ed9fc4fac0 Exception <a 'java/lang/NoSuchMethodError'{0x00000000c4f8e388}: 'int java.lang.invoke.DirectMethodHandle$Holder.invokeStaticInit(java.lang.Object, java.lang.Object, java.lang.Object, java.lang.Object)'> (0x00000000c4f8e388) 
thrown [s\src\hotspot\share\interpreter\linkResolver.cpp, line 759]
Event: 1.458 Thread 0x000001ed9fc4fac0 Exception <a 'java/lang/IncompatibleClassChangeError'{0x00000000c4f97530}: Found class java.lang.Object, but interface was expected> (0x00000000c4f97530) 
thrown [s\src\hotspot\share\interpreter\linkResolver.cpp, line 826]
Event: 1.609 Thread 0x000001ed9fc4fac0 Exception <a 'java/lang/NoSuchMethodError'{0x00000000c56bc878}: 'java.lang.Object java.lang.invoke.DirectMethodHandle$Holder.invokeStaticInit(java.lang.Object, int, int, int, int)'> (0x00000000c56bc878) 
thrown [s\src\hotspot\share\interpreter\linkResolver.cpp, line 759]
Event: 1.659 Thread 0x000001ed9fc4fac0 Exception <a 'java/lang/NoSuchMethodError'{0x00000000c5590050}: 'java.lang.Object java.lang.invoke.DirectMethodHandle$Holder.invokeStaticInit(java.lang.Object, java.lang.Object, int, int, int, int)'> (0x00000000c5590050) 
thrown [s\src\hotspot\share\interpreter\linkResolver.cpp, line 759]
Event: 1.764 Thread 0x000001ed9fc4fac0 Exception <a 'java/lang/NoSuchMethodError'{0x00000000c524f918}: 'java.lang.Object java.lang.invoke.DirectMethodHandle$Holder.invokeInterface(java.lang.Object, java.lang.Object, java.lang.Object)'> (0x00000000c524f918) 
thrown [s\src\hotspot\share\interpreter\linkResolver.cpp, line 759]
Event: 1.765 Thread 0x000001ed9fc4fac0 Exception <a 'java/lang/IncompatibleClassChangeError'{0x00000000c5252fe0}: Found class java.lang.Object, but interface was expected> (0x00000000c5252fe0) 
thrown [s\src\hotspot\share\interpreter\linkResolver.cpp, line 826]
Event: 1.766 Thread 0x000001ed9fc4fac0 Exception <a 'java/lang/NoSuchMethodError'{0x00000000c525b368}: 'int java.lang.invoke.DirectMethodHandle$Holder.invokeSpecialIFC(java.lang.Object, java.lang.Object, java.lang.Object, java.lang.Object)'> (0x00000000c525b368) 
thrown [s\src\hotspot\share\interpreter\linkResolver.cpp, line 759]
Event: 1.777 Thread 0x000001ed9fc4fac0 Exception <a 'java/lang/NoSuchMethodError'{0x00000000c52c5440}: 'java.lang.Object java.lang.invoke.DirectMethodHandle$Holder.invokeVirtual(java.lang.Object, java.lang.Object, java.lang.Object, java.lang.Object)'> (0x00000000c52c5440) 
thrown [s\src\hotspot\share\interpreter\linkResolver.cpp, line 759]
Event: 1.805 Thread 0x000001edb90c2730 Exception <a 'java/net/ConnectException'{0x00000000c5137370}: Connection refused: no further information> (0x00000000c5137370) 
thrown [s\src\hotspot\share\prims\jni.cpp, line 535]
Event: 1.805 Thread 0x000001edb90c2730 Exception <a 'java/net/SocketException'{0x00000000c51376a8}: Socket is not connected: shutdown> (0x00000000c51376a8) 
thrown [s\src\hotspot\share\prims\jni.cpp, line 535]
Event: 1.817 Thread 0x000001edb90c2730 Exception <a 'java/net/ConnectException'{0x00000000c51386a0}: Connection refused: no further information> (0x00000000c51386a0) 
thrown [s\src\hotspot\share\prims\jni.cpp, line 535]
Event: 1.817 Thread 0x000001edb90c2730 Exception <a 'java/net/SocketException'{0x00000000c51389d8}: Socket is not connected: shutdown> (0x00000000c51389d8) 
thrown [s\src\hotspot\share\prims\jni.cpp, line 535]
Event: 1.889 Thread 0x000001ed9fc4fac0 Exception <a 'java/lang/NoSuchMethodError'{0x00000000c5b6b640}: 'java.lang.Object java.lang.invoke.DirectMethodHandle$Holder.newInvokeSpecial(java.lang.Object, java.lang.Object, int, int)'> (0x00000000c5b6b640) 
thrown [s\src\hotspot\share\interpreter\linkResolver.cpp, line 759]
Event: 1.890 Thread 0x000001ed9fc4fac0 Exception <a 'java/lang/NoSuchMethodError'{0x00000000c5b76350}: 'void java.lang.invoke.DirectMethodHandle$Holder.invokeStatic(java.lang.Object, java.lang.Object, int)'> (0x00000000c5b76350) 
thrown [s\src\hotspot\share\interpreter\linkResolver.cpp, line 759]
Event: 1.919 Thread 0x000001ed9fc4fac0 Exception <a 'java/lang/NoSuchMethodError'{0x00000000c5a98548}: 'java.lang.Object java.lang.invoke.DirectMethodHandle$Holder.newInvokeSpecial(java.lang.Object, java.lang.Object, java.lang.Object, java.lang.Object, java.lang.Object)'> (0x00000000c5a98548) 
thrown [s\src\hotspot\share\interpreter\linkResolver.cpp, line 759]
Event: 1.987 Thread 0x000001ed9fc4fac0 Exception <a 'java/lang/NoSuchMethodError'{0x00000000c58fb4b0}: 'void java.lang.invoke.DirectMethodHandle$Holder.invokeSpecial(java.lang.Object, java.lang.Object, java.lang.Object)'> (0x00000000c58fb4b0) 
thrown [s\src\hotspot\share\interpreter\linkResolver.cpp, line 759]
Event: 2.047 Thread 0x000001edb9069050 Exception <a 'java/lang/NoSuchMethodError'{0x00000000c5545320}: 'java.lang.Object java.lang.invoke.DirectMethodHandle$Holder.invokeSpecial(java.lang.Object, java.lang.Object, java.lang.Object, java.lang.Object, int)'> (0x00000000c5545320) 
thrown [s\src\hotspot\share\interpreter\linkResolver.cpp, line 759]
Event: 2.048 Thread 0x000001edb9069050 Exception <a 'java/lang/NoSuchMethodError'{0x00000000c5548ee8}: 'java.lang.Object java.lang.invoke.Invokers$Holder.linkToTargetMethod(java.lang.Object, java.lang.Object, int, java.lang.Object)'> (0x00000000c5548ee8) 
thrown [s\src\hotspot\share\interpreter\linkResolver.cpp, line 759]
Event: 2.077 Thread 0x000001edb9069050 Exception <a 'java/lang/NoSuchMethodError'{0x00000000c5496108}: 'void java.lang.invoke.DirectMethodHandle$Holder.invokeSpecial(java.lang.Object, java.lang.Object, java.lang.Object, java.lang.Object, java.lang.Object)'> (0x00000000c5496108) 
thrown [s\src\hotspot\share\interpreter\linkResolver.cpp, line 759]
Event: 25.044 Thread 0x000001edb906a390 Exception <a 'java/lang/NoSuchMethodError'{0x00000000c52501c0}: 'void java.lang.invoke.DirectMethodHandle$Holder.invokeSpecial(java.lang.Object, java.lang.Object, java.lang.Object, java.lang.Object, java.lang.Object, java.lang.Object, java.lang.Object)'> (0x00000000c52501c0) 
thrown [s\src\hotspot\share\interpreter\linkResolver.cpp, line 759]

VM Operations (20 events):
Event: 1.293 Executing VM operation: HandshakeAllThreads
Event: 1.293 Executing VM operation: HandshakeAllThreads done
Event: 1.293 Executing VM operation: Cleanup
Event: 1.293 Executing VM operation: Cleanup done
Event: 1.353 Executing VM operation: HandshakeAllThreads
Event: 1.353 Executing VM operation: HandshakeAllThreads done
Event: 1.484 Executing VM operation: G1CollectForAllocation
Event: 1.492 Executing VM operation: G1CollectForAllocation done
Event: 1.668 Executing VM operation: HandshakeAllThreads
Event: 1.668 Executing VM operation: HandshakeAllThreads done
Event: 1.852 Executing VM operation: HandshakeAllThreads
Event: 1.852 Executing VM operation: HandshakeAllThreads done
Event: 1.853 Executing VM operation: HandshakeAllThreads
Event: 1.853 Executing VM operation: HandshakeAllThreads done
Event: 1.873 Executing VM operation: G1CollectForAllocation
Event: 1.878 Executing VM operation: G1CollectForAllocation done
Event: 2.881 Executing VM operation: Cleanup
Event: 2.881 Executing VM operation: Cleanup done
Event: 25.019 Executing VM operation: HandshakeAllThreads
Event: 25.019 Executing VM operation: HandshakeAllThreads done

Events (20 events):
Event: 25.028 loading class java/util/stream/ReferencePipeline$5
Event: 25.029 loading class java/util/stream/LongPipeline$StatelessOp
Event: 25.029 loading class java/util/stream/LongPipeline
Event: 25.029 loading class java/util/stream/LongStream
Event: 25.030 loading class java/util/stream/LongStream done
Event: 25.030 loading class java/util/stream/LongPipeline done
Event: 25.030 loading class java/util/stream/LongPipeline$StatelessOp done
Event: 25.030 loading class java/util/stream/ReferencePipeline$5 done
Event: 25.030 loading class java/util/stream/FindOps$FindSink$OfLong
Event: 25.030 loading class java/util/stream/Sink$OfLong
Event: 25.030 loading class java/util/function/LongConsumer
Event: 25.031 loading class java/util/function/LongConsumer done
Event: 25.031 loading class java/util/stream/Sink$OfLong done
Event: 25.031 loading class java/util/stream/FindOps$FindSink$OfLong done
Event: 25.031 loading class java/util/OptionalLong
Event: 25.031 loading class java/util/OptionalLong done
Event: 25.033 loading class java/util/stream/ReferencePipeline$5$1
Event: 25.034 loading class java/util/stream/ReferencePipeline$5$1 done
Event: 25.663 loading class java/util/DualPivotQuicksort
Event: 25.664 loading class java/util/DualPivotQuicksort done


Dynamic libraries:
0x00007ff7546c0000 - 0x00007ff7546ce000 	C:\eclipse\plugins\org.eclipse.justj.openjdk.hotspot.jre.full.win32.x86_64_17.0.5.v20221102-0933\jre\bin\javaw.exe
0x00007ff9f8a70000 - 0x00007ff9f8c68000 	C:\Windows\SYSTEM32\ntdll.dll
0x00007ff9f6e20000 - 0x00007ff9f6edf000 	C:\Windows\System32\KERNEL32.DLL
0x00007ff9f6240000 - 0x00007ff9f6536000 	C:\Windows\System32\KERNELBASE.dll
0x00007ff9f6570000 - 0x00007ff9f6670000 	C:\Windows\System32\ucrtbase.dll
0x00007ff9e4050000 - 0x00007ff9e4069000 	C:\eclipse\plugins\org.eclipse.justj.openjdk.hotspot.jre.full.win32.x86_64_17.0.5.v20221102-0933\jre\bin\VCRUNTIME140.dll
0x00007ff9e6ef0000 - 0x00007ff9e6f07000 	C:\eclipse\plugins\org.eclipse.justj.openjdk.hotspot.jre.full.win32.x86_64_17.0.5.v20221102-0933\jre\bin\jli.dll
0x00007ff9f78a0000 - 0x00007ff9f7a3d000 	C:\Windows\System32\USER32.dll
0x00007ff9dd220000 - 0x00007ff9dd4ba000 	C:\Windows\WinSxS\amd64_microsoft.windows.common-controls_6595b64144ccf1df_6.0.19041.1110_none_60b5254171f9507e\COMCTL32.dll
0x00007ff9f6540000 - 0x00007ff9f6562000 	C:\Windows\System32\win32u.dll
0x00007ff9f8240000 - 0x00007ff9f82de000 	C:\Windows\System32\msvcrt.dll
0x00007ff9f7560000 - 0x00007ff9f758c000 	C:\Windows\System32\GDI32.dll
0x00007ff9f6900000 - 0x00007ff9f6a15000 	C:\Windows\System32\gdi32full.dll
0x00007ff9f6860000 - 0x00007ff9f68fd000 	C:\Windows\System32\msvcp_win.dll
0x00007ff9f8080000 - 0x00007ff9f80b0000 	C:\Windows\System32\IMM32.DLL
0x00007ff9f0280000 - 0x00007ff9f028c000 	C:\eclipse\plugins\org.eclipse.justj.openjdk.hotspot.jre.full.win32.x86_64_17.0.5.v20221102-0933\jre\bin\vcruntime140_1.dll
0x00007ff9c58e0000 - 0x00007ff9c5971000 	C:\eclipse\plugins\org.eclipse.justj.openjdk.hotspot.jre.full.win32.x86_64_17.0.5.v20221102-0933\jre\bin\msvcp140.dll
0x00007ff9ab710000 - 0x00007ff9ac354000 	C:\eclipse\plugins\org.eclipse.justj.openjdk.hotspot.jre.full.win32.x86_64_17.0.5.v20221102-0933\jre\bin\server\jvm.dll
0x00007ff9f7fd0000 - 0x00007ff9f807f000 	C:\Windows\System32\ADVAPI32.dll
0x00007ff9f6bb0000 - 0x00007ff9f6c4c000 	C:\Windows\System32\sechost.dll
0x00007ff9f8110000 - 0x00007ff9f8236000 	C:\Windows\System32\RPCRT4.dll
0x00007ff9f11c0000 - 0x00007ff9f11c9000 	C:\Windows\SYSTEM32\WSOCK32.dll
0x00007ff9dcfc0000 - 0x00007ff9dcfe7000 	C:\Windows\SYSTEM32\WINMM.dll
0x00007ff9f7070000 - 0x00007ff9f70db000 	C:\Windows\System32\WS2_32.dll
0x00007ff9e3da0000 - 0x00007ff9e3daa000 	C:\Windows\SYSTEM32\VERSION.dll
0x00007ff9f4000000 - 0x00007ff9f4012000 	C:\Windows\SYSTEM32\kernel.appcore.dll
0x00007ff9f0f30000 - 0x00007ff9f0f3a000 	C:\eclipse\plugins\org.eclipse.justj.openjdk.hotspot.jre.full.win32.x86_64_17.0.5.v20221102-0933\jre\bin\jimage.dll
0x00007ff9c86e0000 - 0x00007ff9c88c4000 	C:\Windows\SYSTEM32\DBGHELP.DLL
0x00007ff9c3f90000 - 0x00007ff9c3fc4000 	C:\Windows\SYSTEM32\dbgcore.DLL
0x00007ff9f6670000 - 0x00007ff9f66f2000 	C:\Windows\System32\bcryptPrimitives.dll
0x00007ff9f0300000 - 0x00007ff9f0325000 	C:\eclipse\plugins\org.eclipse.justj.openjdk.hotspot.jre.full.win32.x86_64_17.0.5.v20221102-0933\jre\bin\java.dll
0x00007ff9f0bc0000 - 0x00007ff9f0bd8000 	C:\eclipse\plugins\org.eclipse.justj.openjdk.hotspot.jre.full.win32.x86_64_17.0.5.v20221102-0933\jre\bin\zip.dll
0x00007ff9f82e0000 - 0x00007ff9f8a24000 	C:\Windows\System32\SHELL32.dll
0x00007ff9f4200000 - 0x00007ff9f4993000 	C:\Windows\SYSTEM32\windows.storage.dll
0x00007ff9f7a40000 - 0x00007ff9f7d94000 	C:\Windows\System32\combase.dll
0x00007ff9f5ac0000 - 0x00007ff9f5aee000 	C:\Windows\SYSTEM32\Wldp.dll
0x00007ff9f6c50000 - 0x00007ff9f6cfd000 	C:\Windows\System32\SHCORE.dll
0x00007ff9f6ad0000 - 0x00007ff9f6b25000 	C:\Windows\System32\shlwapi.dll
0x00007ff9f6090000 - 0x00007ff9f60af000 	C:\Windows\SYSTEM32\profapi.dll
0x00007ff9f0b80000 - 0x00007ff9f0b99000 	C:\eclipse\plugins\org.eclipse.justj.openjdk.hotspot.jre.full.win32.x86_64_17.0.5.v20221102-0933\jre\bin\net.dll
0x00007ff9ef780000 - 0x00007ff9ef88a000 	C:\Windows\SYSTEM32\WINHTTP.dll
0x00007ff9f5820000 - 0x00007ff9f588a000 	C:\Windows\system32\mswsock.dll
0x00007ff9f02e0000 - 0x00007ff9f02f5000 	C:\eclipse\plugins\org.eclipse.justj.openjdk.hotspot.jre.full.win32.x86_64_17.0.5.v20221102-0933\jre\bin\nio.dll
0x00007ff9f5550000 - 0x00007ff9f561a000 	C:\Windows\SYSTEM32\DNSAPI.dll
0x00007ff9f5510000 - 0x00007ff9f554c000 	C:\Windows\SYSTEM32\IPHLPAPI.DLL
0x00007ff9f7550000 - 0x00007ff9f7558000 	C:\Windows\System32\NSI.dll
0x00007ff9e7ed0000 - 0x00007ff9e7eda000 	C:\Windows\System32\rasadhlp.dll
0x00007ff9e8180000 - 0x00007ff9e8202000 	C:\Windows\System32\fwpuclnt.dll
0x00007ff9f6210000 - 0x00007ff9f6237000 	C:\Windows\System32\bcrypt.dll
0x00007ff9f5a10000 - 0x00007ff9f5a28000 	C:\Windows\SYSTEM32\CRYPTSP.dll
0x00007ff9f5140000 - 0x00007ff9f5174000 	C:\Windows\system32\rsaenh.dll
0x00007ff9f6010000 - 0x00007ff9f603e000 	C:\Windows\SYSTEM32\USERENV.dll
0x00007ff9f5a30000 - 0x00007ff9f5a3c000 	C:\Windows\SYSTEM32\CRYPTBASE.dll
0x00007ff9e8680000 - 0x00007ff9e8697000 	C:\Windows\SYSTEM32\dhcpcsvc6.DLL
0x00007ff9e8c40000 - 0x00007ff9e8c5d000 	C:\Windows\SYSTEM32\dhcpcsvc.DLL
0x00007ff9f02b0000 - 0x00007ff9f02be000 	C:\eclipse\plugins\org.eclipse.justj.openjdk.hotspot.jre.full.win32.x86_64_17.0.5.v20221102-0933\jre\bin\sunmscapi.dll
0x00007ff9f6700000 - 0x00007ff9f685e000 	C:\Windows\System32\CRYPT32.dll
0x00007ff9f5b30000 - 0x00007ff9f5b58000 	C:\Windows\SYSTEM32\ncrypt.dll
0x00007ff9f5af0000 - 0x00007ff9f5b2b000 	C:\Windows\SYSTEM32\NTASN1.dll
0x00007ff9e8770000 - 0x00007ff9e8777000 	C:\Windows\system32\wshunix.dll

dbghelp: loaded successfully - version: 4.0.5 - missing functions: none
symbol engine: initialized successfully - sym options: 0x614 - pdb path: .;C:\eclipse\plugins\org.eclipse.justj.openjdk.hotspot.jre.full.win32.x86_64_17.0.5.v20221102-0933\jre\bin;C:\Windows\SYSTEM32;C:\Windows\WinSxS\amd64_microsoft.windows.common-controls_6595b64144ccf1df_6.0.19041.1110_none_60b5254171f9507e;C:\eclipse\plugins\org.eclipse.justj.openjdk.hotspot.jre.full.win32.x86_64_17.0.5.v20221102-0933\jre\bin\server

VM Arguments:
jvm_args: -Dfile.encoding=UTF-8 -XX:+ShowCodeDetailsInExceptionMessages 
java_command: FundosAcoes.FundosAcoesTest.App
java_class_path (initial): C:\PROGRAMAS\fundosAcoes\fundosAcoes\target\classes;C:\Users\Mauricio\.m2\repository\org\seleniumhq\selenium\selenium-chrome-driver\4.15.0\selenium-chrome-driver-4.15.0.jar;C:\Users\Mauricio\.m2\repository\com\google\auto\service\auto-service-annotations\1.1.1\auto-service-annotations-1.1.1.jar;C:\Users\Mauricio\.m2\repository\org\seleniumhq\selenium\selenium-api\4.15.0\selenium-api-4.15.0.jar;C:\Users\Mauricio\.m2\repository\org\seleniumhq\selenium\selenium-chromium-driver\4.15.0\selenium-chromium-driver-4.15.0.jar;C:\Users\Mauricio\.m2\repository\org\seleniumhq\selenium\selenium-json\4.15.0\selenium-json-4.15.0.jar;C:\Users\Mauricio\.m2\repository\org\seleniumhq\selenium\selenium-manager\4.15.0\selenium-manager-4.15.0.jar;C:\Users\Mauricio\.m2\repository\org\seleniumhq\selenium\selenium-os\4.15.0\selenium-os-4.15.0.jar;C:\Users\Mauricio\.m2\repository\org\apache\commons\commons-exec\1.3\commons-exec-1.3.jar;C:\Users\Mauricio\.m2\repository\org\seleniumhq\selenium\selenium-remote-driver\4.15.0\selenium-remote-driver-4.15.0.jar;C:\Users\Mauricio\.m2\repository\com\google\guava\guava\32.1.2-jre\guava-32.1.2-jre.jar;C:\Users\Mauricio\.m2\repository\com\google\guava\failureaccess\1.0.1\failureaccess-1.0.1.jar;C:\Users\Mauricio\.m2\repository\com\google\guava\listenablefuture\9999.0-empty-to-avoid-conflict-with-guava\listenablefuture-9999.0-empty-to-avoid-conflict-with-guava.jar;C:\Users\Mauricio\.m2\repository\com\google\code\findbugs\jsr305\3.0.2\jsr305-3.0.2.jar;C:\Users\Mauricio\.m2\repository\org\checkerframework\checker-qual\3.33.0\checker-qual-3.33.0.jar;C:\Users\Mauricio\.m2\repository\com\google\errorprone\error_prone_annotations\2.18.0\error_prone_annotations-2.18.0.jar;C:\Users\Mauricio\.m2\repository\com\google\j2objc\j2objc-annotations\2.8\j2objc-annotations-2.8.jar;C:\Users\Mauricio\.m2\repository\io\opentelemetry\opentelemetry-api\1.28.0\opentelemetry-api-1.28.0.jar;C:\Users\Mauricio\.m2\repository\io\opentelemetry\opentelemet
Launcher Type: SUN_STANDARD

[Global flags]
     intx CICompilerCount                          = 3                                         {product} {ergonomic}
     uint ConcGCThreads                            = 1                                         {product} {ergonomic}
     uint G1ConcRefinementThreads                  = 4                                         {product} {ergonomic}
   size_t G1HeapRegionSize                         = 1048576                                   {product} {ergonomic}
    uintx GCDrainStackTargetSize                   = 64                                        {product} {ergonomic}
   size_t InitialHeapSize                          = 67108864                                  {product} {ergonomic}
   size_t MarkStackSize                            = 4194304                                   {product} {ergonomic}
   size_t MaxHeapSize                              = 1044381696                                {product} {ergonomic}
   size_t MaxNewSize                               = 625999872                                 {product} {ergonomic}
   size_t MinHeapDeltaBytes                        = 1048576                                   {product} {ergonomic}
   size_t MinHeapSize                              = 8388608                                   {product} {ergonomic}
    uintx NonNMethodCodeHeapSize                   = 5832780                                {pd product} {ergonomic}
    uintx NonProfiledCodeHeapSize                  = 122912730                              {pd product} {ergonomic}
    uintx ProfiledCodeHeapSize                     = 122912730                              {pd product} {ergonomic}
    uintx ReservedCodeCacheSize                    = 251658240                              {pd product} {ergonomic}
     bool SegmentedCodeCache                       = true                                      {product} {ergonomic}
     bool ShowCodeDetailsInExceptionMessages       = true                                   {manageable} {command line}
   size_t SoftMaxHeapSize                          = 1044381696                             {manageable} {ergonomic}
     bool UseCompressedClassPointers               = true                           {product lp64_product} {ergonomic}
     bool UseCompressedOops                        = true                           {product lp64_product} {ergonomic}
     bool UseG1GC                                  = true                                      {product} {ergonomic}
     bool UseLargePagesIndividualAllocation        = false                                  {pd product} {ergonomic}

Logging:
Log output configuration:
 #0: stdout all=warning uptime,level,tags
 #1: stderr all=off uptime,level,tags

Environment Variables:
PATH=C:/eclipse//plugins/org.eclipse.justj.openjdk.hotspot.jre.full.win32.x86_64_17.0.5.v20221102-0933/jre/bin/server;C:/eclipse//plugins/org.eclipse.justj.openjdk.hotspot.jre.full.win32.x86_64_17.0.5.v20221102-0933/jre/bin;C:\Program Files (x86)\Common Files\Oracle\Java\javapath;C:\Windows\system32;C:\Windows;C:\Windows\System32\Wbem;C:\Windows\System32\WindowsPowerShell\v1.0\;C:\Windows\System32\OpenSSH\;C:\Program Files\Microsoft SQL Server\Client SDK\ODBC\170\Tools\Binn\;C:\Program Files (x86)\Microsoft SQL Server\150\Tools\Binn\;C:\Program Files\Microsoft SQL Server\150\Tools\Binn\;C:\Program Files\Microsoft SQL Server\150\DTS\Binn\;C:\Program Files\Azure Data Studio\bin;C:\Program Files\Git\cmd;C:\Program Files (x86)\Microsoft SQL Server\160\Tools\Binn\;C:\Program Files\Microsoft SQL Server\160\Tools\Binn\;C:\Program Files\Microsoft SQL Server\160\DTS\Binn\;C:\Program Files (x86)\Microsoft SQL Server\160\DTS\Binn\;C:\Users\Mauricio\AppData\Local\Microsoft\WindowsApps;;C:\Program Files\Azure Data Studio\bin;C:\Users\Mauricio\AppData\Local\Programs\Microsoft VS Code\bin;C:\eclipse;
USERNAME=Mauricio
OS=Windows_NT
PROCESSOR_IDENTIFIER=Intel64 Family 6 Model 78 Stepping 3, GenuineIntel
TMP=C:\Users\Mauricio\AppData\Local\Temp
TEMP=C:\Users\Mauricio\AppData\Local\Temp



---------------  S Y S T E M  ---------------

OS:
 Windows 10 , 64 bit Build 19041 (10.0.19041.3031)
OS uptime: 0 days 4:44 hours

CPU: total 4 (initial active 4) (2 cores per cpu, 2 threads per core) family 6 model 78 stepping 3 microcode 0xcc, cx8, cmov, fxsr, ht, mmx, 3dnowpref, sse, sse2, sse3, ssse3, sse4.1, sse4.2, popcnt, lzcnt, tsc, tscinvbit, avx, avx2, aes, erms, clmul, bmi1, bmi2, rtm, adx, fma, vzeroupper, clflush, clflushopt

Memory: 4k page, system-wide physical 3977M (462M free)
TotalPageFile size 6025M (AvailPageFile size 14M)
current process WorkingSet (physical memory assigned to process): 82M, peak: 85M
current process commit charge ("private bytes"): 154M, peak: 157M

vm_info: OpenJDK 64-Bit Server VM (17.0.5+8) for windows-amd64 JRE (17.0.5+8), built on Oct 19 2022 04:48:13 by "temurin" with MS VC++ 16.7 (VS2019)

END.
