#
# There is insufficient memory for the Java Runtime Environment to continue.
# Native memory allocation (malloc) failed to allocate 32744 bytes for ChunkPool::allocate
# Possible reasons:
#   The system is out of physical RAM or swap space
#   The process is running with CompressedOops enabled, and the Java Heap may be blocking the growth of the native heap
# Possible solutions:
#   Reduce memory load on the system
#   Increase physical memory or swap space
#   Check if swap backing store is full
#   Decrease Java heap size (-Xmx/-Xms)
#   Decrease number of Java threads
#   Decrease Java thread stack sizes (-Xss)
#   Set larger code cache with -XX:ReservedCodeCacheSize=
#   JVM is running with Unscaled Compressed Oops mode in which the Java heap is
#     placed in the first 4GB address space. The Java Heap base address is the
#     maximum limit for the native heap growth. Please use -XX:HeapBaseMinAddress
#     to set the Java Heap base and to place the Java Heap above 4GB virtual address.
# This output file may be truncated or incomplete.
#
#  Out of Memory Error (arena.cpp:78), pid=3568, tid=9164
#
# JRE version: OpenJDK Runtime Environment Temurin-17.0.5+8 (17.0.5+8) (build 17.0.5+8)
# Java VM: OpenJDK 64-Bit Server VM Temurin-17.0.5+8 (17.0.5+8, mixed mode, tiered, compressed oops, compressed class ptrs, g1 gc, windows-amd64)
# No core dump will be written. Minidumps are not enabled by default on client versions of Windows
#

---------------  S U M M A R Y ------------

Command Line: -Dfile.encoding=UTF-8 -XX:+ShowCodeDetailsInExceptionMessages FundosAcoes.FundosAcoesTest.App

Host: Intel(R) Core(TM) i3-6100U CPU @ 2.30GHz, 4 cores, 3G,  Windows 10 , 64 bit Build 19041 (10.0.19041.3031)
Time: Mon Jan 29 10:31:28 2024 Hora oficial do Brasil elapsed time: 95.605225 seconds (0d 0h 1m 35s)

---------------  T H R E A D  ---------------

Current thread (0x0000020d2185a160):  JavaThread "C1 CompilerThread0" daemon [_thread_in_native, id=9164, stack(0x0000006beb800000,0x0000006beb900000)]


Current CompileTask:
C1:  95605 1826       3       java.lang.reflect.AccessibleObject::checkCanSetAccessible (368 bytes)

Stack: [0x0000006beb800000,0x0000006beb900000]
Native frames: (J=compiled Java code, j=interpreted, Vv=VM code, C=native code)
V  [jvm.dll+0x676b3a]
V  [jvm.dll+0x831444]
V  [jvm.dll+0x832bee]
V  [jvm.dll+0x833253]
V  [jvm.dll+0x244ce5]
V  [jvm.dll+0xabdcc]
V  [jvm.dll+0xac17c]
V  [jvm.dll+0x18da45]
V  [jvm.dll+0x133afd]
V  [jvm.dll+0x133d60]
V  [jvm.dll+0x134026]
V  [jvm.dll+0x1334ba]
V  [jvm.dll+0x135181]
V  [jvm.dll+0x22698a]
V  [jvm.dll+0x224ac5]
V  [jvm.dll+0x7e727b]
V  [jvm.dll+0x7e17ea]
V  [jvm.dll+0x6759e5]
C  [ucrtbase.dll+0x21bb2]
C  [KERNEL32.DLL+0x17614]
C  [ntdll.dll+0x526f1]


---------------  P R O C E S S  ---------------

Threads class SMR info:
_java_thread_list=0x0000020d22b9e070, length=24, elements={
0x0000020d0a780b40, 0x0000020d217fe520, 0x0000020d21801420, 0x0000020d218424d0,
0x0000020d21843e90, 0x0000020d21844840, 0x0000020d21847e60, 0x0000020d218597b0,
0x0000020d2185a160, 0x0000020d21864a90, 0x0000020d2254be90, 0x0000020d2256b3d0,
0x0000020d22ba5c90, 0x0000020d22c0ced0, 0x0000020d229b7110, 0x0000020d229b75e0,
0x0000020d229b7ab0, 0x0000020d22d1d230, 0x0000020d22d1c3c0, 0x0000020d22d1a6e0,
0x0000020d22d1c890, 0x0000020d22d1cd60, 0x0000020d22d1abb0, 0x0000020d22d1d700
}

Java Threads: ( => current thread )
  0x0000020d0a780b40 JavaThread "Forwarding findElement on session ddf97c98c9cfac7ad8d6e8fd3c5302c6 to remote" [_thread_blocked, id=9732, stack(0x0000006beaa00000,0x0000006beab00000)]
  0x0000020d217fe520 JavaThread "Reference Handler" daemon [_thread_blocked, id=5080, stack(0x0000006beb100000,0x0000006beb200000)]
  0x0000020d21801420 JavaThread "Finalizer" daemon [_thread_blocked, id=6352, stack(0x0000006beb200000,0x0000006beb300000)]
  0x0000020d218424d0 JavaThread "Signal Dispatcher" daemon [_thread_blocked, id=7656, stack(0x0000006beb300000,0x0000006beb400000)]
  0x0000020d21843e90 JavaThread "Attach Listener" daemon [_thread_blocked, id=5536, stack(0x0000006beb400000,0x0000006beb500000)]
  0x0000020d21844840 JavaThread "Service Thread" daemon [_thread_blocked, id=8380, stack(0x0000006beb500000,0x0000006beb600000)]
  0x0000020d21847e60 JavaThread "Monitor Deflation Thread" daemon [_thread_blocked, id=9180, stack(0x0000006beb600000,0x0000006beb700000)]
  0x0000020d218597b0 JavaThread "C2 CompilerThread0" daemon [_thread_blocked, id=4364, stack(0x0000006beb700000,0x0000006beb800000)]
=>0x0000020d2185a160 JavaThread "C1 CompilerThread0" daemon [_thread_in_native, id=9164, stack(0x0000006beb800000,0x0000006beb900000)]
  0x0000020d21864a90 JavaThread "Sweeper thread" daemon [_thread_blocked, id=8512, stack(0x0000006beb900000,0x0000006beba00000)]
  0x0000020d2254be90 JavaThread "Notification Thread" daemon [_thread_blocked, id=2788, stack(0x0000006beba00000,0x0000006bebb00000)]
  0x0000020d2256b3d0 JavaThread "Common-Cleaner" daemon [_thread_blocked, id=9364, stack(0x0000006bebc00000,0x0000006bebd00000)]
  0x0000020d22ba5c90 JavaThread "ForkJoinPool.commonPool-worker-1" daemon [_thread_blocked, id=9388, stack(0x0000006bebd00000,0x0000006bebe00000)]
  0x0000020d22c0ced0 JavaThread "HttpClient-1-SelectorManager" daemon [_thread_in_native, id=9404, stack(0x0000006bec200000,0x0000006bec300000)]
  0x0000020d229b7110 JavaThread "Thread-2" [_thread_in_native, id=7588, stack(0x0000006bec300000,0x0000006bec400000)]
  0x0000020d229b75e0 JavaThread "Driver Service Executor" daemon [_thread_blocked, id=1692, stack(0x0000006bec400000,0x0000006bec500000)]
  0x0000020d229b7ab0 JavaThread "Driver Service Executor" daemon [_thread_blocked, id=6536, stack(0x0000006bec500000,0x0000006bec600000)]
  0x0000020d22d1d230 JavaThread "pool-1-thread-1" [_thread_blocked, id=3156, stack(0x0000006bec900000,0x0000006beca00000)]
  0x0000020d22d1c3c0 JavaThread "pool-1-thread-2" [_thread_blocked, id=9784, stack(0x0000006beca00000,0x0000006becb00000)]
  0x0000020d22d1a6e0 JavaThread "HttpClient-2-SelectorManager" daemon [_thread_in_native, id=10180, stack(0x0000006becc00000,0x0000006becd00000)]
  0x0000020d22d1c890 JavaThread "pool-2-thread-1" [_thread_blocked, id=4600, stack(0x0000006becd00000,0x0000006bece00000)]
  0x0000020d22d1cd60 JavaThread "pool-2-thread-2" [_thread_blocked, id=8904, stack(0x0000006bece00000,0x0000006becf00000)]
  0x0000020d22d1abb0 JavaThread "pool-2-thread-3" [_thread_blocked, id=3516, stack(0x0000006becf00000,0x0000006bed000000)]
  0x0000020d22d1d700 JavaThread "pool-1-thread-3" [_thread_blocked, id=5300, stack(0x0000006bed000000,0x0000006bed100000)]

Other Threads:
  0x0000020d217fc1a0 VMThread "VM Thread" [stack: 0x0000006beb000000,0x0000006beb100000] [id=9808]
  0x0000020d0a7d29c0 WatcherThread [stack: 0x0000006bebb00000,0x0000006bebc00000] [id=420]
  0x0000020d0a7bf040 GCTaskThread "GC Thread#0" [stack: 0x0000006beab00000,0x0000006beac00000] [id=9408]
  0x0000020d22de6080 GCTaskThread "GC Thread#1" [stack: 0x0000006bebe00000,0x0000006bebf00000] [id=8360]
  0x0000020d22dad830 GCTaskThread "GC Thread#2" [stack: 0x0000006bebf00000,0x0000006bec000000] [id=5328]
  0x0000020d22b8e880 GCTaskThread "GC Thread#3" [stack: 0x0000006bec000000,0x0000006bec100000] [id=9700]
  0x0000020d0a7c7b00 ConcurrentGCThread "G1 Main Marker" [stack: 0x0000006beac00000,0x0000006bead00000] [id=7704]
  0x0000020d0a7c8bb0 ConcurrentGCThread "G1 Conc#0" [stack: 0x0000006bead00000,0x0000006beae00000] [id=8256]
  0x0000020d0a81be60 ConcurrentGCThread "G1 Refine#0" [stack: 0x0000006beae00000,0x0000006beaf00000] [id=7816]
  0x0000020d22b8eb30 ConcurrentGCThread "G1 Refine#1" [stack: 0x0000006bec100000,0x0000006bec200000] [id=8332]
  0x0000020d0a81c780 ConcurrentGCThread "G1 Service" [stack: 0x0000006beaf00000,0x0000006beb000000] [id=2140]

Threads with active compile tasks:
C1 CompilerThread0    96067 1826       3       java.lang.reflect.AccessibleObject::checkCanSetAccessible (368 bytes)

VM state: not at safepoint (normal execution)

VM Mutex/Monitor currently owned by a thread: None

Heap address: 0x00000000c1c00000, size: 996 MB, Compressed Oops mode: 32-bit

CDS archive(s) not mapped
Compressed class space mapped at: 0x0000000100000000-0x0000000140000000, reserved size: 1073741824
Narrow klass base: 0x0000000000000000, Narrow klass shift: 3, Narrow klass range: 0x140000000

GC Precious Log:
 CPUs: 4 total, 4 available
 Memory: 3977M
 Large Page Support: Disabled
 NUMA Support: Disabled
 Compressed Oops: Enabled (32-bit)
 Heap Region Size: 1M
 Heap Min Capacity: 8M
 Heap Initial Capacity: 64M
 Heap Max Capacity: 996M
 Pre-touch: Disabled
 Parallel Workers: 4
 Concurrent Workers: 1
 Concurrent Refinement Workers: 4
 Periodic GC: Disabled

Heap:
 garbage-first heap   total 27648K, used 7821K [0x00000000c1c00000, 0x0000000100000000)
  region size 1024K, 5 young (5120K), 3 survivors (3072K)
 Metaspace       used 21746K, committed 22016K, reserved 1073152K
  class space    used 2368K, committed 2496K, reserved 1048576K

Heap Regions: E=young(eden), S=young(survivor), O=old, HS=humongous(starts), HC=humongous(continues), CS=collection set, F=free, OA=open archive, CA=closed archive, TAMS=top-at-mark-start (previous, next)
|   0|0x00000000c1c00000, 0x00000000c1d00000, 0x00000000c1d00000|100%| O|  |TAMS 0x00000000c1d00000, 0x00000000c1c00000| Untracked 
|   1|0x00000000c1d00000, 0x00000000c1e00000, 0x00000000c1e00000|100%| O|  |TAMS 0x00000000c1e00000, 0x00000000c1d00000| Untracked 
|   2|0x00000000c1e00000, 0x00000000c1f00000, 0x00000000c1f00000|100%| O|  |TAMS 0x00000000c1f00000, 0x00000000c1e00000| Untracked 
|   3|0x00000000c1f00000, 0x00000000c1fcca00, 0x00000000c2000000| 79%| O|  |TAMS 0x00000000c1fcca00, 0x00000000c1f00000| Complete 
|   4|0x00000000c2000000, 0x00000000c2000000, 0x00000000c2100000|  0%| F|  |TAMS 0x00000000c2000000, 0x00000000c2000000| Untracked 
|   5|0x00000000c2100000, 0x00000000c2100000, 0x00000000c2200000|  0%| F|  |TAMS 0x00000000c2100000, 0x00000000c2100000| Untracked 
|   6|0x00000000c2200000, 0x00000000c2200000, 0x00000000c2300000|  0%| F|  |TAMS 0x00000000c2200000, 0x00000000c2200000| Untracked 
|   7|0x00000000c2300000, 0x00000000c2300000, 0x00000000c2400000|  0%| F|  |TAMS 0x00000000c2300000, 0x00000000c2300000| Untracked 
|   8|0x00000000c2400000, 0x00000000c2400000, 0x00000000c2500000|  0%| F|  |TAMS 0x00000000c2400000, 0x00000000c2400000| Untracked 
|   9|0x00000000c2500000, 0x00000000c2500000, 0x00000000c2600000|  0%| F|  |TAMS 0x00000000c2500000, 0x00000000c2500000| Untracked 
|  10|0x00000000c2600000, 0x00000000c2600000, 0x00000000c2700000|  0%| F|  |TAMS 0x00000000c2600000, 0x00000000c2600000| Untracked 
|  11|0x00000000c2700000, 0x00000000c2700000, 0x00000000c2800000|  0%| F|  |TAMS 0x00000000c2700000, 0x00000000c2700000| Untracked 
|  12|0x00000000c2800000, 0x00000000c2800000, 0x00000000c2900000|  0%| F|  |TAMS 0x00000000c2800000, 0x00000000c2800000| Untracked 
|  13|0x00000000c2900000, 0x00000000c2900000, 0x00000000c2a00000|  0%| F|  |TAMS 0x00000000c2900000, 0x00000000c2900000| Untracked 
|  14|0x00000000c2a00000, 0x00000000c2a00000, 0x00000000c2b00000|  0%| F|  |TAMS 0x00000000c2a00000, 0x00000000c2a00000| Untracked 
|  15|0x00000000c2b00000, 0x00000000c2b00000, 0x00000000c2c00000|  0%| F|  |TAMS 0x00000000c2b00000, 0x00000000c2b00000| Untracked 
|  16|0x00000000c2c00000, 0x00000000c2c00000, 0x00000000c2d00000|  0%| F|  |TAMS 0x00000000c2c00000, 0x00000000c2c00000| Untracked 
|  17|0x00000000c2d00000, 0x00000000c2d00000, 0x00000000c2e00000|  0%| F|  |TAMS 0x00000000c2d00000, 0x00000000c2d00000| Untracked 
|  18|0x00000000c2e00000, 0x00000000c2e00000, 0x00000000c2f00000|  0%| F|  |TAMS 0x00000000c2e00000, 0x00000000c2e00000| Untracked 
|  19|0x00000000c2f00000, 0x00000000c2f00000, 0x00000000c3000000|  0%| F|  |TAMS 0x00000000c2f00000, 0x00000000c2f00000| Untracked 
|  20|0x00000000c3000000, 0x00000000c3000000, 0x00000000c3100000|  0%| F|  |TAMS 0x00000000c3000000, 0x00000000c3000000| Untracked 
|  21|0x00000000c3100000, 0x00000000c3100000, 0x00000000c3200000|  0%| F|  |TAMS 0x00000000c3100000, 0x00000000c3100000| Untracked 
|  22|0x00000000c3200000, 0x00000000c32b3698, 0x00000000c3300000| 70%| E|  |TAMS 0x00000000c3200000, 0x00000000c3200000| Complete 
|  43|0x00000000c4700000, 0x00000000c47d6da8, 0x00000000c4800000| 83%| S|CS|TAMS 0x00000000c4700000, 0x00000000c4700000| Complete 
|  44|0x00000000c4800000, 0x00000000c4900000, 0x00000000c4900000|100%| S|CS|TAMS 0x00000000c4800000, 0x00000000c4800000| Complete 
|  45|0x00000000c4900000, 0x00000000c4a00000, 0x00000000c4a00000|100%| S|CS|TAMS 0x00000000c4900000, 0x00000000c4900000| Complete 
|  63|0x00000000c5b00000, 0x00000000c5c00000, 0x00000000c5c00000|100%| E|CS|TAMS 0x00000000c5b00000, 0x00000000c5b00000| Complete 

Card table byte_map: [0x0000020d1d040000,0x0000020d1d240000] _byte_map_base: 0x0000020d1ca32000

Marking Bits (Prev, Next): (CMBitMap*) 0x0000020d0a7bf590, (CMBitMap*) 0x0000020d0a7bf550
 Prev Bits: [0x0000020d1e3d0000, 0x0000020d1f360000)
 Next Bits: [0x0000020d1d440000, 0x0000020d1e3d0000)

Polling page: 0x0000020d09f50000

Metaspace:

Usage:
  Non-class:     18.92 MB used.
      Class:      2.31 MB used.
       Both:     21.24 MB used.

Virtual space:
  Non-class space:       24.00 MB reserved,      19.06 MB ( 79%) committed,  3 nodes.
      Class space:        1.00 GB reserved,       2.44 MB ( <1%) committed,  1 nodes.
             Both:        1.02 GB reserved,      21.50 MB (  2%) committed. 

Chunk freelists:
   Non-Class:  976.00 KB
       Class:  1.53 MB
        Both:  2.49 MB

MaxMetaspaceSize: unlimited
CompressedClassSpaceSize: 1.00 GB
Initial GC threshold: 21.00 MB
Current GC threshold: 35.25 MB
CDS: off
MetaspaceReclaimPolicy: balanced
 - commit_granule_bytes: 65536.
 - commit_granule_words: 8192.
 - virtual_space_node_default_size: 1048576.
 - enlarge_chunks_in_place: 1.
 - new_chunks_are_fully_committed: 0.
 - uncommit_free_chunks: 1.
 - use_allocation_guard: 0.
 - handle_deallocations: 1.


Internal statistics:

num_allocs_failed_limit: 3.
num_arena_births: 212.
num_arena_deaths: 0.
num_vsnodes_births: 4.
num_vsnodes_deaths: 0.
num_space_committed: 344.
num_space_uncommitted: 0.
num_chunks_returned_to_freelist: 3.
num_chunks_taken_from_freelist: 527.
num_chunk_merges: 0.
num_chunk_splits: 310.
num_chunks_enlarged: 212.
num_purges: 0.
num_inconsistent_stats: 0.

CodeHeap 'non-profiled nmethods': size=120000Kb used=585Kb max_used=585Kb free=119414Kb
 bounds [0x0000020d15910000, 0x0000020d15b80000, 0x0000020d1ce40000]
CodeHeap 'profiled nmethods': size=120000Kb used=3387Kb max_used=3387Kb free=116612Kb
 bounds [0x0000020d0e3e0000, 0x0000020d0e730000, 0x0000020d15910000]
CodeHeap 'non-nmethods': size=5760Kb used=1222Kb max_used=1262Kb free=4537Kb
 bounds [0x0000020d0de40000, 0x0000020d0e0b0000, 0x0000020d0e3e0000]
 total_blobs=2359 nmethods=1828 adapters=444
 compilation: enabled
              stopped_count=0, restarted_count=0
 full_count=0

Compilation events (20 events):
Event: 94.870 Thread 0x0000020d2185a160 nmethod 1819 0x0000020d159a1c90 code [0x0000020d159a1e20, 0x0000020d159a1ef8]
Event: 94.875 Thread 0x0000020d2185a160 1820       3       java.util.stream.Sink$ChainedReference::end (10 bytes)
Event: 94.875 Thread 0x0000020d2185a160 nmethod 1820 0x0000020d0e72c510 code [0x0000020d0e72c6c0, 0x0000020d0e72c888]
Event: 94.875 Thread 0x0000020d2185a160 1821       3       java.util.stream.ReferencePipeline::<init> (7 bytes)
Event: 94.875 Thread 0x0000020d2185a160 nmethod 1821 0x0000020d0e72c990 code [0x0000020d0e72cb20, 0x0000020d0e72cc68]
Event: 94.875 Thread 0x0000020d2185a160 1822       3       java.util.stream.ReferencePipeline$StatelessOp::<init> (29 bytes)
Event: 94.875 Thread 0x0000020d2185a160 nmethod 1822 0x0000020d0e72cd10 code [0x0000020d0e72cec0, 0x0000020d0e72d088]
Event: 94.876 Thread 0x0000020d2185a160 1823       3       org.openqa.selenium.json.StaticInitializerCoercer$$Lambda$81/0x00000001000de958::test (8 bytes)
Event: 94.876 Thread 0x0000020d2185a160 nmethod 1823 0x0000020d0e72d190 code [0x0000020d0e72d340, 0x0000020d0e72d678]
Event: 94.877 Thread 0x0000020d2185a160 1824       3       java.lang.reflect.AccessibleObject::checkPermission (16 bytes)
Event: 94.878 Thread 0x0000020d2185a160 nmethod 1824 0x0000020d0e72d790 code [0x0000020d0e72d960, 0x0000020d0e72dc88]
Event: 94.878 Thread 0x0000020d2185a160 1827       3       java.lang.reflect.Constructor::acquireConstructorAccessor (44 bytes)
Event: 94.878 Thread 0x0000020d2185a160 nmethod 1827 0x0000020d0e72de10 code [0x0000020d0e72e000, 0x0000020d0e72e4f8]
Event: 94.878 Thread 0x0000020d2185a160 1828       3       java.util.stream.AbstractPipeline::<init> (55 bytes)
Event: 94.879 Thread 0x0000020d2185a160 nmethod 1828 0x0000020d0e72e690 code [0x0000020d0e72e840, 0x0000020d0e72eb18]
Event: 94.879 Thread 0x0000020d2185a160 1825       3       java.lang.reflect.AccessibleObject::checkCanSetAccessible (9 bytes)
Event: 94.879 Thread 0x0000020d2185a160 nmethod 1825 0x0000020d0e72ec10 code [0x0000020d0e72eda0, 0x0000020d0e72eee8]
Event: 94.879 Thread 0x0000020d2185a160 1826       3       java.lang.reflect.AccessibleObject::checkCanSetAccessible (368 bytes)
Event: 94.881 Thread 0x0000020d218597b0 1830       4       java.util.ArrayList::add (25 bytes)
Event: 94.973 Thread 0x0000020d218597b0 nmethod 1830 0x0000020d159a1f90 code [0x0000020d159a2120, 0x0000020d159a2348]

GC Heap History (6 events):
Event: 9.066 GC heap before
{Heap before GC invocations=0 (full 0):
 garbage-first heap   total 65536K, used 12288K [0x00000000c1c00000, 0x0000000100000000)
  region size 1024K, 13 young (13312K), 0 survivors (0K)
 Metaspace       used 13046K, committed 13248K, reserved 1064960K
  class space    used 1311K, committed 1408K, reserved 1048576K
}
Event: 9.076 GC heap after
{Heap after GC invocations=1 (full 0):
 garbage-first heap   total 65536K, used 3779K [0x00000000c1c00000, 0x0000000100000000)
  region size 1024K, 2 young (2048K), 2 survivors (2048K)
 Metaspace       used 13046K, committed 13248K, reserved 1064960K
  class space    used 1311K, committed 1408K, reserved 1048576K
}
Event: 10.649 GC heap before
{Heap before GC invocations=1 (full 0):
 garbage-first heap   total 65536K, used 12995K [0x00000000c1c00000, 0x0000000100000000)
  region size 1024K, 12 young (12288K), 2 survivors (2048K)
 Metaspace       used 16835K, committed 17024K, reserved 1064960K
  class space    used 1723K, committed 1792K, reserved 1048576K
}
Event: 10.654 GC heap after
{Heap after GC invocations=2 (full 0):
 garbage-first heap   total 65536K, used 5557K [0x00000000c1c00000, 0x0000000100000000)
  region size 1024K, 2 young (2048K), 2 survivors (2048K)
 Metaspace       used 16835K, committed 17024K, reserved 1064960K
  class space    used 1723K, committed 1792K, reserved 1048576K
}
Event: 46.386 GC heap before
{Heap before GC invocations=2 (full 0):
 garbage-first heap   total 65536K, used 20917K [0x00000000c1c00000, 0x0000000100000000)
  region size 1024K, 18 young (18432K), 2 survivors (2048K)
 Metaspace       used 21272K, committed 21504K, reserved 1073152K
  class space    used 2314K, committed 2432K, reserved 1048576K
}
Event: 46.391 GC heap after
{Heap after GC invocations=3 (full 0):
 garbage-first heap   total 65536K, used 6797K [0x00000000c1c00000, 0x0000000100000000)
  region size 1024K, 3 young (3072K), 3 survivors (3072K)
 Metaspace       used 21272K, committed 21504K, reserved 1073152K
  class space    used 2314K, committed 2432K, reserved 1048576K
}

Dll operation events (6 events):
Event: 0.347 Loaded shared library C:\eclipse\plugins\org.eclipse.justj.openjdk.hotspot.jre.full.win32.x86_64_17.0.5.v20221102-0933\jre\bin\java.dll
Event: 1.245 Loaded shared library C:\eclipse\plugins\org.eclipse.justj.openjdk.hotspot.jre.full.win32.x86_64_17.0.5.v20221102-0933\jre\bin\net.dll
Event: 1.269 Loaded shared library C:\eclipse\plugins\org.eclipse.justj.openjdk.hotspot.jre.full.win32.x86_64_17.0.5.v20221102-0933\jre\bin\nio.dll
Event: 1.315 Loaded shared library C:\eclipse\plugins\org.eclipse.justj.openjdk.hotspot.jre.full.win32.x86_64_17.0.5.v20221102-0933\jre\bin\zip.dll
Event: 1.788 Loaded shared library C:\eclipse\plugins\org.eclipse.justj.openjdk.hotspot.jre.full.win32.x86_64_17.0.5.v20221102-0933\jre\bin\jimage.dll
Event: 8.774 Loaded shared library C:\eclipse\plugins\org.eclipse.justj.openjdk.hotspot.jre.full.win32.x86_64_17.0.5.v20221102-0933\jre\bin\sunmscapi.dll

Deoptimization events (20 events):
Event: 11.657 Thread 0x0000020d0a780b40 DEOPT PACKING pc=0x0000020d15985b44 sp=0x0000006beaafcd20
Event: 11.657 Thread 0x0000020d0a780b40 DEOPT UNPACKING pc=0x0000020d0de923a3 sp=0x0000006beaafcca8 mode 2
Event: 11.657 Thread 0x0000020d0a780b40 Uncommon trap: trap_request=0xffffffde fr.pc=0x0000020d15985b44 relative=0x0000000000000124
Event: 11.657 Thread 0x0000020d0a780b40 Uncommon trap: reason=class_check action=maybe_recompile pc=0x0000020d15985b44 method=jdk.internal.misc.Unsafe.allocateUninitializedArray(Ljava/lang/Class;I)Ljava/lang/Object; @ 51 c2
Event: 11.657 Thread 0x0000020d0a780b40 DEOPT PACKING pc=0x0000020d15985b44 sp=0x0000006beaafcce0
Event: 11.657 Thread 0x0000020d0a780b40 DEOPT UNPACKING pc=0x0000020d0de923a3 sp=0x0000006beaafcc68 mode 2
Event: 11.784 Thread 0x0000020d22c0ced0 Uncommon trap: trap_request=0xffffff45 fr.pc=0x0000020d159709b8 relative=0x0000000000000178
Event: 11.784 Thread 0x0000020d22c0ced0 Uncommon trap: reason=unstable_if action=reinterpret pc=0x0000020d159709b8 method=java.lang.invoke.VarHandle.checkExactAccessMode(Ljava/lang/invoke/VarHandle$AccessDescriptor;)V @ 4 c2
Event: 11.784 Thread 0x0000020d22c0ced0 DEOPT PACKING pc=0x0000020d159709b8 sp=0x0000006bec2fed10
Event: 11.784 Thread 0x0000020d22c0ced0 DEOPT UNPACKING pc=0x0000020d0de923a3 sp=0x0000006bec2fec50 mode 2
Event: 45.989 Thread 0x0000020d0a780b40 Uncommon trap: trap_request=0xffffffde fr.pc=0x0000020d1595ecb8 relative=0x0000000000000a18
Event: 45.989 Thread 0x0000020d0a780b40 Uncommon trap: reason=class_check action=maybe_recompile pc=0x0000020d1595ecb8 method=java.util.HashMap.putVal(ILjava/lang/Object;Ljava/lang/Object;ZZ)Ljava/lang/Object; @ 253 c2
Event: 45.989 Thread 0x0000020d0a780b40 DEOPT PACKING pc=0x0000020d1595ecb8 sp=0x0000006beaafd9a0
Event: 45.989 Thread 0x0000020d0a780b40 DEOPT UNPACKING pc=0x0000020d0de923a3 sp=0x0000006beaafd8e8 mode 2
Event: 46.007 Thread 0x0000020d0a780b40 DEOPT PACKING pc=0x0000020d0e437738 sp=0x0000006beaafbae0
Event: 46.007 Thread 0x0000020d0a780b40 DEOPT UNPACKING pc=0x0000020d0de92b43 sp=0x0000006beaafaff8 mode 0
Event: 46.131 Thread 0x0000020d22ba5c90 Uncommon trap: trap_request=0xffffff45 fr.pc=0x0000020d15972d3c relative=0x0000000000000a9c
Event: 46.131 Thread 0x0000020d22ba5c90 Uncommon trap: reason=unstable_if action=reinterpret pc=0x0000020d15972d3c method=sun.security.provider.SHA.implCompress0([BI)V @ 4 c2
Event: 46.131 Thread 0x0000020d22ba5c90 DEOPT PACKING pc=0x0000020d15972d3c sp=0x0000006bebdfe600
Event: 46.131 Thread 0x0000020d22ba5c90 DEOPT UNPACKING pc=0x0000020d0de923a3 sp=0x0000006bebdfe570 mode 2

Classes unloaded (0 events):
No events

Classes redefined (0 events):
No events

Internal exceptions (20 events):
Event: 10.734 Thread 0x0000020d229b7f80 Exception <a 'java/net/SocketException'{0x00000000c5bc8ca8}: Socket is not connected: shutdown> (0x00000000c5bc8ca8) 
thrown [s\src\hotspot\share\prims\jni.cpp, line 535]
Event: 10.766 Thread 0x0000020d229b7f80 Exception <a 'java/net/ConnectException'{0x00000000c5bc9bd0}: Connection refused: no further information> (0x00000000c5bc9bd0) 
thrown [s\src\hotspot\share\prims\jni.cpp, line 535]
Event: 10.766 Thread 0x0000020d229b7f80 Exception <a 'java/net/SocketException'{0x00000000c5bc9f08}: Socket is not connected: shutdown> (0x00000000c5bc9f08) 
thrown [s\src\hotspot\share\prims\jni.cpp, line 535]
Event: 10.812 Thread 0x0000020d229b7f80 Exception <a 'java/net/ConnectException'{0x00000000c5bcae30}: Connection refused: no further information> (0x00000000c5bcae30) 
thrown [s\src\hotspot\share\prims\jni.cpp, line 535]
Event: 10.812 Thread 0x0000020d229b7f80 Exception <a 'java/net/SocketException'{0x00000000c5bcb168}: Socket is not connected: shutdown> (0x00000000c5bcb168) 
thrown [s\src\hotspot\share\prims\jni.cpp, line 535]
Event: 10.905 Thread 0x0000020d229b7f80 Exception <a 'java/net/ConnectException'{0x00000000c5bcc090}: Connection refused: no further information> (0x00000000c5bcc090) 
thrown [s\src\hotspot\share\prims\jni.cpp, line 535]
Event: 10.905 Thread 0x0000020d229b7f80 Exception <a 'java/net/SocketException'{0x00000000c5bcc3c8}: Socket is not connected: shutdown> (0x00000000c5bcc3c8) 
thrown [s\src\hotspot\share\prims\jni.cpp, line 535]
Event: 11.090 Thread 0x0000020d229b7f80 Exception <a 'java/net/ConnectException'{0x00000000c5bcd2f0}: Connection refused: no further information> (0x00000000c5bcd2f0) 
thrown [s\src\hotspot\share\prims\jni.cpp, line 535]
Event: 11.090 Thread 0x0000020d229b7f80 Exception <a 'java/net/SocketException'{0x00000000c5bcd628}: Socket is not connected: shutdown> (0x00000000c5bcd628) 
thrown [s\src\hotspot\share\prims\jni.cpp, line 535]
Event: 11.534 Thread 0x0000020d0a780b40 Exception <a 'java/lang/NoSuchMethodError'{0x00000000c5abb060}: 'java.lang.Object java.lang.invoke.DirectMethodHandle$Holder.newInvokeSpecial(java.lang.Object, java.lang.Object, int, int)'> (0x00000000c5abb060) 
thrown [s\src\hotspot\share\interpreter\linkResolver.cpp, line 759]
Event: 11.535 Thread 0x0000020d0a780b40 Exception <a 'java/lang/NoSuchMethodError'{0x00000000c5ac5b00}: 'void java.lang.invoke.DirectMethodHandle$Holder.invokeStatic(java.lang.Object, java.lang.Object, int)'> (0x00000000c5ac5b00) 
thrown [s\src\hotspot\share\interpreter\linkResolver.cpp, line 759]
Event: 11.566 Thread 0x0000020d0a780b40 Exception <a 'java/lang/NoSuchMethodError'{0x00000000c59cd808}: 'java.lang.Object java.lang.invoke.DirectMethodHandle$Holder.newInvokeSpecial(java.lang.Object, java.lang.Object, java.lang.Object, java.lang.Object, java.lang.Object)'> (0x00000000c59cd808) 
thrown [s\src\hotspot\share\interpreter\linkResolver.cpp, line 759]
Event: 11.654 Thread 0x0000020d0a780b40 Exception <a 'java/lang/NoSuchMethodError'{0x00000000c562bc80}: 'void java.lang.invoke.DirectMethodHandle$Holder.invokeSpecial(java.lang.Object, java.lang.Object, java.lang.Object)'> (0x00000000c562bc80) 
thrown [s\src\hotspot\share\interpreter\linkResolver.cpp, line 759]
Event: 11.734 Thread 0x0000020d22d1d230 Exception <a 'java/lang/NoSuchMethodError'{0x00000000c54409d8}: 'java.lang.Object java.lang.invoke.DirectMethodHandle$Holder.invokeSpecial(java.lang.Object, java.lang.Object, java.lang.Object, java.lang.Object, int)'> (0x00000000c54409d8) 
thrown [s\src\hotspot\share\interpreter\linkResolver.cpp, line 759]
Event: 11.734 Thread 0x0000020d22d1d230 Exception <a 'java/lang/NoSuchMethodError'{0x00000000c54445a0}: 'java.lang.Object java.lang.invoke.Invokers$Holder.linkToTargetMethod(java.lang.Object, java.lang.Object, int, java.lang.Object)'> (0x00000000c54445a0) 
thrown [s\src\hotspot\share\interpreter\linkResolver.cpp, line 759]
Event: 11.770 Thread 0x0000020d22d1d230 Exception <a 'java/lang/NoSuchMethodError'{0x00000000c53916b8}: 'void java.lang.invoke.DirectMethodHandle$Holder.invokeSpecial(java.lang.Object, java.lang.Object, java.lang.Object, java.lang.Object, java.lang.Object)'> (0x00000000c53916b8) 
thrown [s\src\hotspot\share\interpreter\linkResolver.cpp, line 759]
Event: 45.411 Thread 0x0000020d22d1c3c0 Exception <a 'java/lang/NoSuchMethodError'{0x00000000c4f59248}: 'void java.lang.invoke.DirectMethodHandle$Holder.invokeSpecial(java.lang.Object, java.lang.Object, java.lang.Object, java.lang.Object, java.lang.Object, java.lang.Object, java.lang.Object)'> (0x00000000c4f59248) 
thrown [s\src\hotspot\share\interpreter\linkResolver.cpp, line 759]
Event: 45.982 Thread 0x0000020d0a780b40 Exception <a 'java/lang/NoSuchMethodError'{0x00000000c4d47188}: 'java.lang.Object java.lang.invoke.DirectMethodHandle$Holder.invokeSpecialIFC(java.lang.Object, java.lang.Object, java.lang.Object)'> (0x00000000c4d47188) 
thrown [s\src\hotspot\share\interpreter\linkResolver.cpp, line 759]
Event: 46.131 Thread 0x0000020d22ba5c90 Implicit null exception at 0x0000020d159722d6 to 0x0000020d15972d20
Event: 46.590 Thread 0x0000020d0a780b40 Exception <a 'java/lang/ClassNotFoundException'{0x00000000c5b3c5b0}: sun/util/logging/resources/spi/loggingProvider> (0x00000000c5b3c5b0) 
thrown [s\src\hotspot\share\classfile\systemDictionary.cpp, line 256]

VM Operations (20 events):
Event: 11.448 Executing VM operation: HandshakeAllThreads
Event: 11.448 Executing VM operation: HandshakeAllThreads done
Event: 11.450 Executing VM operation: HandshakeAllThreads
Event: 11.450 Executing VM operation: HandshakeAllThreads done
Event: 12.459 Executing VM operation: Cleanup
Event: 12.459 Executing VM operation: Cleanup done
Event: 45.335 Executing VM operation: HandshakeAllThreads
Event: 45.335 Executing VM operation: HandshakeAllThreads done
Event: 46.337 Executing VM operation: HandshakeAllThreads
Event: 46.337 Executing VM operation: HandshakeAllThreads done
Event: 46.337 Executing VM operation: Cleanup
Event: 46.337 Executing VM operation: Cleanup done
Event: 46.386 Executing VM operation: CollectForMetadataAllocation
Event: 46.391 Executing VM operation: CollectForMetadataAllocation done
Event: 46.401 Executing VM operation: G1Concurrent
Event: 46.453 Executing VM operation: G1Concurrent done
Event: 46.458 Executing VM operation: G1Concurrent
Event: 46.496 Executing VM operation: G1Concurrent done
Event: 47.506 Executing VM operation: Cleanup
Event: 47.507 Executing VM operation: Cleanup done

Events (20 events):
Event: 46.592 loading class java/util/Formatter$DateTime
Event: 46.592 loading class java/util/Formatter$DateTime done
Event: 46.592 loading class java/time/ZonedDateTime$1
Event: 46.592 loading class java/time/ZonedDateTime$1 done
Event: 46.592 loading class java/time/LocalDate$1
Event: 46.592 loading class java/time/LocalDate$1 done
Event: 46.592 loading class java/text/DateFormatSymbols
Event: 46.592 loading class java/text/DateFormatSymbols done
Event: 46.593 loading class sun/util/locale/provider/DateFormatSymbolsProviderImpl
Event: 46.593 loading class sun/util/locale/provider/DateFormatSymbolsProviderImpl done
Event: 46.593 loading class java/time/LocalTime$1
Event: 46.593 loading class java/time/LocalTime$1 done
Event: 46.663 Thread 0x0000020d22d1d700 Thread added: 0x0000020d22d1d700
Event: 71.454 loading class java/util/IdentityHashMap$KeyIterator
Event: 71.454 loading class java/util/IdentityHashMap$IdentityHashMapIterator
Event: 71.455 loading class java/util/IdentityHashMap$IdentityHashMapIterator done
Event: 71.455 loading class java/util/IdentityHashMap$KeyIterator done
Event: 71.455 Thread 0x0000020d229b7f80 Thread exited: 0x0000020d229b7f80
Event: 94.873 loading class java/util/ServiceConfigurationError
Event: 94.873 loading class java/util/ServiceConfigurationError done


Dynamic libraries:
0x00007ff6621a0000 - 0x00007ff6621ae000 	C:\eclipse\plugins\org.eclipse.justj.openjdk.hotspot.jre.full.win32.x86_64_17.0.5.v20221102-0933\jre\bin\javaw.exe
0x00007ff9223d0000 - 0x00007ff9225c8000 	C:\Windows\SYSTEM32\ntdll.dll
0x00007ff9215d0000 - 0x00007ff92168f000 	C:\Windows\System32\KERNEL32.DLL
0x00007ff91fab0000 - 0x00007ff91fda6000 	C:\Windows\System32\KERNELBASE.dll
0x00007ff91fdb0000 - 0x00007ff91feb0000 	C:\Windows\System32\ucrtbase.dll
0x00007ff91d340000 - 0x00007ff91d359000 	C:\eclipse\plugins\org.eclipse.justj.openjdk.hotspot.jre.full.win32.x86_64_17.0.5.v20221102-0933\jre\bin\VCRUNTIME140.dll
0x00007ff91b1d0000 - 0x00007ff91b1e7000 	C:\eclipse\plugins\org.eclipse.justj.openjdk.hotspot.jre.full.win32.x86_64_17.0.5.v20221102-0933\jre\bin\jli.dll
0x00007ff9210e0000 - 0x00007ff92127d000 	C:\Windows\System32\USER32.dll
0x00007ff91ffe0000 - 0x00007ff920002000 	C:\Windows\System32\win32u.dll
0x00007ff905750000 - 0x00007ff9059ea000 	C:\Windows\WinSxS\amd64_microsoft.windows.common-controls_6595b64144ccf1df_6.0.19041.1110_none_60b5254171f9507e\COMCTL32.dll
0x00007ff9204e0000 - 0x00007ff92050c000 	C:\Windows\System32\GDI32.dll
0x00007ff920510000 - 0x00007ff9205ae000 	C:\Windows\System32\msvcrt.dll
0x00007ff9202c0000 - 0x00007ff9203d5000 	C:\Windows\System32\gdi32full.dll
0x00007ff91ff40000 - 0x00007ff91ffdd000 	C:\Windows\System32\msvcp_win.dll
0x00007ff920660000 - 0x00007ff920690000 	C:\Windows\System32\IMM32.DLL
0x00007ff91af30000 - 0x00007ff91af3c000 	C:\eclipse\plugins\org.eclipse.justj.openjdk.hotspot.jre.full.win32.x86_64_17.0.5.v20221102-0933\jre\bin\vcruntime140_1.dll
0x00007ff8f0970000 - 0x00007ff8f0a01000 	C:\eclipse\plugins\org.eclipse.justj.openjdk.hotspot.jre.full.win32.x86_64_17.0.5.v20221102-0933\jre\bin\msvcp140.dll
0x00007ff8c00b0000 - 0x00007ff8c0cf4000 	C:\eclipse\plugins\org.eclipse.justj.openjdk.hotspot.jre.full.win32.x86_64_17.0.5.v20221102-0933\jre\bin\server\jvm.dll
0x00007ff9205b0000 - 0x00007ff92065f000 	C:\Windows\System32\ADVAPI32.dll
0x00007ff921890000 - 0x00007ff92192c000 	C:\Windows\System32\sechost.dll
0x00007ff921690000 - 0x00007ff9217b6000 	C:\Windows\System32\RPCRT4.dll
0x00007ff91b1c0000 - 0x00007ff91b1c9000 	C:\Windows\SYSTEM32\WSOCK32.dll
0x00007ff90ddf0000 - 0x00007ff90ddfa000 	C:\Windows\SYSTEM32\VERSION.dll
0x00007ff922320000 - 0x00007ff92238b000 	C:\Windows\System32\WS2_32.dll
0x00007ff903250000 - 0x00007ff903277000 	C:\Windows\SYSTEM32\WINMM.dll
0x00007ff91d960000 - 0x00007ff91d972000 	C:\Windows\SYSTEM32\kernel.appcore.dll
0x00007ff91b1b0000 - 0x00007ff91b1ba000 	C:\eclipse\plugins\org.eclipse.justj.openjdk.hotspot.jre.full.win32.x86_64_17.0.5.v20221102-0933\jre\bin\jimage.dll
0x00007ff8f1710000 - 0x00007ff8f18f4000 	C:\Windows\SYSTEM32\DBGHELP.DLL
0x00007ff8eb580000 - 0x00007ff8eb5b4000 	C:\Windows\SYSTEM32\dbgcore.DLL
0x00007ff91feb0000 - 0x00007ff91ff32000 	C:\Windows\System32\bcryptPrimitives.dll
0x00007ff91b180000 - 0x00007ff91b1a5000 	C:\eclipse\plugins\org.eclipse.justj.openjdk.hotspot.jre.full.win32.x86_64_17.0.5.v20221102-0933\jre\bin\java.dll
0x00007ff91b160000 - 0x00007ff91b178000 	C:\eclipse\plugins\org.eclipse.justj.openjdk.hotspot.jre.full.win32.x86_64_17.0.5.v20221102-0933\jre\bin\zip.dll
0x00007ff9219b0000 - 0x00007ff9220f4000 	C:\Windows\System32\SHELL32.dll
0x00007ff91db60000 - 0x00007ff91e2f3000 	C:\Windows\SYSTEM32\windows.storage.dll
0x00007ff920690000 - 0x00007ff9209e4000 	C:\Windows\System32\combase.dll
0x00007ff91f420000 - 0x00007ff91f44e000 	C:\Windows\SYSTEM32\Wldp.dll
0x00007ff920430000 - 0x00007ff9204dd000 	C:\Windows\System32\SHCORE.dll
0x00007ff921290000 - 0x00007ff9212e5000 	C:\Windows\System32\shlwapi.dll
0x00007ff91f9f0000 - 0x00007ff91fa0f000 	C:\Windows\SYSTEM32\profapi.dll
0x00007ff91b0e0000 - 0x00007ff91b0f9000 	C:\eclipse\plugins\org.eclipse.justj.openjdk.hotspot.jre.full.win32.x86_64_17.0.5.v20221102-0933\jre\bin\net.dll
0x00007ff917150000 - 0x00007ff91725a000 	C:\Windows\SYSTEM32\WINHTTP.dll
0x00007ff91f180000 - 0x00007ff91f1ea000 	C:\Windows\system32\mswsock.dll
0x00007ff91b0c0000 - 0x00007ff91b0d5000 	C:\eclipse\plugins\org.eclipse.justj.openjdk.hotspot.jre.full.win32.x86_64_17.0.5.v20221102-0933\jre\bin\nio.dll
0x00007ff91eeb0000 - 0x00007ff91ef7a000 	C:\Windows\SYSTEM32\DNSAPI.dll
0x00007ff91ee70000 - 0x00007ff91eeac000 	C:\Windows\SYSTEM32\IPHLPAPI.DLL
0x00007ff922310000 - 0x00007ff922318000 	C:\Windows\System32\NSI.dll
0x00007ff917940000 - 0x00007ff91794a000 	C:\Windows\System32\rasadhlp.dll
0x00007ff9175d0000 - 0x00007ff917652000 	C:\Windows\System32\fwpuclnt.dll
0x00007ff920290000 - 0x00007ff9202b7000 	C:\Windows\System32\bcrypt.dll
0x00007ff91b250000 - 0x00007ff91b25e000 	C:\eclipse\plugins\org.eclipse.justj.openjdk.hotspot.jre.full.win32.x86_64_17.0.5.v20221102-0933\jre\bin\sunmscapi.dll
0x00007ff9200c0000 - 0x00007ff92021e000 	C:\Windows\System32\CRYPT32.dll
0x00007ff91f490000 - 0x00007ff91f4b8000 	C:\Windows\SYSTEM32\ncrypt.dll
0x00007ff91f450000 - 0x00007ff91f48b000 	C:\Windows\SYSTEM32\NTASN1.dll
0x00007ff91f380000 - 0x00007ff91f398000 	C:\Windows\SYSTEM32\CRYPTSP.dll
0x00007ff91eaa0000 - 0x00007ff91ead4000 	C:\Windows\system32\rsaenh.dll
0x00007ff91f970000 - 0x00007ff91f99e000 	C:\Windows\SYSTEM32\USERENV.dll
0x00007ff91f370000 - 0x00007ff91f37c000 	C:\Windows\SYSTEM32\CRYPTBASE.dll
0x00007ff9173e0000 - 0x00007ff9173f7000 	C:\Windows\SYSTEM32\dhcpcsvc6.DLL
0x00007ff9177d0000 - 0x00007ff9177ed000 	C:\Windows\SYSTEM32\dhcpcsvc.DLL
0x00007ff91ae80000 - 0x00007ff91ae87000 	C:\Windows\system32\wshunix.dll

dbghelp: loaded successfully - version: 4.0.5 - missing functions: none
symbol engine: initialized successfully - sym options: 0x614 - pdb path: .;C:\eclipse\plugins\org.eclipse.justj.openjdk.hotspot.jre.full.win32.x86_64_17.0.5.v20221102-0933\jre\bin;C:\Windows\SYSTEM32;C:\Windows\WinSxS\amd64_microsoft.windows.common-controls_6595b64144ccf1df_6.0.19041.1110_none_60b5254171f9507e;C:\eclipse\plugins\org.eclipse.justj.openjdk.hotspot.jre.full.win32.x86_64_17.0.5.v20221102-0933\jre\bin\server

VM Arguments:
jvm_args: -Dfile.encoding=UTF-8 -XX:+ShowCodeDetailsInExceptionMessages 
java_command: FundosAcoes.FundosAcoesTest.App
java_class_path (initial): C:\PROGRAMAS\fundosAcoes\fundosAcoes\target\classes;C:\Users\Mauricio\.m2\repository\org\seleniumhq\selenium\selenium-chrome-driver\4.15.0\selenium-chrome-driver-4.15.0.jar;C:\Users\Mauricio\.m2\repository\com\google\auto\service\auto-service-annotations\1.1.1\auto-service-annotations-1.1.1.jar;C:\Users\Mauricio\.m2\repository\org\seleniumhq\selenium\selenium-api\4.15.0\selenium-api-4.15.0.jar;C:\Users\Mauricio\.m2\repository\org\seleniumhq\selenium\selenium-chromium-driver\4.15.0\selenium-chromium-driver-4.15.0.jar;C:\Users\Mauricio\.m2\repository\org\seleniumhq\selenium\selenium-json\4.15.0\selenium-json-4.15.0.jar;C:\Users\Mauricio\.m2\repository\org\seleniumhq\selenium\selenium-manager\4.15.0\selenium-manager-4.15.0.jar;C:\Users\Mauricio\.m2\repository\org\seleniumhq\selenium\selenium-os\4.15.0\selenium-os-4.15.0.jar;C:\Users\Mauricio\.m2\repository\org\apache\commons\commons-exec\1.3\commons-exec-1.3.jar;C:\Users\Mauricio\.m2\repository\org\seleniumhq\selenium\selenium-remote-driver\4.15.0\selenium-remote-driver-4.15.0.jar;C:\Users\Mauricio\.m2\repository\com\google\guava\guava\32.1.2-jre\guava-32.1.2-jre.jar;C:\Users\Mauricio\.m2\repository\com\google\guava\failureaccess\1.0.1\failureaccess-1.0.1.jar;C:\Users\Mauricio\.m2\repository\com\google\guava\listenablefuture\9999.0-empty-to-avoid-conflict-with-guava\listenablefuture-9999.0-empty-to-avoid-conflict-with-guava.jar;C:\Users\Mauricio\.m2\repository\com\google\code\findbugs\jsr305\3.0.2\jsr305-3.0.2.jar;C:\Users\Mauricio\.m2\repository\org\checkerframework\checker-qual\3.33.0\checker-qual-3.33.0.jar;C:\Users\Mauricio\.m2\repository\com\google\errorprone\error_prone_annotations\2.18.0\error_prone_annotations-2.18.0.jar;C:\Users\Mauricio\.m2\repository\com\google\j2objc\j2objc-annotations\2.8\j2objc-annotations-2.8.jar;C:\Users\Mauricio\.m2\repository\io\opentelemetry\opentelemetry-api\1.28.0\opentelemetry-api-1.28.0.jar;C:\Users\Mauricio\.m2\repository\io\opentelemetry\opentelemet
Launcher Type: SUN_STANDARD

[Global flags]
     intx CICompilerCount                          = 3                                         {product} {ergonomic}
     uint ConcGCThreads                            = 1                                         {product} {ergonomic}
     uint G1ConcRefinementThreads                  = 4                                         {product} {ergonomic}
   size_t G1HeapRegionSize                         = 1048576                                   {product} {ergonomic}
    uintx GCDrainStackTargetSize                   = 64                                        {product} {ergonomic}
   size_t InitialHeapSize                          = 67108864                                  {product} {ergonomic}
   size_t MarkStackSize                            = 4194304                                   {product} {ergonomic}
   size_t MaxHeapSize                              = 1044381696                                {product} {ergonomic}
   size_t MaxNewSize                               = 625999872                                 {product} {ergonomic}
   size_t MinHeapDeltaBytes                        = 1048576                                   {product} {ergonomic}
   size_t MinHeapSize                              = 8388608                                   {product} {ergonomic}
    uintx NonNMethodCodeHeapSize                   = 5832780                                {pd product} {ergonomic}
    uintx NonProfiledCodeHeapSize                  = 122912730                              {pd product} {ergonomic}
    uintx ProfiledCodeHeapSize                     = 122912730                              {pd product} {ergonomic}
    uintx ReservedCodeCacheSize                    = 251658240                              {pd product} {ergonomic}
     bool SegmentedCodeCache                       = true                                      {product} {ergonomic}
     bool ShowCodeDetailsInExceptionMessages       = true                                   {manageable} {command line}
   size_t SoftMaxHeapSize                          = 1044381696                             {manageable} {ergonomic}
     bool UseCompressedClassPointers               = true                           {product lp64_product} {ergonomic}
     bool UseCompressedOops                        = true                           {product lp64_product} {ergonomic}
     bool UseG1GC                                  = true                                      {product} {ergonomic}
     bool UseLargePagesIndividualAllocation        = false                                  {pd product} {ergonomic}

Logging:
Log output configuration:
 #0: stdout all=warning uptime,level,tags
 #1: stderr all=off uptime,level,tags

Environment Variables:
PATH=C:/eclipse//plugins/org.eclipse.justj.openjdk.hotspot.jre.full.win32.x86_64_17.0.5.v20221102-0933/jre/bin/server;C:/eclipse//plugins/org.eclipse.justj.openjdk.hotspot.jre.full.win32.x86_64_17.0.5.v20221102-0933/jre/bin;C:\Program Files (x86)\Common Files\Oracle\Java\javapath;C:\Windows\system32;C:\Windows;C:\Windows\System32\Wbem;C:\Windows\System32\WindowsPowerShell\v1.0\;C:\Windows\System32\OpenSSH\;C:\Program Files\Microsoft SQL Server\Client SDK\ODBC\170\Tools\Binn\;C:\Program Files (x86)\Microsoft SQL Server\150\Tools\Binn\;C:\Program Files\Microsoft SQL Server\150\Tools\Binn\;C:\Program Files\Microsoft SQL Server\150\DTS\Binn\;C:\Program Files\Azure Data Studio\bin;C:\Program Files\Git\cmd;C:\Program Files (x86)\Microsoft SQL Server\160\Tools\Binn\;C:\Program Files\Microsoft SQL Server\160\Tools\Binn\;C:\Program Files\Microsoft SQL Server\160\DTS\Binn\;C:\Program Files (x86)\Microsoft SQL Server\160\DTS\Binn\;C:\Users\Mauricio\AppData\Local\Microsoft\WindowsApps;;C:\Program Files\Azure Data Studio\bin;C:\Users\Mauricio\AppData\Local\Programs\Microsoft VS Code\bin;C:\eclipse;
USERNAME=Mauricio
OS=Windows_NT
PROCESSOR_IDENTIFIER=Intel64 Family 6 Model 78 Stepping 3, GenuineIntel
TMP=C:\Users\Mauricio\AppData\Local\Temp
TEMP=C:\Users\Mauricio\AppData\Local\Temp



---------------  S Y S T E M  ---------------

OS:
 Windows 10 , 64 bit Build 19041 (10.0.19041.3031)
OS uptime: 0 days 1:10 hours

CPU: total 4 (initial active 4) (2 cores per cpu, 2 threads per core) family 6 model 78 stepping 3 microcode 0xcc, cx8, cmov, fxsr, ht, mmx, 3dnowpref, sse, sse2, sse3, ssse3, sse4.1, sse4.2, popcnt, lzcnt, tsc, tscinvbit, avx, avx2, aes, erms, clmul, bmi1, bmi2, rtm, adx, fma, vzeroupper, clflush, clflushopt

Memory: 4k page, system-wide physical 3977M (450M free)
TotalPageFile size 6025M (AvailPageFile size 56M)
current process WorkingSet (physical memory assigned to process): 74M, peak: 94M
current process commit charge ("private bytes"): 117M, peak: 161M

vm_info: OpenJDK 64-Bit Server VM (17.0.5+8) for windows-amd64 JRE (17.0.5+8), built on Oct 19 2022 04:48:13 by "temurin" with MS VC++ 16.7 (VS2019)

END.
