#
# There is insufficient memory for the Java Runtime Environment to continue.
# Native memory allocation (malloc) failed to allocate 32744 bytes for Chunk::new
# Possible reasons:
#   The system is out of physical RAM or swap space
#   The process is running with CompressedOops enabled, and the Java Heap may be blocking the growth of the native heap
# Possible solutions:
#   Reduce memory load on the system
#   Increase physical memory or swap space
#   Check if swap backing store is full
#   Decrease Java heap size (-Xmx/-Xms)
#   Decrease number of Java threads
#   Decrease Java thread stack sizes (-Xss)
#   Set larger code cache with -XX:ReservedCodeCacheSize=
#   JVM is running with Unscaled Compressed Oops mode in which the Java heap is
#     placed in the first 4GB address space. The Java Heap base address is the
#     maximum limit for the native heap growth. Please use -XX:HeapBaseMinAddress
#     to set the Java Heap base and to place the Java Heap above 4GB virtual address.
# This output file may be truncated or incomplete.
#
#  Out of Memory Error (arena.cpp:168), pid=13024, tid=9140
#
# JRE version: OpenJDK Runtime Environment Zulu21.32+17-CA (21.0.2+13) (build 21.0.2+13-LTS)
# Java VM: OpenJDK 64-Bit Server VM Zulu21.32+17-CA (21.0.2+13-LTS, mixed mode, sharing, tiered, compressed oops, compressed class ptrs, g1 gc, windows-amd64)
# No core dump will be written. Minidumps are not enabled by default on client versions of Windows
#

---------------  S U M M A R Y ------------

Command Line: principal.AgendadorDeTarefas

Host: Intel(R) Core(TM) i3-6100U CPU @ 2.30GHz, 4 cores, 3G,  Windows 10 , 64 bit Build 19041 (10.0.19041.3031)
Time: Tue Jul 16 09:59:26 2024 Hora oficial do Brasil elapsed time: 5381.538151 seconds (0d 1h 29m 41s)

---------------  T H R E A D  ---------------

Current thread (0x000001c6f6640d60):  JavaThread "C1 CompilerThread0" daemon [_thread_in_native, id=9140, stack(0x000000558b300000,0x000000558b400000) (1024K)]


Current CompileTask:
C1:5381538 2972       3       java.util.ServiceLoader$LazyClassPathLookupIterator::parseLine (253 bytes)

Stack: [0x000000558b300000,0x000000558b400000]
Native frames: (J=compiled Java code, j=interpreted, Vv=VM code, C=native code)
V  [jvm.dll+0x6d47c9]
V  [jvm.dll+0x8afd41]
V  [jvm.dll+0x8b20ae]
V  [jvm.dll+0x8b2793]
V  [jvm.dll+0x287836]
V  [jvm.dll+0xc5add]
V  [jvm.dll+0xc6013]
V  [jvm.dll+0x199023]
V  [jvm.dll+0x1990ed]
V  [jvm.dll+0x19b659]
V  [jvm.dll+0x19d344]
V  [jvm.dll+0x156b03]
V  [jvm.dll+0x1563b8]
V  [jvm.dll+0x1565f4]
V  [jvm.dll+0x155a36]
V  [jvm.dll+0x15779d]
V  [jvm.dll+0x25b329]
V  [jvm.dll+0x2598da]
V  [jvm.dll+0x3f7036]
V  [jvm.dll+0x858528]
V  [jvm.dll+0x6d2f1d]
C  [ucrtbase.dll+0x21bb2]
C  [KERNEL32.DLL+0x17614]
C  [ntdll.dll+0x526f1]


---------------  P R O C E S S  ---------------

Threads class SMR info:
_java_thread_list=0x000001c6f68589a0, length=36, elements={
0x000001c6d9607080, 0x000001c6db76e1f0, 0x000001c6f662e1b0, 0x000001c6f66310f0,
0x000001c6f6631b50, 0x000001c6f66325b0, 0x000001c6f6637520, 0x000001c6f66402c0,
0x000001c6f6640d60, 0x000001c6f68f3600, 0x000001c6f68f28e0, 0x000001c6f68f3c90,
0x000001c6f68f49b0, 0x000001c6f68f2250, 0x000001c6f68f5040, 0x000001c6f6994290,
0x000001c6f6999150, 0x000001c6f69969f0, 0x000001c6f699ab90, 0x000001c6f699a500,
0x000001c6f6998ac0, 0x000001c6f6995640, 0x000001c6f6993c00, 0x000001c6f6994fb0,
0x000001c6f69997e0, 0x000001c6f6995cd0, 0x000001c6f6996360, 0x000001c6f6997710,
0x000001c6f6999e70, 0x000001c6f6997080, 0x000001c6f6994920, 0x000001c6f6997da0,
0x000001c6f6998430, 0x000001c6f68f56d0, 0x000001c6f68f2f70, 0x000001c6f699b220
}

Java Threads: ( => current thread )
  0x000001c6d9607080 JavaThread "Forwarding newSession on session null to remote"        [_thread_in_native, id=11364, stack(0x000000558a400000,0x000000558a500000) (1024K)]
  0x000001c6db76e1f0 JavaThread "Reference Handler"          daemon [_thread_blocked, id=8832, stack(0x000000558ac00000,0x000000558ad00000) (1024K)]
  0x000001c6f662e1b0 JavaThread "Finalizer"                  daemon [_thread_blocked, id=1600, stack(0x000000558ad00000,0x000000558ae00000) (1024K)]
  0x000001c6f66310f0 JavaThread "Signal Dispatcher"          daemon [_thread_blocked, id=1716, stack(0x000000558ae00000,0x000000558af00000) (1024K)]
  0x000001c6f6631b50 JavaThread "Attach Listener"            daemon [_thread_blocked, id=9700, stack(0x000000558af00000,0x000000558b000000) (1024K)]
  0x000001c6f66325b0 JavaThread "Service Thread"             daemon [_thread_blocked, id=6520, stack(0x000000558b000000,0x000000558b100000) (1024K)]
  0x000001c6f6637520 JavaThread "Monitor Deflation Thread"   daemon [_thread_blocked, id=2592, stack(0x000000558b100000,0x000000558b200000) (1024K)]
  0x000001c6f66402c0 JavaThread "C2 CompilerThread0"         daemon [_thread_blocked, id=11600, stack(0x000000558b200000,0x000000558b300000) (1024K)]
=>0x000001c6f6640d60 JavaThread "C1 CompilerThread0"         daemon [_thread_in_native, id=9140, stack(0x000000558b300000,0x000000558b400000) (1024K)]
  0x000001c6f68f3600 JavaThread "Notification Thread"        daemon [_thread_blocked, id=5132, stack(0x000000558b400000,0x000000558b500000) (1024K)]
  0x000001c6f68f28e0 JavaThread "Common-Cleaner"             daemon [_thread_blocked, id=10676, stack(0x000000558b500000,0x000000558b600000) (1024K)]
  0x000001c6f68f3c90 JavaThread "HttpClient-1-SelectorManager" daemon [_thread_in_native, id=12096, stack(0x000000558bb00000,0x000000558bc00000) (1024K)]
  0x000001c6f68f49b0 JavaThread "External Process Output Forwarder - C:\Users\Mauricio\.cache\selenium\chromedriver\win64\126.0.6478.63\chromedriver.exe" daemon [_thread_in_native, id=14188, stack(0x000000558bc00000,0x000000558bd00000) (1024K)]
  0x000001c6f68f2250 JavaThread "Driver Service Executor"    daemon [_thread_blocked, id=6368, stack(0x000000558a200000,0x000000558a300000) (1024K)]
  0x000001c6f68f5040 JavaThread "Driver Service Executor"    daemon [_thread_blocked, id=8960, stack(0x000000558bd00000,0x000000558be00000) (1024K)]
  0x000001c6f6994290 JavaThread "HttpClient-2-SelectorManager" daemon [_thread_in_native, id=1328, stack(0x000000558c400000,0x000000558c500000) (1024K)]
  0x000001c6f6999150 JavaThread "mysql-cj-abandoned-connection-cleanup" daemon [_thread_blocked, id=10400, stack(0x000000558c500000,0x000000558c600000) (1024K)]
  0x000001c6f69969f0 JavaThread "HttpClient-5-SelectorManager" daemon [_thread_in_native, id=11560, stack(0x000000558a100000,0x000000558a200000) (1024K)]
  0x000001c6f699ab90 JavaThread "External Process Output Forwarder - C:\Users\Mauricio\.cache\selenium\chromedriver\win64\126.0.6478.63\chromedriver.exe" daemon [_thread_in_native, id=12856, stack(0x000000558b800000,0x000000558b900000) (1024K)]
  0x000001c6f699a500 JavaThread "Driver Service Executor"    daemon [_thread_blocked, id=7876, stack(0x000000558b900000,0x000000558ba00000) (1024K)]
  0x000001c6f6998ac0 JavaThread "Driver Service Executor"    daemon [_thread_blocked, id=4468, stack(0x000000558ba00000,0x000000558bb00000) (1024K)]
  0x000001c6f6995640 JavaThread "HttpClient-6-SelectorManager" daemon [_thread_in_native, id=6636, stack(0x000000558c600000,0x000000558c700000) (1024K)]
  0x000001c6f6993c00 JavaThread "HttpClient-7-SelectorManager" daemon [_thread_in_native, id=8516, stack(0x000000558be00000,0x000000558bf00000) (1024K)]
  0x000001c6f6994fb0 JavaThread "External Process Output Forwarder - C:\Users\Mauricio\.cache\selenium\chromedriver\win64\126.0.6478.63\chromedriver.exe" daemon [_thread_in_native, id=8116, stack(0x000000558bf00000,0x000000558c000000) (1024K)]
  0x000001c6f69997e0 JavaThread "Driver Service Executor"    daemon [_thread_blocked, id=4360, stack(0x000000558c000000,0x000000558c100000) (1024K)]
  0x000001c6f6995cd0 JavaThread "Driver Service Executor"    daemon [_thread_blocked, id=9684, stack(0x000000558c100000,0x000000558c200000) (1024K)]
  0x000001c6f6996360 JavaThread "HttpClient-8-SelectorManager" daemon [_thread_in_native, id=11500, stack(0x000000558cc00000,0x000000558cd00000) (1024K)]
  0x000001c6f6997710 JavaThread "HttpClient-9-SelectorManager" daemon [_thread_in_native, id=4796, stack(0x000000558c200000,0x000000558c300000) (1024K)]
  0x000001c6f6999e70 JavaThread "External Process Output Forwarder - C:\Users\Mauricio\.cache\selenium\chromedriver\win64\126.0.6478.63\chromedriver.exe" daemon [_thread_in_native, id=5864, stack(0x000000558c300000,0x000000558c400000) (1024K)]
  0x000001c6f6997080 JavaThread "Driver Service Executor"    daemon [_thread_blocked, id=5848, stack(0x000000558c700000,0x000000558c800000) (1024K)]
  0x000001c6f6994920 JavaThread "Driver Service Executor"    daemon [_thread_in_native, id=6900, stack(0x000000558c800000,0x000000558c900000) (1024K)]
  0x000001c6f6997da0 JavaThread "UrlChecker-7"               daemon [_thread_blocked, id=9856, stack(0x000000558c900000,0x000000558ca00000) (1024K)]
  0x000001c6f6998430 JavaThread "pool-9-thread-1"                   [_thread_blocked, id=12536, stack(0x000000558cd00000,0x000000558ce00000) (1024K)]
  0x000001c6f68f56d0 JavaThread "pool-9-thread-2"                   [_thread_blocked, id=7720, stack(0x000000558ce00000,0x000000558cf00000) (1024K)]
  0x000001c6f68f2f70 JavaThread "ForkJoinPool.commonPool-worker-9" daemon [_thread_blocked, id=11096, stack(0x000000558cf00000,0x000000558d000000) (1024K)]
  0x000001c6f699b220 JavaThread "Keep-Alive-Timer"           daemon [_thread_blocked, id=11512, stack(0x000000558cb00000,0x000000558cc00000) (1024K)]
Total: 36

Other Threads:
  0x000001c6db761ad0 VMThread "VM Thread"                           [id=10484, stack(0x000000558ab00000,0x000000558ac00000) (1024K)]
  0x000001c6db748c20 WatcherThread "VM Periodic Task Thread"        [id=12132, stack(0x000000558aa00000,0x000000558ab00000) (1024K)]
  0x000001c6db6d5bf0 WorkerThread "GC Thread#0"                     [id=6408, stack(0x000000558a500000,0x000000558a600000) (1024K)]
  0x000001c6fb1ff0b0 WorkerThread "GC Thread#1"                     [id=11596, stack(0x000000558a300000,0x000000558a400000) (1024K)]
  0x000001c6fb21ed70 WorkerThread "GC Thread#2"                     [id=8760, stack(0x000000558b600000,0x000000558b700000) (1024K)]
  0x000001c6fb1d45c0 WorkerThread "GC Thread#3"                     [id=9640, stack(0x000000558b700000,0x000000558b800000) (1024K)]
  0x000001c6db6de910 ConcurrentGCThread "G1 Main Marker"            [id=12360, stack(0x000000558a600000,0x000000558a700000) (1024K)]
  0x000001c6db6dfac0 WorkerThread "G1 Conc#0"                       [id=292, stack(0x000000558a700000,0x000000558a800000) (1024K)]
  0x000001c6db7377c0 ConcurrentGCThread "G1 Refine#0"               [id=8796, stack(0x000000558a800000,0x000000558a900000) (1024K)]
  0x000001c6db738240 ConcurrentGCThread "G1 Service"                [id=6372, stack(0x000000558a900000,0x000000558aa00000) (1024K)]
Total: 10

Threads with active compile tasks:
C1 CompilerThread0  5382339 2972       3       java.util.ServiceLoader$LazyClassPathLookupIterator::parseLine (253 bytes)
Total: 1

VM state: not at safepoint (normal execution)

VM Mutex/Monitor currently owned by a thread: None

OutOfMemory and StackOverflow Exception counts:
OutOfMemoryError java_heap_errors=1
LinkageErrors=59

Heap address: 0x00000000c1c00000, size: 996 MB, Compressed Oops mode: 32-bit

CDS archive(s) mapped at: [0x000001c680000000-0x000001c680cf0000-0x000001c680cf0000), size 13565952, SharedBaseAddress: 0x000001c680000000, ArchiveRelocationMode: 1.
Compressed class space mapped at: 0x000001c681000000-0x000001c6c1000000, reserved size: 1073741824
Narrow klass base: 0x000001c680000000, Narrow klass shift: 0, Narrow klass range: 0x100000000

GC Precious Log:
 CardTable entry size: 512
 Card Set container configuration: InlinePtr #cards 5 size 8 Array Of Cards #cards 12 size 40 Howl #buckets 4 coarsen threshold 1843 Howl Bitmap #cards 512 size 80 coarsen threshold 460 Card regions per heap region 1 cards per card region 2048
 CPUs: 4 total, 4 available
 Memory: 3977M
 Large Page Support: Disabled
 NUMA Support: Disabled
 Compressed Oops: Enabled (32-bit)
 Heap Region Size: 1M
 Heap Min Capacity: 8M
 Heap Initial Capacity: 64M
 Heap Max Capacity: 996M
 Pre-touch: Disabled
 Parallel Workers: 4
 Concurrent Workers: 1
 Concurrent Refinement Workers: 4
 Periodic GC: Disabled

Heap:
 garbage-first heap   total 65536K, used 16616K [0x00000000c1c00000, 0x0000000100000000)
  region size 1024K, 12 young (12288K), 4 survivors (4096K)
 Metaspace       used 18269K, committed 18688K, reserved 1114112K
  class space    used 2077K, committed 2304K, reserved 1048576K

Heap Regions: E=young(eden), S=young(survivor), O=old, HS=humongous(starts), HC=humongous(continues), CS=collection set, F=free, TAMS=top-at-mark-start, PB=parsable bottom
|   0|0x00000000c1c00000, 0x00000000c1d00000, 0x00000000c1d00000|100%| O|  |TAMS 0x00000000c1c00000| PB 0x00000000c1c00000| Untracked 
|   1|0x00000000c1d00000, 0x00000000c1e00000, 0x00000000c1e00000|100%| O|  |TAMS 0x00000000c1d00000| PB 0x00000000c1d00000| Untracked 
|   2|0x00000000c1e00000, 0x00000000c1f00000, 0x00000000c1f00000|100%| O|  |TAMS 0x00000000c1e00000| PB 0x00000000c1e00000| Untracked 
|   3|0x00000000c1f00000, 0x00000000c2000000, 0x00000000c2000000|100%| O|  |TAMS 0x00000000c1f00000| PB 0x00000000c1f00000| Untracked 
|   4|0x00000000c2000000, 0x00000000c2100000, 0x00000000c2100000|100%| O|  |TAMS 0x00000000c2000000| PB 0x00000000c2000000| Untracked 
|   5|0x00000000c2100000, 0x00000000c213a028, 0x00000000c2200000| 22%| O|  |TAMS 0x00000000c2100000| PB 0x00000000c2100000| Untracked 
|   6|0x00000000c2200000, 0x00000000c2200000, 0x00000000c2300000|  0%| F|  |TAMS 0x00000000c2200000| PB 0x00000000c2200000| Untracked 
|   7|0x00000000c2300000, 0x00000000c2300000, 0x00000000c2400000|  0%| F|  |TAMS 0x00000000c2300000| PB 0x00000000c2300000| Untracked 
|   8|0x00000000c2400000, 0x00000000c2400000, 0x00000000c2500000|  0%| F|  |TAMS 0x00000000c2400000| PB 0x00000000c2400000| Untracked 
|   9|0x00000000c2500000, 0x00000000c2500000, 0x00000000c2600000|  0%| F|  |TAMS 0x00000000c2500000| PB 0x00000000c2500000| Untracked 
|  10|0x00000000c2600000, 0x00000000c2600000, 0x00000000c2700000|  0%| F|  |TAMS 0x00000000c2600000| PB 0x00000000c2600000| Untracked 
|  11|0x00000000c2700000, 0x00000000c2700000, 0x00000000c2800000|  0%| F|  |TAMS 0x00000000c2700000| PB 0x00000000c2700000| Untracked 
|  12|0x00000000c2800000, 0x00000000c2800000, 0x00000000c2900000|  0%| F|  |TAMS 0x00000000c2800000| PB 0x00000000c2800000| Untracked 
|  13|0x00000000c2900000, 0x00000000c2900000, 0x00000000c2a00000|  0%| F|  |TAMS 0x00000000c2900000| PB 0x00000000c2900000| Untracked 
|  14|0x00000000c2a00000, 0x00000000c2a00000, 0x00000000c2b00000|  0%| F|  |TAMS 0x00000000c2a00000| PB 0x00000000c2a00000| Untracked 
|  15|0x00000000c2b00000, 0x00000000c2b00000, 0x00000000c2c00000|  0%| F|  |TAMS 0x00000000c2b00000| PB 0x00000000c2b00000| Untracked 
|  16|0x00000000c2c00000, 0x00000000c2c00000, 0x00000000c2d00000|  0%| F|  |TAMS 0x00000000c2c00000| PB 0x00000000c2c00000| Untracked 
|  17|0x00000000c2d00000, 0x00000000c2d00000, 0x00000000c2e00000|  0%| F|  |TAMS 0x00000000c2d00000| PB 0x00000000c2d00000| Untracked 
|  18|0x00000000c2e00000, 0x00000000c2e00000, 0x00000000c2f00000|  0%| F|  |TAMS 0x00000000c2e00000| PB 0x00000000c2e00000| Untracked 
|  19|0x00000000c2f00000, 0x00000000c2f00000, 0x00000000c3000000|  0%| F|  |TAMS 0x00000000c2f00000| PB 0x00000000c2f00000| Untracked 
|  20|0x00000000c3000000, 0x00000000c3000000, 0x00000000c3100000|  0%| F|  |TAMS 0x00000000c3000000| PB 0x00000000c3000000| Untracked 
|  21|0x00000000c3100000, 0x00000000c3100000, 0x00000000c3200000|  0%| F|  |TAMS 0x00000000c3100000| PB 0x00000000c3100000| Untracked 
|  22|0x00000000c3200000, 0x00000000c3200000, 0x00000000c3300000|  0%| F|  |TAMS 0x00000000c3200000| PB 0x00000000c3200000| Untracked 
|  23|0x00000000c3300000, 0x00000000c3300000, 0x00000000c3400000|  0%| F|  |TAMS 0x00000000c3300000| PB 0x00000000c3300000| Untracked 
|  24|0x00000000c3400000, 0x00000000c3400000, 0x00000000c3500000|  0%| F|  |TAMS 0x00000000c3400000| PB 0x00000000c3400000| Untracked 
|  25|0x00000000c3500000, 0x00000000c3500000, 0x00000000c3600000|  0%| F|  |TAMS 0x00000000c3500000| PB 0x00000000c3500000| Untracked 
|  26|0x00000000c3600000, 0x00000000c3600000, 0x00000000c3700000|  0%| F|  |TAMS 0x00000000c3600000| PB 0x00000000c3600000| Untracked 
|  27|0x00000000c3700000, 0x00000000c3700000, 0x00000000c3800000|  0%| F|  |TAMS 0x00000000c3700000| PB 0x00000000c3700000| Untracked 
|  28|0x00000000c3800000, 0x00000000c3800000, 0x00000000c3900000|  0%| F|  |TAMS 0x00000000c3800000| PB 0x00000000c3800000| Untracked 
|  29|0x00000000c3900000, 0x00000000c3900000, 0x00000000c3a00000|  0%| F|  |TAMS 0x00000000c3900000| PB 0x00000000c3900000| Untracked 
|  30|0x00000000c3a00000, 0x00000000c3a00000, 0x00000000c3b00000|  0%| F|  |TAMS 0x00000000c3a00000| PB 0x00000000c3a00000| Untracked 
|  31|0x00000000c3b00000, 0x00000000c3b00000, 0x00000000c3c00000|  0%| F|  |TAMS 0x00000000c3b00000| PB 0x00000000c3b00000| Untracked 
|  32|0x00000000c3c00000, 0x00000000c3c00000, 0x00000000c3d00000|  0%| F|  |TAMS 0x00000000c3c00000| PB 0x00000000c3c00000| Untracked 
|  33|0x00000000c3d00000, 0x00000000c3d00000, 0x00000000c3e00000|  0%| F|  |TAMS 0x00000000c3d00000| PB 0x00000000c3d00000| Untracked 
|  34|0x00000000c3e00000, 0x00000000c3e00000, 0x00000000c3f00000|  0%| F|  |TAMS 0x00000000c3e00000| PB 0x00000000c3e00000| Untracked 
|  35|0x00000000c3f00000, 0x00000000c4000000, 0x00000000c4000000|100%| S|CS|TAMS 0x00000000c3f00000| PB 0x00000000c3f00000| Complete 
|  36|0x00000000c4000000, 0x00000000c4100000, 0x00000000c4100000|100%| S|CS|TAMS 0x00000000c4000000| PB 0x00000000c4000000| Complete 
|  37|0x00000000c4100000, 0x00000000c4200000, 0x00000000c4200000|100%| S|CS|TAMS 0x00000000c4100000| PB 0x00000000c4100000| Complete 
|  38|0x00000000c4200000, 0x00000000c4300000, 0x00000000c4300000|100%| S|CS|TAMS 0x00000000c4200000| PB 0x00000000c4200000| Complete 
|  39|0x00000000c4300000, 0x00000000c4300000, 0x00000000c4400000|  0%| F|  |TAMS 0x00000000c4300000| PB 0x00000000c4300000| Untracked 
|  40|0x00000000c4400000, 0x00000000c4400000, 0x00000000c4500000|  0%| F|  |TAMS 0x00000000c4400000| PB 0x00000000c4400000| Untracked 
|  41|0x00000000c4500000, 0x00000000c4500000, 0x00000000c4600000|  0%| F|  |TAMS 0x00000000c4500000| PB 0x00000000c4500000| Untracked 
|  42|0x00000000c4600000, 0x00000000c4600000, 0x00000000c4700000|  0%| F|  |TAMS 0x00000000c4600000| PB 0x00000000c4600000| Untracked 
|  43|0x00000000c4700000, 0x00000000c4700000, 0x00000000c4800000|  0%| F|  |TAMS 0x00000000c4700000| PB 0x00000000c4700000| Untracked 
|  44|0x00000000c4800000, 0x00000000c4800000, 0x00000000c4900000|  0%| F|  |TAMS 0x00000000c4800000| PB 0x00000000c4800000| Untracked 
|  45|0x00000000c4900000, 0x00000000c4900000, 0x00000000c4a00000|  0%| F|  |TAMS 0x00000000c4900000| PB 0x00000000c4900000| Untracked 
|  46|0x00000000c4a00000, 0x00000000c4a00000, 0x00000000c4b00000|  0%| F|  |TAMS 0x00000000c4a00000| PB 0x00000000c4a00000| Untracked 
|  47|0x00000000c4b00000, 0x00000000c4b00000, 0x00000000c4c00000|  0%| F|  |TAMS 0x00000000c4b00000| PB 0x00000000c4b00000| Untracked 
|  48|0x00000000c4c00000, 0x00000000c4c00000, 0x00000000c4d00000|  0%| F|  |TAMS 0x00000000c4c00000| PB 0x00000000c4c00000| Untracked 
|  49|0x00000000c4d00000, 0x00000000c4d00000, 0x00000000c4e00000|  0%| F|  |TAMS 0x00000000c4d00000| PB 0x00000000c4d00000| Untracked 
|  50|0x00000000c4e00000, 0x00000000c4e00000, 0x00000000c4f00000|  0%| F|  |TAMS 0x00000000c4e00000| PB 0x00000000c4e00000| Untracked 
|  51|0x00000000c4f00000, 0x00000000c4f00000, 0x00000000c5000000|  0%| F|  |TAMS 0x00000000c4f00000| PB 0x00000000c4f00000| Untracked 
|  52|0x00000000c5000000, 0x00000000c5000000, 0x00000000c5100000|  0%| F|  |TAMS 0x00000000c5000000| PB 0x00000000c5000000| Untracked 
|  53|0x00000000c5100000, 0x00000000c5100000, 0x00000000c5200000|  0%| F|  |TAMS 0x00000000c5100000| PB 0x00000000c5100000| Untracked 
|  54|0x00000000c5200000, 0x00000000c5200000, 0x00000000c5300000|  0%| F|  |TAMS 0x00000000c5200000| PB 0x00000000c5200000| Untracked 
|  55|0x00000000c5300000, 0x00000000c5300000, 0x00000000c5400000|  0%| F|  |TAMS 0x00000000c5300000| PB 0x00000000c5300000| Untracked 
|  56|0x00000000c5400000, 0x00000000c54e59b8, 0x00000000c5500000| 89%| E|  |TAMS 0x00000000c5400000| PB 0x00000000c5400000| Complete 
|  57|0x00000000c5500000, 0x00000000c5600000, 0x00000000c5600000|100%| E|CS|TAMS 0x00000000c5500000| PB 0x00000000c5500000| Complete 
|  58|0x00000000c5600000, 0x00000000c5700000, 0x00000000c5700000|100%| E|CS|TAMS 0x00000000c5600000| PB 0x00000000c5600000| Complete 
|  59|0x00000000c5700000, 0x00000000c5800000, 0x00000000c5800000|100%| E|CS|TAMS 0x00000000c5700000| PB 0x00000000c5700000| Complete 
|  60|0x00000000c5800000, 0x00000000c5900000, 0x00000000c5900000|100%| E|CS|TAMS 0x00000000c5800000| PB 0x00000000c5800000| Complete 
|  61|0x00000000c5900000, 0x00000000c5a00000, 0x00000000c5a00000|100%| E|CS|TAMS 0x00000000c5900000| PB 0x00000000c5900000| Complete 
|  62|0x00000000c5a00000, 0x00000000c5b00000, 0x00000000c5b00000|100%| E|CS|TAMS 0x00000000c5a00000| PB 0x00000000c5a00000| Complete 
|  63|0x00000000c5b00000, 0x00000000c5c00000, 0x00000000c5c00000|100%| E|CS|TAMS 0x00000000c5b00000| PB 0x00000000c5b00000| Complete 

Card table byte_map: [0x000001c6f3030000,0x000001c6f3230000] _byte_map_base: 0x000001c6f2a22000

Marking Bits: (CMBitMap*) 0x000001c6db6d6200
 Bits: [0x000001c6f3230000, 0x000001c6f41c0000)

Polling page: 0x000001c6d95a0000

Metaspace:

Usage:
  Non-class:     15.81 MB used.
      Class:      2.03 MB used.
       Both:     17.84 MB used.

Virtual space:
  Non-class space:       64.00 MB reserved,      16.00 MB ( 25%) committed,  1 nodes.
      Class space:        1.00 GB reserved,       2.25 MB ( <1%) committed,  1 nodes.
             Both:        1.06 GB reserved,      18.25 MB (  2%) committed. 

Chunk freelists:
   Non-Class:  15.72 MB
       Class:  13.67 MB
        Both:  29.39 MB

MaxMetaspaceSize: unlimited
CompressedClassSpaceSize: 1.00 GB
Initial GC threshold: 21.00 MB
Current GC threshold: 21.00 MB
CDS: on
 - commit_granule_bytes: 65536.
 - commit_granule_words: 8192.
 - virtual_space_node_default_size: 8388608.
 - enlarge_chunks_in_place: 1.
 - use_allocation_guard: 0.


Internal statistics:

num_allocs_failed_limit: 0.
num_arena_births: 404.
num_arena_deaths: 0.
num_vsnodes_births: 2.
num_vsnodes_deaths: 0.
num_space_committed: 292.
num_space_uncommitted: 0.
num_chunks_returned_to_freelist: 0.
num_chunks_taken_from_freelist: 863.
num_chunk_merges: 0.
num_chunk_splits: 519.
num_chunks_enlarged: 289.
num_inconsistent_stats: 0.

CodeHeap 'non-profiled nmethods': size=120000Kb used=1035Kb max_used=1035Kb free=118965Kb
 bounds [0x000001c6eb900000, 0x000001c6ebb70000, 0x000001c6f2e30000]
CodeHeap 'profiled nmethods': size=120000Kb used=5578Kb max_used=5578Kb free=114421Kb
 bounds [0x000001c6e3e30000, 0x000001c6e43b0000, 0x000001c6eb360000]
CodeHeap 'non-nmethods': size=5760Kb used=1543Kb max_used=1580Kb free=4216Kb
 bounds [0x000001c6eb360000, 0x000001c6eb5d0000, 0x000001c6eb900000]
 total_blobs=3576 nmethods=2972 adapters=508
 compilation: enabled
              stopped_count=0, restarted_count=0
 full_count=0

Compilation events (20 events):
Event: 5371.398 Thread 0x000001c6f6640d60 2966       3       jdk.internal.net.http.Http1Request::lambda$static$0 (15 bytes)
Event: 5371.398 Thread 0x000001c6f6640d60 nmethod 2966 0x000001c6e43a0790 code [0x000001c6e43a0940, 0x000001c6e43a0ac0]
Event: 5371.398 Thread 0x000001c6f6640d60 2967       3       jdk.internal.net.http.common.Utils$$Lambda/0x000001c68108b6c8::test (12 bytes)
Event: 5371.398 Thread 0x000001c6f6640d60 nmethod 2967 0x000001c6e43a0b90 code [0x000001c6e43a0d80, 0x000001c6e43a1330]
Event: 5371.398 Thread 0x000001c6f6640d60 2968       3       jdk.internal.net.http.common.Utils::lambda$static$13 (10 bytes)
Event: 5371.399 Thread 0x000001c6f6640d60 nmethod 2968 0x000001c6e43a1510 code [0x000001c6e43a16e0, 0x000001c6e43a1a18]
Event: 5371.437 Thread 0x000001c6f66402c0 nmethod 2952 0x000001c6eb9ffb90 code [0x000001c6eb9ffe80, 0x000001c6eba01748]
Event: 5371.438 Thread 0x000001c6f66402c0 2958       4       java.lang.Integer::hashCode (8 bytes)
Event: 5371.438 Thread 0x000001c6f66402c0 nmethod 2958 0x000001c6eba02310 code [0x000001c6eba024a0, 0x000001c6eba02528]
Event: 5371.438 Thread 0x000001c6f66402c0 2961       4       java.util.stream.Sink::begin (1 bytes)
Event: 5371.438 Thread 0x000001c6f66402c0 nmethod 2961 0x000001c6eba02610 code [0x000001c6eba027a0, 0x000001c6eba02828]
Event: 5380.654 Thread 0x000001c6f6640d60 2969       3       jdk.internal.net.http.common.HttpBodySubscriberWrapper$$Lambda/0x000001c68108ea78::apply (11 bytes)
Event: 5380.655 Thread 0x000001c6f6640d60 nmethod 2969 0x000001c6e43a1b90 code [0x000001c6e43a1d40, 0x000001c6e43a1f98]
Event: 5380.656 Thread 0x000001c6f6640d60 2970       3       java.util.Collections$UnmodifiableMap::forEach (11 bytes)
Event: 5380.657 Thread 0x000001c6f6640d60 nmethod 2970 0x000001c6e43a2090 code [0x000001c6e43a2240, 0x000001c6e43a2418]
Event: 5380.658 Thread 0x000001c6f6640d60 2971       3       org.openqa.selenium.remote.codec.AbstractHttpCommandCodec::defineCommand (20 bytes)
Event: 5380.659 Thread 0x000001c6f6640d60 nmethod 2971 0x000001c6e43a2510 code [0x000001c6e43a26e0, 0x000001c6e43a29d0]
Event: 5380.660 Thread 0x000001c6f6640d60 2972       3       java.util.ServiceLoader$LazyClassPathLookupIterator::parseLine (253 bytes)
Event: 5380.662 Thread 0x000001c6f66402c0 2975       4       java.lang.Character::charCount (12 bytes)
Event: 5380.662 Thread 0x000001c6f66402c0 nmethod 2975 0x000001c6eba02910 code [0x000001c6eba02aa0, 0x000001c6eba02b30]

GC Heap History (6 events):
Event: 3901.929 GC heap before
{Heap before GC invocations=0 (full 0):
 garbage-first heap   total 65536K, used 13312K [0x00000000c1c00000, 0x0000000100000000)
  region size 1024K, 13 young (13312K), 0 survivors (0K)
 Metaspace       used 5457K, committed 5696K, reserved 1114112K
  class space    used 635K, committed 768K, reserved 1048576K
}
Event: 3901.938 GC heap after
{Heap after GC invocations=1 (full 0):
 garbage-first heap   total 65536K, used 4936K [0x00000000c1c00000, 0x0000000100000000)
  region size 1024K, 2 young (2048K), 2 survivors (2048K)
 Metaspace       used 5457K, committed 5696K, reserved 1114112K
  class space    used 635K, committed 768K, reserved 1048576K
}
Event: 3903.124 GC heap before
{Heap before GC invocations=1 (full 0):
 garbage-first heap   total 65536K, used 18248K [0x00000000c1c00000, 0x0000000100000000)
  region size 1024K, 16 young (16384K), 2 survivors (2048K)
 Metaspace       used 11051K, committed 11392K, reserved 1114112K
  class space    used 1252K, committed 1408K, reserved 1048576K
}
Event: 3903.131 GC heap after
{Heap after GC invocations=2 (full 0):
 garbage-first heap   total 65536K, used 7280K [0x00000000c1c00000, 0x0000000100000000)
  region size 1024K, 2 young (2048K), 2 survivors (2048K)
 Metaspace       used 11051K, committed 11392K, reserved 1114112K
  class space    used 1252K, committed 1408K, reserved 1048576K
}
Event: 4315.963 GC heap before
{Heap before GC invocations=2 (full 0):
 garbage-first heap   total 65536K, used 30832K [0x00000000c1c00000, 0x0000000100000000)
  region size 1024K, 25 young (25600K), 2 survivors (2048K)
 Metaspace       used 18113K, committed 18432K, reserved 1114112K
  class space    used 2073K, committed 2240K, reserved 1048576K
}
Event: 4315.972 GC heap after
{Heap after GC invocations=3 (full 0):
 garbage-first heap   total 65536K, used 9448K [0x00000000c1c00000, 0x0000000100000000)
  region size 1024K, 4 young (4096K), 4 survivors (4096K)
 Metaspace       used 18113K, committed 18432K, reserved 1114112K
  class space    used 2073K, committed 2240K, reserved 1048576K
}

Dll operation events (8 events):
Event: 0.005 Loaded shared library C:\Users\Mauricio\Documents\NetBeansJDKs\zulu21.32.17-ca-jdk21.0.2-win_x64\zulu21.32.17-ca-jdk21.0.2-win_x64\bin\java.dll
Event: 0.038 Loaded shared library C:\Users\Mauricio\Documents\NetBeansJDKs\zulu21.32.17-ca-jdk21.0.2-win_x64\zulu21.32.17-ca-jdk21.0.2-win_x64\bin\jsvml.dll
Event: 0.107 Loaded shared library C:\Users\Mauricio\Documents\NetBeansJDKs\zulu21.32.17-ca-jdk21.0.2-win_x64\zulu21.32.17-ca-jdk21.0.2-win_x64\bin\zip.dll
Event: 0.118 Loaded shared library C:\Users\Mauricio\Documents\NetBeansJDKs\zulu21.32.17-ca-jdk21.0.2-win_x64\zulu21.32.17-ca-jdk21.0.2-win_x64\bin\jimage.dll
Event: 0.124 Loaded shared library C:\Users\Mauricio\Documents\NetBeansJDKs\zulu21.32.17-ca-jdk21.0.2-win_x64\zulu21.32.17-ca-jdk21.0.2-win_x64\bin\net.dll
Event: 0.125 Loaded shared library C:\Users\Mauricio\Documents\NetBeansJDKs\zulu21.32.17-ca-jdk21.0.2-win_x64\zulu21.32.17-ca-jdk21.0.2-win_x64\bin\nio.dll
Event: 3600.296 Loaded shared library C:\Users\Mauricio\Documents\NetBeansJDKs\zulu21.32.17-ca-jdk21.0.2-win_x64\zulu21.32.17-ca-jdk21.0.2-win_x64\bin\extnet.dll
Event: 3902.129 Loaded shared library C:\Users\Mauricio\Documents\NetBeansJDKs\zulu21.32.17-ca-jdk21.0.2-win_x64\zulu21.32.17-ca-jdk21.0.2-win_x64\bin\sunmscapi.dll

Deoptimization events (20 events):
Event: 4299.008 Thread 0x000001c6d9607080 Uncommon trap: trap_request=0xffffff45 fr.pc=0x000001c6eb936c0c relative=0x000000000000006c
Event: 4299.008 Thread 0x000001c6d9607080 Uncommon trap: reason=unstable_if action=reinterpret pc=0x000001c6eb936c0c method=java.lang.AbstractStringBuilder.isLatin1()Z @ 10 c2
Event: 4299.008 Thread 0x000001c6d9607080 DEOPT PACKING pc=0x000001c6eb936c0c sp=0x000000558a4fd150
Event: 4299.008 Thread 0x000001c6d9607080 DEOPT UNPACKING pc=0x000001c6eb3b46a2 sp=0x000000558a4fd0e0 mode 2
Event: 4299.657 Thread 0x000001c6d9607080 Uncommon trap: trap_request=0xffffffe4 fr.pc=0x000001c6eb9671e4 relative=0x0000000000000484
Event: 4299.657 Thread 0x000001c6d9607080 Uncommon trap: reason=range_check action=make_not_entrant pc=0x000001c6eb9671e4 method=sun.security.util.DerValue.<init>([BIIZZ)V @ 83 c2
Event: 4299.657 Thread 0x000001c6d9607080 DEOPT PACKING pc=0x000001c6eb9671e4 sp=0x000000558a4fd950
Event: 4299.657 Thread 0x000001c6d9607080 DEOPT UNPACKING pc=0x000001c6eb3b46a2 sp=0x000000558a4fd8e0 mode 2
Event: 4299.701 Thread 0x000001c6d9607080 Uncommon trap: trap_request=0xffffff6e fr.pc=0x000001c6eb9e9570 relative=0x0000000000000250
Event: 4299.701 Thread 0x000001c6d9607080 Uncommon trap: reason=loop_limit_check action=maybe_recompile pc=0x000001c6eb9e9570 method=java.math.BigInteger.implMulAdd([I[IIII)I @ 26 c2
Event: 4299.701 Thread 0x000001c6d9607080 DEOPT PACKING pc=0x000001c6eb9e9570 sp=0x000000558a4fd9b0
Event: 4299.701 Thread 0x000001c6d9607080 DEOPT UNPACKING pc=0x000001c6eb3b46a2 sp=0x000000558a4fd900 mode 2
Event: 4305.219 Thread 0x000001c6d9607080 Uncommon trap: trap_request=0xffffff45 fr.pc=0x000001c6eb9d8d94 relative=0x0000000000000074
Event: 4305.220 Thread 0x000001c6d9607080 Uncommon trap: reason=unstable_if action=reinterpret pc=0x000001c6eb9d8d94 method=java.lang.CharacterDataLatin1.equalsIgnoreCase(BB)Z @ 24 c2
Event: 4305.220 Thread 0x000001c6d9607080 DEOPT PACKING pc=0x000001c6eb9d8d94 sp=0x000000558a4fe920
Event: 4305.220 Thread 0x000001c6d9607080 DEOPT UNPACKING pc=0x000001c6eb3b46a2 sp=0x000000558a4fe8a0 mode 2
Event: 4524.794 Thread 0x000001c6d9607080 Uncommon trap: trap_request=0xffffffcc fr.pc=0x000001c6eb9f7a44 relative=0x0000000000000384
Event: 4524.794 Thread 0x000001c6d9607080 Uncommon trap: reason=intrinsic_or_type_checked_inlining action=make_not_entrant pc=0x000001c6eb9f7a44 method=java.util.Arrays.copyOf([Ljava/lang/Object;ILjava/lang/Class;)[Ljava/lang/Object; @ 35 c2
Event: 4524.794 Thread 0x000001c6d9607080 DEOPT PACKING pc=0x000001c6eb9f7a44 sp=0x000000558a4feae0
Event: 4524.794 Thread 0x000001c6d9607080 DEOPT UNPACKING pc=0x000001c6eb3b46a2 sp=0x000000558a4fea88 mode 2

Classes loaded (20 events):
Event: 4300.055 Loading class javax/security/auth/callback/UnsupportedCallbackException done
Event: 4300.055 Loading class javax/security/auth/login/Configuration
Event: 4300.055 Loading class javax/security/auth/login/Configuration done
Event: 4300.056 Loading class javax/security/auth/callback/Callback
Event: 4300.056 Loading class javax/security/auth/callback/Callback done
Event: 4304.893 Loading class java/util/TimerTask
Event: 4305.194 Loading class java/util/TimerTask done
Event: 4310.414 Loading class java/nio/StringCharBuffer
Event: 4310.442 Loading class java/nio/StringCharBuffer done
Event: 4310.445 Loading class java/util/concurrent/RejectedExecutionException
Event: 4310.470 Loading class java/util/concurrent/RejectedExecutionException done
Event: 4310.471 Loading class java/util/concurrent/ForkJoinTask$RunnableExecuteAction
Event: 4310.491 Loading class java/util/concurrent/ForkJoinTask$RunnableExecuteAction done
Event: 4315.972 Loading class sun/security/ssl/Alert
Event: 4315.996 Loading class sun/security/ssl/Alert done
Event: 4315.996 Loading class sun/security/ssl/Alert$AlertConsumer
Event: 4315.998 Loading class sun/security/ssl/Alert$AlertConsumer done
Event: 4315.998 Loading class sun/security/ssl/Alert$Level
Event: 4315.998 Loading class sun/security/ssl/Alert$Level done
Event: 5380.780 Loading class java/util/zip/DataFormatException

Classes unloaded (0 events):
No events

Classes redefined (0 events):
No events

Internal exceptions (20 events):
Event: 3906.840 Thread 0x000001c6d9607080 Exception <a 'java/lang/NoSuchMethodError'{0x00000000c5aeab38}: 'java.lang.Object java.lang.invoke.DirectMethodHandle$Holder.invokeSpecialIFC(java.lang.Object, java.lang.Object, java.lang.Object)'> (0x00000000c5aeab38) 
thrown [s\src\hotspot\share\interpreter\linkResolver.cpp, line 773]
Event: 4200.469 Thread 0x000001c6f6994fb0 Exception <a 'java/net/ConnectException'{0x00000000c558a840}: Connection refused: getsockopt> (0x00000000c558a840) 
thrown [s\src\hotspot\share\prims\jni.cpp, line 539]
Event: 4200.481 Thread 0x000001c6f6994fb0 Exception <a 'java/net/ConnectException'{0x00000000c558b808}: Connection refused: getsockopt> (0x00000000c558b808) 
thrown [s\src\hotspot\share\prims\jni.cpp, line 539]
Event: 4200.511 Thread 0x000001c6f6994fb0 Exception <a 'java/net/ConnectException'{0x00000000c558c7d0}: Connection refused: getsockopt> (0x00000000c558c7d0) 
thrown [s\src\hotspot\share\prims\jni.cpp, line 539]
Event: 4310.411 Thread 0x000001c6d9607080 Exception <a 'java/lang/NoSuchMethodError'{0x00000000c4365210}: 'java.lang.Object java.lang.invoke.DirectMethodHandle$Holder.invokeStatic(java.lang.Object, java.lang.Object, int, java.lang.Object)'> (0x00000000c4365210) 
thrown [s\src\hotspot\share\interpreter\linkResolver.cpp, line 773]
Event: 4310.412 Thread 0x000001c6d9607080 Exception <a 'java/lang/NoSuchMethodError'{0x00000000c436b938}: 'java.lang.Object java.lang.invoke.DirectMethodHandle$Holder.newInvokeSpecial(java.lang.Object, java.lang.Object, int, java.lang.Object)'> (0x00000000c436b938) 
thrown [s\src\hotspot\share\interpreter\linkResolver.cpp, line 773]
Event: 4310.412 Thread 0x000001c6d9607080 Exception <a 'java/lang/NoSuchMethodError'{0x00000000c436f4f8}: 'java.lang.Object java.lang.invoke.DirectMethodHandle$Holder.invokeSpecial(java.lang.Object, java.lang.Object, java.lang.Object, int, java.lang.Object)'> (0x00000000c436f4f8) 
thrown [s\src\hotspot\share\interpreter\linkResolver.cpp, line 773]
Event: 4310.413 Thread 0x000001c6d9607080 Exception <a 'java/lang/NoSuchMethodError'{0x00000000c4372e40}: 'java.lang.Object java.lang.invoke.Invokers$Holder.linkToTargetMethod(java.lang.Object, int, java.lang.Object, java.lang.Object)'> (0x00000000c4372e40) 
thrown [s\src\hotspot\share\interpreter\linkResolver.cpp, line 773]
Event: 4310.965 Thread 0x000001c6f6995640 Exception <a 'java/net/ConnectException'{0x00000000c43b02a0}: Connection refused: getsockopt> (0x00000000c43b02a0) 
thrown [s\src\hotspot\share\prims\jni.cpp, line 539]
Event: 4518.652 Thread 0x000001c6f6994fb0 Exception <a 'java/net/ConnectException'{0x00000000c5a010d0}: Connection refused: getsockopt> (0x00000000c5a010d0) 
thrown [s\src\hotspot\share\prims\jni.cpp, line 539]
Event: 4518.664 Thread 0x000001c6f6994fb0 Exception <a 'java/net/ConnectException'{0x00000000c5a02018}: Connection refused: getsockopt> (0x00000000c5a02018) 
thrown [s\src\hotspot\share\prims\jni.cpp, line 539]
Event: 4518.695 Thread 0x000001c6f6994fb0 Exception <a 'java/net/ConnectException'{0x00000000c5a02f60}: Connection refused: getsockopt> (0x00000000c5a02f60) 
thrown [s\src\hotspot\share\prims\jni.cpp, line 539]
Event: 5005.298 Thread 0x000001c6f6997080 Exception <a 'java/net/ConnectException'{0x00000000c58faae8}: Connection refused: getsockopt> (0x00000000c58faae8) 
thrown [s\src\hotspot\share\prims\jni.cpp, line 539]
Event: 5005.309 Thread 0x000001c6f6997080 Exception <a 'java/net/ConnectException'{0x00000000c58fbab0}: Connection refused: getsockopt> (0x00000000c58fbab0) 
thrown [s\src\hotspot\share\prims\jni.cpp, line 539]
Event: 5371.013 Thread 0x000001c6f6997da0 Exception <a 'java/net/ConnectException'{0x00000000c55cb9a8}: Connection refused: getsockopt> (0x00000000c55cb9a8) 
thrown [s\src\hotspot\share\prims\jni.cpp, line 539]
Event: 5371.036 Thread 0x000001c6f6997da0 Exception <a 'java/net/ConnectException'{0x00000000c55cc970}: Connection refused: getsockopt> (0x00000000c55cc970) 
thrown [s\src\hotspot\share\prims\jni.cpp, line 539]
Event: 5371.073 Thread 0x000001c6f6997da0 Exception <a 'java/net/ConnectException'{0x00000000c55cd938}: Connection refused: getsockopt> (0x00000000c55cd938) 
thrown [s\src\hotspot\share\prims\jni.cpp, line 539]
Event: 5371.119 Thread 0x000001c6f6997da0 Exception <a 'java/net/ConnectException'{0x00000000c55ce900}: Connection refused: getsockopt> (0x00000000c55ce900) 
thrown [s\src\hotspot\share\prims\jni.cpp, line 539]
Event: 5371.210 Thread 0x000001c6f6997da0 Exception <a 'java/net/ConnectException'{0x00000000c55cf8c8}: Connection refused: getsockopt> (0x00000000c55cf8c8) 
thrown [s\src\hotspot\share\prims\jni.cpp, line 539]
Event: 5380.780 Thread 0x000001c6d9607080 Exception <a 'java/lang/OutOfMemoryError'{0x00000000c54935b8}> (0x00000000c54935b8) 
thrown [s\src\hotspot\share\prims\jni.cpp, line 539]

ZGC Phase Switch (0 events):
No events

VM Operations (20 events):
Event: 5008.096 Executing VM operation: Cleanup
Event: 5008.096 Executing VM operation: Cleanup done
Event: 5052.082 Executing VM operation: HandshakeAllThreads (HandshakeForDeflation)
Event: 5052.082 Executing VM operation: HandshakeAllThreads (HandshakeForDeflation) done
Event: 5052.082 Executing VM operation: RendezvousGCThreads
Event: 5052.082 Executing VM operation: RendezvousGCThreads done
Event: 5112.308 Executing VM operation: HandshakeAllThreads (HandshakeForDeflation)
Event: 5112.308 Executing VM operation: HandshakeAllThreads (HandshakeForDeflation) done
Event: 5112.308 Executing VM operation: RendezvousGCThreads
Event: 5112.308 Executing VM operation: RendezvousGCThreads done
Event: 5137.509 Executing VM operation: Cleanup
Event: 5137.509 Executing VM operation: Cleanup done
Event: 5187.933 Executing VM operation: Cleanup
Event: 5187.933 Executing VM operation: Cleanup done
Event: 5198.044 Executing VM operation: Cleanup
Event: 5198.044 Executing VM operation: Cleanup done
Event: 5343.290 Executing VM operation: Cleanup
Event: 5343.290 Executing VM operation: Cleanup done
Event: 5371.550 Executing VM operation: Cleanup
Event: 5371.550 Executing VM operation: Cleanup done

Events (20 events):
Event: 5067.416 Thread 0x000001c6f6998430 Thread exited: 0x000001c6f6998430
Event: 5067.416 Thread 0x000001c6f68f56d0 Thread exited: 0x000001c6f68f56d0
Event: 5067.431 Thread 0x000001c6f6997da0 Thread exited: 0x000001c6f6997da0
Event: 5067.431 Thread 0x000001c6f6994920 Thread exited: 0x000001c6f6994920
Event: 5067.432 Thread 0x000001c6f6999e70 Thread exited: 0x000001c6f6999e70
Event: 5187.430 Thread 0x000001c6f68f56d0 Thread added: 0x000001c6f68f56d0
Event: 5187.435 Thread 0x000001c6f68f2f70 Thread added: 0x000001c6f68f2f70
Event: 5197.503 Thread 0x000001c6f6997da0 Thread added: 0x000001c6f6997da0
Event: 5247.452 Thread 0x000001c6f68f2f70 Thread exited: 0x000001c6f68f2f70
Event: 5247.452 Thread 0x000001c6f68f56d0 Thread exited: 0x000001c6f68f56d0
Event: 5370.995 Thread 0x000001c6f6997da0 Thread exited: 0x000001c6f6997da0
Event: 5371.007 Thread 0x000001c6f6997710 Thread added: 0x000001c6f6997710
Event: 5371.010 Thread 0x000001c6f6999e70 Thread added: 0x000001c6f6999e70
Event: 5371.011 Thread 0x000001c6f6997080 Thread added: 0x000001c6f6997080
Event: 5371.011 Thread 0x000001c6f6994920 Thread added: 0x000001c6f6994920
Event: 5371.011 Thread 0x000001c6f6997da0 Thread added: 0x000001c6f6997da0
Event: 5371.381 Thread 0x000001c6f699b220 Thread added: 0x000001c6f699b220
Event: 5371.389 Thread 0x000001c6f6998430 Thread added: 0x000001c6f6998430
Event: 5371.395 Thread 0x000001c6f68f56d0 Thread added: 0x000001c6f68f56d0
Event: 5380.656 Thread 0x000001c6f68f2f70 Thread added: 0x000001c6f68f2f70


Dynamic libraries:
0x00007ff750bf0000 - 0x00007ff750bfe000 	C:\Users\Mauricio\Documents\NetBeansJDKs\zulu21.32.17-ca-jdk21.0.2-win_x64\zulu21.32.17-ca-jdk21.0.2-win_x64\bin\java.exe
0x00007ffc0adf0000 - 0x00007ffc0afe8000 	C:\Windows\SYSTEM32\ntdll.dll
0x00007ffc09ad0000 - 0x00007ffc09b8f000 	C:\Windows\System32\KERNEL32.DLL
0x00007ffc08780000 - 0x00007ffc08a76000 	C:\Windows\System32\KERNELBASE.dll
0x00007ffc08500000 - 0x00007ffc08600000 	C:\Windows\System32\ucrtbase.dll
0x00007ffbf7f20000 - 0x00007ffbf7f38000 	C:\Users\Mauricio\Documents\NetBeansJDKs\zulu21.32.17-ca-jdk21.0.2-win_x64\zulu21.32.17-ca-jdk21.0.2-win_x64\bin\jli.dll
0x00007ffc04fa0000 - 0x00007ffc04fbb000 	C:\Users\Mauricio\Documents\NetBeansJDKs\zulu21.32.17-ca-jdk21.0.2-win_x64\zulu21.32.17-ca-jdk21.0.2-win_x64\bin\VCRUNTIME140.dll
0x00007ffc0a070000 - 0x00007ffc0a20d000 	C:\Windows\System32\USER32.dll
0x00007ffbed100000 - 0x00007ffbed39a000 	C:\Windows\WinSxS\amd64_microsoft.windows.common-controls_6595b64144ccf1df_6.0.19041.1110_none_60b5254171f9507e\COMCTL32.dll
0x00007ffc084d0000 - 0x00007ffc084f2000 	C:\Windows\System32\win32u.dll
0x00007ffc09f20000 - 0x00007ffc09fbe000 	C:\Windows\System32\msvcrt.dll
0x00007ffc09b90000 - 0x00007ffc09bbc000 	C:\Windows\System32\GDI32.dll
0x00007ffc08d30000 - 0x00007ffc08e45000 	C:\Windows\System32\gdi32full.dll
0x00007ffc08600000 - 0x00007ffc0869d000 	C:\Windows\System32\msvcp_win.dll
0x00007ffc09aa0000 - 0x00007ffc09ad0000 	C:\Windows\System32\IMM32.DLL
0x00007ffc04f60000 - 0x00007ffc04f6c000 	C:\Users\Mauricio\Documents\NetBeansJDKs\zulu21.32.17-ca-jdk21.0.2-win_x64\zulu21.32.17-ca-jdk21.0.2-win_x64\bin\vcruntime140_1.dll
0x00007ffbe8d50000 - 0x00007ffbe8dde000 	C:\Users\Mauricio\Documents\NetBeansJDKs\zulu21.32.17-ca-jdk21.0.2-win_x64\zulu21.32.17-ca-jdk21.0.2-win_x64\bin\msvcp140.dll
0x00007ffbcecd0000 - 0x00007ffbcfa65000 	C:\Users\Mauricio\Documents\NetBeansJDKs\zulu21.32.17-ca-jdk21.0.2-win_x64\zulu21.32.17-ca-jdk21.0.2-win_x64\bin\server\jvm.dll
0x00007ffc099f0000 - 0x00007ffc09a9f000 	C:\Windows\System32\ADVAPI32.dll
0x00007ffc09fc0000 - 0x00007ffc0a05c000 	C:\Windows\System32\sechost.dll
0x00007ffc0a290000 - 0x00007ffc0a3b6000 	C:\Windows\System32\RPCRT4.dll
0x00007ffc09920000 - 0x00007ffc0998b000 	C:\Windows\System32\WS2_32.dll
0x00007ffc08340000 - 0x00007ffc0838b000 	C:\Windows\SYSTEM32\POWRPROF.dll
0x00007ffbec960000 - 0x00007ffbec987000 	C:\Windows\SYSTEM32\WINMM.dll
0x00007ffbf6360000 - 0x00007ffbf636a000 	C:\Windows\SYSTEM32\VERSION.dll
0x00007ffc08320000 - 0x00007ffc08332000 	C:\Windows\SYSTEM32\UMPDC.dll
0x00007ffc06380000 - 0x00007ffc06392000 	C:\Windows\SYSTEM32\kernel.appcore.dll
0x00007ffc04f50000 - 0x00007ffc04f5a000 	C:\Users\Mauricio\Documents\NetBeansJDKs\zulu21.32.17-ca-jdk21.0.2-win_x64\zulu21.32.17-ca-jdk21.0.2-win_x64\bin\jimage.dll
0x00007ffbf3f00000 - 0x00007ffbf40e4000 	C:\Windows\SYSTEM32\DBGHELP.DLL
0x00007ffbf1960000 - 0x00007ffbf1994000 	C:\Windows\SYSTEM32\dbgcore.DLL
0x00007ffc08ca0000 - 0x00007ffc08d22000 	C:\Windows\System32\bcryptPrimitives.dll
0x00007ffc039d0000 - 0x00007ffc039ef000 	C:\Users\Mauricio\Documents\NetBeansJDKs\zulu21.32.17-ca-jdk21.0.2-win_x64\zulu21.32.17-ca-jdk21.0.2-win_x64\bin\java.dll
0x00007ffc08e50000 - 0x00007ffc09594000 	C:\Windows\System32\SHELL32.dll
0x00007ffc06580000 - 0x00007ffc06d13000 	C:\Windows\SYSTEM32\windows.storage.dll
0x00007ffc09bc0000 - 0x00007ffc09f14000 	C:\Windows\System32\combase.dll
0x00007ffc07e40000 - 0x00007ffc07e6e000 	C:\Windows\SYSTEM32\Wldp.dll
0x00007ffc0a620000 - 0x00007ffc0a6cd000 	C:\Windows\System32\SHCORE.dll
0x00007ffc0ad50000 - 0x00007ffc0ada5000 	C:\Windows\System32\shlwapi.dll
0x00007ffc08410000 - 0x00007ffc0842f000 	C:\Windows\SYSTEM32\profapi.dll
0x00007ffbeb290000 - 0x00007ffbeb367000 	C:\Users\Mauricio\Documents\NetBeansJDKs\zulu21.32.17-ca-jdk21.0.2-win_x64\zulu21.32.17-ca-jdk21.0.2-win_x64\bin\jsvml.dll
0x00007ffc03990000 - 0x00007ffc039a8000 	C:\Users\Mauricio\Documents\NetBeansJDKs\zulu21.32.17-ca-jdk21.0.2-win_x64\zulu21.32.17-ca-jdk21.0.2-win_x64\bin\zip.dll
0x00007ffc03a90000 - 0x00007ffc03aa0000 	C:\Users\Mauricio\Documents\NetBeansJDKs\zulu21.32.17-ca-jdk21.0.2-win_x64\zulu21.32.17-ca-jdk21.0.2-win_x64\bin\net.dll
0x00007ffbffee0000 - 0x00007ffbfffea000 	C:\Windows\SYSTEM32\WINHTTP.dll
0x00007ffc07ba0000 - 0x00007ffc07c0a000 	C:\Windows\system32\mswsock.dll
0x00007ffc039b0000 - 0x00007ffc039c6000 	C:\Users\Mauricio\Documents\NetBeansJDKs\zulu21.32.17-ca-jdk21.0.2-win_x64\zulu21.32.17-ca-jdk21.0.2-win_x64\bin\nio.dll
0x00007ffc03970000 - 0x00007ffc03979000 	C:\Users\Mauricio\Documents\NetBeansJDKs\zulu21.32.17-ca-jdk21.0.2-win_x64\zulu21.32.17-ca-jdk21.0.2-win_x64\bin\extnet.dll
0x00007ffc078d0000 - 0x00007ffc0799a000 	C:\Windows\SYSTEM32\DNSAPI.dll
0x00007ffc07890000 - 0x00007ffc078cc000 	C:\Windows\SYSTEM32\IPHLPAPI.DLL
0x00007ffc0a060000 - 0x00007ffc0a068000 	C:\Windows\System32\NSI.dll
0x00007ffc00550000 - 0x00007ffc0055a000 	C:\Windows\System32\rasadhlp.dll
0x00007ffbffa60000 - 0x00007ffbffae2000 	C:\Windows\System32\fwpuclnt.dll
0x00007ffc08750000 - 0x00007ffc08777000 	C:\Windows\System32\bcrypt.dll
0x00007ffc07da0000 - 0x00007ffc07db8000 	C:\Windows\SYSTEM32\CRYPTSP.dll
0x00007ffc074c0000 - 0x00007ffc074f4000 	C:\Windows\system32\rsaenh.dll
0x00007ffc083d0000 - 0x00007ffc083fe000 	C:\Windows\SYSTEM32\USERENV.dll
0x00007ffc07d90000 - 0x00007ffc07d9c000 	C:\Windows\SYSTEM32\CRYPTBASE.dll
0x00007ffbf7e00000 - 0x00007ffbf7e0e000 	C:\Users\Mauricio\Documents\NetBeansJDKs\zulu21.32.17-ca-jdk21.0.2-win_x64\zulu21.32.17-ca-jdk21.0.2-win_x64\bin\sunmscapi.dll
0x00007ffc08a80000 - 0x00007ffc08bde000 	C:\Windows\System32\CRYPT32.dll
0x00007ffc07eb0000 - 0x00007ffc07ed8000 	C:\Windows\SYSTEM32\ncrypt.dll
0x00007ffc07e70000 - 0x00007ffc07eab000 	C:\Windows\SYSTEM32\NTASN1.dll
0x00007ffbf7f40000 - 0x00007ffbf7f47000 	C:\Windows\system32\wshunix.dll

dbghelp: loaded successfully - version: 4.0.5 - missing functions: none
symbol engine: initialized successfully - sym options: 0x614 - pdb path: .;C:\Users\Mauricio\Documents\NetBeansJDKs\zulu21.32.17-ca-jdk21.0.2-win_x64\zulu21.32.17-ca-jdk21.0.2-win_x64\bin;C:\Windows\SYSTEM32;C:\Windows\WinSxS\amd64_microsoft.windows.common-controls_6595b64144ccf1df_6.0.19041.1110_none_60b5254171f9507e;C:\Users\Mauricio\Documents\NetBeansJDKs\zulu21.32.17-ca-jdk21.0.2-win_x64\zulu21.32.17-ca-jdk21.0.2-win_x64\bin\server

VM Arguments:
java_command: principal.AgendadorDeTarefas
java_class_path (initial): C:\PROGRAMAS\AcoesFundos\target\classes;C:\Users\Mauricio\.m2\repository\org\seleniumhq\selenium\selenium-chrome-driver\4.18.0\selenium-chrome-driver-4.18.0.jar;C:\Users\Mauricio\.m2\repository\com\google\auto\service\auto-service-annotations\1.1.1\auto-service-annotations-1.1.1.jar;C:\Users\Mauricio\.m2\repository\org\seleniumhq\selenium\selenium-api\4.18.0\selenium-api-4.18.0.jar;C:\Users\Mauricio\.m2\repository\org\seleniumhq\selenium\selenium-chromium-driver\4.18.0\selenium-chromium-driver-4.18.0.jar;C:\Users\Mauricio\.m2\repository\org\seleniumhq\selenium\selenium-json\4.18.0\selenium-json-4.18.0.jar;C:\Users\Mauricio\.m2\repository\org\seleniumhq\selenium\selenium-manager\4.18.0\selenium-manager-4.18.0.jar;C:\Users\Mauricio\.m2\repository\org\seleniumhq\selenium\selenium-os\4.18.0\selenium-os-4.18.0.jar;C:\Users\Mauricio\.m2\repository\org\apache\commons\commons-exec\1.3\commons-exec-1.3.jar;C:\Users\Mauricio\.m2\repository\org\seleniumhq\selenium\selenium-remote-driver\4.18.0\selenium-remote-driver-4.18.0.jar;C:\Users\Mauricio\.m2\repository\com\google\guava\guava\33.0.0-jre\guava-33.0.0-jre.jar;C:\Users\Mauricio\.m2\repository\com\google\guava\failureaccess\1.0.2\failureaccess-1.0.2.jar;C:\Users\Mauricio\.m2\repository\com\google\guava\listenablefuture\9999.0-empty-to-avoid-conflict-with-guava\listenablefuture-9999.0-empty-to-avoid-conflict-with-guava.jar;C:\Users\Mauricio\.m2\repository\com\google\code\findbugs\jsr305\3.0.2\jsr305-3.0.2.jar;C:\Users\Mauricio\.m2\repository\org\checkerframework\checker-qual\3.41.0\checker-qual-3.41.0.jar;C:\Users\Mauricio\.m2\repository\com\google\errorprone\error_prone_annotations\2.23.0\error_prone_annotations-2.23.0.jar;C:\Users\Mauricio\.m2\repository\com\google\j2objc\j2objc-annotations\2.8\j2objc-annotations-2.8.jar;C:\Users\Mauricio\.m2\repository\io\opentelemetry\semconv\opentelemetry-semconv\1.23.1-alpha\opentelemetry-semconv-1.23.1-alpha.jar;C:\Users\Mauricio\.m2\repository\io\opentelemetry\opentelemetry-api\1.35.0\opentelemetry-api-1.35.0.jar;C:\Users\Mauricio\.m2\repository\io\opentelemetry\opentelemetry-context\1.35.0\opentelemetry-context-1.35.0.jar;C:\Users\Mauricio\.m2\repository\io\opentelemetry\opentelemetry-exporter-logging\1.35.0\opentelemetry-exporter-logging-1.35.0.jar;C:\Users\Mauricio\.m2\repository\io\opentelemetry\opentelemetry-sdk-common\1.35.0\opentelemetry-sdk-common-1.35.0.jar;C:\Users\Mauricio\.m2\repository\io\opentelemetry\opentelemetry-sdk-extension-autoconfigure-spi\1.35.0\opentelemetry-sdk-extension-autoconfigure-spi-1.35.0.jar;C:\Users\Mauricio\.m2\repository\io\opentelemetry\opentelemetry-sdk-extension-autoconfigure\1.35.0\opentelemetry-sdk-extension-autoconfigure-1.35.0.jar;C:\Users\Mauricio\.m2\repository\io\opentelemetry\opentelemetry-api-events\1.35.0-alpha\opentelemetry-api-events-1.35.0-alpha.jar;C:\Users\Mauricio\.m2\repository\io\opentelemetry\opentelemetry-sdk-trace\1.35.0\opentelemetry-sdk-trace-1.35.0.jar;C:\Users\Mauricio\.m2\repository\io\opentelemetry\opentelemetry-extension-incubator\1.35.0-alpha\opentelemetry-extension-incubator-1.35.0-alpha.jar;C:\Users\Mauricio\.m2\repository\io\opentelemetry\opentelemetry-sdk\1.35.0\opentelemetry-sdk-1.35.0.jar;C:\Users\Mauricio\.m2\repository\io\opentelemetry\opentelemetry-sdk-metrics\1.35.0\opentelemetry-sdk-metrics-1.35.0.jar;C:\Users\Mauricio\.m2\repository\io\opentelemetry\opentelemetry-sdk-logs\1.35.0\opentelemetry-sdk-logs-1.35.0.jar;C:\Users\Mauricio\.m2\repository\net\bytebuddy\byte-buddy\1.14.12\byte-buddy-1.14.12.jar;C:\Users\Mauricio\.m2\repository\org\seleniumhq\selenium\selenium-http\4.18.0\selenium-http-4.18.0.jar;C:\Users\Mauricio\.m2\repository\dev\failsafe\failsafe\3.3.2\failsafe-3.3.2.jar;C:\Users\Mauricio\.m2\repository\org\seleniumhq\selenium\selenium-java\4.18.0\selenium-java-4.18.0.jar;C:\Users\Mauricio\.m2\repository\org\seleniumhq\selenium\selenium-devtools-v119\4.18.0\selenium-devtools-v119-4.18.0.jar;C:\Users\Mauricio\.m2\repository\org\seleniumhq\selenium\selenium-devtools-v120\4.18.0\selenium-devtools-v120-4.18.0.jar;C:\Users\Mauricio\.m2\repository\org\seleniumhq\selenium\selenium-devtools-v121\4.18.0\selenium-devtools-v121-4.18.0.jar;C:\Users\Mauricio\.m2\repository\org\seleniumhq\selenium\selenium-devtools-v85\4.18.0\selenium-devtools-v85-4.18.0.jar;C:\Users\Mauricio\.m2\repository\org\seleniumhq\selenium\selenium-edge-driver\4.18.0\selenium-edge-driver-4.18.0.jar;C:\Users\Mauricio\.m2\repository\org\seleniumhq\selenium\selenium-firefox-driver\4.18.0\selenium-firefox-driver-4.18.0.jar;C:\Users\Mauricio\.m2\repository\org\seleniumhq\selenium\selenium-ie-driver\4.18.0\selenium-ie-driver-4.18.0.jar;C:\Users\Mauricio\.m2\repository\org\seleniumhq\selenium\selenium-safari-driver\4.18.0\selenium-safari-driver-4.18.0.jar;C:\Users\Mauricio\.m2\repository\org\seleniumhq\selenium\selenium-support\4.18.0\selenium-support-4.18.0.jar;C:\Users\Mauricio\.m2\repository\com\mysql\mysql-connector-j\8.0.33\mysql-connector-j-8.0.33.jar;C:\Users\Mauricio\.m2\repository\com\google\protobuf\protobuf-java\3.21.9\protobuf-java-3.21.9.jar
Launcher Type: SUN_STANDARD

[Global flags]
     intx CICompilerCount                          = 3                                         {product} {ergonomic}
     uint ConcGCThreads                            = 1                                         {product} {ergonomic}
     uint G1ConcRefinementThreads                  = 4                                         {product} {ergonomic}
   size_t G1HeapRegionSize                         = 1048576                                   {product} {ergonomic}
    uintx GCDrainStackTargetSize                   = 64                                        {product} {ergonomic}
   size_t InitialHeapSize                          = 67108864                                  {product} {ergonomic}
   size_t MarkStackSize                            = 4194304                                   {product} {ergonomic}
   size_t MaxHeapSize                              = 1044381696                                {product} {ergonomic}
   size_t MaxNewSize                               = 625999872                                 {product} {ergonomic}
   size_t MinHeapDeltaBytes                        = 1048576                                   {product} {ergonomic}
   size_t MinHeapSize                              = 8388608                                   {product} {ergonomic}
    uintx NonNMethodCodeHeapSize                   = 5832780                                {pd product} {ergonomic}
    uintx NonProfiledCodeHeapSize                  = 122912730                              {pd product} {ergonomic}
    uintx ProfiledCodeHeapSize                     = 122912730                              {pd product} {ergonomic}
    uintx ReservedCodeCacheSize                    = 251658240                              {pd product} {ergonomic}
     bool SegmentedCodeCache                       = true                                      {product} {ergonomic}
   size_t SoftMaxHeapSize                          = 1044381696                             {manageable} {ergonomic}
     bool UseCompressedOops                        = true                           {product lp64_product} {ergonomic}
     bool UseG1GC                                  = true                                      {product} {ergonomic}
     bool UseLargePagesIndividualAllocation        = false                                  {pd product} {ergonomic}

Logging:
Log output configuration:
 #0: stdout all=warning uptime,level,tags foldmultilines=false
 #1: stderr all=off uptime,level,tags foldmultilines=false

Environment Variables:
JAVA_HOME=C:\Users\Mauricio\Documents\NetBeansJDKs\zulu21.32.17-ca-jdk21.0.2-win_x64\zulu21.32.17-ca-jdk21.0.2-win_x64
PATH=C:\Program Files (x86)\Common Files\Oracle\Java\javapath;C:\Program Files\Common Files\Oracle\Java\javapath;C:\Program Files\Java\jre1.8.0_202\bin;C:\Windows\system32;C:\Windows;C:\Windows\System32\Wbem;C:\Windows\System32\WindowsPowerShell\v1.0\;C:\Windows\System32\OpenSSH\;C:\Program Files\Microsoft SQL Server\Client SDK\ODBC\170\Tools\Binn\;C:\Program Files\Azure Data Studio\bin;C:\Program Files\Git\cmd;C:\Program Files (x86)\Microsoft SQL Server\160\Tools\Binn\;C:\Program Files\Microsoft SQL Server\160\Tools\Binn\;C:\Program Files\Microsoft SQL Server\160\DTS\Binn\;C:\Program Files\MySQL\MySQL Shell 8.0\bin\;C:\Users\Mauricio\AppData\Local\Microsoft\WindowsApps;;C:\Program Files\Azure Data Studio\bin;C:\Users\Mauricio\AppData\Local\Programs\Microsoft VS Code\bin
USERNAME=Mauricio
OS=Windows_NT
PROCESSOR_IDENTIFIER=Intel64 Family 6 Model 78 Stepping 3, GenuineIntel
TMP=C:\Users\Mauricio\AppData\Local\Temp
TEMP=C:\Users\Mauricio\AppData\Local\Temp




Periodic native trim disabled

---------------  S Y S T E M  ---------------

OS:
 Windows 10 , 64 bit Build 19041 (10.0.19041.3031)
OS uptime: 1 days 0:08 hours

CPU: total 4 (initial active 4) (2 cores per cpu, 2 threads per core) family 6 model 78 stepping 3 microcode 0xcc, cx8, cmov, fxsr, ht, mmx, 3dnowpref, sse, sse2, sse3, ssse3, sse4.1, sse4.2, popcnt, lzcnt, tsc, tscinvbit, avx, avx2, aes, erms, clmul, bmi1, bmi2, rtm, adx, fma, vzeroupper, clflush, clflushopt, rdtscp, f16c
Processor Information for all 4 processors :
  Max Mhz: 2301, Current Mhz: 2200, Mhz Limit: 2277

Memory: 4k page, system-wide physical 3977M (430M free)
TotalPageFile size 6025M (AvailPageFile size 144M)
current process WorkingSet (physical memory assigned to process): 106M, peak: 108M
current process commit charge ("private bytes"): 169M, peak: 173M

vm_info: OpenJDK 64-Bit Server VM (21.0.2+13-LTS) for windows-amd64 JRE (21.0.2+13-LTS) (Zulu21.32+17-CA), built on 2024-01-09T19:19:09Z by "zulu_re" with MS VC++ 17.1 (VS2022)

END.
